[2.424s] Invoking command in '/home/duttaishan01/robotics_course/ENAE450_lab/turtlebot3_ws/src/lab3': PYTHONPATH=/home/duttaishan01/robotics_course/ENAE450_lab/turtlebot3_ws/build/lab3/prefix_override:/usr/lib/python3/dist-packages/colcon_core/task/python/colcon_distutils_commands:/home/duttaishan01/robotics_course/ENAE450_lab/turtlebot3_ws/install/lab3/lib/python3.10/site-packages:${PYTHONPATH} /usr/bin/python3 -W ignore:setup.py install is deprecated -W ignore:easy_install command is deprecated setup.py egg_info --egg-base ../../build/lab3 build --build-base /home/duttaishan01/robotics_course/ENAE450_lab/turtlebot3_ws/build/lab3/build install --record /home/duttaishan01/robotics_course/ENAE450_lab/turtlebot3_ws/build/lab3/install.log --single-version-externally-managed install_data
[3.014s] running egg_info
[3.015s] writing ../../build/lab3/lab3.egg-info/PKG-INFO
[3.015s] writing dependency_links to ../../build/lab3/lab3.egg-info/dependency_links.txt
[3.015s] writing entry points to ../../build/lab3/lab3.egg-info/entry_points.txt
[3.019s] writing requirements to ../../build/lab3/lab3.egg-info/requires.txt
[3.019s] writing top-level names to ../../build/lab3/lab3.egg-info/top_level.txt
[3.022s] reading manifest file '../../build/lab3/lab3.egg-info/SOURCES.txt'
[3.055s] writing manifest file '../../build/lab3/lab3.egg-info/SOURCES.txt'
[3.061s] running build
[3.061s] running build_py
[3.065s] copying lab3/navigate_maze.py -> /home/duttaishan01/robotics_course/ENAE450_lab/turtlebot3_ws/build/lab3/build/lib/lab3
[3.066s] running install
[3.066s] running install_lib
[3.066s] copying /home/duttaishan01/robotics_course/ENAE450_lab/turtlebot3_ws/build/lab3/build/lib/lab3/navigate_maze.py -> /home/duttaishan01/robotics_course/ENAE450_lab/turtlebot3_ws/install/lab3/lib/python3.10/site-packages/lab3
[3.066s] byte-compiling /home/duttaishan01/robotics_course/ENAE450_lab/turtlebot3_ws/install/lab3/lib/python3.10/site-packages/lab3/navigate_maze.py to navigate_maze.cpython-310.pyc
[3.066s] running install_data
[3.068s] running install_egg_info
[3.070s] removing '/home/duttaishan01/robotics_course/ENAE450_lab/turtlebot3_ws/install/lab3/lib/python3.10/site-packages/lab3-0.0.0-py3.10.egg-info' (and everything under it)
[3.070s] Copying ../../build/lab3/lab3.egg-info to /home/duttaishan01/robotics_course/ENAE450_lab/turtlebot3_ws/install/lab3/lib/python3.10/site-packages/lab3-0.0.0-py3.10.egg-info
[3.075s] running install_scripts
[3.154s] Installing navigate_maze script to /home/duttaishan01/robotics_course/ENAE450_lab/turtlebot3_ws/install/lab3/lib/lab3
[3.154s] writing list of installed files to '/home/duttaishan01/robotics_course/ENAE450_lab/turtlebot3_ws/build/lab3/install.log'
[3.209s] Invoked command in '/home/duttaishan01/robotics_course/ENAE450_lab/turtlebot3_ws/src/lab3' returned '0': PYTHONPATH=/home/duttaishan01/robotics_course/ENAE450_lab/turtlebot3_ws/build/lab3/prefix_override:/usr/lib/python3/dist-packages/colcon_core/task/python/colcon_distutils_commands:/home/duttaishan01/robotics_course/ENAE450_lab/turtlebot3_ws/install/lab3/lib/python3.10/site-packages:${PYTHONPATH} /usr/bin/python3 -W ignore:setup.py install is deprecated -W ignore:easy_install command is deprecated setup.py egg_info --egg-base ../../build/lab3 build --build-base /home/duttaishan01/robotics_course/ENAE450_lab/turtlebot3_ws/build/lab3/build install --record /home/duttaishan01/robotics_course/ENAE450_lab/turtlebot3_ws/build/lab3/install.log --single-version-externally-managed install_data
