[2.611s] Invoking command in '/home/duttaishan01/robotics_course/enae450/turtlebot3_ws/src/turtlebot3/turtlebot3_example': AMENT_PREFIX_PATH=/home/duttaishan01/robotics_course/enae450/turtlebot3_ws/install/turtlebot3_msgs:${AMENT_PREFIX_PATH} CMAKE_PREFIX_PATH=/home/duttaishan01/robotics_course/enae450/turtlebot3_ws/install/turtlebot3_msgs:${CMAKE_PREFIX_PATH} LD_LIBRARY_PATH=/home/duttaishan01/robotics_course/enae450/turtlebot3_ws/install/turtlebot3_msgs/lib:${LD_LIBRARY_PATH} PYTHONPATH=/home/duttaishan01/robotics_course/enae450/turtlebot3_ws/build/turtlebot3_example/prefix_override:/usr/lib/python3/dist-packages/colcon_core/task/python/colcon_distutils_commands:/home/duttaishan01/robotics_course/enae450/turtlebot3_ws/install/turtlebot3_example/lib/python3.10/site-packages:/home/duttaishan01/robotics_course/enae450/turtlebot3_ws/install/turtlebot3_msgs/local/lib/python3.10/dist-packages:${PYTHONPATH} /usr/bin/python3 -W ignore:setup.py install is deprecated -W ignore:easy_install command is deprecated setup.py egg_info --egg-base ../../../build/turtlebot3_example build --build-base /home/duttaishan01/robotics_course/enae450/turtlebot3_ws/build/turtlebot3_example/build install --record /home/duttaishan01/robotics_course/enae450/turtlebot3_ws/build/turtlebot3_example/install.log --single-version-externally-managed install_data
[3.639s] running egg_info
[3.647s] creating ../../../build/turtlebot3_example/turtlebot3_example.egg-info
[3.647s] writing ../../../build/turtlebot3_example/turtlebot3_example.egg-info/PKG-INFO
[3.648s] writing dependency_links to ../../../build/turtlebot3_example/turtlebot3_example.egg-info/dependency_links.txt
[3.648s] writing entry points to ../../../build/turtlebot3_example/turtlebot3_example.egg-info/entry_points.txt
[3.648s] writing requirements to ../../../build/turtlebot3_example/turtlebot3_example.egg-info/requires.txt
[3.648s] writing top-level names to ../../../build/turtlebot3_example/turtlebot3_example.egg-info/top_level.txt
[3.648s] writing manifest file '../../../build/turtlebot3_example/turtlebot3_example.egg-info/SOURCES.txt'
[3.654s] reading manifest file '../../../build/turtlebot3_example/turtlebot3_example.egg-info/SOURCES.txt'
[3.658s] writing manifest file '../../../build/turtlebot3_example/turtlebot3_example.egg-info/SOURCES.txt'
[3.658s] running build
[3.658s] running build_py
[3.661s] creating /home/duttaishan01/robotics_course/enae450/turtlebot3_ws/build/turtlebot3_example/build
[3.661s] creating /home/duttaishan01/robotics_course/enae450/turtlebot3_ws/build/turtlebot3_example/build/lib
[3.661s] creating /home/duttaishan01/robotics_course/enae450/turtlebot3_ws/build/turtlebot3_example/build/lib/turtlebot3_example
[3.661s] copying turtlebot3_example/__init__.py -> /home/duttaishan01/robotics_course/enae450/turtlebot3_ws/build/turtlebot3_example/build/lib/turtlebot3_example
[3.661s] creating /home/duttaishan01/robotics_course/enae450/turtlebot3_ws/build/turtlebot3_example/build/lib/turtlebot3_example/turtlebot3_obstacle_detection
[3.661s] copying turtlebot3_example/turtlebot3_obstacle_detection/__init__.py -> /home/duttaishan01/robotics_course/enae450/turtlebot3_ws/build/turtlebot3_example/build/lib/turtlebot3_example/turtlebot3_obstacle_detection
[3.662s] copying turtlebot3_example/turtlebot3_obstacle_detection/turtlebot3_obstacle_detection.py -> /home/duttaishan01/robotics_course/enae450/turtlebot3_ws/build/turtlebot3_example/build/lib/turtlebot3_example/turtlebot3_obstacle_detection
[3.670s] creating /home/duttaishan01/robotics_course/enae450/turtlebot3_ws/build/turtlebot3_example/build/lib/turtlebot3_example/turtlebot3_interactive_marker
[3.670s] copying turtlebot3_example/turtlebot3_interactive_marker/turtlebot3_interactive_marker.py -> /home/duttaishan01/robotics_course/enae450/turtlebot3_ws/build/turtlebot3_example/build/lib/turtlebot3_example/turtlebot3_interactive_marker
[3.670s] copying turtlebot3_example/turtlebot3_interactive_marker/__init__.py -> /home/duttaishan01/robotics_course/enae450/turtlebot3_ws/build/turtlebot3_example/build/lib/turtlebot3_example/turtlebot3_interactive_marker
[3.671s] creating /home/duttaishan01/robotics_course/enae450/turtlebot3_ws/build/turtlebot3_example/build/lib/turtlebot3_example/turtlebot3_patrol
[3.671s] copying turtlebot3_example/turtlebot3_patrol/__init__.py -> /home/duttaishan01/robotics_course/enae450/turtlebot3_ws/build/turtlebot3_example/build/lib/turtlebot3_example/turtlebot3_patrol
[3.671s] copying turtlebot3_example/turtlebot3_patrol/turtlebot3_patrol_server.py -> /home/duttaishan01/robotics_course/enae450/turtlebot3_ws/build/turtlebot3_example/build/lib/turtlebot3_example/turtlebot3_patrol
[3.677s] copying turtlebot3_example/turtlebot3_patrol/turtlebot3_patrol_client.py -> /home/duttaishan01/robotics_course/enae450/turtlebot3_ws/build/turtlebot3_example/build/lib/turtlebot3_example/turtlebot3_patrol
[3.679s] creating /home/duttaishan01/robotics_course/enae450/turtlebot3_ws/build/turtlebot3_example/build/lib/turtlebot3_example/turtlebot3_position_control
[3.681s] copying turtlebot3_example/turtlebot3_position_control/__init__.py -> /home/duttaishan01/robotics_course/enae450/turtlebot3_ws/build/turtlebot3_example/build/lib/turtlebot3_example/turtlebot3_position_control
[3.681s] copying turtlebot3_example/turtlebot3_position_control/turtlebot3_position_control_pointop_key.py -> /home/duttaishan01/robotics_course/enae450/turtlebot3_ws/build/turtlebot3_example/build/lib/turtlebot3_example/turtlebot3_position_control
[3.684s] running install
[3.685s] running install_lib
[3.687s] creating /home/duttaishan01/robotics_course/enae450/turtlebot3_ws/install/turtlebot3_example/lib/python3.10/site-packages/turtlebot3_example
[3.687s] copying /home/duttaishan01/robotics_course/enae450/turtlebot3_ws/build/turtlebot3_example/build/lib/turtlebot3_example/__init__.py -> /home/duttaishan01/robotics_course/enae450/turtlebot3_ws/install/turtlebot3_example/lib/python3.10/site-packages/turtlebot3_example
[3.688s] creating /home/duttaishan01/robotics_course/enae450/turtlebot3_ws/install/turtlebot3_example/lib/python3.10/site-packages/turtlebot3_example/turtlebot3_obstacle_detection
[3.688s] copying /home/duttaishan01/robotics_course/enae450/turtlebot3_ws/build/turtlebot3_example/build/lib/turtlebot3_example/turtlebot3_obstacle_detection/__init__.py -> /home/duttaishan01/robotics_course/enae450/turtlebot3_ws/install/turtlebot3_example/lib/python3.10/site-packages/turtlebot3_example/turtlebot3_obstacle_detection
[3.688s] copying /home/duttaishan01/robotics_course/enae450/turtlebot3_ws/build/turtlebot3_example/build/lib/turtlebot3_example/turtlebot3_obstacle_detection/turtlebot3_obstacle_detection.py -> /home/duttaishan01/robotics_course/enae450/turtlebot3_ws/install/turtlebot3_example/lib/python3.10/site-packages/turtlebot3_example/turtlebot3_obstacle_detection
[3.689s] creating /home/duttaishan01/robotics_course/enae450/turtlebot3_ws/install/turtlebot3_example/lib/python3.10/site-packages/turtlebot3_example/turtlebot3_interactive_marker
[3.690s] copying /home/duttaishan01/robotics_course/enae450/turtlebot3_ws/build/turtlebot3_example/build/lib/turtlebot3_example/turtlebot3_interactive_marker/turtlebot3_interactive_marker.py -> /home/duttaishan01/robotics_course/enae450/turtlebot3_ws/install/turtlebot3_example/lib/python3.10/site-packages/turtlebot3_example/turtlebot3_interactive_marker
[3.691s] copying /home/duttaishan01/robotics_course/enae450/turtlebot3_ws/build/turtlebot3_example/build/lib/turtlebot3_example/turtlebot3_interactive_marker/__init__.py -> /home/duttaishan01/robotics_course/enae450/turtlebot3_ws/install/turtlebot3_example/lib/python3.10/site-packages/turtlebot3_example/turtlebot3_interactive_marker
[3.691s] creating /home/duttaishan01/robotics_course/enae450/turtlebot3_ws/install/turtlebot3_example/lib/python3.10/site-packages/turtlebot3_example/turtlebot3_patrol
[3.692s] copying /home/duttaishan01/robotics_course/enae450/turtlebot3_ws/build/turtlebot3_example/build/lib/turtlebot3_example/turtlebot3_patrol/__init__.py -> /home/duttaishan01/robotics_course/enae450/turtlebot3_ws/install/turtlebot3_example/lib/python3.10/site-packages/turtlebot3_example/turtlebot3_patrol
[3.692s] copying /home/duttaishan01/robotics_course/enae450/turtlebot3_ws/build/turtlebot3_example/build/lib/turtlebot3_example/turtlebot3_patrol/turtlebot3_patrol_server.py -> /home/duttaishan01/robotics_course/enae450/turtlebot3_ws/install/turtlebot3_example/lib/python3.10/site-packages/turtlebot3_example/turtlebot3_patrol
[3.692s] copying /home/duttaishan01/robotics_course/enae450/turtlebot3_ws/build/turtlebot3_example/build/lib/turtlebot3_example/turtlebot3_patrol/turtlebot3_patrol_client.py -> /home/duttaishan01/robotics_course/enae450/turtlebot3_ws/install/turtlebot3_example/lib/python3.10/site-packages/turtlebot3_example/turtlebot3_patrol
[3.693s] creating /home/duttaishan01/robotics_course/enae450/turtlebot3_ws/install/turtlebot3_example/lib/python3.10/site-packages/turtlebot3_example/turtlebot3_position_control
[3.694s] copying /home/duttaishan01/robotics_course/enae450/turtlebot3_ws/build/turtlebot3_example/build/lib/turtlebot3_example/turtlebot3_position_control/__init__.py -> /home/duttaishan01/robotics_course/enae450/turtlebot3_ws/install/turtlebot3_example/lib/python3.10/site-packages/turtlebot3_example/turtlebot3_position_control
[3.694s] copying /home/duttaishan01/robotics_course/enae450/turtlebot3_ws/build/turtlebot3_example/build/lib/turtlebot3_example/turtlebot3_position_control/turtlebot3_position_control_pointop_key.py -> /home/duttaishan01/robotics_course/enae450/turtlebot3_ws/install/turtlebot3_example/lib/python3.10/site-packages/turtlebot3_example/turtlebot3_position_control
[3.697s] byte-compiling /home/duttaishan01/robotics_course/enae450/turtlebot3_ws/install/turtlebot3_example/lib/python3.10/site-packages/turtlebot3_example/__init__.py to __init__.cpython-310.pyc
[3.699s] byte-compiling /home/duttaishan01/robotics_course/enae450/turtlebot3_ws/install/turtlebot3_example/lib/python3.10/site-packages/turtlebot3_example/turtlebot3_obstacle_detection/__init__.py to __init__.cpython-310.pyc
[3.700s] byte-compiling /home/duttaishan01/robotics_course/enae450/turtlebot3_ws/install/turtlebot3_example/lib/python3.10/site-packages/turtlebot3_example/turtlebot3_obstacle_detection/turtlebot3_obstacle_detection.py to turtlebot3_obstacle_detection.cpython-310.pyc
[3.706s] byte-compiling /home/duttaishan01/robotics_course/enae450/turtlebot3_ws/install/turtlebot3_example/lib/python3.10/site-packages/turtlebot3_example/turtlebot3_interactive_marker/turtlebot3_interactive_marker.py to turtlebot3_interactive_marker.cpython-310.pyc
[3.714s] byte-compiling /home/duttaishan01/robotics_course/enae450/turtlebot3_ws/install/turtlebot3_example/lib/python3.10/site-packages/turtlebot3_example/turtlebot3_interactive_marker/__init__.py to __init__.cpython-310.pyc
[3.715s] byte-compiling /home/duttaishan01/robotics_course/enae450/turtlebot3_ws/install/turtlebot3_example/lib/python3.10/site-packages/turtlebot3_example/turtlebot3_patrol/__init__.py to __init__.cpython-310.pyc
[3.717s] byte-compiling /home/duttaishan01/robotics_course/enae450/turtlebot3_ws/install/turtlebot3_example/lib/python3.10/site-packages/turtlebot3_example/turtlebot3_patrol/turtlebot3_patrol_server.py to turtlebot3_patrol_server.cpython-310.pyc
[3.723s] byte-compiling /home/duttaishan01/robotics_course/enae450/turtlebot3_ws/install/turtlebot3_example/lib/python3.10/site-packages/turtlebot3_example/turtlebot3_patrol/turtlebot3_patrol_client.py to turtlebot3_patrol_client.cpython-310.pyc
[3.725s] byte-compiling /home/duttaishan01/robotics_course/enae450/turtlebot3_ws/install/turtlebot3_example/lib/python3.10/site-packages/turtlebot3_example/turtlebot3_position_control/__init__.py to __init__.cpython-310.pyc
[3.725s] byte-compiling /home/duttaishan01/robotics_course/enae450/turtlebot3_ws/install/turtlebot3_example/lib/python3.10/site-packages/turtlebot3_example/turtlebot3_position_control/turtlebot3_position_control_pointop_key.py to turtlebot3_position_control_pointop_key.cpython-310.pyc
[3.729s] running install_data
[3.730s] creating /home/duttaishan01/robotics_course/enae450/turtlebot3_ws/install/turtlebot3_example/share/ament_index
[3.730s] creating /home/duttaishan01/robotics_course/enae450/turtlebot3_ws/install/turtlebot3_example/share/ament_index/resource_index
[3.731s] creating /home/duttaishan01/robotics_course/enae450/turtlebot3_ws/install/turtlebot3_example/share/ament_index/resource_index/packages
[3.731s] copying resource/turtlebot3_example -> /home/duttaishan01/robotics_course/enae450/turtlebot3_ws/install/turtlebot3_example/share/ament_index/resource_index/packages
[3.732s] copying package.xml -> /home/duttaishan01/robotics_course/enae450/turtlebot3_ws/install/turtlebot3_example/share/turtlebot3_example
[3.732s] running install_egg_info
[3.742s] Copying ../../../build/turtlebot3_example/turtlebot3_example.egg-info to /home/duttaishan01/robotics_course/enae450/turtlebot3_ws/install/turtlebot3_example/lib/python3.10/site-packages/turtlebot3_example-2.2.6-py3.10.egg-info
[3.750s] running install_scripts
[3.815s] Installing turtlebot3_interactive_marker script to /home/duttaishan01/robotics_course/enae450/turtlebot3_ws/install/turtlebot3_example/lib/turtlebot3_example
[3.817s] Installing turtlebot3_obstacle_detection script to /home/duttaishan01/robotics_course/enae450/turtlebot3_ws/install/turtlebot3_example/lib/turtlebot3_example
[3.817s] Installing turtlebot3_patrol_client script to /home/duttaishan01/robotics_course/enae450/turtlebot3_ws/install/turtlebot3_example/lib/turtlebot3_example
[3.819s] Installing turtlebot3_patrol_server script to /home/duttaishan01/robotics_course/enae450/turtlebot3_ws/install/turtlebot3_example/lib/turtlebot3_example
[3.820s] Installing turtlebot3_position_control_pointop_key script to /home/duttaishan01/robotics_course/enae450/turtlebot3_ws/install/turtlebot3_example/lib/turtlebot3_example
[3.820s] writing list of installed files to '/home/duttaishan01/robotics_course/enae450/turtlebot3_ws/build/turtlebot3_example/install.log'
[3.901s] Invoked command in '/home/duttaishan01/robotics_course/enae450/turtlebot3_ws/src/turtlebot3/turtlebot3_example' returned '0': AMENT_PREFIX_PATH=/home/duttaishan01/robotics_course/enae450/turtlebot3_ws/install/turtlebot3_msgs:${AMENT_PREFIX_PATH} CMAKE_PREFIX_PATH=/home/duttaishan01/robotics_course/enae450/turtlebot3_ws/install/turtlebot3_msgs:${CMAKE_PREFIX_PATH} LD_LIBRARY_PATH=/home/duttaishan01/robotics_course/enae450/turtlebot3_ws/install/turtlebot3_msgs/lib:${LD_LIBRARY_PATH} PYTHONPATH=/home/duttaishan01/robotics_course/enae450/turtlebot3_ws/build/turtlebot3_example/prefix_override:/usr/lib/python3/dist-packages/colcon_core/task/python/colcon_distutils_commands:/home/duttaishan01/robotics_course/enae450/turtlebot3_ws/install/turtlebot3_example/lib/python3.10/site-packages:/home/duttaishan01/robotics_course/enae450/turtlebot3_ws/install/turtlebot3_msgs/local/lib/python3.10/dist-packages:${PYTHONPATH} /usr/bin/python3 -W ignore:setup.py install is deprecated -W ignore:easy_install command is deprecated setup.py egg_info --egg-base ../../../build/turtlebot3_example build --build-base /home/duttaishan01/robotics_course/enae450/turtlebot3_ws/build/turtlebot3_example/build install --record /home/duttaishan01/robotics_course/enae450/turtlebot3_ws/build/turtlebot3_example/install.log --single-version-externally-managed install_data
