[6.847s] Invoking command in '/home/duttaishan01/robotics_course/ENAE450_lab/turtlebot3_ws/src/lab2': PYTHONPATH=/home/duttaishan01/robotics_course/ENAE450_lab/turtlebot3_ws/build/lab2/prefix_override:/usr/lib/python3/dist-packages/colcon_core/task/python/colcon_distutils_commands:/home/duttaishan01/robotics_course/ENAE450_lab/turtlebot3_ws/install/lab2/lib/python3.10/site-packages:${PYTHONPATH} /usr/bin/python3 -W ignore:setup.py install is deprecated -W ignore:easy_install command is deprecated setup.py egg_info --egg-base ../../build/lab2 build --build-base /home/duttaishan01/robotics_course/ENAE450_lab/turtlebot3_ws/build/lab2/build install --record /home/duttaishan01/robotics_course/ENAE450_lab/turtlebot3_ws/build/lab2/install.log --single-version-externally-managed install_data
[8.005s] running egg_info
[8.009s] writing ../../build/lab2/lab2.egg-info/PKG-INFO
[8.013s] writing dependency_links to ../../build/lab2/lab2.egg-info/dependency_links.txt
[8.013s] writing entry points to ../../build/lab2/lab2.egg-info/entry_points.txt
[8.014s] writing requirements to ../../build/lab2/lab2.egg-info/requires.txt
[8.014s] writing top-level names to ../../build/lab2/lab2.egg-info/top_level.txt
[8.020s] reading manifest file '../../build/lab2/lab2.egg-info/SOURCES.txt'
[8.023s] writing manifest file '../../build/lab2/lab2.egg-info/SOURCES.txt'
[8.026s] running build
[8.026s] running build_py
[8.027s] running install
[8.028s] running install_lib
[8.033s] running install_data
[8.034s] running install_egg_info
[8.040s] removing '/home/duttaishan01/robotics_course/ENAE450_lab/turtlebot3_ws/install/lab2/lib/python3.10/site-packages/lab2-0.0.0-py3.10.egg-info' (and everything under it)
[8.043s] Copying ../../build/lab2/lab2.egg-info to /home/duttaishan01/robotics_course/ENAE450_lab/turtlebot3_ws/install/lab2/lib/python3.10/site-packages/lab2-0.0.0-py3.10.egg-info
[8.048s] running install_scripts
[8.493s] Installing move_node script to /home/duttaishan01/robotics_course/ENAE450_lab/turtlebot3_ws/install/lab2/lib/lab2
[8.499s] writing list of installed files to '/home/duttaishan01/robotics_course/ENAE450_lab/turtlebot3_ws/build/lab2/install.log'
[8.893s] Invoked command in '/home/duttaishan01/robotics_course/ENAE450_lab/turtlebot3_ws/src/lab2' returned '0': PYTHONPATH=/home/duttaishan01/robotics_course/ENAE450_lab/turtlebot3_ws/build/lab2/prefix_override:/usr/lib/python3/dist-packages/colcon_core/task/python/colcon_distutils_commands:/home/duttaishan01/robotics_course/ENAE450_lab/turtlebot3_ws/install/lab2/lib/python3.10/site-packages:${PYTHONPATH} /usr/bin/python3 -W ignore:setup.py install is deprecated -W ignore:easy_install command is deprecated setup.py egg_info --egg-base ../../build/lab2 build --build-base /home/duttaishan01/robotics_course/ENAE450_lab/turtlebot3_ws/build/lab2/build install --record /home/duttaishan01/robotics_course/ENAE450_lab/turtlebot3_ws/build/lab2/install.log --single-version-externally-managed install_data
