[13.735s] Invoking command in '/home/duttaishan01/robotics_course/ENAE450_lab/turtlebot3_ws/src/lab3': PYTHONPATH=/home/duttaishan01/robotics_course/ENAE450_lab/turtlebot3_ws/build/lab3/prefix_override:/usr/lib/python3/dist-packages/colcon_core/task/python/colcon_distutils_commands:/home/duttaishan01/robotics_course/ENAE450_lab/turtlebot3_ws/install/lab3/lib/python3.10/site-packages:${PYTHONPATH} /usr/bin/python3 -W ignore:setup.py install is deprecated -W ignore:easy_install command is deprecated setup.py egg_info --egg-base ../../build/lab3 build --build-base /home/duttaishan01/robotics_course/ENAE450_lab/turtlebot3_ws/build/lab3/build install --record /home/duttaishan01/robotics_course/ENAE450_lab/turtlebot3_ws/build/lab3/install.log --single-version-externally-managed install_data
[15.262s] running egg_info
[15.298s] creating ../../build/lab3/lab3.egg-info
[15.338s] writing ../../build/lab3/lab3.egg-info/PKG-INFO
[15.379s] writing dependency_links to ../../build/lab3/lab3.egg-info/dependency_links.txt
[15.381s] writing entry points to ../../build/lab3/lab3.egg-info/entry_points.txt
[15.382s] writing requirements to ../../build/lab3/lab3.egg-info/requires.txt
[15.387s] writing top-level names to ../../build/lab3/lab3.egg-info/top_level.txt
[15.387s] writing manifest file '../../build/lab3/lab3.egg-info/SOURCES.txt'
[15.413s] reading manifest file '../../build/lab3/lab3.egg-info/SOURCES.txt'
[15.445s] writing manifest file '../../build/lab3/lab3.egg-info/SOURCES.txt'
[15.446s] running build
[15.447s] running build_py
[15.448s] creating /home/duttaishan01/robotics_course/ENAE450_lab/turtlebot3_ws/build/lab3/build
[15.448s] creating /home/duttaishan01/robotics_course/ENAE450_lab/turtlebot3_ws/build/lab3/build/lib
[15.449s] creating /home/duttaishan01/robotics_course/ENAE450_lab/turtlebot3_ws/build/lab3/build/lib/lab3
[15.450s] copying lab3/__init__.py -> /home/duttaishan01/robotics_course/ENAE450_lab/turtlebot3_ws/build/lab3/build/lib/lab3
[15.450s] copying lab3/navigate_maze.py -> /home/duttaishan01/robotics_course/ENAE450_lab/turtlebot3_ws/build/lab3/build/lib/lab3
[15.450s] running install
[15.450s] running install_lib
[15.452s] creating /home/duttaishan01/robotics_course/ENAE450_lab/turtlebot3_ws/install/lab3/lib/python3.10/site-packages/lab3
[15.452s] copying /home/duttaishan01/robotics_course/ENAE450_lab/turtlebot3_ws/build/lab3/build/lib/lab3/__init__.py -> /home/duttaishan01/robotics_course/ENAE450_lab/turtlebot3_ws/install/lab3/lib/python3.10/site-packages/lab3
[15.454s] copying /home/duttaishan01/robotics_course/ENAE450_lab/turtlebot3_ws/build/lab3/build/lib/lab3/navigate_maze.py -> /home/duttaishan01/robotics_course/ENAE450_lab/turtlebot3_ws/install/lab3/lib/python3.10/site-packages/lab3
[15.454s] byte-compiling /home/duttaishan01/robotics_course/ENAE450_lab/turtlebot3_ws/install/lab3/lib/python3.10/site-packages/lab3/__init__.py to __init__.cpython-310.pyc
[15.455s] byte-compiling /home/duttaishan01/robotics_course/ENAE450_lab/turtlebot3_ws/install/lab3/lib/python3.10/site-packages/lab3/navigate_maze.py to navigate_maze.cpython-310.pyc
[15.464s] running install_data
[15.465s] creating /home/duttaishan01/robotics_course/ENAE450_lab/turtlebot3_ws/install/lab3/share/ament_index
[15.466s] creating /home/duttaishan01/robotics_course/ENAE450_lab/turtlebot3_ws/install/lab3/share/ament_index/resource_index
[15.466s] creating /home/duttaishan01/robotics_course/ENAE450_lab/turtlebot3_ws/install/lab3/share/ament_index/resource_index/packages
[15.466s] copying resource/lab3 -> /home/duttaishan01/robotics_course/ENAE450_lab/turtlebot3_ws/install/lab3/share/ament_index/resource_index/packages
[15.471s] copying package.xml -> /home/duttaishan01/robotics_course/ENAE450_lab/turtlebot3_ws/install/lab3/share/lab3
[15.472s] running install_egg_info
[15.478s] Copying ../../build/lab3/lab3.egg-info to /home/duttaishan01/robotics_course/ENAE450_lab/turtlebot3_ws/install/lab3/lib/python3.10/site-packages/lab3-0.0.0-py3.10.egg-info
[15.484s] running install_scripts
[15.602s] Installing navigate_maze script to /home/duttaishan01/robotics_course/ENAE450_lab/turtlebot3_ws/install/lab3/lib/lab3
[15.606s] writing list of installed files to '/home/duttaishan01/robotics_course/ENAE450_lab/turtlebot3_ws/build/lab3/install.log'
[16.221s] Invoked command in '/home/duttaishan01/robotics_course/ENAE450_lab/turtlebot3_ws/src/lab3' returned '0': PYTHONPATH=/home/duttaishan01/robotics_course/ENAE450_lab/turtlebot3_ws/build/lab3/prefix_override:/usr/lib/python3/dist-packages/colcon_core/task/python/colcon_distutils_commands:/home/duttaishan01/robotics_course/ENAE450_lab/turtlebot3_ws/install/lab3/lib/python3.10/site-packages:${PYTHONPATH} /usr/bin/python3 -W ignore:setup.py install is deprecated -W ignore:easy_install command is deprecated setup.py egg_info --egg-base ../../build/lab3 build --build-base /home/duttaishan01/robotics_course/ENAE450_lab/turtlebot3_ws/build/lab3/build install --record /home/duttaishan01/robotics_course/ENAE450_lab/turtlebot3_ws/build/lab3/install.log --single-version-externally-managed install_data
