[9.768s] Invoking command in '/home/duttaishan01/robotics_course/ENAE450_lab/turtlebot3_ws/src/lab2': PYTHONPATH=/home/duttaishan01/robotics_course/ENAE450_lab/turtlebot3_ws/build/lab2/prefix_override:/usr/lib/python3/dist-packages/colcon_core/task/python/colcon_distutils_commands:/home/duttaishan01/robotics_course/ENAE450_lab/turtlebot3_ws/install/lab2/lib/python3.10/site-packages:${PYTHONPATH} /usr/bin/python3 -W ignore:setup.py install is deprecated -W ignore:easy_install command is deprecated setup.py egg_info --egg-base ../../build/lab2 build --build-base /home/duttaishan01/robotics_course/ENAE450_lab/turtlebot3_ws/build/lab2/build install --record /home/duttaishan01/robotics_course/ENAE450_lab/turtlebot3_ws/build/lab2/install.log --single-version-externally-managed install_data
[10.713s] running egg_info
[10.806s] writing ../../build/lab2/lab2.egg-info/PKG-INFO
[10.816s] writing dependency_links to ../../build/lab2/lab2.egg-info/dependency_links.txt
[10.825s] writing entry points to ../../build/lab2/lab2.egg-info/entry_points.txt
[10.859s] writing requirements to ../../build/lab2/lab2.egg-info/requires.txt
[10.869s] writing top-level names to ../../build/lab2/lab2.egg-info/top_level.txt
[11.013s] reading manifest file '../../build/lab2/lab2.egg-info/SOURCES.txt'
[11.028s] writing manifest file '../../build/lab2/lab2.egg-info/SOURCES.txt'
[11.030s] running build
[11.031s] running build_py
[11.033s] running install
[11.034s] running install_lib
[11.053s] running install_data
[11.057s] running install_egg_info
[11.067s] removing '/home/duttaishan01/robotics_course/ENAE450_lab/turtlebot3_ws/install/lab2/lib/python3.10/site-packages/lab2-0.0.0-py3.10.egg-info' (and everything under it)
[11.103s] Copying ../../build/lab2/lab2.egg-info to /home/duttaishan01/robotics_course/ENAE450_lab/turtlebot3_ws/install/lab2/lib/python3.10/site-packages/lab2-0.0.0-py3.10.egg-info
[11.104s] running install_scripts
[11.166s] Installing move_node script to /home/duttaishan01/robotics_course/ENAE450_lab/turtlebot3_ws/install/lab2/lib/lab2
[11.191s] writing list of installed files to '/home/duttaishan01/robotics_course/ENAE450_lab/turtlebot3_ws/build/lab2/install.log'
[11.502s] Invoked command in '/home/duttaishan01/robotics_course/ENAE450_lab/turtlebot3_ws/src/lab2' returned '0': PYTHONPATH=/home/duttaishan01/robotics_course/ENAE450_lab/turtlebot3_ws/build/lab2/prefix_override:/usr/lib/python3/dist-packages/colcon_core/task/python/colcon_distutils_commands:/home/duttaishan01/robotics_course/ENAE450_lab/turtlebot3_ws/install/lab2/lib/python3.10/site-packages:${PYTHONPATH} /usr/bin/python3 -W ignore:setup.py install is deprecated -W ignore:easy_install command is deprecated setup.py egg_info --egg-base ../../build/lab2 build --build-base /home/duttaishan01/robotics_course/ENAE450_lab/turtlebot3_ws/build/lab2/build install --record /home/duttaishan01/robotics_course/ENAE450_lab/turtlebot3_ws/build/lab2/install.log --single-version-externally-managed install_data
