[0.136s] DEBUG:colcon:Command line arguments: ['/usr/bin/colcon', 'build', '--packages-select', 'lab3']
[0.136s] DEBUG:colcon:Parsed command line arguments: Namespace(log_base=None, log_level=None, verb_name='build', build_base='build', install_base='install', merge_install=False, symlink_install=False, test_result_base=None, continue_on_error=False, executor='parallel', parallel_workers=4, event_handlers=None, ignore_user_meta=False, metas=['./colcon.meta'], base_paths=['.'], packages_ignore=None, packages_ignore_regex=None, paths=None, packages_up_to=None, packages_up_to_regex=None, packages_above=None, packages_above_and_dependencies=None, packages_above_depth=None, packages_select_by_dep=None, packages_skip_by_dep=None, packages_skip_up_to=None, packages_select_build_failed=False, packages_skip_build_finished=False, packages_select_test_failures=False, packages_skip_test_passed=False, packages_select=['lab3'], packages_skip=None, packages_select_regex=None, packages_skip_regex=None, packages_start=None, packages_end=None, allow_overriding=[], cmake_args=None, cmake_target=None, cmake_target_skip_unavailable=False, cmake_clean_cache=False, cmake_clean_first=False, cmake_force_configure=False, ament_cmake_args=None, catkin_cmake_args=None, catkin_skip_building_tests=False, mixin_files=None, mixin=None, verb_parser=<colcon_mixin.mixin.mixin_argument.MixinArgumentDecorator object at 0x7eda35aa0970>, verb_extension=<colcon_core.verb.build.BuildVerb object at 0x7eda35aa01f0>, main=<bound method BuildVerb.main of <colcon_core.verb.build.BuildVerb object at 0x7eda35aa01f0>>, mixin_verb=('build',))
[0.421s] Level 1:colcon.colcon_core.package_discovery:discover_packages(colcon_meta) check parameters
[0.421s] Level 1:colcon.colcon_core.package_discovery:discover_packages(recursive) check parameters
[0.421s] Level 1:colcon.colcon_core.package_discovery:discover_packages(ignore) check parameters
[0.421s] Level 1:colcon.colcon_core.package_discovery:discover_packages(path) check parameters
[0.421s] Level 1:colcon.colcon_core.package_discovery:discover_packages(colcon_meta) discover
[0.421s] Level 1:colcon.colcon_core.package_discovery:discover_packages(recursive) discover
[0.421s] INFO:colcon.colcon_core.package_discovery:Crawling recursively for packages in '/home/duttaishan01/robotics_course/ENAE450_lab/turtlebot3_ws'
[0.422s] Level 1:colcon.colcon_core.package_identification:_identify(.) by extensions ['ignore', 'ignore_ament_install']
[0.422s] Level 1:colcon.colcon_core.package_identification:_identify(.) by extension 'ignore'
[0.422s] Level 1:colcon.colcon_core.package_identification:_identify(.) by extension 'ignore_ament_install'
[0.422s] Level 1:colcon.colcon_core.package_identification:_identify(.) by extensions ['colcon_pkg']
[0.422s] Level 1:colcon.colcon_core.package_identification:_identify(.) by extension 'colcon_pkg'
[0.422s] Level 1:colcon.colcon_core.package_identification:_identify(.) by extensions ['colcon_meta']
[0.422s] Level 1:colcon.colcon_core.package_identification:_identify(.) by extension 'colcon_meta'
[0.422s] Level 1:colcon.colcon_core.package_identification:_identify(.) by extensions ['ros']
[0.422s] Level 1:colcon.colcon_core.package_identification:_identify(.) by extension 'ros'
[0.455s] Level 1:colcon.colcon_core.package_identification:_identify(.) by extensions ['cmake', 'python']
[0.455s] Level 1:colcon.colcon_core.package_identification:_identify(.) by extension 'cmake'
[0.455s] Level 1:colcon.colcon_core.package_identification:_identify(.) by extension 'python'
[0.456s] Level 1:colcon.colcon_core.package_identification:_identify(.) by extensions ['python_setup_py']
[0.456s] Level 1:colcon.colcon_core.package_identification:_identify(.) by extension 'python_setup_py'
[0.457s] Level 1:colcon.colcon_core.package_identification:_identify(build) by extensions ['ignore', 'ignore_ament_install']
[0.458s] Level 1:colcon.colcon_core.package_identification:_identify(build) by extension 'ignore'
[0.458s] Level 1:colcon.colcon_core.package_identification:_identify(build) ignored
[0.458s] Level 1:colcon.colcon_core.package_identification:_identify(install) by extensions ['ignore', 'ignore_ament_install']
[0.459s] Level 1:colcon.colcon_core.package_identification:_identify(install) by extension 'ignore'
[0.459s] Level 1:colcon.colcon_core.package_identification:_identify(install) ignored
[0.459s] Level 1:colcon.colcon_core.package_identification:_identify(log) by extensions ['ignore', 'ignore_ament_install']
[0.459s] Level 1:colcon.colcon_core.package_identification:_identify(log) by extension 'ignore'
[0.459s] Level 1:colcon.colcon_core.package_identification:_identify(log) ignored
[0.459s] Level 1:colcon.colcon_core.package_identification:_identify(src) by extensions ['ignore', 'ignore_ament_install']
[0.459s] Level 1:colcon.colcon_core.package_identification:_identify(src) by extension 'ignore'
[0.459s] Level 1:colcon.colcon_core.package_identification:_identify(src) by extension 'ignore_ament_install'
[0.459s] Level 1:colcon.colcon_core.package_identification:_identify(src) by extensions ['colcon_pkg']
[0.459s] Level 1:colcon.colcon_core.package_identification:_identify(src) by extension 'colcon_pkg'
[0.460s] Level 1:colcon.colcon_core.package_identification:_identify(src) by extensions ['colcon_meta']
[0.460s] Level 1:colcon.colcon_core.package_identification:_identify(src) by extension 'colcon_meta'
[0.460s] Level 1:colcon.colcon_core.package_identification:_identify(src) by extensions ['ros']
[0.460s] Level 1:colcon.colcon_core.package_identification:_identify(src) by extension 'ros'
[0.460s] Level 1:colcon.colcon_core.package_identification:_identify(src) by extensions ['cmake', 'python']
[0.460s] Level 1:colcon.colcon_core.package_identification:_identify(src) by extension 'cmake'
[0.460s] Level 1:colcon.colcon_core.package_identification:_identify(src) by extension 'python'
[0.460s] Level 1:colcon.colcon_core.package_identification:_identify(src) by extensions ['python_setup_py']
[0.460s] Level 1:colcon.colcon_core.package_identification:_identify(src) by extension 'python_setup_py'
[0.460s] Level 1:colcon.colcon_core.package_identification:_identify(src/DynamixelSDK) by extensions ['ignore', 'ignore_ament_install']
[0.461s] Level 1:colcon.colcon_core.package_identification:_identify(src/DynamixelSDK) by extension 'ignore'
[0.461s] Level 1:colcon.colcon_core.package_identification:_identify(src/DynamixelSDK) by extension 'ignore_ament_install'
[0.461s] Level 1:colcon.colcon_core.package_identification:_identify(src/DynamixelSDK) by extensions ['colcon_pkg']
[0.461s] Level 1:colcon.colcon_core.package_identification:_identify(src/DynamixelSDK) by extension 'colcon_pkg'
[0.461s] Level 1:colcon.colcon_core.package_identification:_identify(src/DynamixelSDK) by extensions ['colcon_meta']
[0.461s] Level 1:colcon.colcon_core.package_identification:_identify(src/DynamixelSDK) by extension 'colcon_meta'
[0.461s] Level 1:colcon.colcon_core.package_identification:_identify(src/DynamixelSDK) by extensions ['ros']
[0.462s] Level 1:colcon.colcon_core.package_identification:_identify(src/DynamixelSDK) by extension 'ros'
[0.462s] Level 1:colcon.colcon_core.package_identification:_identify(src/DynamixelSDK) by extensions ['cmake', 'python']
[0.462s] Level 1:colcon.colcon_core.package_identification:_identify(src/DynamixelSDK) by extension 'cmake'
[0.462s] Level 1:colcon.colcon_core.package_identification:_identify(src/DynamixelSDK) by extension 'python'
[0.462s] Level 1:colcon.colcon_core.package_identification:_identify(src/DynamixelSDK) by extensions ['python_setup_py']
[0.462s] Level 1:colcon.colcon_core.package_identification:_identify(src/DynamixelSDK) by extension 'python_setup_py'
[0.462s] Level 1:colcon.colcon_core.package_identification:_identify(src/lab2) by extensions ['ignore', 'ignore_ament_install']
[0.462s] Level 1:colcon.colcon_core.package_identification:_identify(src/lab2) by extension 'ignore'
[0.462s] Level 1:colcon.colcon_core.package_identification:_identify(src/lab2) by extension 'ignore_ament_install'
[0.462s] Level 1:colcon.colcon_core.package_identification:_identify(src/lab2) by extensions ['colcon_pkg']
[0.462s] Level 1:colcon.colcon_core.package_identification:_identify(src/lab2) by extension 'colcon_pkg'
[0.463s] Level 1:colcon.colcon_core.package_identification:_identify(src/lab2) by extensions ['colcon_meta']
[0.463s] Level 1:colcon.colcon_core.package_identification:_identify(src/lab2) by extension 'colcon_meta'
[0.463s] Level 1:colcon.colcon_core.package_identification:_identify(src/lab2) by extensions ['ros']
[0.463s] Level 1:colcon.colcon_core.package_identification:_identify(src/lab2) by extension 'ros'
[0.465s] DEBUG:colcon.colcon_core.package_identification:Package 'src/lab2' with type 'ros.ament_python' and name 'lab2'
[0.466s] Level 1:colcon.colcon_core.package_identification:_identify(src/lab3) by extensions ['ignore', 'ignore_ament_install']
[0.466s] Level 1:colcon.colcon_core.package_identification:_identify(src/lab3) by extension 'ignore'
[0.466s] Level 1:colcon.colcon_core.package_identification:_identify(src/lab3) by extension 'ignore_ament_install'
[0.466s] Level 1:colcon.colcon_core.package_identification:_identify(src/lab3) by extensions ['colcon_pkg']
[0.466s] Level 1:colcon.colcon_core.package_identification:_identify(src/lab3) by extension 'colcon_pkg'
[0.466s] Level 1:colcon.colcon_core.package_identification:_identify(src/lab3) by extensions ['colcon_meta']
[0.466s] Level 1:colcon.colcon_core.package_identification:_identify(src/lab3) by extension 'colcon_meta'
[0.466s] Level 1:colcon.colcon_core.package_identification:_identify(src/lab3) by extensions ['ros']
[0.466s] Level 1:colcon.colcon_core.package_identification:_identify(src/lab3) by extension 'ros'
[0.471s] DEBUG:colcon.colcon_core.package_identification:Package 'src/lab3' with type 'ros.ament_python' and name 'lab3'
[0.471s] Level 1:colcon.colcon_core.package_identification:_identify(src/turtlebot3) by extensions ['ignore', 'ignore_ament_install']
[0.471s] Level 1:colcon.colcon_core.package_identification:_identify(src/turtlebot3) by extension 'ignore'
[0.471s] Level 1:colcon.colcon_core.package_identification:_identify(src/turtlebot3) by extension 'ignore_ament_install'
[0.472s] Level 1:colcon.colcon_core.package_identification:_identify(src/turtlebot3) by extensions ['colcon_pkg']
[0.472s] Level 1:colcon.colcon_core.package_identification:_identify(src/turtlebot3) by extension 'colcon_pkg'
[0.472s] Level 1:colcon.colcon_core.package_identification:_identify(src/turtlebot3) by extensions ['colcon_meta']
[0.472s] Level 1:colcon.colcon_core.package_identification:_identify(src/turtlebot3) by extension 'colcon_meta'
[0.472s] Level 1:colcon.colcon_core.package_identification:_identify(src/turtlebot3) by extensions ['ros']
[0.472s] Level 1:colcon.colcon_core.package_identification:_identify(src/turtlebot3) by extension 'ros'
[0.472s] Level 1:colcon.colcon_core.package_identification:_identify(src/turtlebot3) by extensions ['cmake', 'python']
[0.472s] Level 1:colcon.colcon_core.package_identification:_identify(src/turtlebot3) by extension 'cmake'
[0.473s] Level 1:colcon.colcon_core.package_identification:_identify(src/turtlebot3) by extension 'python'
[0.473s] Level 1:colcon.colcon_core.package_identification:_identify(src/turtlebot3) by extensions ['python_setup_py']
[0.473s] Level 1:colcon.colcon_core.package_identification:_identify(src/turtlebot3) by extension 'python_setup_py'
[0.473s] Level 1:colcon.colcon_core.package_identification:_identify(src/turtlebot3_msgs) by extensions ['ignore', 'ignore_ament_install']
[0.473s] Level 1:colcon.colcon_core.package_identification:_identify(src/turtlebot3_msgs) by extension 'ignore'
[0.473s] Level 1:colcon.colcon_core.package_identification:_identify(src/turtlebot3_msgs) by extension 'ignore_ament_install'
[0.473s] Level 1:colcon.colcon_core.package_identification:_identify(src/turtlebot3_msgs) by extensions ['colcon_pkg']
[0.473s] Level 1:colcon.colcon_core.package_identification:_identify(src/turtlebot3_msgs) by extension 'colcon_pkg'
[0.473s] Level 1:colcon.colcon_core.package_identification:_identify(src/turtlebot3_msgs) by extensions ['colcon_meta']
[0.473s] Level 1:colcon.colcon_core.package_identification:_identify(src/turtlebot3_msgs) by extension 'colcon_meta'
[0.474s] Level 1:colcon.colcon_core.package_identification:_identify(src/turtlebot3_msgs) by extensions ['ros']
[0.474s] Level 1:colcon.colcon_core.package_identification:_identify(src/turtlebot3_msgs) by extension 'ros'
[0.474s] Level 1:colcon.colcon_core.package_identification:_identify(src/turtlebot3_msgs) by extensions ['cmake', 'python']
[0.474s] Level 1:colcon.colcon_core.package_identification:_identify(src/turtlebot3_msgs) by extension 'cmake'
[0.474s] Level 1:colcon.colcon_core.package_identification:_identify(src/turtlebot3_msgs) by extension 'python'
[0.474s] Level 1:colcon.colcon_core.package_identification:_identify(src/turtlebot3_msgs) by extensions ['python_setup_py']
[0.474s] Level 1:colcon.colcon_core.package_identification:_identify(src/turtlebot3_msgs) by extension 'python_setup_py'
[0.474s] Level 1:colcon.colcon_core.package_discovery:discover_packages(recursive) using defaults
[0.474s] Level 1:colcon.colcon_core.package_discovery:discover_packages(ignore) discover
[0.474s] Level 1:colcon.colcon_core.package_discovery:discover_packages(ignore) using defaults
[0.474s] Level 1:colcon.colcon_core.package_discovery:discover_packages(path) discover
[0.474s] Level 1:colcon.colcon_core.package_discovery:discover_packages(path) using defaults
[0.511s] INFO:colcon.colcon_core.package_selection:Skipping not selected package 'lab2' in 'src/lab2'
[0.512s] Level 1:colcon.colcon_core.package_discovery:discover_packages(prefix_path) check parameters
[0.513s] Level 1:colcon.colcon_core.package_discovery:discover_packages(prefix_path) discover
[0.517s] DEBUG:colcon.colcon_installed_package_information.package_discovery:Found 14 installed packages in /home/duttaishan01/robotics_course/ENAE450_lab/turtlebot3_ws/install
[0.520s] DEBUG:colcon.colcon_installed_package_information.package_discovery:Found 463 installed packages in /opt/ros/humble
[0.525s] Level 1:colcon.colcon_core.package_discovery:discover_packages(prefix_path) using defaults
[0.599s] Level 5:colcon.colcon_core.verb:set package 'lab3' build argument 'cmake_args' from command line to 'None'
[0.599s] Level 5:colcon.colcon_core.verb:set package 'lab3' build argument 'cmake_target' from command line to 'None'
[0.599s] Level 5:colcon.colcon_core.verb:set package 'lab3' build argument 'cmake_target_skip_unavailable' from command line to 'False'
[0.599s] Level 5:colcon.colcon_core.verb:set package 'lab3' build argument 'cmake_clean_cache' from command line to 'False'
[0.599s] Level 5:colcon.colcon_core.verb:set package 'lab3' build argument 'cmake_clean_first' from command line to 'False'
[0.600s] Level 5:colcon.colcon_core.verb:set package 'lab3' build argument 'cmake_force_configure' from command line to 'False'
[0.600s] Level 5:colcon.colcon_core.verb:set package 'lab3' build argument 'ament_cmake_args' from command line to 'None'
[0.600s] Level 5:colcon.colcon_core.verb:set package 'lab3' build argument 'catkin_cmake_args' from command line to 'None'
[0.600s] Level 5:colcon.colcon_core.verb:set package 'lab3' build argument 'catkin_skip_building_tests' from command line to 'False'
[0.600s] DEBUG:colcon.colcon_core.verb:Building package 'lab3' with the following arguments: {'ament_cmake_args': None, 'build_base': '/home/duttaishan01/robotics_course/ENAE450_lab/turtlebot3_ws/build/lab3', 'catkin_cmake_args': None, 'catkin_skip_building_tests': False, 'cmake_args': None, 'cmake_clean_cache': False, 'cmake_clean_first': False, 'cmake_force_configure': False, 'cmake_target': None, 'cmake_target_skip_unavailable': False, 'install_base': '/home/duttaishan01/robotics_course/ENAE450_lab/turtlebot3_ws/install/lab3', 'merge_install': False, 'path': '/home/duttaishan01/robotics_course/ENAE450_lab/turtlebot3_ws/src/lab3', 'symlink_install': False, 'test_result_base': None}
[0.600s] INFO:colcon.colcon_core.executor:Executing jobs using 'parallel' executor
[0.607s] DEBUG:colcon.colcon_parallel_executor.executor.parallel:run_until_complete
[0.608s] INFO:colcon.colcon_ros.task.ament_python.build:Building ROS package in '/home/duttaishan01/robotics_course/ENAE450_lab/turtlebot3_ws/src/lab3' with build type 'ament_python'
[0.608s] Level 1:colcon.colcon_core.shell:create_environment_hook('lab3', 'ament_prefix_path')
[0.610s] INFO:colcon.colcon_core.plugin_system:Skipping extension 'colcon_core.shell.bat': Not used on non-Windows systems
[0.611s] INFO:colcon.colcon_core.shell:Creating environment hook '/home/duttaishan01/robotics_course/ENAE450_lab/turtlebot3_ws/install/lab3/share/lab3/hook/ament_prefix_path.ps1'
[0.613s] INFO:colcon.colcon_core.shell:Creating environment descriptor '/home/duttaishan01/robotics_course/ENAE450_lab/turtlebot3_ws/install/lab3/share/lab3/hook/ament_prefix_path.dsv'
[0.614s] INFO:colcon.colcon_core.shell:Creating environment hook '/home/duttaishan01/robotics_course/ENAE450_lab/turtlebot3_ws/install/lab3/share/lab3/hook/ament_prefix_path.sh'
[0.616s] INFO:colcon.colcon_core.shell:Skip shell extension 'powershell' for command environment: Not usable outside of PowerShell
[0.616s] DEBUG:colcon.colcon_core.shell:Skip shell extension 'dsv' for command environment
[1.373s] INFO:colcon.colcon_core.task.python.build:Building Python package in '/home/duttaishan01/robotics_course/ENAE450_lab/turtlebot3_ws/src/lab3'
[1.374s] INFO:colcon.colcon_core.shell:Skip shell extension 'powershell' for command environment: Not usable outside of PowerShell
[1.374s] DEBUG:colcon.colcon_core.shell:Skip shell extension 'dsv' for command environment
[2.045s] DEBUG:colcon.colcon_core.event_handler.log_command:Invoking command in '/home/duttaishan01/robotics_course/ENAE450_lab/turtlebot3_ws/src/lab3': PYTHONPATH=/home/duttaishan01/robotics_course/ENAE450_lab/turtlebot3_ws/build/lab3/prefix_override:/usr/lib/python3/dist-packages/colcon_core/task/python/colcon_distutils_commands:/home/duttaishan01/robotics_course/ENAE450_lab/turtlebot3_ws/install/lab3/lib/python3.10/site-packages:${PYTHONPATH} /usr/bin/python3 -W ignore:setup.py install is deprecated -W ignore:easy_install command is deprecated setup.py egg_info --egg-base ../../build/lab3 build --build-base /home/duttaishan01/robotics_course/ENAE450_lab/turtlebot3_ws/build/lab3/build install --record /home/duttaishan01/robotics_course/ENAE450_lab/turtlebot3_ws/build/lab3/install.log --single-version-externally-managed install_data
[2.612s] DEBUG:colcon.colcon_core.event_handler.log_command:Invoked command in '/home/duttaishan01/robotics_course/ENAE450_lab/turtlebot3_ws/src/lab3' returned '0': PYTHONPATH=/home/duttaishan01/robotics_course/ENAE450_lab/turtlebot3_ws/build/lab3/prefix_override:/usr/lib/python3/dist-packages/colcon_core/task/python/colcon_distutils_commands:/home/duttaishan01/robotics_course/ENAE450_lab/turtlebot3_ws/install/lab3/lib/python3.10/site-packages:${PYTHONPATH} /usr/bin/python3 -W ignore:setup.py install is deprecated -W ignore:easy_install command is deprecated setup.py egg_info --egg-base ../../build/lab3 build --build-base /home/duttaishan01/robotics_course/ENAE450_lab/turtlebot3_ws/build/lab3/build install --record /home/duttaishan01/robotics_course/ENAE450_lab/turtlebot3_ws/build/lab3/install.log --single-version-externally-managed install_data
[2.614s] Level 1:colcon.colcon_core.environment:checking '/home/duttaishan01/robotics_course/ENAE450_lab/turtlebot3_ws/install/lab3' for CMake module files
[2.615s] Level 1:colcon.colcon_core.environment:checking '/home/duttaishan01/robotics_course/ENAE450_lab/turtlebot3_ws/install/lab3' for CMake config files
[2.616s] Level 1:colcon.colcon_core.environment:checking '/home/duttaishan01/robotics_course/ENAE450_lab/turtlebot3_ws/install/lab3/lib'
[2.617s] Level 1:colcon.colcon_core.environment:checking '/home/duttaishan01/robotics_course/ENAE450_lab/turtlebot3_ws/install/lab3/bin'
[2.617s] Level 1:colcon.colcon_core.environment:checking '/home/duttaishan01/robotics_course/ENAE450_lab/turtlebot3_ws/install/lab3/lib/pkgconfig/lab3.pc'
[2.618s] Level 1:colcon.colcon_core.environment:checking '/home/duttaishan01/robotics_course/ENAE450_lab/turtlebot3_ws/install/lab3/lib/python3.10/site-packages'
[2.618s] Level 1:colcon.colcon_core.shell:create_environment_hook('lab3', 'pythonpath')
[2.619s] INFO:colcon.colcon_core.shell:Creating environment hook '/home/duttaishan01/robotics_course/ENAE450_lab/turtlebot3_ws/install/lab3/share/lab3/hook/pythonpath.ps1'
[2.621s] INFO:colcon.colcon_core.shell:Creating environment descriptor '/home/duttaishan01/robotics_course/ENAE450_lab/turtlebot3_ws/install/lab3/share/lab3/hook/pythonpath.dsv'
[2.622s] INFO:colcon.colcon_core.shell:Creating environment hook '/home/duttaishan01/robotics_course/ENAE450_lab/turtlebot3_ws/install/lab3/share/lab3/hook/pythonpath.sh'
[2.625s] Level 1:colcon.colcon_core.environment:checking '/home/duttaishan01/robotics_course/ENAE450_lab/turtlebot3_ws/install/lab3/bin'
[2.625s] Level 1:colcon.colcon_core.environment:create_environment_scripts_only(lab3)
[2.626s] INFO:colcon.colcon_core.shell:Creating package script '/home/duttaishan01/robotics_course/ENAE450_lab/turtlebot3_ws/install/lab3/share/lab3/package.ps1'
[2.630s] INFO:colcon.colcon_core.shell:Creating package descriptor '/home/duttaishan01/robotics_course/ENAE450_lab/turtlebot3_ws/install/lab3/share/lab3/package.dsv'
[2.632s] INFO:colcon.colcon_core.shell:Creating package script '/home/duttaishan01/robotics_course/ENAE450_lab/turtlebot3_ws/install/lab3/share/lab3/package.sh'
[2.634s] INFO:colcon.colcon_core.shell:Creating package script '/home/duttaishan01/robotics_course/ENAE450_lab/turtlebot3_ws/install/lab3/share/lab3/package.bash'
[2.650s] INFO:colcon.colcon_core.shell:Creating package script '/home/duttaishan01/robotics_course/ENAE450_lab/turtlebot3_ws/install/lab3/share/lab3/package.zsh'
[2.660s] Level 1:colcon.colcon_core.environment:create_file_with_runtime_dependencies(/home/duttaishan01/robotics_course/ENAE450_lab/turtlebot3_ws/install/lab3/share/colcon-core/packages/lab3)
[2.663s] DEBUG:colcon.colcon_parallel_executor.executor.parallel:closing loop
[2.666s] DEBUG:colcon.colcon_parallel_executor.executor.parallel:loop closed
[2.666s] DEBUG:colcon.colcon_parallel_executor.executor.parallel:run_until_complete finished with '0'
[2.666s] DEBUG:colcon.colcon_core.event_reactor:joining thread
[2.683s] INFO:colcon.colcon_core.plugin_system:Skipping extension 'colcon_notification.desktop_notification.terminal_notifier': Not used on non-Darwin systems
[2.683s] INFO:colcon.colcon_core.plugin_system:Skipping extension 'colcon_notification.desktop_notification.win32': Not used on non-Windows systems
[2.683s] INFO:colcon.colcon_notification.desktop_notification:Sending desktop notification using 'notify2'
[2.716s] DEBUG:colcon.colcon_core.event_reactor:joined thread
[2.716s] INFO:colcon.colcon_core.shell:Creating prefix script '/home/duttaishan01/robotics_course/ENAE450_lab/turtlebot3_ws/install/local_setup.ps1'
[2.733s] INFO:colcon.colcon_core.shell:Creating prefix util module '/home/duttaishan01/robotics_course/ENAE450_lab/turtlebot3_ws/install/_local_setup_util_ps1.py'
[2.749s] INFO:colcon.colcon_core.shell:Creating prefix chain script '/home/duttaishan01/robotics_course/ENAE450_lab/turtlebot3_ws/install/setup.ps1'
[2.764s] INFO:colcon.colcon_core.shell:Creating prefix script '/home/duttaishan01/robotics_course/ENAE450_lab/turtlebot3_ws/install/local_setup.sh'
[2.766s] INFO:colcon.colcon_core.shell:Creating prefix util module '/home/duttaishan01/robotics_course/ENAE450_lab/turtlebot3_ws/install/_local_setup_util_sh.py'
[2.768s] INFO:colcon.colcon_core.shell:Creating prefix chain script '/home/duttaishan01/robotics_course/ENAE450_lab/turtlebot3_ws/install/setup.sh'
[2.774s] INFO:colcon.colcon_core.shell:Creating prefix script '/home/duttaishan01/robotics_course/ENAE450_lab/turtlebot3_ws/install/local_setup.bash'
[2.776s] INFO:colcon.colcon_core.shell:Creating prefix chain script '/home/duttaishan01/robotics_course/ENAE450_lab/turtlebot3_ws/install/setup.bash'
[2.779s] INFO:colcon.colcon_core.shell:Creating prefix script '/home/duttaishan01/robotics_course/ENAE450_lab/turtlebot3_ws/install/local_setup.zsh'
[2.781s] INFO:colcon.colcon_core.shell:Creating prefix chain script '/home/duttaishan01/robotics_course/ENAE450_lab/turtlebot3_ws/install/setup.zsh'
