[8.247s] Invoking command in '/home/duttaishan01/robotics_course/enae450/turtlebot3_ws/src/turtlebot3/turtlebot3_teleop': PYTHONPATH=/home/duttaishan01/robotics_course/enae450/turtlebot3_ws/build/turtlebot3_teleop/prefix_override:/usr/lib/python3/dist-packages/colcon_core/task/python/colcon_distutils_commands:/home/duttaishan01/robotics_course/enae450/turtlebot3_ws/install/turtlebot3_teleop/lib/python3.10/site-packages:${PYTHONPATH} /usr/bin/python3 -W ignore:setup.py install is deprecated -W ignore:easy_install command is deprecated setup.py egg_info --egg-base ../../../build/turtlebot3_teleop build --build-base /home/duttaishan01/robotics_course/enae450/turtlebot3_ws/build/turtlebot3_teleop/build install --record /home/duttaishan01/robotics_course/enae450/turtlebot3_ws/build/turtlebot3_teleop/install.log --single-version-externally-managed install_data
[10.668s] running egg_info
[10.670s] creating ../../../build/turtlebot3_teleop/turtlebot3_teleop.egg-info
[10.673s] writing ../../../build/turtlebot3_teleop/turtlebot3_teleop.egg-info/PKG-INFO
[10.673s] writing dependency_links to ../../../build/turtlebot3_teleop/turtlebot3_teleop.egg-info/dependency_links.txt
[10.675s] writing entry points to ../../../build/turtlebot3_teleop/turtlebot3_teleop.egg-info/entry_points.txt
[10.675s] writing requirements to ../../../build/turtlebot3_teleop/turtlebot3_teleop.egg-info/requires.txt
[10.675s] writing top-level names to ../../../build/turtlebot3_teleop/turtlebot3_teleop.egg-info/top_level.txt
[10.676s] writing manifest file '../../../build/turtlebot3_teleop/turtlebot3_teleop.egg-info/SOURCES.txt'
[10.677s] reading manifest file '../../../build/turtlebot3_teleop/turtlebot3_teleop.egg-info/SOURCES.txt'
[10.680s] writing manifest file '../../../build/turtlebot3_teleop/turtlebot3_teleop.egg-info/SOURCES.txt'
[10.682s] running build
[10.682s] running build_py
[10.682s] creating /home/duttaishan01/robotics_course/enae450/turtlebot3_ws/build/turtlebot3_teleop/build
[10.682s] creating /home/duttaishan01/robotics_course/enae450/turtlebot3_ws/build/turtlebot3_teleop/build/lib
[10.683s] creating /home/duttaishan01/robotics_course/enae450/turtlebot3_ws/build/turtlebot3_teleop/build/lib/turtlebot3_teleop
[10.686s] copying turtlebot3_teleop/__init__.py -> /home/duttaishan01/robotics_course/enae450/turtlebot3_ws/build/turtlebot3_teleop/build/lib/turtlebot3_teleop
[10.688s] creating /home/duttaishan01/robotics_course/enae450/turtlebot3_ws/build/turtlebot3_teleop/build/lib/turtlebot3_teleop/script
[10.688s] copying turtlebot3_teleop/script/__init__.py -> /home/duttaishan01/robotics_course/enae450/turtlebot3_ws/build/turtlebot3_teleop/build/lib/turtlebot3_teleop/script
[10.688s] copying turtlebot3_teleop/script/teleop_keyboard.py -> /home/duttaishan01/robotics_course/enae450/turtlebot3_ws/build/turtlebot3_teleop/build/lib/turtlebot3_teleop/script
[10.690s] running install
[10.691s] running install_lib
[10.703s] creating /home/duttaishan01/robotics_course/enae450/turtlebot3_ws/install/turtlebot3_teleop/lib/python3.10/site-packages/turtlebot3_teleop
[10.703s] copying /home/duttaishan01/robotics_course/enae450/turtlebot3_ws/build/turtlebot3_teleop/build/lib/turtlebot3_teleop/__init__.py -> /home/duttaishan01/robotics_course/enae450/turtlebot3_ws/install/turtlebot3_teleop/lib/python3.10/site-packages/turtlebot3_teleop
[10.704s] creating /home/duttaishan01/robotics_course/enae450/turtlebot3_ws/install/turtlebot3_teleop/lib/python3.10/site-packages/turtlebot3_teleop/script
[10.709s] copying /home/duttaishan01/robotics_course/enae450/turtlebot3_ws/build/turtlebot3_teleop/build/lib/turtlebot3_teleop/script/__init__.py -> /home/duttaishan01/robotics_course/enae450/turtlebot3_ws/install/turtlebot3_teleop/lib/python3.10/site-packages/turtlebot3_teleop/script
[10.709s] copying /home/duttaishan01/robotics_course/enae450/turtlebot3_ws/build/turtlebot3_teleop/build/lib/turtlebot3_teleop/script/teleop_keyboard.py -> /home/duttaishan01/robotics_course/enae450/turtlebot3_ws/install/turtlebot3_teleop/lib/python3.10/site-packages/turtlebot3_teleop/script
[10.712s] byte-compiling /home/duttaishan01/robotics_course/enae450/turtlebot3_ws/install/turtlebot3_teleop/lib/python3.10/site-packages/turtlebot3_teleop/__init__.py to __init__.cpython-310.pyc
[10.712s] byte-compiling /home/duttaishan01/robotics_course/enae450/turtlebot3_ws/install/turtlebot3_teleop/lib/python3.10/site-packages/turtlebot3_teleop/script/__init__.py to __init__.cpython-310.pyc
[10.718s] byte-compiling /home/duttaishan01/robotics_course/enae450/turtlebot3_ws/install/turtlebot3_teleop/lib/python3.10/site-packages/turtlebot3_teleop/script/teleop_keyboard.py to teleop_keyboard.cpython-310.pyc
[10.738s] running install_data
[10.738s] creating /home/duttaishan01/robotics_course/enae450/turtlebot3_ws/install/turtlebot3_teleop/share/ament_index
[10.738s] creating /home/duttaishan01/robotics_course/enae450/turtlebot3_ws/install/turtlebot3_teleop/share/ament_index/resource_index
[10.738s] creating /home/duttaishan01/robotics_course/enae450/turtlebot3_ws/install/turtlebot3_teleop/share/ament_index/resource_index/packages
[10.739s] copying resource/turtlebot3_teleop -> /home/duttaishan01/robotics_course/enae450/turtlebot3_ws/install/turtlebot3_teleop/share/ament_index/resource_index/packages
[10.739s] copying package.xml -> /home/duttaishan01/robotics_course/enae450/turtlebot3_ws/install/turtlebot3_teleop/share/turtlebot3_teleop
[10.739s] running install_egg_info
[10.750s] Copying ../../../build/turtlebot3_teleop/turtlebot3_teleop.egg-info to /home/duttaishan01/robotics_course/enae450/turtlebot3_ws/install/turtlebot3_teleop/lib/python3.10/site-packages/turtlebot3_teleop-2.2.6-py3.10.egg-info
[10.763s] running install_scripts
[10.903s] Installing teleop_keyboard script to /home/duttaishan01/robotics_course/enae450/turtlebot3_ws/install/turtlebot3_teleop/lib/turtlebot3_teleop
[10.909s] writing list of installed files to '/home/duttaishan01/robotics_course/enae450/turtlebot3_ws/build/turtlebot3_teleop/install.log'
[11.161s] Invoked command in '/home/duttaishan01/robotics_course/enae450/turtlebot3_ws/src/turtlebot3/turtlebot3_teleop' returned '0': PYTHONPATH=/home/duttaishan01/robotics_course/enae450/turtlebot3_ws/build/turtlebot3_teleop/prefix_override:/usr/lib/python3/dist-packages/colcon_core/task/python/colcon_distutils_commands:/home/duttaishan01/robotics_course/enae450/turtlebot3_ws/install/turtlebot3_teleop/lib/python3.10/site-packages:${PYTHONPATH} /usr/bin/python3 -W ignore:setup.py install is deprecated -W ignore:easy_install command is deprecated setup.py egg_info --egg-base ../../../build/turtlebot3_teleop build --build-base /home/duttaishan01/robotics_course/enae450/turtlebot3_ws/build/turtlebot3_teleop/build install --record /home/duttaishan01/robotics_course/enae450/turtlebot3_ws/build/turtlebot3_teleop/install.log --single-version-externally-managed install_data
