[0.060s] Invoking command in '/home/duttaishan01/robotics_course/enae450/turtlebot3_ws/build/turtlebot3_navigation2': CMAKE_PREFIX_PATH=${CMAKE_PREFIX_PATH}:/home/duttaishan01/turtlebot3_ws/install/turtlebot3_teleop:/home/duttaishan01/turtlebot3_ws/install/turtlebot3_example:/home/duttaishan01/turtlebot3_ws/install/lab2:/opt/ros/humble /usr/bin/cmake /home/duttaishan01/robotics_course/enae450/turtlebot3_ws/src/turtlebot3/turtlebot3_navigation2 -DCMAKE_INSTALL_PREFIX=/home/duttaishan01/robotics_course/enae450/turtlebot3_ws/install/turtlebot3_navigation2
[0.335s] -- The C compiler identification is GNU 11.4.0
[0.691s] -- The CXX compiler identification is GNU 11.4.0
[0.731s] -- Detecting C compiler ABI info
[1.298s] -- Detecting C compiler ABI info - done
[1.374s] -- Check for working C compiler: /usr/bin/cc - skipped
[1.374s] -- Detecting C compile features
[1.375s] -- Detecting C compile features - done
[1.399s] -- Detecting CXX compiler ABI info
[2.248s] -- Detecting CXX compiler ABI info - done
[2.321s] -- Check for working CXX compiler: /usr/bin/c++ - skipped
[2.321s] -- Detecting CXX compile features
[2.336s] -- Detecting CXX compile features - done
[2.350s] -- Found ament_cmake: 1.3.11 (/opt/ros/humble/share/ament_cmake/cmake)
[3.592s] -- Found Python3: /usr/bin/python3 (found version "3.10.12") found components: Interpreter 
[5.050s] -- Configuring done
[5.088s] -- Generating done
[5.114s] -- Build files have been written to: /home/duttaishan01/robotics_course/enae450/turtlebot3_ws/build/turtlebot3_navigation2
[5.151s] Invoked command in '/home/duttaishan01/robotics_course/enae450/turtlebot3_ws/build/turtlebot3_navigation2' returned '0': CMAKE_PREFIX_PATH=${CMAKE_PREFIX_PATH}:/home/duttaishan01/turtlebot3_ws/install/turtlebot3_teleop:/home/duttaishan01/turtlebot3_ws/install/turtlebot3_example:/home/duttaishan01/turtlebot3_ws/install/lab2:/opt/ros/humble /usr/bin/cmake /home/duttaishan01/robotics_course/enae450/turtlebot3_ws/src/turtlebot3/turtlebot3_navigation2 -DCMAKE_INSTALL_PREFIX=/home/duttaishan01/robotics_course/enae450/turtlebot3_ws/install/turtlebot3_navigation2
[5.164s] Invoking command in '/home/duttaishan01/robotics_course/enae450/turtlebot3_ws/build/turtlebot3_navigation2': CMAKE_PREFIX_PATH=${CMAKE_PREFIX_PATH}:/home/duttaishan01/turtlebot3_ws/install/turtlebot3_teleop:/home/duttaishan01/turtlebot3_ws/install/turtlebot3_example:/home/duttaishan01/turtlebot3_ws/install/lab2:/opt/ros/humble /usr/bin/cmake --build /home/duttaishan01/robotics_course/enae450/turtlebot3_ws/build/turtlebot3_navigation2 -- -j4 -l4
[5.509s] Invoked command in '/home/duttaishan01/robotics_course/enae450/turtlebot3_ws/build/turtlebot3_navigation2' returned '0': CMAKE_PREFIX_PATH=${CMAKE_PREFIX_PATH}:/home/duttaishan01/turtlebot3_ws/install/turtlebot3_teleop:/home/duttaishan01/turtlebot3_ws/install/turtlebot3_example:/home/duttaishan01/turtlebot3_ws/install/lab2:/opt/ros/humble /usr/bin/cmake --build /home/duttaishan01/robotics_course/enae450/turtlebot3_ws/build/turtlebot3_navigation2 -- -j4 -l4
[5.515s] Invoking command in '/home/duttaishan01/robotics_course/enae450/turtlebot3_ws/build/turtlebot3_navigation2': CMAKE_PREFIX_PATH=${CMAKE_PREFIX_PATH}:/home/duttaishan01/turtlebot3_ws/install/turtlebot3_teleop:/home/duttaishan01/turtlebot3_ws/install/turtlebot3_example:/home/duttaishan01/turtlebot3_ws/install/lab2:/opt/ros/humble /usr/bin/cmake --install /home/duttaishan01/robotics_course/enae450/turtlebot3_ws/build/turtlebot3_navigation2
[5.565s] -- Install configuration: ""
[5.569s] -- Installing: /home/duttaishan01/robotics_course/enae450/turtlebot3_ws/install/turtlebot3_navigation2/share/turtlebot3_navigation2/launch
[5.570s] -- Installing: /home/duttaishan01/robotics_course/enae450/turtlebot3_ws/install/turtlebot3_navigation2/share/turtlebot3_navigation2/launch/navigation2.launch.py
[5.578s] -- Installing: /home/duttaishan01/robotics_course/enae450/turtlebot3_ws/install/turtlebot3_navigation2/share/turtlebot3_navigation2/map
[5.580s] -- Installing: /home/duttaishan01/robotics_course/enae450/turtlebot3_ws/install/turtlebot3_navigation2/share/turtlebot3_navigation2/map/map.yaml
[5.584s] -- Installing: /home/duttaishan01/robotics_course/enae450/turtlebot3_ws/install/turtlebot3_navigation2/share/turtlebot3_navigation2/map/map.pgm
[5.602s] -- Installing: /home/duttaishan01/robotics_course/enae450/turtlebot3_ws/install/turtlebot3_navigation2/share/turtlebot3_navigation2/param
[5.610s] -- Installing: /home/duttaishan01/robotics_course/enae450/turtlebot3_ws/install/turtlebot3_navigation2/share/turtlebot3_navigation2/param/burger_cam.yaml
[5.614s] -- Installing: /home/duttaishan01/robotics_course/enae450/turtlebot3_ws/install/turtlebot3_navigation2/share/turtlebot3_navigation2/param/waffle_pi.yaml
[5.623s] -- Installing: /home/duttaishan01/robotics_course/enae450/turtlebot3_ws/install/turtlebot3_navigation2/share/turtlebot3_navigation2/param/humble
[5.625s] -- Installing: /home/duttaishan01/robotics_course/enae450/turtlebot3_ws/install/turtlebot3_navigation2/share/turtlebot3_navigation2/param/humble/burger_cam.yaml
[5.633s] -- Installing: /home/duttaishan01/robotics_course/enae450/turtlebot3_ws/install/turtlebot3_navigation2/share/turtlebot3_navigation2/param/humble/waffle_pi.yaml
[5.636s] -- Installing: /home/duttaishan01/robotics_course/enae450/turtlebot3_ws/install/turtlebot3_navigation2/share/turtlebot3_navigation2/param/humble/burger.yaml
[5.640s] -- Installing: /home/duttaishan01/robotics_course/enae450/turtlebot3_ws/install/turtlebot3_navigation2/share/turtlebot3_navigation2/param/humble/waffle.yaml
[5.647s] -- Installing: /home/duttaishan01/robotics_course/enae450/turtlebot3_ws/install/turtlebot3_navigation2/share/turtlebot3_navigation2/param/burger.yaml
[5.654s] -- Installing: /home/duttaishan01/robotics_course/enae450/turtlebot3_ws/install/turtlebot3_navigation2/share/turtlebot3_navigation2/param/waffle.yaml
[5.657s] -- Installing: /home/duttaishan01/robotics_course/enae450/turtlebot3_ws/install/turtlebot3_navigation2/share/turtlebot3_navigation2/rviz
[5.669s] -- Installing: /home/duttaishan01/robotics_course/enae450/turtlebot3_ws/install/turtlebot3_navigation2/share/turtlebot3_navigation2/rviz/tb3_navigation2.rviz
[5.675s] -- Installing: /home/duttaishan01/robotics_course/enae450/turtlebot3_ws/install/turtlebot3_navigation2/share/ament_index/resource_index/package_run_dependencies/turtlebot3_navigation2
[5.680s] -- Installing: /home/duttaishan01/robotics_course/enae450/turtlebot3_ws/install/turtlebot3_navigation2/share/ament_index/resource_index/parent_prefix_path/turtlebot3_navigation2
[5.684s] -- Installing: /home/duttaishan01/robotics_course/enae450/turtlebot3_ws/install/turtlebot3_navigation2/share/turtlebot3_navigation2/environment/ament_prefix_path.sh
[5.702s] -- Installing: /home/duttaishan01/robotics_course/enae450/turtlebot3_ws/install/turtlebot3_navigation2/share/turtlebot3_navigation2/environment/ament_prefix_path.dsv
[5.702s] -- Installing: /home/duttaishan01/robotics_course/enae450/turtlebot3_ws/install/turtlebot3_navigation2/share/turtlebot3_navigation2/environment/path.sh
[5.709s] -- Installing: /home/duttaishan01/robotics_course/enae450/turtlebot3_ws/install/turtlebot3_navigation2/share/turtlebot3_navigation2/environment/path.dsv
[5.712s] -- Installing: /home/duttaishan01/robotics_course/enae450/turtlebot3_ws/install/turtlebot3_navigation2/share/turtlebot3_navigation2/local_setup.bash
[5.712s] -- Installing: /home/duttaishan01/robotics_course/enae450/turtlebot3_ws/install/turtlebot3_navigation2/share/turtlebot3_navigation2/local_setup.sh
[5.719s] -- Installing: /home/duttaishan01/robotics_course/enae450/turtlebot3_ws/install/turtlebot3_navigation2/share/turtlebot3_navigation2/local_setup.zsh
[5.722s] -- Installing: /home/duttaishan01/robotics_course/enae450/turtlebot3_ws/install/turtlebot3_navigation2/share/turtlebot3_navigation2/local_setup.dsv
[5.722s] -- Installing: /home/duttaishan01/robotics_course/enae450/turtlebot3_ws/install/turtlebot3_navigation2/share/turtlebot3_navigation2/package.dsv
[5.728s] -- Installing: /home/duttaishan01/robotics_course/enae450/turtlebot3_ws/install/turtlebot3_navigation2/share/ament_index/resource_index/packages/turtlebot3_navigation2
[5.733s] -- Installing: /home/duttaishan01/robotics_course/enae450/turtlebot3_ws/install/turtlebot3_navigation2/share/turtlebot3_navigation2/cmake/turtlebot3_navigation2Config.cmake
[5.733s] -- Installing: /home/duttaishan01/robotics_course/enae450/turtlebot3_ws/install/turtlebot3_navigation2/share/turtlebot3_navigation2/cmake/turtlebot3_navigation2Config-version.cmake
[5.734s] -- Installing: /home/duttaishan01/robotics_course/enae450/turtlebot3_ws/install/turtlebot3_navigation2/share/turtlebot3_navigation2/package.xml
[5.747s] Invoked command in '/home/duttaishan01/robotics_course/enae450/turtlebot3_ws/build/turtlebot3_navigation2' returned '0': CMAKE_PREFIX_PATH=${CMAKE_PREFIX_PATH}:/home/duttaishan01/turtlebot3_ws/install/turtlebot3_teleop:/home/duttaishan01/turtlebot3_ws/install/turtlebot3_example:/home/duttaishan01/turtlebot3_ws/install/lab2:/opt/ros/humble /usr/bin/cmake --install /home/duttaishan01/robotics_course/enae450/turtlebot3_ws/build/turtlebot3_navigation2
