[0.055s] Invoking command in '/home/duttaishan01/turtlebot3_ws/build/dynamixel_sdk': CMAKE_PREFIX_PATH=/opt/ros/humble /usr/bin/cmake /home/duttaishan01/turtlebot3_ws/src/DynamixelSDK/ros/dynamixel_sdk -DAMENT_CMAKE_SYMLINK_INSTALL=1 -DCMAKE_INSTALL_PREFIX=/home/duttaishan01/turtlebot3_ws/install/dynamixel_sdk
[0.766s] -- The C compiler identification is GNU 11.4.0
[1.124s] -- The CXX compiler identification is GNU 11.4.0
[1.166s] -- Detecting C compiler ABI info
[1.402s] -- Detecting C compiler ABI info - done
[1.420s] -- Check for working C compiler: /usr/bin/cc - skipped
[1.425s] -- Detecting C compile features
[1.426s] -- Detecting C compile features - done
[1.433s] -- Detecting CXX compiler ABI info
[1.714s] -- Detecting CXX compiler ABI info - done
[1.730s] -- Check for working CXX compiler: /usr/bin/c++ - skipped
[1.730s] -- Detecting CXX compile features
[1.730s] -- Detecting CXX compile features - done
[1.735s] -- Found ament_cmake: 1.3.11 (/opt/ros/humble/share/ament_cmake/cmake)
[2.394s] -- Found Python3: /usr/bin/python3 (found version "3.10.12") found components: Interpreter 
[2.527s] -- Override CMake install command with custom implementation using symlinks instead of copying resources
[2.855s] -- Configuring done
[2.868s] -- Generating done
[2.873s] -- Build files have been written to: /home/duttaishan01/turtlebot3_ws/build/dynamixel_sdk
[2.884s] Invoked command in '/home/duttaishan01/turtlebot3_ws/build/dynamixel_sdk' returned '0': CMAKE_PREFIX_PATH=/opt/ros/humble /usr/bin/cmake /home/duttaishan01/turtlebot3_ws/src/DynamixelSDK/ros/dynamixel_sdk -DAMENT_CMAKE_SYMLINK_INSTALL=1 -DCMAKE_INSTALL_PREFIX=/home/duttaishan01/turtlebot3_ws/install/dynamixel_sdk
[2.892s] Invoking command in '/home/duttaishan01/turtlebot3_ws/build/dynamixel_sdk': CMAKE_PREFIX_PATH=/opt/ros/humble /usr/bin/cmake --build /home/duttaishan01/turtlebot3_ws/build/dynamixel_sdk -- -j4 -l4
[3.041s] [  7%] [32mBuilding CXX object CMakeFiles/dynamixel_sdk.dir/src/dynamixel_sdk/protocol1_packet_handler.cpp.o[0m
[3.053s] [ 15%] [32mBuilding CXX object CMakeFiles/dynamixel_sdk.dir/src/dynamixel_sdk/packet_handler.cpp.o[0m
[3.084s] [ 23%] [32mBuilding CXX object CMakeFiles/dynamixel_sdk.dir/src/dynamixel_sdk/protocol2_packet_handler.cpp.o[0m
[3.107s] [ 23%] Built target ament_cmake_python_symlink_dynamixel_sdk
[3.154s] [ 30%] [32mBuilding CXX object CMakeFiles/dynamixel_sdk.dir/src/dynamixel_sdk/group_sync_read.cpp.o[0m
[3.834s] [ 38%] [32mBuilding CXX object CMakeFiles/dynamixel_sdk.dir/src/dynamixel_sdk/group_sync_write.cpp.o[0m
[4.892s] [ 46%] [32mBuilding CXX object CMakeFiles/dynamixel_sdk.dir/src/dynamixel_sdk/group_bulk_read.cpp.o[0m
[5.996s] running egg_info
[5.997s] creating dynamixel_sdk.egg-info
[5.997s] writing dynamixel_sdk.egg-info/PKG-INFO
[5.997s] writing dependency_links to dynamixel_sdk.egg-info/dependency_links.txt
[5.997s] writing top-level names to dynamixel_sdk.egg-info/top_level.txt
[5.998s] writing manifest file 'dynamixel_sdk.egg-info/SOURCES.txt'
[6.023s] reading manifest file 'dynamixel_sdk.egg-info/SOURCES.txt'
[6.028s] writing manifest file 'dynamixel_sdk.egg-info/SOURCES.txt'
[6.171s] [ 46%] Built target ament_cmake_python_build_dynamixel_sdk_egg
[6.220s] [ 53%] [32mBuilding CXX object CMakeFiles/dynamixel_sdk.dir/src/dynamixel_sdk/group_bulk_write.cpp.o[0m
[6.423s] [ 61%] [32mBuilding CXX object CMakeFiles/dynamixel_sdk.dir/src/dynamixel_sdk/group_fast_bulk_read.cpp.o[0m
[6.722s] [ 69%] [32mBuilding CXX object CMakeFiles/dynamixel_sdk.dir/src/dynamixel_sdk/group_fast_sync_read.cpp.o[0m
[7.035s] [ 76%] [32mBuilding CXX object CMakeFiles/dynamixel_sdk.dir/src/dynamixel_sdk/group_handler.cpp.o[0m
[7.572s] [ 84%] [32mBuilding CXX object CMakeFiles/dynamixel_sdk.dir/src/dynamixel_sdk/port_handler.cpp.o[0m
[7.781s] [ 92%] [32mBuilding CXX object CMakeFiles/dynamixel_sdk.dir/src/dynamixel_sdk/port_handler_linux.cpp.o[0m
[8.272s] [100%] [32m[1mLinking CXX shared library libdynamixel_sdk.so[0m
[8.592s] [100%] Built target dynamixel_sdk
[8.641s] Invoked command in '/home/duttaishan01/turtlebot3_ws/build/dynamixel_sdk' returned '0': CMAKE_PREFIX_PATH=/opt/ros/humble /usr/bin/cmake --build /home/duttaishan01/turtlebot3_ws/build/dynamixel_sdk -- -j4 -l4
[8.641s] Invoking command in '/home/duttaishan01/turtlebot3_ws/build/dynamixel_sdk': CMAKE_PREFIX_PATH=/opt/ros/humble /usr/bin/cmake --install /home/duttaishan01/turtlebot3_ws/build/dynamixel_sdk
[8.662s] -- Install configuration: ""
[8.664s] -- Execute custom install script
[8.668s] -- Symlinking: /home/duttaishan01/turtlebot3_ws/install/dynamixel_sdk/include//dynamixel_sdk/dynamixel_sdk.h
[8.695s] -- Symlinking: /home/duttaishan01/turtlebot3_ws/install/dynamixel_sdk/include//dynamixel_sdk/group_bulk_read.h
[8.728s] -- Symlinking: /home/duttaishan01/turtlebot3_ws/install/dynamixel_sdk/include//dynamixel_sdk/group_bulk_write.h
[8.756s] -- Symlinking: /home/duttaishan01/turtlebot3_ws/install/dynamixel_sdk/include//dynamixel_sdk/group_fast_bulk_read.h
[8.798s] -- Symlinking: /home/duttaishan01/turtlebot3_ws/install/dynamixel_sdk/include//dynamixel_sdk/group_fast_sync_read.h
[8.822s] -- Symlinking: /home/duttaishan01/turtlebot3_ws/install/dynamixel_sdk/include//dynamixel_sdk/group_handler.h
[8.853s] -- Symlinking: /home/duttaishan01/turtlebot3_ws/install/dynamixel_sdk/include//dynamixel_sdk/group_sync_read.h
[8.891s] -- Symlinking: /home/duttaishan01/turtlebot3_ws/install/dynamixel_sdk/include//dynamixel_sdk/group_sync_write.h
[8.912s] -- Symlinking: /home/duttaishan01/turtlebot3_ws/install/dynamixel_sdk/include//dynamixel_sdk/packet_handler.h
[8.945s] -- Symlinking: /home/duttaishan01/turtlebot3_ws/install/dynamixel_sdk/include//dynamixel_sdk/port_handler.h
[8.969s] -- Symlinking: /home/duttaishan01/turtlebot3_ws/install/dynamixel_sdk/include//dynamixel_sdk/port_handler_arduino.h
[8.994s] -- Symlinking: /home/duttaishan01/turtlebot3_ws/install/dynamixel_sdk/include//dynamixel_sdk/port_handler_linux.h
[9.022s] -- Symlinking: /home/duttaishan01/turtlebot3_ws/install/dynamixel_sdk/include//dynamixel_sdk/port_handler_mac.h
[9.049s] -- Symlinking: /home/duttaishan01/turtlebot3_ws/install/dynamixel_sdk/include//dynamixel_sdk/port_handler_windows.h
[9.063s] -- Symlinking: /home/duttaishan01/turtlebot3_ws/install/dynamixel_sdk/include//dynamixel_sdk/protocol1_packet_handler.h
[9.082s] -- Symlinking: /home/duttaishan01/turtlebot3_ws/install/dynamixel_sdk/include//dynamixel_sdk/protocol2_packet_handler.h
[9.111s] -- Symlinking: /home/duttaishan01/turtlebot3_ws/install/dynamixel_sdk/lib/libdynamixel_sdk.so
[9.166s] -- Symlinking: /home/duttaishan01/turtlebot3_ws/install/dynamixel_sdk/share/dynamixel_sdk/environment/pythonpath.sh
[9.193s] -- Symlinking: /home/duttaishan01/turtlebot3_ws/install/dynamixel_sdk/share/dynamixel_sdk/environment/pythonpath.dsv
[9.234s] -- Symlinking: /home/duttaishan01/turtlebot3_ws/install/dynamixel_sdk/local/lib/python3.10/dist-packages/dynamixel_sdk-3.8.3-py3.10.egg-info/PKG-INFO
[9.262s] -- Symlinking: /home/duttaishan01/turtlebot3_ws/install/dynamixel_sdk/local/lib/python3.10/dist-packages/dynamixel_sdk-3.8.3-py3.10.egg-info/SOURCES.txt
[9.295s] -- Symlinking: /home/duttaishan01/turtlebot3_ws/install/dynamixel_sdk/local/lib/python3.10/dist-packages/dynamixel_sdk-3.8.3-py3.10.egg-info/dependency_links.txt
[9.339s] -- Symlinking: /home/duttaishan01/turtlebot3_ws/install/dynamixel_sdk/local/lib/python3.10/dist-packages/dynamixel_sdk-3.8.3-py3.10.egg-info/top_level.txt
[9.371s] -- Symlinking: /home/duttaishan01/turtlebot3_ws/install/dynamixel_sdk/local/lib/python3.10/dist-packages/dynamixel_sdk/__init__.py
[9.382s] -- Symlinking: /home/duttaishan01/turtlebot3_ws/install/dynamixel_sdk/local/lib/python3.10/dist-packages/dynamixel_sdk/group_bulk_read.cpp
[9.405s] -- Symlinking: /home/duttaishan01/turtlebot3_ws/install/dynamixel_sdk/local/lib/python3.10/dist-packages/dynamixel_sdk/group_bulk_read.py
[9.426s] -- Symlinking: /home/duttaishan01/turtlebot3_ws/install/dynamixel_sdk/local/lib/python3.10/dist-packages/dynamixel_sdk/group_bulk_write.cpp
[9.488s] -- Symlinking: /home/duttaishan01/turtlebot3_ws/install/dynamixel_sdk/local/lib/python3.10/dist-packages/dynamixel_sdk/group_bulk_write.py
[9.547s] -- Symlinking: /home/duttaishan01/turtlebot3_ws/install/dynamixel_sdk/local/lib/python3.10/dist-packages/dynamixel_sdk/group_fast_bulk_read.cpp
[9.578s] -- Symlinking: /home/duttaishan01/turtlebot3_ws/install/dynamixel_sdk/local/lib/python3.10/dist-packages/dynamixel_sdk/group_fast_sync_read.cpp
[9.616s] -- Symlinking: /home/duttaishan01/turtlebot3_ws/install/dynamixel_sdk/local/lib/python3.10/dist-packages/dynamixel_sdk/group_handler.cpp
[9.672s] -- Symlinking: /home/duttaishan01/turtlebot3_ws/install/dynamixel_sdk/local/lib/python3.10/dist-packages/dynamixel_sdk/group_sync_read.cpp
[9.715s] -- Symlinking: /home/duttaishan01/turtlebot3_ws/install/dynamixel_sdk/local/lib/python3.10/dist-packages/dynamixel_sdk/group_sync_read.py
[9.747s] -- Symlinking: /home/duttaishan01/turtlebot3_ws/install/dynamixel_sdk/local/lib/python3.10/dist-packages/dynamixel_sdk/group_sync_write.cpp
[9.808s] -- Symlinking: /home/duttaishan01/turtlebot3_ws/install/dynamixel_sdk/local/lib/python3.10/dist-packages/dynamixel_sdk/group_sync_write.py
[9.857s] -- Symlinking: /home/duttaishan01/turtlebot3_ws/install/dynamixel_sdk/local/lib/python3.10/dist-packages/dynamixel_sdk/packet_handler.cpp
[9.915s] -- Symlinking: /home/duttaishan01/turtlebot3_ws/install/dynamixel_sdk/local/lib/python3.10/dist-packages/dynamixel_sdk/packet_handler.py
[9.955s] -- Symlinking: /home/duttaishan01/turtlebot3_ws/install/dynamixel_sdk/local/lib/python3.10/dist-packages/dynamixel_sdk/port_handler.cpp
[9.994s] -- Symlinking: /home/duttaishan01/turtlebot3_ws/install/dynamixel_sdk/local/lib/python3.10/dist-packages/dynamixel_sdk/port_handler.py
[10.038s] -- Symlinking: /home/duttaishan01/turtlebot3_ws/install/dynamixel_sdk/local/lib/python3.10/dist-packages/dynamixel_sdk/port_handler_arduino.cpp
[10.097s] -- Symlinking: /home/duttaishan01/turtlebot3_ws/install/dynamixel_sdk/local/lib/python3.10/dist-packages/dynamixel_sdk/port_handler_linux.cpp
[10.148s] -- Symlinking: /home/duttaishan01/turtlebot3_ws/install/dynamixel_sdk/local/lib/python3.10/dist-packages/dynamixel_sdk/port_handler_mac.cpp
[10.200s] -- Symlinking: /home/duttaishan01/turtlebot3_ws/install/dynamixel_sdk/local/lib/python3.10/dist-packages/dynamixel_sdk/port_handler_windows.cpp
[10.262s] -- Symlinking: /home/duttaishan01/turtlebot3_ws/install/dynamixel_sdk/local/lib/python3.10/dist-packages/dynamixel_sdk/protocol1_packet_handler.cpp
[10.328s] -- Symlinking: /home/duttaishan01/turtlebot3_ws/install/dynamixel_sdk/local/lib/python3.10/dist-packages/dynamixel_sdk/protocol1_packet_handler.py
[10.352s] -- Symlinking: /home/duttaishan01/turtlebot3_ws/install/dynamixel_sdk/local/lib/python3.10/dist-packages/dynamixel_sdk/protocol2_packet_handler.cpp
[10.378s] -- Symlinking: /home/duttaishan01/turtlebot3_ws/install/dynamixel_sdk/local/lib/python3.10/dist-packages/dynamixel_sdk/protocol2_packet_handler.py
[10.413s] -- Symlinking: /home/duttaishan01/turtlebot3_ws/install/dynamixel_sdk/local/lib/python3.10/dist-packages/dynamixel_sdk/robotis_def.py
[10.438s] -- Symlinking: /home/duttaishan01/turtlebot3_ws/install/dynamixel_sdk/share/dynamixel_sdk/environment/library_path.sh
[10.481s] -- Symlinking: /home/duttaishan01/turtlebot3_ws/install/dynamixel_sdk/share/dynamixel_sdk/environment/library_path.dsv
[10.520s] -- Symlinking: /home/duttaishan01/turtlebot3_ws/install/dynamixel_sdk/share/ament_index/resource_index/package_run_dependencies/dynamixel_sdk
[10.598s] -- Symlinking: /home/duttaishan01/turtlebot3_ws/install/dynamixel_sdk/share/ament_index/resource_index/parent_prefix_path/dynamixel_sdk
[10.664s] -- Symlinking: /home/duttaishan01/turtlebot3_ws/install/dynamixel_sdk/share/dynamixel_sdk/environment/ament_prefix_path.sh
[10.779s] -- Symlinking: /home/duttaishan01/turtlebot3_ws/install/dynamixel_sdk/share/dynamixel_sdk/environment/ament_prefix_path.dsv
[10.888s] -- Symlinking: /home/duttaishan01/turtlebot3_ws/install/dynamixel_sdk/share/dynamixel_sdk/environment/path.sh
[11.023s] -- Symlinking: /home/duttaishan01/turtlebot3_ws/install/dynamixel_sdk/share/dynamixel_sdk/environment/path.dsv
[11.103s] -- Symlinking: /home/duttaishan01/turtlebot3_ws/install/dynamixel_sdk/share/dynamixel_sdk/local_setup.bash
[11.163s] -- Symlinking: /home/duttaishan01/turtlebot3_ws/install/dynamixel_sdk/share/dynamixel_sdk/local_setup.sh
[11.248s] -- Symlinking: /home/duttaishan01/turtlebot3_ws/install/dynamixel_sdk/share/dynamixel_sdk/local_setup.zsh
[11.275s] -- Symlinking: /home/duttaishan01/turtlebot3_ws/install/dynamixel_sdk/share/dynamixel_sdk/local_setup.dsv
[11.357s] -- Symlinking: /home/duttaishan01/turtlebot3_ws/install/dynamixel_sdk/share/dynamixel_sdk/package.dsv
[11.398s] -- Symlinking: /home/duttaishan01/turtlebot3_ws/install/dynamixel_sdk/share/ament_index/resource_index/packages/dynamixel_sdk
[11.446s] -- Symlinking: /home/duttaishan01/turtlebot3_ws/install/dynamixel_sdk/share/dynamixel_sdk/cmake/ament_cmake_export_include_directories-extras.cmake
[11.491s] -- Symlinking: /home/duttaishan01/turtlebot3_ws/install/dynamixel_sdk/share/dynamixel_sdk/cmake/ament_cmake_export_libraries-extras.cmake
[11.548s] -- Symlinking: /home/duttaishan01/turtlebot3_ws/install/dynamixel_sdk/share/dynamixel_sdk/cmake/dynamixel_sdkConfig.cmake
[11.603s] -- Symlinking: /home/duttaishan01/turtlebot3_ws/install/dynamixel_sdk/share/dynamixel_sdk/cmake/dynamixel_sdkConfig-version.cmake
[11.668s] -- Symlinking: /home/duttaishan01/turtlebot3_ws/install/dynamixel_sdk/share/dynamixel_sdk/package.xml
[11.834s] Listing '/home/duttaishan01/turtlebot3_ws/install/dynamixel_sdk/local/lib/python3.10/dist-packages/dynamixel_sdk'...
[11.834s] Compiling '/home/duttaishan01/turtlebot3_ws/install/dynamixel_sdk/local/lib/python3.10/dist-packages/dynamixel_sdk/__init__.py'...
[11.834s] Compiling '/home/duttaishan01/turtlebot3_ws/install/dynamixel_sdk/local/lib/python3.10/dist-packages/dynamixel_sdk/group_bulk_read.py'...
[11.834s] Compiling '/home/duttaishan01/turtlebot3_ws/install/dynamixel_sdk/local/lib/python3.10/dist-packages/dynamixel_sdk/group_bulk_write.py'...
[11.835s] Compiling '/home/duttaishan01/turtlebot3_ws/install/dynamixel_sdk/local/lib/python3.10/dist-packages/dynamixel_sdk/group_sync_read.py'...
[11.835s] Compiling '/home/duttaishan01/turtlebot3_ws/install/dynamixel_sdk/local/lib/python3.10/dist-packages/dynamixel_sdk/group_sync_write.py'...
[11.835s] Compiling '/home/duttaishan01/turtlebot3_ws/install/dynamixel_sdk/local/lib/python3.10/dist-packages/dynamixel_sdk/packet_handler.py'...
[11.835s] Compiling '/home/duttaishan01/turtlebot3_ws/install/dynamixel_sdk/local/lib/python3.10/dist-packages/dynamixel_sdk/port_handler.py'...
[11.835s] Compiling '/home/duttaishan01/turtlebot3_ws/install/dynamixel_sdk/local/lib/python3.10/dist-packages/dynamixel_sdk/protocol1_packet_handler.py'...
[11.835s] Compiling '/home/duttaishan01/turtlebot3_ws/install/dynamixel_sdk/local/lib/python3.10/dist-packages/dynamixel_sdk/protocol2_packet_handler.py'...
[11.835s] Compiling '/home/duttaishan01/turtlebot3_ws/install/dynamixel_sdk/local/lib/python3.10/dist-packages/dynamixel_sdk/robotis_def.py'...
[11.852s] Invoked command in '/home/duttaishan01/turtlebot3_ws/build/dynamixel_sdk' returned '0': CMAKE_PREFIX_PATH=/opt/ros/humble /usr/bin/cmake --install /home/duttaishan01/turtlebot3_ws/build/dynamixel_sdk
