[0.085s] Invoking command in '/home/duttaishan01/robotics_course/enae450/turtlebot3_ws/build/turtlebot3_msgs': CMAKE_PREFIX_PATH=${CMAKE_PREFIX_PATH}:/home/duttaishan01/turtlebot3_ws/install/turtlebot3_teleop:/home/duttaishan01/turtlebot3_ws/install/turtlebot3_example:/home/duttaishan01/turtlebot3_ws/install/lab2:/opt/ros/humble /usr/bin/cmake /home/duttaishan01/robotics_course/enae450/turtlebot3_ws/src/turtlebot3_msgs -DCMAKE_INSTALL_PREFIX=/home/duttaishan01/robotics_course/enae450/turtlebot3_ws/install/turtlebot3_msgs
[0.732s] -- The C compiler identification is GNU 11.4.0
[1.370s] -- The CXX compiler identification is GNU 11.4.0
[1.418s] -- Detecting C compiler ABI info
[1.720s] -- Detecting C compiler ABI info - done
[1.755s] -- Check for working C compiler: /usr/bin/cc - skipped
[1.759s] -- Detecting C compile features
[1.765s] -- Detecting C compile features - done
[1.785s] -- Detecting CXX compiler ABI info
[2.150s] -- Detecting CXX compiler ABI info - done
[2.188s] -- Check for working CXX compiler: /usr/bin/c++ - skipped
[2.190s] -- Detecting CXX compile features
[2.190s] -- Detecting CXX compile features - done
[2.235s] -- Found action_msgs: 1.2.1 (/opt/ros/humble/share/action_msgs/cmake)
[2.950s] -- Found Python3: /usr/bin/python3 (found version "3.10.12") found components: Interpreter 
[3.894s] -- Found rosidl_generator_c: 3.1.6 (/opt/ros/humble/share/rosidl_generator_c/cmake)
[3.942s] -- Found rosidl_adapter: 3.1.6 (/opt/ros/humble/share/rosidl_adapter/cmake)
[4.051s] -- Found rosidl_generator_cpp: 3.1.6 (/opt/ros/humble/share/rosidl_generator_cpp/cmake)
[4.190s] -- Using all available rosidl_typesupport_c: rosidl_typesupport_fastrtps_c;rosidl_typesupport_introspection_c
[4.316s] -- Using all available rosidl_typesupport_cpp: rosidl_typesupport_fastrtps_cpp;rosidl_typesupport_introspection_cpp
[4.782s] -- Found rosidl_default_generators: 1.2.0 (/opt/ros/humble/share/rosidl_default_generators/cmake)
[4.852s] -- Found std_msgs: 4.2.4 (/opt/ros/humble/share/std_msgs/cmake)
[5.050s] -- Found geometry_msgs: 4.2.4 (/opt/ros/humble/share/geometry_msgs/cmake)
[8.105s] -- Found ament_cmake_cppcheck: 0.12.11 (/opt/ros/humble/share/ament_cmake_cppcheck/cmake)
[8.150s] -- Found ament_cmake_cpplint: 0.12.11 (/opt/ros/humble/share/ament_cmake_cpplint/cmake)
[8.203s] -- Found ament_cmake_uncrustify: 0.12.11 (/opt/ros/humble/share/ament_cmake_uncrustify/cmake)
[8.252s] -- Found ament_cmake_ros: 0.10.0 (/opt/ros/humble/share/ament_cmake_ros/cmake)
[11.846s] -- Using all available rosidl_typesupport_c: rosidl_typesupport_fastrtps_c;rosidl_typesupport_introspection_c
[12.800s] -- Using all available rosidl_typesupport_cpp: rosidl_typesupport_fastrtps_cpp;rosidl_typesupport_introspection_cpp
[13.033s] -- Found PythonInterp: /usr/bin/python3 (found suitable version "3.10.12", minimum required is "3.6") 
[13.067s] -- Found python_cmake_module: 0.10.0 (/opt/ros/humble/share/python_cmake_module/cmake)
[13.306s] -- Found PythonLibs: /usr/lib/x86_64-linux-gnu/libpython3.10.so (found suitable version "3.10.12", minimum required is "3.5") 
[13.306s] -- Using PYTHON_EXECUTABLE: /usr/bin/python3
[13.306s] -- Using PYTHON_INCLUDE_DIRS: /usr/include/python3.10
[13.306s] -- Using PYTHON_LIBRARIES: /usr/lib/x86_64-linux-gnu/libpython3.10.so
[13.462s] -- Found PythonExtra: .so  
[13.943s] -- Found ament_cmake_flake8: 0.12.11 (/opt/ros/humble/share/ament_cmake_flake8/cmake)
[13.998s] -- Found ament_cmake_pep257: 0.12.11 (/opt/ros/humble/share/ament_cmake_pep257/cmake)
[14.078s] -- Configuring done
[14.387s] -- Generating done
[14.451s] -- Build files have been written to: /home/duttaishan01/robotics_course/enae450/turtlebot3_ws/build/turtlebot3_msgs
[14.557s] Invoked command in '/home/duttaishan01/robotics_course/enae450/turtlebot3_ws/build/turtlebot3_msgs' returned '0': CMAKE_PREFIX_PATH=${CMAKE_PREFIX_PATH}:/home/duttaishan01/turtlebot3_ws/install/turtlebot3_teleop:/home/duttaishan01/turtlebot3_ws/install/turtlebot3_example:/home/duttaishan01/turtlebot3_ws/install/lab2:/opt/ros/humble /usr/bin/cmake /home/duttaishan01/robotics_course/enae450/turtlebot3_ws/src/turtlebot3_msgs -DCMAKE_INSTALL_PREFIX=/home/duttaishan01/robotics_course/enae450/turtlebot3_ws/install/turtlebot3_msgs
[14.567s] Invoking command in '/home/duttaishan01/robotics_course/enae450/turtlebot3_ws/build/turtlebot3_msgs': CMAKE_PREFIX_PATH=${CMAKE_PREFIX_PATH}:/home/duttaishan01/turtlebot3_ws/install/turtlebot3_teleop:/home/duttaishan01/turtlebot3_ws/install/turtlebot3_example:/home/duttaishan01/turtlebot3_ws/install/lab2:/opt/ros/humble /usr/bin/cmake --build /home/duttaishan01/robotics_course/enae450/turtlebot3_ws/build/turtlebot3_msgs -- -j4 -l4
[14.825s] [  1%] [34m[1mGenerating C code for ROS interfaces[0m
[14.945s] [  2%] [34m[1mGenerating C++ code for ROS interfaces[0m
[15.039s] [  2%] Built target ament_cmake_python_copy_turtlebot3_msgs
[17.578s] running egg_info
[17.578s] creating turtlebot3_msgs.egg-info
[17.578s] writing turtlebot3_msgs.egg-info/PKG-INFO
[17.578s] writing dependency_links to turtlebot3_msgs.egg-info/dependency_links.txt
[17.579s] writing top-level names to turtlebot3_msgs.egg-info/top_level.txt
[17.579s] writing manifest file 'turtlebot3_msgs.egg-info/SOURCES.txt'
[17.601s] reading manifest file 'turtlebot3_msgs.egg-info/SOURCES.txt'
[17.601s] writing manifest file 'turtlebot3_msgs.egg-info/SOURCES.txt'
[17.855s] [  2%] Built target ament_cmake_python_build_turtlebot3_msgs_egg
[22.220s] [  2%] Built target turtlebot3_msgs__cpp
[22.455s] [  4%] [34m[1mGenerating C++ type support dispatch for ROS interfaces[0m
[22.519s] [  5%] [34m[1mGenerating C++ type support for eProsima Fast-RTPS[0m
[22.600s] [  7%] [34m[1mGenerating C++ introspection for ROS interfaces[0m
[23.913s] [  8%] [32mBuilding C object CMakeFiles/turtlebot3_msgs__rosidl_generator_c.dir/rosidl_generator_c/turtlebot3_msgs/msg/detail/sensor_state__functions.c.o[0m
[24.502s] [  9%] [32mBuilding C object CMakeFiles/turtlebot3_msgs__rosidl_generator_c.dir/rosidl_generator_c/turtlebot3_msgs/msg/detail/sound__functions.c.o[0m
[24.705s] [ 11%] [32mBuilding C object CMakeFiles/turtlebot3_msgs__rosidl_generator_c.dir/rosidl_generator_c/turtlebot3_msgs/msg/detail/version_info__functions.c.o[0m
[25.101s] [ 12%] [32mBuilding C object CMakeFiles/turtlebot3_msgs__rosidl_generator_c.dir/rosidl_generator_c/turtlebot3_msgs/srv/detail/sound__functions.c.o[0m
[25.558s] [ 14%] [32mBuilding C object CMakeFiles/turtlebot3_msgs__rosidl_generator_c.dir/rosidl_generator_c/turtlebot3_msgs/srv/detail/dqn__functions.c.o[0m
[25.993s] [ 15%] [32mBuilding C object CMakeFiles/turtlebot3_msgs__rosidl_generator_c.dir/rosidl_generator_c/turtlebot3_msgs/action/detail/patrol__functions.c.o[0m
[26.735s] [ 16%] [32m[1mLinking C shared library libturtlebot3_msgs__rosidl_generator_c.so[0m
[27.064s] [ 16%] Built target turtlebot3_msgs__rosidl_generator_c
[27.130s] [ 18%] [34m[1mGenerating C type support for eProsima Fast-RTPS[0m
[27.562s] [ 19%] [32mBuilding CXX object CMakeFiles/turtlebot3_msgs__rosidl_typesupport_cpp.dir/rosidl_typesupport_cpp/turtlebot3_msgs/msg/sensor_state__type_support.cpp.o[0m
[27.975s] [ 21%] [32mBuilding CXX object CMakeFiles/turtlebot3_msgs__rosidl_typesupport_introspection_cpp.dir/rosidl_typesupport_introspection_cpp/turtlebot3_msgs/msg/detail/sensor_state__type_support.cpp.o[0m
[28.243s] [ 22%] [32mBuilding CXX object CMakeFiles/turtlebot3_msgs__rosidl_typesupport_fastrtps_cpp.dir/rosidl_typesupport_fastrtps_cpp/turtlebot3_msgs/msg/detail/dds_fastrtps/sensor_state__type_support.cpp.o[0m
[28.794s] [ 23%] [32mBuilding CXX object CMakeFiles/turtlebot3_msgs__rosidl_typesupport_cpp.dir/rosidl_typesupport_cpp/turtlebot3_msgs/msg/sound__type_support.cpp.o[0m
[29.862s] [ 25%] [32mBuilding CXX object CMakeFiles/turtlebot3_msgs__rosidl_typesupport_fastrtps_cpp.dir/rosidl_typesupport_fastrtps_cpp/turtlebot3_msgs/msg/detail/dds_fastrtps/sound__type_support.cpp.o[0m
[29.891s] [ 26%] [32mBuilding CXX object CMakeFiles/turtlebot3_msgs__rosidl_typesupport_introspection_cpp.dir/rosidl_typesupport_introspection_cpp/turtlebot3_msgs/msg/detail/sound__type_support.cpp.o[0m
[30.065s] [ 28%] [32mBuilding CXX object CMakeFiles/turtlebot3_msgs__rosidl_typesupport_cpp.dir/rosidl_typesupport_cpp/turtlebot3_msgs/msg/version_info__type_support.cpp.o[0m
[31.337s] [ 29%] [32mBuilding CXX object CMakeFiles/turtlebot3_msgs__rosidl_typesupport_cpp.dir/rosidl_typesupport_cpp/turtlebot3_msgs/srv/sound__type_support.cpp.o[0m
[31.521s] [ 30%] [32mBuilding CXX object CMakeFiles/turtlebot3_msgs__rosidl_typesupport_fastrtps_c.dir/rosidl_typesupport_fastrtps_c/turtlebot3_msgs/msg/detail/sensor_state__type_support_c.cpp.o[0m
[31.740s] [ 32%] [32mBuilding CXX object CMakeFiles/turtlebot3_msgs__rosidl_typesupport_introspection_cpp.dir/rosidl_typesupport_introspection_cpp/turtlebot3_msgs/msg/detail/version_info__type_support.cpp.o[0m
[31.932s] [ 33%] [32mBuilding CXX object CMakeFiles/turtlebot3_msgs__rosidl_typesupport_fastrtps_cpp.dir/rosidl_typesupport_fastrtps_cpp/turtlebot3_msgs/msg/detail/dds_fastrtps/version_info__type_support.cpp.o[0m
[32.795s] [ 35%] [32mBuilding CXX object CMakeFiles/turtlebot3_msgs__rosidl_typesupport_cpp.dir/rosidl_typesupport_cpp/turtlebot3_msgs/srv/dqn__type_support.cpp.o[0m
[33.403s] [ 36%] [32mBuilding CXX object CMakeFiles/turtlebot3_msgs__rosidl_typesupport_fastrtps_c.dir/rosidl_typesupport_fastrtps_c/turtlebot3_msgs/msg/detail/sound__type_support_c.cpp.o[0m
[33.576s] [ 38%] [32mBuilding CXX object CMakeFiles/turtlebot3_msgs__rosidl_typesupport_introspection_cpp.dir/rosidl_typesupport_introspection_cpp/turtlebot3_msgs/srv/detail/sound__type_support.cpp.o[0m
[33.823s] [ 39%] [32mBuilding CXX object CMakeFiles/turtlebot3_msgs__rosidl_typesupport_fastrtps_cpp.dir/rosidl_typesupport_fastrtps_cpp/turtlebot3_msgs/srv/detail/dds_fastrtps/sound__type_support.cpp.o[0m
[33.941s] [ 40%] [32mBuilding CXX object CMakeFiles/turtlebot3_msgs__rosidl_typesupport_cpp.dir/rosidl_typesupport_cpp/turtlebot3_msgs/action/patrol__type_support.cpp.o[0m
[34.895s] [ 42%] [32mBuilding CXX object CMakeFiles/turtlebot3_msgs__rosidl_typesupport_fastrtps_c.dir/rosidl_typesupport_fastrtps_c/turtlebot3_msgs/msg/detail/version_info__type_support_c.cpp.o[0m
[35.114s] [ 43%] [32mBuilding CXX object CMakeFiles/turtlebot3_msgs__rosidl_typesupport_introspection_cpp.dir/rosidl_typesupport_introspection_cpp/turtlebot3_msgs/srv/detail/dqn__type_support.cpp.o[0m
[35.590s] [ 45%] [32mBuilding CXX object CMakeFiles/turtlebot3_msgs__rosidl_typesupport_fastrtps_cpp.dir/rosidl_typesupport_fastrtps_cpp/turtlebot3_msgs/srv/detail/dds_fastrtps/dqn__type_support.cpp.o[0m
[36.297s] [ 46%] [32mBuilding CXX object CMakeFiles/turtlebot3_msgs__rosidl_typesupport_fastrtps_c.dir/rosidl_typesupport_fastrtps_c/turtlebot3_msgs/srv/detail/sound__type_support_c.cpp.o[0m
[36.298s] [ 47%] [32m[1mLinking CXX shared library libturtlebot3_msgs__rosidl_typesupport_cpp.so[0m
[36.641s] [ 47%] Built target turtlebot3_msgs__rosidl_typesupport_cpp
[37.095s] [ 49%] [32mBuilding CXX object CMakeFiles/turtlebot3_msgs__rosidl_typesupport_introspection_cpp.dir/rosidl_typesupport_introspection_cpp/turtlebot3_msgs/action/detail/patrol__type_support.cpp.o[0m
[37.613s] [ 50%] [32mBuilding CXX object CMakeFiles/turtlebot3_msgs__rosidl_typesupport_fastrtps_cpp.dir/rosidl_typesupport_fastrtps_cpp/turtlebot3_msgs/action/detail/dds_fastrtps/patrol__type_support.cpp.o[0m
[37.889s] [ 52%] [32mBuilding CXX object CMakeFiles/turtlebot3_msgs__rosidl_typesupport_fastrtps_c.dir/rosidl_typesupport_fastrtps_c/turtlebot3_msgs/srv/detail/dqn__type_support_c.cpp.o[0m
[39.225s] [ 53%] [32mBuilding CXX object CMakeFiles/turtlebot3_msgs__rosidl_typesupport_fastrtps_c.dir/rosidl_typesupport_fastrtps_c/turtlebot3_msgs/action/detail/patrol__type_support_c.cpp.o[0m
[39.418s] [ 54%] [32m[1mLinking CXX shared library libturtlebot3_msgs__rosidl_typesupport_introspection_cpp.so[0m
[39.808s] [ 56%] [32m[1mLinking CXX shared library libturtlebot3_msgs__rosidl_typesupport_fastrtps_cpp.so[0m
[39.883s] [ 56%] Built target turtlebot3_msgs__rosidl_typesupport_introspection_cpp
[40.134s] [ 56%] Built target turtlebot3_msgs__rosidl_typesupport_fastrtps_cpp
[40.586s] [ 57%] [32m[1mLinking CXX shared library libturtlebot3_msgs__rosidl_typesupport_fastrtps_c.so[0m
[40.887s] [ 57%] Built target turtlebot3_msgs__rosidl_typesupport_fastrtps_c
[40.928s] [ 59%] [34m[1mGenerating C type support dispatch for ROS interfaces[0m
[42.923s] [ 60%] [32mBuilding CXX object CMakeFiles/turtlebot3_msgs__rosidl_typesupport_c.dir/rosidl_typesupport_c/turtlebot3_msgs/msg/sensor_state__type_support.cpp.o[0m
[43.044s] [ 61%] [32mBuilding CXX object CMakeFiles/turtlebot3_msgs__rosidl_typesupport_c.dir/rosidl_typesupport_c/turtlebot3_msgs/msg/version_info__type_support.cpp.o[0m
[43.158s] [ 63%] [32mBuilding CXX object CMakeFiles/turtlebot3_msgs__rosidl_typesupport_c.dir/rosidl_typesupport_c/turtlebot3_msgs/srv/sound__type_support.cpp.o[0m
[43.284s] [ 64%] [32mBuilding CXX object CMakeFiles/turtlebot3_msgs__rosidl_typesupport_c.dir/rosidl_typesupport_c/turtlebot3_msgs/srv/dqn__type_support.cpp.o[0m
[43.404s] [ 66%] [32mBuilding CXX object CMakeFiles/turtlebot3_msgs__rosidl_typesupport_c.dir/rosidl_typesupport_c/turtlebot3_msgs/action/patrol__type_support.cpp.o[0m
[43.594s] [ 67%] [32mBuilding CXX object CMakeFiles/turtlebot3_msgs__rosidl_typesupport_c.dir/rosidl_typesupport_c/turtlebot3_msgs/msg/sound__type_support.cpp.o[0m
[43.706s] [ 69%] [32m[1mLinking CXX shared library libturtlebot3_msgs__rosidl_typesupport_c.so[0m
[43.897s] [ 69%] Built target turtlebot3_msgs__rosidl_typesupport_c
[43.944s] [ 70%] [34m[1mGenerating C introspection for ROS interfaces[0m
[46.587s] [ 71%] [32mBuilding C object CMakeFiles/turtlebot3_msgs__rosidl_typesupport_introspection_c.dir/rosidl_typesupport_introspection_c/turtlebot3_msgs/msg/detail/sensor_state__type_support.c.o[0m
[46.593s] [ 73%] [32mBuilding C object CMakeFiles/turtlebot3_msgs__rosidl_typesupport_introspection_c.dir/rosidl_typesupport_introspection_c/turtlebot3_msgs/msg/detail/sound__type_support.c.o[0m
[46.733s] [ 74%] [32mBuilding C object CMakeFiles/turtlebot3_msgs__rosidl_typesupport_introspection_c.dir/rosidl_typesupport_introspection_c/turtlebot3_msgs/srv/detail/sound__type_support.c.o[0m
[46.736s] [ 76%] [32mBuilding C object CMakeFiles/turtlebot3_msgs__rosidl_typesupport_introspection_c.dir/rosidl_typesupport_introspection_c/turtlebot3_msgs/srv/detail/dqn__type_support.c.o[0m
[46.882s] [ 77%] [32mBuilding C object CMakeFiles/turtlebot3_msgs__rosidl_typesupport_introspection_c.dir/rosidl_typesupport_introspection_c/turtlebot3_msgs/action/detail/patrol__type_support.c.o[0m
[46.884s] [ 78%] [32mBuilding C object CMakeFiles/turtlebot3_msgs__rosidl_typesupport_introspection_c.dir/rosidl_typesupport_introspection_c/turtlebot3_msgs/msg/detail/version_info__type_support.c.o[0m
[47.096s] [ 80%] [32m[1mLinking C shared library libturtlebot3_msgs__rosidl_typesupport_introspection_c.so[0m
[47.266s] [ 80%] Built target turtlebot3_msgs__rosidl_typesupport_introspection_c
[47.373s] [ 80%] Built target turtlebot3_msgs
[47.460s] [ 81%] [34m[1mGenerating Python code for ROS interfaces[0m
[52.618s] [ 81%] Built target turtlebot3_msgs__py
[52.715s] [ 83%] [32mBuilding C object CMakeFiles/turtlebot3_msgs__rosidl_generator_py.dir/rosidl_generator_py/turtlebot3_msgs/msg/_sound_s.c.o[0m
[52.715s] [ 84%] [32mBuilding C object CMakeFiles/turtlebot3_msgs__rosidl_generator_py.dir/rosidl_generator_py/turtlebot3_msgs/msg/_sensor_state_s.c.o[0m
[52.715s] [ 85%] [32mBuilding C object CMakeFiles/turtlebot3_msgs__rosidl_generator_py.dir/rosidl_generator_py/turtlebot3_msgs/msg/_version_info_s.c.o[0m
[53.186s] [ 87%] [32mBuilding C object CMakeFiles/turtlebot3_msgs__rosidl_generator_py.dir/rosidl_generator_py/turtlebot3_msgs/srv/_sound_s.c.o[0m
[53.351s] [ 88%] [32mBuilding C object CMakeFiles/turtlebot3_msgs__rosidl_generator_py.dir/rosidl_generator_py/turtlebot3_msgs/srv/_dqn_s.c.o[0m
[53.374s] [ 90%] [32mBuilding C object CMakeFiles/turtlebot3_msgs__rosidl_generator_py.dir/rosidl_generator_py/turtlebot3_msgs/action/_patrol_s.c.o[0m
[53.898s] [ 91%] [32m[1mLinking C shared library rosidl_generator_py/turtlebot3_msgs/libturtlebot3_msgs__rosidl_generator_py.so[0m
[54.096s] [ 91%] Built target turtlebot3_msgs__rosidl_generator_py
[54.197s] [ 92%] [32mBuilding C object CMakeFiles/turtlebot3_msgs__rosidl_typesupport_fastrtps_c__pyext.dir/rosidl_generator_py/turtlebot3_msgs/_turtlebot3_msgs_s.ep.rosidl_typesupport_fastrtps_c.c.o[0m
[54.204s] [ 94%] [32mBuilding C object CMakeFiles/turtlebot3_msgs__rosidl_typesupport_introspection_c__pyext.dir/rosidl_generator_py/turtlebot3_msgs/_turtlebot3_msgs_s.ep.rosidl_typesupport_introspection_c.c.o[0m
[54.206s] [ 95%] [32mBuilding C object CMakeFiles/turtlebot3_msgs__rosidl_typesupport_c__pyext.dir/rosidl_generator_py/turtlebot3_msgs/_turtlebot3_msgs_s.ep.rosidl_typesupport_c.c.o[0m
[54.763s] [ 97%] [32m[1mLinking C shared library rosidl_generator_py/turtlebot3_msgs/turtlebot3_msgs_s__rosidl_typesupport_fastrtps_c.cpython-310-x86_64-linux-gnu.so[0m
[54.788s] [ 98%] [32m[1mLinking C shared library rosidl_generator_py/turtlebot3_msgs/turtlebot3_msgs_s__rosidl_typesupport_c.cpython-310-x86_64-linux-gnu.so[0m
[54.833s] [100%] [32m[1mLinking C shared library rosidl_generator_py/turtlebot3_msgs/turtlebot3_msgs_s__rosidl_typesupport_introspection_c.cpython-310-x86_64-linux-gnu.so[0m
[54.941s] [100%] Built target turtlebot3_msgs__rosidl_typesupport_fastrtps_c__pyext
[54.964s] [100%] Built target turtlebot3_msgs__rosidl_typesupport_c__pyext
[55.157s] [100%] Built target turtlebot3_msgs__rosidl_typesupport_introspection_c__pyext
[55.213s] Invoked command in '/home/duttaishan01/robotics_course/enae450/turtlebot3_ws/build/turtlebot3_msgs' returned '0': CMAKE_PREFIX_PATH=${CMAKE_PREFIX_PATH}:/home/duttaishan01/turtlebot3_ws/install/turtlebot3_teleop:/home/duttaishan01/turtlebot3_ws/install/turtlebot3_example:/home/duttaishan01/turtlebot3_ws/install/lab2:/opt/ros/humble /usr/bin/cmake --build /home/duttaishan01/robotics_course/enae450/turtlebot3_ws/build/turtlebot3_msgs -- -j4 -l4
[55.216s] Invoking command in '/home/duttaishan01/robotics_course/enae450/turtlebot3_ws/build/turtlebot3_msgs': CMAKE_PREFIX_PATH=${CMAKE_PREFIX_PATH}:/home/duttaishan01/turtlebot3_ws/install/turtlebot3_teleop:/home/duttaishan01/turtlebot3_ws/install/turtlebot3_example:/home/duttaishan01/turtlebot3_ws/install/lab2:/opt/ros/humble /usr/bin/cmake --install /home/duttaishan01/robotics_course/enae450/turtlebot3_ws/build/turtlebot3_msgs
[55.240s] -- Install configuration: ""
[55.241s] -- Installing: /home/duttaishan01/robotics_course/enae450/turtlebot3_ws/install/turtlebot3_msgs/share/ament_index/resource_index/rosidl_interfaces/turtlebot3_msgs
[55.242s] -- Installing: /home/duttaishan01/robotics_course/enae450/turtlebot3_ws/install/turtlebot3_msgs/include/turtlebot3_msgs/turtlebot3_msgs
[55.243s] -- Installing: /home/duttaishan01/robotics_course/enae450/turtlebot3_ws/install/turtlebot3_msgs/include/turtlebot3_msgs/turtlebot3_msgs/action
[55.243s] -- Installing: /home/duttaishan01/robotics_course/enae450/turtlebot3_ws/install/turtlebot3_msgs/include/turtlebot3_msgs/turtlebot3_msgs/action/patrol.h
[55.244s] -- Installing: /home/duttaishan01/robotics_course/enae450/turtlebot3_ws/install/turtlebot3_msgs/include/turtlebot3_msgs/turtlebot3_msgs/action/detail
[55.244s] -- Installing: /home/duttaishan01/robotics_course/enae450/turtlebot3_ws/install/turtlebot3_msgs/include/turtlebot3_msgs/turtlebot3_msgs/action/detail/patrol__functions.h
[55.246s] -- Installing: /home/duttaishan01/robotics_course/enae450/turtlebot3_ws/install/turtlebot3_msgs/include/turtlebot3_msgs/turtlebot3_msgs/action/detail/patrol__functions.c
[55.247s] -- Installing: /home/duttaishan01/robotics_course/enae450/turtlebot3_ws/install/turtlebot3_msgs/include/turtlebot3_msgs/turtlebot3_msgs/action/detail/patrol__type_support.h
[55.248s] -- Installing: /home/duttaishan01/robotics_course/enae450/turtlebot3_ws/install/turtlebot3_msgs/include/turtlebot3_msgs/turtlebot3_msgs/action/detail/patrol__struct.h
[55.249s] -- Installing: /home/duttaishan01/robotics_course/enae450/turtlebot3_ws/install/turtlebot3_msgs/include/turtlebot3_msgs/turtlebot3_msgs/msg
[55.249s] -- Installing: /home/duttaishan01/robotics_course/enae450/turtlebot3_ws/install/turtlebot3_msgs/include/turtlebot3_msgs/turtlebot3_msgs/msg/detail
[55.250s] -- Installing: /home/duttaishan01/robotics_course/enae450/turtlebot3_ws/install/turtlebot3_msgs/include/turtlebot3_msgs/turtlebot3_msgs/msg/detail/sound__functions.c
[55.250s] -- Installing: /home/duttaishan01/robotics_course/enae450/turtlebot3_ws/install/turtlebot3_msgs/include/turtlebot3_msgs/turtlebot3_msgs/msg/detail/sensor_state__functions.c
[55.251s] -- Installing: /home/duttaishan01/robotics_course/enae450/turtlebot3_ws/install/turtlebot3_msgs/include/turtlebot3_msgs/turtlebot3_msgs/msg/detail/version_info__struct.h
[55.252s] -- Installing: /home/duttaishan01/robotics_course/enae450/turtlebot3_ws/install/turtlebot3_msgs/include/turtlebot3_msgs/turtlebot3_msgs/msg/detail/sound__type_support.h
[55.253s] -- Installing: /home/duttaishan01/robotics_course/enae450/turtlebot3_ws/install/turtlebot3_msgs/include/turtlebot3_msgs/turtlebot3_msgs/msg/detail/version_info__functions.h
[55.254s] -- Installing: /home/duttaishan01/robotics_course/enae450/turtlebot3_ws/install/turtlebot3_msgs/include/turtlebot3_msgs/turtlebot3_msgs/msg/detail/sensor_state__functions.h
[55.255s] -- Installing: /home/duttaishan01/robotics_course/enae450/turtlebot3_ws/install/turtlebot3_msgs/include/turtlebot3_msgs/turtlebot3_msgs/msg/detail/sensor_state__type_support.h
[55.256s] -- Installing: /home/duttaishan01/robotics_course/enae450/turtlebot3_ws/install/turtlebot3_msgs/include/turtlebot3_msgs/turtlebot3_msgs/msg/detail/version_info__type_support.h
[55.257s] -- Installing: /home/duttaishan01/robotics_course/enae450/turtlebot3_ws/install/turtlebot3_msgs/include/turtlebot3_msgs/turtlebot3_msgs/msg/detail/version_info__functions.c
[55.259s] -- Installing: /home/duttaishan01/robotics_course/enae450/turtlebot3_ws/install/turtlebot3_msgs/include/turtlebot3_msgs/turtlebot3_msgs/msg/detail/sound__struct.h
[55.259s] -- Installing: /home/duttaishan01/robotics_course/enae450/turtlebot3_ws/install/turtlebot3_msgs/include/turtlebot3_msgs/turtlebot3_msgs/msg/detail/sensor_state__struct.h
[55.259s] -- Installing: /home/duttaishan01/robotics_course/enae450/turtlebot3_ws/install/turtlebot3_msgs/include/turtlebot3_msgs/turtlebot3_msgs/msg/detail/sound__functions.h
[55.259s] -- Installing: /home/duttaishan01/robotics_course/enae450/turtlebot3_ws/install/turtlebot3_msgs/include/turtlebot3_msgs/turtlebot3_msgs/msg/rosidl_generator_c__visibility_control.h
[55.260s] -- Installing: /home/duttaishan01/robotics_course/enae450/turtlebot3_ws/install/turtlebot3_msgs/include/turtlebot3_msgs/turtlebot3_msgs/msg/sensor_state.h
[55.261s] -- Installing: /home/duttaishan01/robotics_course/enae450/turtlebot3_ws/install/turtlebot3_msgs/include/turtlebot3_msgs/turtlebot3_msgs/msg/version_info.h
[55.261s] -- Installing: /home/duttaishan01/robotics_course/enae450/turtlebot3_ws/install/turtlebot3_msgs/include/turtlebot3_msgs/turtlebot3_msgs/msg/sound.h
[55.262s] -- Installing: /home/duttaishan01/robotics_course/enae450/turtlebot3_ws/install/turtlebot3_msgs/include/turtlebot3_msgs/turtlebot3_msgs/srv
[55.262s] -- Installing: /home/duttaishan01/robotics_course/enae450/turtlebot3_ws/install/turtlebot3_msgs/include/turtlebot3_msgs/turtlebot3_msgs/srv/detail
[55.262s] -- Installing: /home/duttaishan01/robotics_course/enae450/turtlebot3_ws/install/turtlebot3_msgs/include/turtlebot3_msgs/turtlebot3_msgs/srv/detail/sound__functions.c
[55.262s] -- Installing: /home/duttaishan01/robotics_course/enae450/turtlebot3_ws/install/turtlebot3_msgs/include/turtlebot3_msgs/turtlebot3_msgs/srv/detail/sound__type_support.h
[55.264s] -- Installing: /home/duttaishan01/robotics_course/enae450/turtlebot3_ws/install/turtlebot3_msgs/include/turtlebot3_msgs/turtlebot3_msgs/srv/detail/dqn__functions.h
[55.264s] -- Installing: /home/duttaishan01/robotics_course/enae450/turtlebot3_ws/install/turtlebot3_msgs/include/turtlebot3_msgs/turtlebot3_msgs/srv/detail/dqn__struct.h
[55.264s] -- Installing: /home/duttaishan01/robotics_course/enae450/turtlebot3_ws/install/turtlebot3_msgs/include/turtlebot3_msgs/turtlebot3_msgs/srv/detail/dqn__functions.c
[55.264s] -- Installing: /home/duttaishan01/robotics_course/enae450/turtlebot3_ws/install/turtlebot3_msgs/include/turtlebot3_msgs/turtlebot3_msgs/srv/detail/sound__struct.h
[55.265s] -- Installing: /home/duttaishan01/robotics_course/enae450/turtlebot3_ws/install/turtlebot3_msgs/include/turtlebot3_msgs/turtlebot3_msgs/srv/detail/sound__functions.h
[55.266s] -- Installing: /home/duttaishan01/robotics_course/enae450/turtlebot3_ws/install/turtlebot3_msgs/include/turtlebot3_msgs/turtlebot3_msgs/srv/detail/dqn__type_support.h
[55.266s] -- Installing: /home/duttaishan01/robotics_course/enae450/turtlebot3_ws/install/turtlebot3_msgs/include/turtlebot3_msgs/turtlebot3_msgs/srv/sound.h
[55.266s] -- Installing: /home/duttaishan01/robotics_course/enae450/turtlebot3_ws/install/turtlebot3_msgs/include/turtlebot3_msgs/turtlebot3_msgs/srv/dqn.h
[55.268s] -- Installing: /home/duttaishan01/robotics_course/enae450/turtlebot3_ws/install/turtlebot3_msgs/share/turtlebot3_msgs/environment/library_path.sh
[55.268s] -- Installing: /home/duttaishan01/robotics_course/enae450/turtlebot3_ws/install/turtlebot3_msgs/share/turtlebot3_msgs/environment/library_path.dsv
[55.268s] -- Installing: /home/duttaishan01/robotics_course/enae450/turtlebot3_ws/install/turtlebot3_msgs/lib/libturtlebot3_msgs__rosidl_generator_c.so
[55.270s] -- Set runtime path of "/home/duttaishan01/robotics_course/enae450/turtlebot3_ws/install/turtlebot3_msgs/lib/libturtlebot3_msgs__rosidl_generator_c.so" to ""
[55.271s] -- Up-to-date: /home/duttaishan01/robotics_course/enae450/turtlebot3_ws/install/turtlebot3_msgs/include/turtlebot3_msgs/turtlebot3_msgs
[55.272s] -- Up-to-date: /home/duttaishan01/robotics_course/enae450/turtlebot3_ws/install/turtlebot3_msgs/include/turtlebot3_msgs/turtlebot3_msgs/action
[55.272s] -- Up-to-date: /home/duttaishan01/robotics_course/enae450/turtlebot3_ws/install/turtlebot3_msgs/include/turtlebot3_msgs/turtlebot3_msgs/action/detail
[55.273s] -- Installing: /home/duttaishan01/robotics_course/enae450/turtlebot3_ws/install/turtlebot3_msgs/include/turtlebot3_msgs/turtlebot3_msgs/action/detail/patrol__rosidl_typesupport_fastrtps_c.h
[55.273s] -- Up-to-date: /home/duttaishan01/robotics_course/enae450/turtlebot3_ws/install/turtlebot3_msgs/include/turtlebot3_msgs/turtlebot3_msgs/msg
[55.274s] -- Installing: /home/duttaishan01/robotics_course/enae450/turtlebot3_ws/install/turtlebot3_msgs/include/turtlebot3_msgs/turtlebot3_msgs/msg/rosidl_typesupport_fastrtps_c__visibility_control.h
[55.275s] -- Up-to-date: /home/duttaishan01/robotics_course/enae450/turtlebot3_ws/install/turtlebot3_msgs/include/turtlebot3_msgs/turtlebot3_msgs/msg/detail
[55.275s] -- Installing: /home/duttaishan01/robotics_course/enae450/turtlebot3_ws/install/turtlebot3_msgs/include/turtlebot3_msgs/turtlebot3_msgs/msg/detail/sensor_state__rosidl_typesupport_fastrtps_c.h
[55.280s] -- Installing: /home/duttaishan01/robotics_course/enae450/turtlebot3_ws/install/turtlebot3_msgs/include/turtlebot3_msgs/turtlebot3_msgs/msg/detail/sound__rosidl_typesupport_fastrtps_c.h
[55.281s] -- Installing: /home/duttaishan01/robotics_course/enae450/turtlebot3_ws/install/turtlebot3_msgs/include/turtlebot3_msgs/turtlebot3_msgs/msg/detail/version_info__rosidl_typesupport_fastrtps_c.h
[55.281s] -- Up-to-date: /home/duttaishan01/robotics_course/enae450/turtlebot3_ws/install/turtlebot3_msgs/include/turtlebot3_msgs/turtlebot3_msgs/srv
[55.281s] -- Up-to-date: /home/duttaishan01/robotics_course/enae450/turtlebot3_ws/install/turtlebot3_msgs/include/turtlebot3_msgs/turtlebot3_msgs/srv/detail
[55.282s] -- Installing: /home/duttaishan01/robotics_course/enae450/turtlebot3_ws/install/turtlebot3_msgs/include/turtlebot3_msgs/turtlebot3_msgs/srv/detail/sound__rosidl_typesupport_fastrtps_c.h
[55.282s] -- Installing: /home/duttaishan01/robotics_course/enae450/turtlebot3_ws/install/turtlebot3_msgs/include/turtlebot3_msgs/turtlebot3_msgs/srv/detail/dqn__rosidl_typesupport_fastrtps_c.h
[55.282s] -- Installing: /home/duttaishan01/robotics_course/enae450/turtlebot3_ws/install/turtlebot3_msgs/lib/libturtlebot3_msgs__rosidl_typesupport_fastrtps_c.so
[55.283s] -- Set runtime path of "/home/duttaishan01/robotics_course/enae450/turtlebot3_ws/install/turtlebot3_msgs/lib/libturtlebot3_msgs__rosidl_typesupport_fastrtps_c.so" to ""
[55.283s] -- Up-to-date: /home/duttaishan01/robotics_course/enae450/turtlebot3_ws/install/turtlebot3_msgs/include/turtlebot3_msgs/turtlebot3_msgs
[55.284s] -- Up-to-date: /home/duttaishan01/robotics_course/enae450/turtlebot3_ws/install/turtlebot3_msgs/include/turtlebot3_msgs/turtlebot3_msgs/action
[55.284s] -- Up-to-date: /home/duttaishan01/robotics_course/enae450/turtlebot3_ws/install/turtlebot3_msgs/include/turtlebot3_msgs/turtlebot3_msgs/action/detail
[55.284s] -- Installing: /home/duttaishan01/robotics_course/enae450/turtlebot3_ws/install/turtlebot3_msgs/include/turtlebot3_msgs/turtlebot3_msgs/action/detail/patrol__builder.hpp
[55.284s] -- Installing: /home/duttaishan01/robotics_course/enae450/turtlebot3_ws/install/turtlebot3_msgs/include/turtlebot3_msgs/turtlebot3_msgs/action/detail/patrol__struct.hpp
[55.285s] -- Installing: /home/duttaishan01/robotics_course/enae450/turtlebot3_ws/install/turtlebot3_msgs/include/turtlebot3_msgs/turtlebot3_msgs/action/detail/patrol__type_support.hpp
[55.285s] -- Installing: /home/duttaishan01/robotics_course/enae450/turtlebot3_ws/install/turtlebot3_msgs/include/turtlebot3_msgs/turtlebot3_msgs/action/detail/patrol__traits.hpp
[55.285s] -- Installing: /home/duttaishan01/robotics_course/enae450/turtlebot3_ws/install/turtlebot3_msgs/include/turtlebot3_msgs/turtlebot3_msgs/action/patrol.hpp
[55.285s] -- Up-to-date: /home/duttaishan01/robotics_course/enae450/turtlebot3_ws/install/turtlebot3_msgs/include/turtlebot3_msgs/turtlebot3_msgs/msg
[55.285s] -- Installing: /home/duttaishan01/robotics_course/enae450/turtlebot3_ws/install/turtlebot3_msgs/include/turtlebot3_msgs/turtlebot3_msgs/msg/sound.hpp
[55.292s] -- Installing: /home/duttaishan01/robotics_course/enae450/turtlebot3_ws/install/turtlebot3_msgs/include/turtlebot3_msgs/turtlebot3_msgs/msg/rosidl_generator_cpp__visibility_control.hpp
[55.293s] -- Up-to-date: /home/duttaishan01/robotics_course/enae450/turtlebot3_ws/install/turtlebot3_msgs/include/turtlebot3_msgs/turtlebot3_msgs/msg/detail
[55.294s] -- Installing: /home/duttaishan01/robotics_course/enae450/turtlebot3_ws/install/turtlebot3_msgs/include/turtlebot3_msgs/turtlebot3_msgs/msg/detail/sensor_state__traits.hpp
[55.295s] -- Installing: /home/duttaishan01/robotics_course/enae450/turtlebot3_ws/install/turtlebot3_msgs/include/turtlebot3_msgs/turtlebot3_msgs/msg/detail/version_info__type_support.hpp
[55.295s] -- Installing: /home/duttaishan01/robotics_course/enae450/turtlebot3_ws/install/turtlebot3_msgs/include/turtlebot3_msgs/turtlebot3_msgs/msg/detail/sensor_state__builder.hpp
[55.296s] -- Installing: /home/duttaishan01/robotics_course/enae450/turtlebot3_ws/install/turtlebot3_msgs/include/turtlebot3_msgs/turtlebot3_msgs/msg/detail/sound__struct.hpp
[55.296s] -- Installing: /home/duttaishan01/robotics_course/enae450/turtlebot3_ws/install/turtlebot3_msgs/include/turtlebot3_msgs/turtlebot3_msgs/msg/detail/sensor_state__struct.hpp
[55.297s] -- Installing: /home/duttaishan01/robotics_course/enae450/turtlebot3_ws/install/turtlebot3_msgs/include/turtlebot3_msgs/turtlebot3_msgs/msg/detail/sound__traits.hpp
[55.298s] -- Installing: /home/duttaishan01/robotics_course/enae450/turtlebot3_ws/install/turtlebot3_msgs/include/turtlebot3_msgs/turtlebot3_msgs/msg/detail/version_info__traits.hpp
[55.298s] -- Installing: /home/duttaishan01/robotics_course/enae450/turtlebot3_ws/install/turtlebot3_msgs/include/turtlebot3_msgs/turtlebot3_msgs/msg/detail/sound__type_support.hpp
[55.299s] -- Installing: /home/duttaishan01/robotics_course/enae450/turtlebot3_ws/install/turtlebot3_msgs/include/turtlebot3_msgs/turtlebot3_msgs/msg/detail/sensor_state__type_support.hpp
[55.300s] -- Installing: /home/duttaishan01/robotics_course/enae450/turtlebot3_ws/install/turtlebot3_msgs/include/turtlebot3_msgs/turtlebot3_msgs/msg/detail/version_info__struct.hpp
[55.300s] -- Installing: /home/duttaishan01/robotics_course/enae450/turtlebot3_ws/install/turtlebot3_msgs/include/turtlebot3_msgs/turtlebot3_msgs/msg/detail/version_info__builder.hpp
[55.301s] -- Installing: /home/duttaishan01/robotics_course/enae450/turtlebot3_ws/install/turtlebot3_msgs/include/turtlebot3_msgs/turtlebot3_msgs/msg/detail/sound__builder.hpp
[55.302s] -- Installing: /home/duttaishan01/robotics_course/enae450/turtlebot3_ws/install/turtlebot3_msgs/include/turtlebot3_msgs/turtlebot3_msgs/msg/version_info.hpp
[55.303s] -- Installing: /home/duttaishan01/robotics_course/enae450/turtlebot3_ws/install/turtlebot3_msgs/include/turtlebot3_msgs/turtlebot3_msgs/msg/sensor_state.hpp
[55.304s] -- Up-to-date: /home/duttaishan01/robotics_course/enae450/turtlebot3_ws/install/turtlebot3_msgs/include/turtlebot3_msgs/turtlebot3_msgs/srv
[55.306s] -- Installing: /home/duttaishan01/robotics_course/enae450/turtlebot3_ws/install/turtlebot3_msgs/include/turtlebot3_msgs/turtlebot3_msgs/srv/sound.hpp
[55.306s] -- Up-to-date: /home/duttaishan01/robotics_course/enae450/turtlebot3_ws/install/turtlebot3_msgs/include/turtlebot3_msgs/turtlebot3_msgs/srv/detail
[55.308s] -- Installing: /home/duttaishan01/robotics_course/enae450/turtlebot3_ws/install/turtlebot3_msgs/include/turtlebot3_msgs/turtlebot3_msgs/srv/detail/dqn__builder.hpp
[55.308s] -- Installing: /home/duttaishan01/robotics_course/enae450/turtlebot3_ws/install/turtlebot3_msgs/include/turtlebot3_msgs/turtlebot3_msgs/srv/detail/sound__struct.hpp
[55.309s] -- Installing: /home/duttaishan01/robotics_course/enae450/turtlebot3_ws/install/turtlebot3_msgs/include/turtlebot3_msgs/turtlebot3_msgs/srv/detail/sound__traits.hpp
[55.309s] -- Installing: /home/duttaishan01/robotics_course/enae450/turtlebot3_ws/install/turtlebot3_msgs/include/turtlebot3_msgs/turtlebot3_msgs/srv/detail/dqn__traits.hpp
[55.309s] -- Installing: /home/duttaishan01/robotics_course/enae450/turtlebot3_ws/install/turtlebot3_msgs/include/turtlebot3_msgs/turtlebot3_msgs/srv/detail/dqn__struct.hpp
[55.309s] -- Installing: /home/duttaishan01/robotics_course/enae450/turtlebot3_ws/install/turtlebot3_msgs/include/turtlebot3_msgs/turtlebot3_msgs/srv/detail/dqn__type_support.hpp
[55.310s] -- Installing: /home/duttaishan01/robotics_course/enae450/turtlebot3_ws/install/turtlebot3_msgs/include/turtlebot3_msgs/turtlebot3_msgs/srv/detail/sound__type_support.hpp
[55.311s] -- Installing: /home/duttaishan01/robotics_course/enae450/turtlebot3_ws/install/turtlebot3_msgs/include/turtlebot3_msgs/turtlebot3_msgs/srv/detail/sound__builder.hpp
[55.311s] -- Installing: /home/duttaishan01/robotics_course/enae450/turtlebot3_ws/install/turtlebot3_msgs/include/turtlebot3_msgs/turtlebot3_msgs/srv/dqn.hpp
[55.311s] -- Up-to-date: /home/duttaishan01/robotics_course/enae450/turtlebot3_ws/install/turtlebot3_msgs/include/turtlebot3_msgs/turtlebot3_msgs
[55.312s] -- Up-to-date: /home/duttaishan01/robotics_course/enae450/turtlebot3_ws/install/turtlebot3_msgs/include/turtlebot3_msgs/turtlebot3_msgs/action
[55.312s] -- Up-to-date: /home/duttaishan01/robotics_course/enae450/turtlebot3_ws/install/turtlebot3_msgs/include/turtlebot3_msgs/turtlebot3_msgs/action/detail
[55.313s] -- Installing: /home/duttaishan01/robotics_course/enae450/turtlebot3_ws/install/turtlebot3_msgs/include/turtlebot3_msgs/turtlebot3_msgs/action/detail/dds_fastrtps
[55.313s] -- Installing: /home/duttaishan01/robotics_course/enae450/turtlebot3_ws/install/turtlebot3_msgs/include/turtlebot3_msgs/turtlebot3_msgs/action/detail/patrol__rosidl_typesupport_fastrtps_cpp.hpp
[55.313s] -- Up-to-date: /home/duttaishan01/robotics_course/enae450/turtlebot3_ws/install/turtlebot3_msgs/include/turtlebot3_msgs/turtlebot3_msgs/msg
[55.314s] -- Installing: /home/duttaishan01/robotics_course/enae450/turtlebot3_ws/install/turtlebot3_msgs/include/turtlebot3_msgs/turtlebot3_msgs/msg/rosidl_typesupport_fastrtps_cpp__visibility_control.h
[55.314s] -- Up-to-date: /home/duttaishan01/robotics_course/enae450/turtlebot3_ws/install/turtlebot3_msgs/include/turtlebot3_msgs/turtlebot3_msgs/msg/detail
[55.314s] -- Installing: /home/duttaishan01/robotics_course/enae450/turtlebot3_ws/install/turtlebot3_msgs/include/turtlebot3_msgs/turtlebot3_msgs/msg/detail/sound__rosidl_typesupport_fastrtps_cpp.hpp
[55.315s] -- Installing: /home/duttaishan01/robotics_course/enae450/turtlebot3_ws/install/turtlebot3_msgs/include/turtlebot3_msgs/turtlebot3_msgs/msg/detail/version_info__rosidl_typesupport_fastrtps_cpp.hpp
[55.315s] -- Installing: /home/duttaishan01/robotics_course/enae450/turtlebot3_ws/install/turtlebot3_msgs/include/turtlebot3_msgs/turtlebot3_msgs/msg/detail/dds_fastrtps
[55.315s] -- Installing: /home/duttaishan01/robotics_course/enae450/turtlebot3_ws/install/turtlebot3_msgs/include/turtlebot3_msgs/turtlebot3_msgs/msg/detail/sensor_state__rosidl_typesupport_fastrtps_cpp.hpp
[55.315s] -- Up-to-date: /home/duttaishan01/robotics_course/enae450/turtlebot3_ws/install/turtlebot3_msgs/include/turtlebot3_msgs/turtlebot3_msgs/srv
[55.315s] -- Up-to-date: /home/duttaishan01/robotics_course/enae450/turtlebot3_ws/install/turtlebot3_msgs/include/turtlebot3_msgs/turtlebot3_msgs/srv/detail
[55.316s] -- Installing: /home/duttaishan01/robotics_course/enae450/turtlebot3_ws/install/turtlebot3_msgs/include/turtlebot3_msgs/turtlebot3_msgs/srv/detail/sound__rosidl_typesupport_fastrtps_cpp.hpp
[55.316s] -- Installing: /home/duttaishan01/robotics_course/enae450/turtlebot3_ws/install/turtlebot3_msgs/include/turtlebot3_msgs/turtlebot3_msgs/srv/detail/dds_fastrtps
[55.316s] -- Installing: /home/duttaishan01/robotics_course/enae450/turtlebot3_ws/install/turtlebot3_msgs/include/turtlebot3_msgs/turtlebot3_msgs/srv/detail/dqn__rosidl_typesupport_fastrtps_cpp.hpp
[55.316s] -- Installing: /home/duttaishan01/robotics_course/enae450/turtlebot3_ws/install/turtlebot3_msgs/lib/libturtlebot3_msgs__rosidl_typesupport_fastrtps_cpp.so
[55.316s] -- Set runtime path of "/home/duttaishan01/robotics_course/enae450/turtlebot3_ws/install/turtlebot3_msgs/lib/libturtlebot3_msgs__rosidl_typesupport_fastrtps_cpp.so" to ""
[55.316s] -- Up-to-date: /home/duttaishan01/robotics_course/enae450/turtlebot3_ws/install/turtlebot3_msgs/include/turtlebot3_msgs/turtlebot3_msgs
[55.316s] -- Up-to-date: /home/duttaishan01/robotics_course/enae450/turtlebot3_ws/install/turtlebot3_msgs/include/turtlebot3_msgs/turtlebot3_msgs/action
[55.317s] -- Up-to-date: /home/duttaishan01/robotics_course/enae450/turtlebot3_ws/install/turtlebot3_msgs/include/turtlebot3_msgs/turtlebot3_msgs/action/detail
[55.318s] -- Installing: /home/duttaishan01/robotics_course/enae450/turtlebot3_ws/install/turtlebot3_msgs/include/turtlebot3_msgs/turtlebot3_msgs/action/detail/patrol__type_support.c
[55.318s] -- Installing: /home/duttaishan01/robotics_course/enae450/turtlebot3_ws/install/turtlebot3_msgs/include/turtlebot3_msgs/turtlebot3_msgs/action/detail/patrol__rosidl_typesupport_introspection_c.h
[55.319s] -- Up-to-date: /home/duttaishan01/robotics_course/enae450/turtlebot3_ws/install/turtlebot3_msgs/include/turtlebot3_msgs/turtlebot3_msgs/msg
[55.319s] -- Installing: /home/duttaishan01/robotics_course/enae450/turtlebot3_ws/install/turtlebot3_msgs/include/turtlebot3_msgs/turtlebot3_msgs/msg/rosidl_typesupport_introspection_c__visibility_control.h
[55.320s] -- Up-to-date: /home/duttaishan01/robotics_course/enae450/turtlebot3_ws/install/turtlebot3_msgs/include/turtlebot3_msgs/turtlebot3_msgs/msg/detail
[55.320s] -- Installing: /home/duttaishan01/robotics_course/enae450/turtlebot3_ws/install/turtlebot3_msgs/include/turtlebot3_msgs/turtlebot3_msgs/msg/detail/version_info__type_support.c
[55.320s] -- Installing: /home/duttaishan01/robotics_course/enae450/turtlebot3_ws/install/turtlebot3_msgs/include/turtlebot3_msgs/turtlebot3_msgs/msg/detail/sensor_state__type_support.c
[55.320s] -- Installing: /home/duttaishan01/robotics_course/enae450/turtlebot3_ws/install/turtlebot3_msgs/include/turtlebot3_msgs/turtlebot3_msgs/msg/detail/sound__rosidl_typesupport_introspection_c.h
[55.320s] -- Installing: /home/duttaishan01/robotics_course/enae450/turtlebot3_ws/install/turtlebot3_msgs/include/turtlebot3_msgs/turtlebot3_msgs/msg/detail/version_info__rosidl_typesupport_introspection_c.h
[55.322s] -- Installing: /home/duttaishan01/robotics_course/enae450/turtlebot3_ws/install/turtlebot3_msgs/include/turtlebot3_msgs/turtlebot3_msgs/msg/detail/sound__type_support.c
[55.324s] -- Installing: /home/duttaishan01/robotics_course/enae450/turtlebot3_ws/install/turtlebot3_msgs/include/turtlebot3_msgs/turtlebot3_msgs/msg/detail/sensor_state__rosidl_typesupport_introspection_c.h
[55.325s] -- Up-to-date: /home/duttaishan01/robotics_course/enae450/turtlebot3_ws/install/turtlebot3_msgs/include/turtlebot3_msgs/turtlebot3_msgs/srv
[55.325s] -- Up-to-date: /home/duttaishan01/robotics_course/enae450/turtlebot3_ws/install/turtlebot3_msgs/include/turtlebot3_msgs/turtlebot3_msgs/srv/detail
[55.325s] -- Installing: /home/duttaishan01/robotics_course/enae450/turtlebot3_ws/install/turtlebot3_msgs/include/turtlebot3_msgs/turtlebot3_msgs/srv/detail/dqn__type_support.c
[55.326s] -- Installing: /home/duttaishan01/robotics_course/enae450/turtlebot3_ws/install/turtlebot3_msgs/include/turtlebot3_msgs/turtlebot3_msgs/srv/detail/sound__rosidl_typesupport_introspection_c.h
[55.327s] -- Installing: /home/duttaishan01/robotics_course/enae450/turtlebot3_ws/install/turtlebot3_msgs/include/turtlebot3_msgs/turtlebot3_msgs/srv/detail/sound__type_support.c
[55.328s] -- Installing: /home/duttaishan01/robotics_course/enae450/turtlebot3_ws/install/turtlebot3_msgs/include/turtlebot3_msgs/turtlebot3_msgs/srv/detail/dqn__rosidl_typesupport_introspection_c.h
[55.329s] -- Installing: /home/duttaishan01/robotics_course/enae450/turtlebot3_ws/install/turtlebot3_msgs/lib/libturtlebot3_msgs__rosidl_typesupport_introspection_c.so
[55.331s] -- Set runtime path of "/home/duttaishan01/robotics_course/enae450/turtlebot3_ws/install/turtlebot3_msgs/lib/libturtlebot3_msgs__rosidl_typesupport_introspection_c.so" to ""
[55.332s] -- Installing: /home/duttaishan01/robotics_course/enae450/turtlebot3_ws/install/turtlebot3_msgs/lib/libturtlebot3_msgs__rosidl_typesupport_c.so
[55.333s] -- Set runtime path of "/home/duttaishan01/robotics_course/enae450/turtlebot3_ws/install/turtlebot3_msgs/lib/libturtlebot3_msgs__rosidl_typesupport_c.so" to ""
[55.334s] -- Up-to-date: /home/duttaishan01/robotics_course/enae450/turtlebot3_ws/install/turtlebot3_msgs/include/turtlebot3_msgs/turtlebot3_msgs
[55.334s] -- Up-to-date: /home/duttaishan01/robotics_course/enae450/turtlebot3_ws/install/turtlebot3_msgs/include/turtlebot3_msgs/turtlebot3_msgs/action
[55.335s] -- Up-to-date: /home/duttaishan01/robotics_course/enae450/turtlebot3_ws/install/turtlebot3_msgs/include/turtlebot3_msgs/turtlebot3_msgs/action/detail
[55.336s] -- Installing: /home/duttaishan01/robotics_course/enae450/turtlebot3_ws/install/turtlebot3_msgs/include/turtlebot3_msgs/turtlebot3_msgs/action/detail/patrol__rosidl_typesupport_introspection_cpp.hpp
[55.336s] -- Installing: /home/duttaishan01/robotics_course/enae450/turtlebot3_ws/install/turtlebot3_msgs/include/turtlebot3_msgs/turtlebot3_msgs/action/detail/patrol__type_support.cpp
[55.336s] -- Up-to-date: /home/duttaishan01/robotics_course/enae450/turtlebot3_ws/install/turtlebot3_msgs/include/turtlebot3_msgs/turtlebot3_msgs/msg
[55.336s] -- Up-to-date: /home/duttaishan01/robotics_course/enae450/turtlebot3_ws/install/turtlebot3_msgs/include/turtlebot3_msgs/turtlebot3_msgs/msg/detail
[55.336s] -- Installing: /home/duttaishan01/robotics_course/enae450/turtlebot3_ws/install/turtlebot3_msgs/include/turtlebot3_msgs/turtlebot3_msgs/msg/detail/sound__type_support.cpp
[55.338s] -- Installing: /home/duttaishan01/robotics_course/enae450/turtlebot3_ws/install/turtlebot3_msgs/include/turtlebot3_msgs/turtlebot3_msgs/msg/detail/version_info__rosidl_typesupport_introspection_cpp.hpp
[55.338s] -- Installing: /home/duttaishan01/robotics_course/enae450/turtlebot3_ws/install/turtlebot3_msgs/include/turtlebot3_msgs/turtlebot3_msgs/msg/detail/version_info__type_support.cpp
[55.340s] -- Installing: /home/duttaishan01/robotics_course/enae450/turtlebot3_ws/install/turtlebot3_msgs/include/turtlebot3_msgs/turtlebot3_msgs/msg/detail/sound__rosidl_typesupport_introspection_cpp.hpp
[55.341s] -- Installing: /home/duttaishan01/robotics_course/enae450/turtlebot3_ws/install/turtlebot3_msgs/include/turtlebot3_msgs/turtlebot3_msgs/msg/detail/sensor_state__rosidl_typesupport_introspection_cpp.hpp
[55.341s] -- Installing: /home/duttaishan01/robotics_course/enae450/turtlebot3_ws/install/turtlebot3_msgs/include/turtlebot3_msgs/turtlebot3_msgs/msg/detail/sensor_state__type_support.cpp
[55.342s] -- Up-to-date: /home/duttaishan01/robotics_course/enae450/turtlebot3_ws/install/turtlebot3_msgs/include/turtlebot3_msgs/turtlebot3_msgs/srv
[55.342s] -- Up-to-date: /home/duttaishan01/robotics_course/enae450/turtlebot3_ws/install/turtlebot3_msgs/include/turtlebot3_msgs/turtlebot3_msgs/srv/detail
[55.343s] -- Installing: /home/duttaishan01/robotics_course/enae450/turtlebot3_ws/install/turtlebot3_msgs/include/turtlebot3_msgs/turtlebot3_msgs/srv/detail/sound__type_support.cpp
[55.343s] -- Installing: /home/duttaishan01/robotics_course/enae450/turtlebot3_ws/install/turtlebot3_msgs/include/turtlebot3_msgs/turtlebot3_msgs/srv/detail/sound__rosidl_typesupport_introspection_cpp.hpp
[55.343s] -- Installing: /home/duttaishan01/robotics_course/enae450/turtlebot3_ws/install/turtlebot3_msgs/include/turtlebot3_msgs/turtlebot3_msgs/srv/detail/dqn__rosidl_typesupport_introspection_cpp.hpp
[55.343s] -- Installing: /home/duttaishan01/robotics_course/enae450/turtlebot3_ws/install/turtlebot3_msgs/include/turtlebot3_msgs/turtlebot3_msgs/srv/detail/dqn__type_support.cpp
[55.344s] -- Installing: /home/duttaishan01/robotics_course/enae450/turtlebot3_ws/install/turtlebot3_msgs/lib/libturtlebot3_msgs__rosidl_typesupport_introspection_cpp.so
[55.346s] -- Set runtime path of "/home/duttaishan01/robotics_course/enae450/turtlebot3_ws/install/turtlebot3_msgs/lib/libturtlebot3_msgs__rosidl_typesupport_introspection_cpp.so" to ""
[55.347s] -- Installing: /home/duttaishan01/robotics_course/enae450/turtlebot3_ws/install/turtlebot3_msgs/lib/libturtlebot3_msgs__rosidl_typesupport_cpp.so
[55.348s] -- Set runtime path of "/home/duttaishan01/robotics_course/enae450/turtlebot3_ws/install/turtlebot3_msgs/lib/libturtlebot3_msgs__rosidl_typesupport_cpp.so" to ""
[55.348s] -- Installing: /home/duttaishan01/robotics_course/enae450/turtlebot3_ws/install/turtlebot3_msgs/share/turtlebot3_msgs/environment/pythonpath.sh
[55.349s] -- Installing: /home/duttaishan01/robotics_course/enae450/turtlebot3_ws/install/turtlebot3_msgs/share/turtlebot3_msgs/environment/pythonpath.dsv
[55.349s] -- Installing: /home/duttaishan01/robotics_course/enae450/turtlebot3_ws/install/turtlebot3_msgs/local/lib/python3.10/dist-packages/turtlebot3_msgs-2.3.0-py3.10.egg-info
[55.351s] -- Installing: /home/duttaishan01/robotics_course/enae450/turtlebot3_ws/install/turtlebot3_msgs/local/lib/python3.10/dist-packages/turtlebot3_msgs-2.3.0-py3.10.egg-info/top_level.txt
[55.351s] -- Installing: /home/duttaishan01/robotics_course/enae450/turtlebot3_ws/install/turtlebot3_msgs/local/lib/python3.10/dist-packages/turtlebot3_msgs-2.3.0-py3.10.egg-info/SOURCES.txt
[55.351s] -- Installing: /home/duttaishan01/robotics_course/enae450/turtlebot3_ws/install/turtlebot3_msgs/local/lib/python3.10/dist-packages/turtlebot3_msgs-2.3.0-py3.10.egg-info/PKG-INFO
[55.352s] -- Installing: /home/duttaishan01/robotics_course/enae450/turtlebot3_ws/install/turtlebot3_msgs/local/lib/python3.10/dist-packages/turtlebot3_msgs-2.3.0-py3.10.egg-info/dependency_links.txt
[55.353s] -- Installing: /home/duttaishan01/robotics_course/enae450/turtlebot3_ws/install/turtlebot3_msgs/local/lib/python3.10/dist-packages/turtlebot3_msgs
[55.353s] -- Installing: /home/duttaishan01/robotics_course/enae450/turtlebot3_ws/install/turtlebot3_msgs/local/lib/python3.10/dist-packages/turtlebot3_msgs/_turtlebot3_msgs_s.ep.rosidl_typesupport_c.c
[55.354s] -- Installing: /home/duttaishan01/robotics_course/enae450/turtlebot3_ws/install/turtlebot3_msgs/local/lib/python3.10/dist-packages/turtlebot3_msgs/__init__.py
[55.355s] -- Installing: /home/duttaishan01/robotics_course/enae450/turtlebot3_ws/install/turtlebot3_msgs/local/lib/python3.10/dist-packages/turtlebot3_msgs/_turtlebot3_msgs_s.ep.rosidl_typesupport_introspection_c.c
[55.356s] -- Installing: /home/duttaishan01/robotics_course/enae450/turtlebot3_ws/install/turtlebot3_msgs/local/lib/python3.10/dist-packages/turtlebot3_msgs/action
[55.357s] -- Installing: /home/duttaishan01/robotics_course/enae450/turtlebot3_ws/install/turtlebot3_msgs/local/lib/python3.10/dist-packages/turtlebot3_msgs/action/__init__.py
[55.358s] -- Installing: /home/duttaishan01/robotics_course/enae450/turtlebot3_ws/install/turtlebot3_msgs/local/lib/python3.10/dist-packages/turtlebot3_msgs/action/_patrol.py
[55.358s] -- Installing: /home/duttaishan01/robotics_course/enae450/turtlebot3_ws/install/turtlebot3_msgs/local/lib/python3.10/dist-packages/turtlebot3_msgs/action/_patrol_s.c
[55.360s] -- Installing: /home/duttaishan01/robotics_course/enae450/turtlebot3_ws/install/turtlebot3_msgs/local/lib/python3.10/dist-packages/turtlebot3_msgs/libturtlebot3_msgs__rosidl_generator_py.so
[55.360s] -- Installing: /home/duttaishan01/robotics_course/enae450/turtlebot3_ws/install/turtlebot3_msgs/local/lib/python3.10/dist-packages/turtlebot3_msgs/msg
[55.360s] -- Installing: /home/duttaishan01/robotics_course/enae450/turtlebot3_ws/install/turtlebot3_msgs/local/lib/python3.10/dist-packages/turtlebot3_msgs/msg/_sensor_state.py
[55.362s] -- Installing: /home/duttaishan01/robotics_course/enae450/turtlebot3_ws/install/turtlebot3_msgs/local/lib/python3.10/dist-packages/turtlebot3_msgs/msg/_sound_s.c
[55.363s] -- Installing: /home/duttaishan01/robotics_course/enae450/turtlebot3_ws/install/turtlebot3_msgs/local/lib/python3.10/dist-packages/turtlebot3_msgs/msg/__init__.py
[55.364s] -- Installing: /home/duttaishan01/robotics_course/enae450/turtlebot3_ws/install/turtlebot3_msgs/local/lib/python3.10/dist-packages/turtlebot3_msgs/msg/_sensor_state_s.c
[55.364s] -- Installing: /home/duttaishan01/robotics_course/enae450/turtlebot3_ws/install/turtlebot3_msgs/local/lib/python3.10/dist-packages/turtlebot3_msgs/msg/_version_info_s.c
[55.364s] -- Installing: /home/duttaishan01/robotics_course/enae450/turtlebot3_ws/install/turtlebot3_msgs/local/lib/python3.10/dist-packages/turtlebot3_msgs/msg/_sound.py
[55.365s] -- Installing: /home/duttaishan01/robotics_course/enae450/turtlebot3_ws/install/turtlebot3_msgs/local/lib/python3.10/dist-packages/turtlebot3_msgs/msg/_version_info.py
[55.365s] -- Installing: /home/duttaishan01/robotics_course/enae450/turtlebot3_ws/install/turtlebot3_msgs/local/lib/python3.10/dist-packages/turtlebot3_msgs/_turtlebot3_msgs_s.ep.rosidl_typesupport_fastrtps_c.c
[55.366s] -- Installing: /home/duttaishan01/robotics_course/enae450/turtlebot3_ws/install/turtlebot3_msgs/local/lib/python3.10/dist-packages/turtlebot3_msgs/turtlebot3_msgs_s__rosidl_typesupport_c.cpython-310-x86_64-linux-gnu.so
[55.366s] -- Installing: /home/duttaishan01/robotics_course/enae450/turtlebot3_ws/install/turtlebot3_msgs/local/lib/python3.10/dist-packages/turtlebot3_msgs/turtlebot3_msgs_s__rosidl_typesupport_fastrtps_c.cpython-310-x86_64-linux-gnu.so
[55.367s] -- Installing: /home/duttaishan01/robotics_course/enae450/turtlebot3_ws/install/turtlebot3_msgs/local/lib/python3.10/dist-packages/turtlebot3_msgs/turtlebot3_msgs_s__rosidl_typesupport_introspection_c.cpython-310-x86_64-linux-gnu.so
[55.368s] -- Installing: /home/duttaishan01/robotics_course/enae450/turtlebot3_ws/install/turtlebot3_msgs/local/lib/python3.10/dist-packages/turtlebot3_msgs/srv
[55.368s] -- Installing: /home/duttaishan01/robotics_course/enae450/turtlebot3_ws/install/turtlebot3_msgs/local/lib/python3.10/dist-packages/turtlebot3_msgs/srv/_sound_s.c
[55.369s] -- Installing: /home/duttaishan01/robotics_course/enae450/turtlebot3_ws/install/turtlebot3_msgs/local/lib/python3.10/dist-packages/turtlebot3_msgs/srv/__init__.py
[55.369s] -- Installing: /home/duttaishan01/robotics_course/enae450/turtlebot3_ws/install/turtlebot3_msgs/local/lib/python3.10/dist-packages/turtlebot3_msgs/srv/_dqn.py
[55.370s] -- Installing: /home/duttaishan01/robotics_course/enae450/turtlebot3_ws/install/turtlebot3_msgs/local/lib/python3.10/dist-packages/turtlebot3_msgs/srv/_dqn_s.c
[55.372s] -- Installing: /home/duttaishan01/robotics_course/enae450/turtlebot3_ws/install/turtlebot3_msgs/local/lib/python3.10/dist-packages/turtlebot3_msgs/srv/_sound.py
[55.527s] Listing '/home/duttaishan01/robotics_course/enae450/turtlebot3_ws/install/turtlebot3_msgs/local/lib/python3.10/dist-packages/turtlebot3_msgs'...
[55.527s] Compiling '/home/duttaishan01/robotics_course/enae450/turtlebot3_ws/install/turtlebot3_msgs/local/lib/python3.10/dist-packages/turtlebot3_msgs/__init__.py'...
[55.527s] Listing '/home/duttaishan01/robotics_course/enae450/turtlebot3_ws/install/turtlebot3_msgs/local/lib/python3.10/dist-packages/turtlebot3_msgs/action'...
[55.527s] Compiling '/home/duttaishan01/robotics_course/enae450/turtlebot3_ws/install/turtlebot3_msgs/local/lib/python3.10/dist-packages/turtlebot3_msgs/action/__init__.py'...
[55.527s] Compiling '/home/duttaishan01/robotics_course/enae450/turtlebot3_ws/install/turtlebot3_msgs/local/lib/python3.10/dist-packages/turtlebot3_msgs/action/_patrol.py'...
[55.527s] Listing '/home/duttaishan01/robotics_course/enae450/turtlebot3_ws/install/turtlebot3_msgs/local/lib/python3.10/dist-packages/turtlebot3_msgs/msg'...
[55.528s] Compiling '/home/duttaishan01/robotics_course/enae450/turtlebot3_ws/install/turtlebot3_msgs/local/lib/python3.10/dist-packages/turtlebot3_msgs/msg/__init__.py'...
[55.528s] Compiling '/home/duttaishan01/robotics_course/enae450/turtlebot3_ws/install/turtlebot3_msgs/local/lib/python3.10/dist-packages/turtlebot3_msgs/msg/_sensor_state.py'...
[55.528s] Compiling '/home/duttaishan01/robotics_course/enae450/turtlebot3_ws/install/turtlebot3_msgs/local/lib/python3.10/dist-packages/turtlebot3_msgs/msg/_sound.py'...
[55.528s] Compiling '/home/duttaishan01/robotics_course/enae450/turtlebot3_ws/install/turtlebot3_msgs/local/lib/python3.10/dist-packages/turtlebot3_msgs/msg/_version_info.py'...
[55.528s] Listing '/home/duttaishan01/robotics_course/enae450/turtlebot3_ws/install/turtlebot3_msgs/local/lib/python3.10/dist-packages/turtlebot3_msgs/srv'...
[55.529s] Compiling '/home/duttaishan01/robotics_course/enae450/turtlebot3_ws/install/turtlebot3_msgs/local/lib/python3.10/dist-packages/turtlebot3_msgs/srv/__init__.py'...
[55.529s] Compiling '/home/duttaishan01/robotics_course/enae450/turtlebot3_ws/install/turtlebot3_msgs/local/lib/python3.10/dist-packages/turtlebot3_msgs/srv/_dqn.py'...
[55.529s] Compiling '/home/duttaishan01/robotics_course/enae450/turtlebot3_ws/install/turtlebot3_msgs/local/lib/python3.10/dist-packages/turtlebot3_msgs/srv/_sound.py'...
[55.544s] -- Installing: /home/duttaishan01/robotics_course/enae450/turtlebot3_ws/install/turtlebot3_msgs/local/lib/python3.10/dist-packages/turtlebot3_msgs/turtlebot3_msgs_s__rosidl_typesupport_fastrtps_c.cpython-310-x86_64-linux-gnu.so
[55.545s] -- Set runtime path of "/home/duttaishan01/robotics_course/enae450/turtlebot3_ws/install/turtlebot3_msgs/local/lib/python3.10/dist-packages/turtlebot3_msgs/turtlebot3_msgs_s__rosidl_typesupport_fastrtps_c.cpython-310-x86_64-linux-gnu.so" to ""
[55.546s] -- Installing: /home/duttaishan01/robotics_course/enae450/turtlebot3_ws/install/turtlebot3_msgs/local/lib/python3.10/dist-packages/turtlebot3_msgs/turtlebot3_msgs_s__rosidl_typesupport_introspection_c.cpython-310-x86_64-linux-gnu.so
[55.547s] -- Set runtime path of "/home/duttaishan01/robotics_course/enae450/turtlebot3_ws/install/turtlebot3_msgs/local/lib/python3.10/dist-packages/turtlebot3_msgs/turtlebot3_msgs_s__rosidl_typesupport_introspection_c.cpython-310-x86_64-linux-gnu.so" to ""
[55.548s] -- Installing: /home/duttaishan01/robotics_course/enae450/turtlebot3_ws/install/turtlebot3_msgs/local/lib/python3.10/dist-packages/turtlebot3_msgs/turtlebot3_msgs_s__rosidl_typesupport_c.cpython-310-x86_64-linux-gnu.so
[55.549s] -- Set runtime path of "/home/duttaishan01/robotics_course/enae450/turtlebot3_ws/install/turtlebot3_msgs/local/lib/python3.10/dist-packages/turtlebot3_msgs/turtlebot3_msgs_s__rosidl_typesupport_c.cpython-310-x86_64-linux-gnu.so" to ""
[55.550s] -- Installing: /home/duttaishan01/robotics_course/enae450/turtlebot3_ws/install/turtlebot3_msgs/lib/libturtlebot3_msgs__rosidl_generator_py.so
[55.552s] -- Set runtime path of "/home/duttaishan01/robotics_course/enae450/turtlebot3_ws/install/turtlebot3_msgs/lib/libturtlebot3_msgs__rosidl_generator_py.so" to ""
[55.552s] -- Installing: /home/duttaishan01/robotics_course/enae450/turtlebot3_ws/install/turtlebot3_msgs/share/turtlebot3_msgs/msg/SensorState.idl
[55.552s] -- Installing: /home/duttaishan01/robotics_course/enae450/turtlebot3_ws/install/turtlebot3_msgs/share/turtlebot3_msgs/msg/Sound.idl
[55.553s] -- Installing: /home/duttaishan01/robotics_course/enae450/turtlebot3_ws/install/turtlebot3_msgs/share/turtlebot3_msgs/msg/VersionInfo.idl
[55.555s] -- Installing: /home/duttaishan01/robotics_course/enae450/turtlebot3_ws/install/turtlebot3_msgs/share/turtlebot3_msgs/srv/Sound.idl
[55.555s] -- Installing: /home/duttaishan01/robotics_course/enae450/turtlebot3_ws/install/turtlebot3_msgs/share/turtlebot3_msgs/srv/Dqn.idl
[55.556s] -- Installing: /home/duttaishan01/robotics_course/enae450/turtlebot3_ws/install/turtlebot3_msgs/share/turtlebot3_msgs/action/Patrol.idl
[55.556s] -- Installing: /home/duttaishan01/robotics_course/enae450/turtlebot3_ws/install/turtlebot3_msgs/share/turtlebot3_msgs/msg/SensorState.msg
[55.557s] -- Installing: /home/duttaishan01/robotics_course/enae450/turtlebot3_ws/install/turtlebot3_msgs/share/turtlebot3_msgs/msg/Sound.msg
[55.558s] -- Installing: /home/duttaishan01/robotics_course/enae450/turtlebot3_ws/install/turtlebot3_msgs/share/turtlebot3_msgs/msg/VersionInfo.msg
[55.559s] -- Installing: /home/duttaishan01/robotics_course/enae450/turtlebot3_ws/install/turtlebot3_msgs/share/turtlebot3_msgs/srv/Sound.srv
[55.559s] -- Installing: /home/duttaishan01/robotics_course/enae450/turtlebot3_ws/install/turtlebot3_msgs/share/turtlebot3_msgs/srv/Sound_Request.msg
[55.560s] -- Installing: /home/duttaishan01/robotics_course/enae450/turtlebot3_ws/install/turtlebot3_msgs/share/turtlebot3_msgs/srv/Sound_Response.msg
[55.561s] -- Installing: /home/duttaishan01/robotics_course/enae450/turtlebot3_ws/install/turtlebot3_msgs/share/turtlebot3_msgs/srv/Dqn.srv
[55.561s] -- Installing: /home/duttaishan01/robotics_course/enae450/turtlebot3_ws/install/turtlebot3_msgs/share/turtlebot3_msgs/srv/Dqn_Request.msg
[55.562s] -- Installing: /home/duttaishan01/robotics_course/enae450/turtlebot3_ws/install/turtlebot3_msgs/share/turtlebot3_msgs/srv/Dqn_Response.msg
[55.563s] -- Installing: /home/duttaishan01/robotics_course/enae450/turtlebot3_ws/install/turtlebot3_msgs/share/turtlebot3_msgs/action/Patrol.action
[55.563s] -- Installing: /home/duttaishan01/robotics_course/enae450/turtlebot3_ws/install/turtlebot3_msgs/share/ament_index/resource_index/package_run_dependencies/turtlebot3_msgs
[55.565s] -- Installing: /home/duttaishan01/robotics_course/enae450/turtlebot3_ws/install/turtlebot3_msgs/share/ament_index/resource_index/parent_prefix_path/turtlebot3_msgs
[55.567s] -- Installing: /home/duttaishan01/robotics_course/enae450/turtlebot3_ws/install/turtlebot3_msgs/share/turtlebot3_msgs/environment/ament_prefix_path.sh
[55.567s] -- Installing: /home/duttaishan01/robotics_course/enae450/turtlebot3_ws/install/turtlebot3_msgs/share/turtlebot3_msgs/environment/ament_prefix_path.dsv
[55.569s] -- Installing: /home/duttaishan01/robotics_course/enae450/turtlebot3_ws/install/turtlebot3_msgs/share/turtlebot3_msgs/environment/path.sh
[55.570s] -- Installing: /home/duttaishan01/robotics_course/enae450/turtlebot3_ws/install/turtlebot3_msgs/share/turtlebot3_msgs/environment/path.dsv
[55.571s] -- Installing: /home/duttaishan01/robotics_course/enae450/turtlebot3_ws/install/turtlebot3_msgs/share/turtlebot3_msgs/local_setup.bash
[55.572s] -- Installing: /home/duttaishan01/robotics_course/enae450/turtlebot3_ws/install/turtlebot3_msgs/share/turtlebot3_msgs/local_setup.sh
[55.573s] -- Installing: /home/duttaishan01/robotics_course/enae450/turtlebot3_ws/install/turtlebot3_msgs/share/turtlebot3_msgs/local_setup.zsh
[55.574s] -- Installing: /home/duttaishan01/robotics_course/enae450/turtlebot3_ws/install/turtlebot3_msgs/share/turtlebot3_msgs/local_setup.dsv
[55.575s] -- Installing: /home/duttaishan01/robotics_course/enae450/turtlebot3_ws/install/turtlebot3_msgs/share/turtlebot3_msgs/package.dsv
[55.576s] -- Installing: /home/duttaishan01/robotics_course/enae450/turtlebot3_ws/install/turtlebot3_msgs/share/ament_index/resource_index/packages/turtlebot3_msgs
[55.577s] -- Installing: /home/duttaishan01/robotics_course/enae450/turtlebot3_ws/install/turtlebot3_msgs/share/turtlebot3_msgs/cmake/export_turtlebot3_msgs__rosidl_generator_cExport.cmake
[55.577s] -- Installing: /home/duttaishan01/robotics_course/enae450/turtlebot3_ws/install/turtlebot3_msgs/share/turtlebot3_msgs/cmake/export_turtlebot3_msgs__rosidl_generator_cExport-noconfig.cmake
[55.577s] -- Installing: /home/duttaishan01/robotics_course/enae450/turtlebot3_ws/install/turtlebot3_msgs/share/turtlebot3_msgs/cmake/export_turtlebot3_msgs__rosidl_typesupport_fastrtps_cExport.cmake
[55.578s] -- Installing: /home/duttaishan01/robotics_course/enae450/turtlebot3_ws/install/turtlebot3_msgs/share/turtlebot3_msgs/cmake/export_turtlebot3_msgs__rosidl_typesupport_fastrtps_cExport-noconfig.cmake
[55.579s] -- Installing: /home/duttaishan01/robotics_course/enae450/turtlebot3_ws/install/turtlebot3_msgs/share/turtlebot3_msgs/cmake/export_turtlebot3_msgs__rosidl_generator_cppExport.cmake
[55.580s] -- Installing: /home/duttaishan01/robotics_course/enae450/turtlebot3_ws/install/turtlebot3_msgs/share/turtlebot3_msgs/cmake/export_turtlebot3_msgs__rosidl_typesupport_fastrtps_cppExport.cmake
[55.585s] -- Installing: /home/duttaishan01/robotics_course/enae450/turtlebot3_ws/install/turtlebot3_msgs/share/turtlebot3_msgs/cmake/export_turtlebot3_msgs__rosidl_typesupport_fastrtps_cppExport-noconfig.cmake
[55.585s] -- Installing: /home/duttaishan01/robotics_course/enae450/turtlebot3_ws/install/turtlebot3_msgs/share/turtlebot3_msgs/cmake/turtlebot3_msgs__rosidl_typesupport_introspection_cExport.cmake
[55.586s] -- Installing: /home/duttaishan01/robotics_course/enae450/turtlebot3_ws/install/turtlebot3_msgs/share/turtlebot3_msgs/cmake/turtlebot3_msgs__rosidl_typesupport_introspection_cExport-noconfig.cmake
[55.586s] -- Installing: /home/duttaishan01/robotics_course/enae450/turtlebot3_ws/install/turtlebot3_msgs/share/turtlebot3_msgs/cmake/turtlebot3_msgs__rosidl_typesupport_cExport.cmake
[55.587s] -- Installing: /home/duttaishan01/robotics_course/enae450/turtlebot3_ws/install/turtlebot3_msgs/share/turtlebot3_msgs/cmake/turtlebot3_msgs__rosidl_typesupport_cExport-noconfig.cmake
[55.589s] -- Installing: /home/duttaishan01/robotics_course/enae450/turtlebot3_ws/install/turtlebot3_msgs/share/turtlebot3_msgs/cmake/turtlebot3_msgs__rosidl_typesupport_introspection_cppExport.cmake
[55.589s] -- Installing: /home/duttaishan01/robotics_course/enae450/turtlebot3_ws/install/turtlebot3_msgs/share/turtlebot3_msgs/cmake/turtlebot3_msgs__rosidl_typesupport_introspection_cppExport-noconfig.cmake
[55.593s] -- Installing: /home/duttaishan01/robotics_course/enae450/turtlebot3_ws/install/turtlebot3_msgs/share/turtlebot3_msgs/cmake/turtlebot3_msgs__rosidl_typesupport_cppExport.cmake
[55.594s] -- Installing: /home/duttaishan01/robotics_course/enae450/turtlebot3_ws/install/turtlebot3_msgs/share/turtlebot3_msgs/cmake/turtlebot3_msgs__rosidl_typesupport_cppExport-noconfig.cmake
[55.594s] -- Installing: /home/duttaishan01/robotics_course/enae450/turtlebot3_ws/install/turtlebot3_msgs/share/turtlebot3_msgs/cmake/export_turtlebot3_msgs__rosidl_generator_pyExport.cmake
[55.595s] -- Installing: /home/duttaishan01/robotics_course/enae450/turtlebot3_ws/install/turtlebot3_msgs/share/turtlebot3_msgs/cmake/export_turtlebot3_msgs__rosidl_generator_pyExport-noconfig.cmake
[55.595s] -- Installing: /home/duttaishan01/robotics_course/enae450/turtlebot3_ws/install/turtlebot3_msgs/share/turtlebot3_msgs/cmake/rosidl_cmake-extras.cmake
[55.595s] -- Installing: /home/duttaishan01/robotics_course/enae450/turtlebot3_ws/install/turtlebot3_msgs/share/turtlebot3_msgs/cmake/ament_cmake_export_dependencies-extras.cmake
[55.595s] -- Installing: /home/duttaishan01/robotics_course/enae450/turtlebot3_ws/install/turtlebot3_msgs/share/turtlebot3_msgs/cmake/ament_cmake_export_include_directories-extras.cmake
[55.596s] -- Installing: /home/duttaishan01/robotics_course/enae450/turtlebot3_ws/install/turtlebot3_msgs/share/turtlebot3_msgs/cmake/ament_cmake_export_libraries-extras.cmake
[55.598s] -- Installing: /home/duttaishan01/robotics_course/enae450/turtlebot3_ws/install/turtlebot3_msgs/share/turtlebot3_msgs/cmake/ament_cmake_export_targets-extras.cmake
[55.599s] -- Installing: /home/duttaishan01/robotics_course/enae450/turtlebot3_ws/install/turtlebot3_msgs/share/turtlebot3_msgs/cmake/rosidl_cmake_export_typesupport_targets-extras.cmake
[55.599s] -- Installing: /home/duttaishan01/robotics_course/enae450/turtlebot3_ws/install/turtlebot3_msgs/share/turtlebot3_msgs/cmake/rosidl_cmake_export_typesupport_libraries-extras.cmake
[55.600s] -- Installing: /home/duttaishan01/robotics_course/enae450/turtlebot3_ws/install/turtlebot3_msgs/share/turtlebot3_msgs/cmake/turtlebot3_msgsConfig.cmake
[55.600s] -- Installing: /home/duttaishan01/robotics_course/enae450/turtlebot3_ws/install/turtlebot3_msgs/share/turtlebot3_msgs/cmake/turtlebot3_msgsConfig-version.cmake
[55.601s] -- Installing: /home/duttaishan01/robotics_course/enae450/turtlebot3_ws/install/turtlebot3_msgs/share/turtlebot3_msgs/package.xml
[55.611s] Invoked command in '/home/duttaishan01/robotics_course/enae450/turtlebot3_ws/build/turtlebot3_msgs' returned '0': CMAKE_PREFIX_PATH=${CMAKE_PREFIX_PATH}:/home/duttaishan01/turtlebot3_ws/install/turtlebot3_teleop:/home/duttaishan01/turtlebot3_ws/install/turtlebot3_example:/home/duttaishan01/turtlebot3_ws/install/lab2:/opt/ros/humble /usr/bin/cmake --install /home/duttaishan01/robotics_course/enae450/turtlebot3_ws/build/turtlebot3_msgs
