[3.736s] Invoking command in '/home/duttaishan01/turtlebot3_ws/build/turtlebot3_teleop': PYTHONPATH=/home/duttaishan01/turtlebot3_ws/build/turtlebot3_teleop/prefix_override:/usr/lib/python3/dist-packages/colcon_core/task/python/colcon_distutils_commands:/home/duttaishan01/turtlebot3_ws/install/turtlebot3_teleop/lib/python3.10/site-packages:${PYTHONPATH} /usr/bin/python3 -W ignore:setup.py install is deprecated -W ignore:easy_install command is deprecated setup.py develop --editable --build-directory /home/duttaishan01/turtlebot3_ws/build/turtlebot3_teleop/build --no-deps symlink_data
[4.360s] running develop
[4.534s] /usr/lib/python3/dist-packages/pkg_resources/__init__.py:116: PkgResourcesDeprecationWarning: None is an invalid version and will not be supported in a future release
[4.534s]   warnings.warn(
[5.012s] running egg_info
[5.012s] creating turtlebot3_teleop.egg-info
[5.012s] writing turtlebot3_teleop.egg-info/PKG-INFO
[5.013s] writing dependency_links to turtlebot3_teleop.egg-info/dependency_links.txt
[5.013s] writing entry points to turtlebot3_teleop.egg-info/entry_points.txt
[5.013s] writing requirements to turtlebot3_teleop.egg-info/requires.txt
[5.013s] writing top-level names to turtlebot3_teleop.egg-info/top_level.txt
[5.013s] writing manifest file 'turtlebot3_teleop.egg-info/SOURCES.txt'
[5.017s] reading manifest file 'turtlebot3_teleop.egg-info/SOURCES.txt'
[5.021s] writing manifest file 'turtlebot3_teleop.egg-info/SOURCES.txt'
[5.027s] running build_ext
[5.027s] Creating /home/duttaishan01/turtlebot3_ws/install/turtlebot3_teleop/lib/python3.10/site-packages/turtlebot3-teleop.egg-link (link to .)
[5.028s] Installing teleop_keyboard script to /home/duttaishan01/turtlebot3_ws/install/turtlebot3_teleop/lib/turtlebot3_teleop
[5.029s] 
[5.037s] Installed /home/duttaishan01/turtlebot3_ws/build/turtlebot3_teleop
[5.037s] running symlink_data
[5.037s] creating /home/duttaishan01/turtlebot3_ws/install/turtlebot3_teleop/share/ament_index
[5.037s] creating /home/duttaishan01/turtlebot3_ws/install/turtlebot3_teleop/share/ament_index/resource_index
[5.037s] creating /home/duttaishan01/turtlebot3_ws/install/turtlebot3_teleop/share/ament_index/resource_index/packages
[5.037s] symbolically linking /home/duttaishan01/turtlebot3_ws/build/turtlebot3_teleop/resource/turtlebot3_teleop -> /home/duttaishan01/turtlebot3_ws/install/turtlebot3_teleop/share/ament_index/resource_index/packages
[5.037s] symbolically linking /home/duttaishan01/turtlebot3_ws/build/turtlebot3_teleop/package.xml -> /home/duttaishan01/turtlebot3_ws/install/turtlebot3_teleop/share/turtlebot3_teleop
[5.200s] Invoked command in '/home/duttaishan01/turtlebot3_ws/build/turtlebot3_teleop' returned '0': PYTHONPATH=/home/duttaishan01/turtlebot3_ws/build/turtlebot3_teleop/prefix_override:/usr/lib/python3/dist-packages/colcon_core/task/python/colcon_distutils_commands:/home/duttaishan01/turtlebot3_ws/install/turtlebot3_teleop/lib/python3.10/site-packages:${PYTHONPATH} /usr/bin/python3 -W ignore:setup.py install is deprecated -W ignore:easy_install command is deprecated setup.py develop --editable --build-directory /home/duttaishan01/turtlebot3_ws/build/turtlebot3_teleop/build --no-deps symlink_data
