running egg_info
writing ../../build/lab2/lab2.egg-info/PKG-INFO
writing dependency_links to ../../build/lab2/lab2.egg-info/dependency_links.txt
writing entry points to ../../build/lab2/lab2.egg-info/entry_points.txt
writing requirements to ../../build/lab2/lab2.egg-info/requires.txt
writing top-level names to ../../build/lab2/lab2.egg-info/top_level.txt
reading manifest file '../../build/lab2/lab2.egg-info/SOURCES.txt'
writing manifest file '../../build/lab2/lab2.egg-info/SOURCES.txt'
running build
running build_py
copying lab2/move_node.py -> /home/duttaishan01/robotics_course/ENAE450_lab/turtlebot3_ws/build/lab2/build/lib/lab2
copying lab2/__init__.py -> /home/duttaishan01/robotics_course/ENAE450_lab/turtlebot3_ws/build/lab2/build/lib/lab2
running install
running install_lib
copying /home/duttaishan01/robotics_course/ENAE450_lab/turtlebot3_ws/build/lab2/build/lib/lab2/move_node.py -> /home/duttaishan01/robotics_course/ENAE450_lab/turtlebot3_ws/install/lab2/lib/python3.10/site-packages/lab2
copying /home/duttaishan01/robotics_course/ENAE450_lab/turtlebot3_ws/build/lab2/build/lib/lab2/__init__.py -> /home/duttaishan01/robotics_course/ENAE450_lab/turtlebot3_ws/install/lab2/lib/python3.10/site-packages/lab2
running install_data
copying resource/lab2 -> /home/duttaishan01/robotics_course/ENAE450_lab/turtlebot3_ws/install/lab2/share/ament_index/resource_index/packages
copying package.xml -> /home/duttaishan01/robotics_course/ENAE450_lab/turtlebot3_ws/install/lab2/share/lab2
running install_egg_info
removing '/home/duttaishan01/robotics_course/ENAE450_lab/turtlebot3_ws/install/lab2/lib/python3.10/site-packages/lab2-0.0.0-py3.10.egg-info' (and everything under it)
Copying ../../build/lab2/lab2.egg-info to /home/duttaishan01/robotics_course/ENAE450_lab/turtlebot3_ws/install/lab2/lib/python3.10/site-packages/lab2-0.0.0-py3.10.egg-info
running install_scripts
Installing move_node script to /home/duttaishan01/robotics_course/ENAE450_lab/turtlebot3_ws/install/lab2/lib/lab2
writing list of installed files to '/home/duttaishan01/robotics_course/ENAE450_lab/turtlebot3_ws/build/lab2/install.log'
