[13.813s] Invoking command in '/home/duttaishan01/robotics_course/ENAE450_lab/turtlebot3_ws/src/lab2': PYTHONPATH=/home/duttaishan01/robotics_course/ENAE450_lab/turtlebot3_ws/build/lab2/prefix_override:/usr/lib/python3/dist-packages/colcon_core/task/python/colcon_distutils_commands:/home/duttaishan01/robotics_course/ENAE450_lab/turtlebot3_ws/install/lab2/lib/python3.10/site-packages:${PYTHONPATH} /usr/bin/python3 -W ignore:setup.py install is deprecated -W ignore:easy_install command is deprecated setup.py egg_info --egg-base ../../build/lab2 build --build-base /home/duttaishan01/robotics_course/ENAE450_lab/turtlebot3_ws/build/lab2/build install --record /home/duttaishan01/robotics_course/ENAE450_lab/turtlebot3_ws/build/lab2/install.log --single-version-externally-managed install_data
[15.177s] running egg_info
[15.224s] writing ../../build/lab2/lab2.egg-info/PKG-INFO
[15.257s] writing dependency_links to ../../build/lab2/lab2.egg-info/dependency_links.txt
[15.258s] writing entry points to ../../build/lab2/lab2.egg-info/entry_points.txt
[15.258s] writing requirements to ../../build/lab2/lab2.egg-info/requires.txt
[15.299s] writing top-level names to ../../build/lab2/lab2.egg-info/top_level.txt
[15.379s] reading manifest file '../../build/lab2/lab2.egg-info/SOURCES.txt'
[15.380s] writing manifest file '../../build/lab2/lab2.egg-info/SOURCES.txt'
[15.381s] running build
[15.382s] running build_py
[15.389s] copying lab2/move_node.py -> /home/duttaishan01/robotics_course/ENAE450_lab/turtlebot3_ws/build/lab2/build/lib/lab2
[15.393s] copying lab2/__init__.py -> /home/duttaishan01/robotics_course/ENAE450_lab/turtlebot3_ws/build/lab2/build/lib/lab2
[15.398s] running install
[15.400s] running install_lib
[15.442s] copying /home/duttaishan01/robotics_course/ENAE450_lab/turtlebot3_ws/build/lab2/build/lib/lab2/move_node.py -> /home/duttaishan01/robotics_course/ENAE450_lab/turtlebot3_ws/install/lab2/lib/python3.10/site-packages/lab2
[15.444s] copying /home/duttaishan01/robotics_course/ENAE450_lab/turtlebot3_ws/build/lab2/build/lib/lab2/__init__.py -> /home/duttaishan01/robotics_course/ENAE450_lab/turtlebot3_ws/install/lab2/lib/python3.10/site-packages/lab2
[15.448s] running install_data
[15.451s] copying resource/lab2 -> /home/duttaishan01/robotics_course/ENAE450_lab/turtlebot3_ws/install/lab2/share/ament_index/resource_index/packages
[15.451s] copying package.xml -> /home/duttaishan01/robotics_course/ENAE450_lab/turtlebot3_ws/install/lab2/share/lab2
[15.453s] running install_egg_info
[15.475s] removing '/home/duttaishan01/robotics_course/ENAE450_lab/turtlebot3_ws/install/lab2/lib/python3.10/site-packages/lab2-0.0.0-py3.10.egg-info' (and everything under it)
[15.602s] Copying ../../build/lab2/lab2.egg-info to /home/duttaishan01/robotics_course/ENAE450_lab/turtlebot3_ws/install/lab2/lib/python3.10/site-packages/lab2-0.0.0-py3.10.egg-info
[15.602s] running install_scripts
[15.778s] Installing move_node script to /home/duttaishan01/robotics_course/ENAE450_lab/turtlebot3_ws/install/lab2/lib/lab2
[15.778s] writing list of installed files to '/home/duttaishan01/robotics_course/ENAE450_lab/turtlebot3_ws/build/lab2/install.log'
[15.978s] Invoked command in '/home/duttaishan01/robotics_course/ENAE450_lab/turtlebot3_ws/src/lab2' returned '0': PYTHONPATH=/home/duttaishan01/robotics_course/ENAE450_lab/turtlebot3_ws/build/lab2/prefix_override:/usr/lib/python3/dist-packages/colcon_core/task/python/colcon_distutils_commands:/home/duttaishan01/robotics_course/ENAE450_lab/turtlebot3_ws/install/lab2/lib/python3.10/site-packages:${PYTHONPATH} /usr/bin/python3 -W ignore:setup.py install is deprecated -W ignore:easy_install command is deprecated setup.py egg_info --egg-base ../../build/lab2 build --build-base /home/duttaishan01/robotics_course/ENAE450_lab/turtlebot3_ws/build/lab2/build install --record /home/duttaishan01/robotics_course/ENAE450_lab/turtlebot3_ws/build/lab2/install.log --single-version-externally-managed install_data
