[0.109s] Invoking command in '/home/duttaishan01/robotics_course/enae450/turtlebot3_ws/build/turtlebot3_cartographer': CMAKE_PREFIX_PATH=${CMAKE_PREFIX_PATH}:/home/duttaishan01/turtlebot3_ws/install/turtlebot3_teleop:/home/duttaishan01/turtlebot3_ws/install/turtlebot3_example:/home/duttaishan01/turtlebot3_ws/install/lab2:/opt/ros/humble /usr/bin/cmake /home/duttaishan01/robotics_course/enae450/turtlebot3_ws/src/turtlebot3/turtlebot3_cartographer -DCMAKE_INSTALL_PREFIX=/home/duttaishan01/robotics_course/enae450/turtlebot3_ws/install/turtlebot3_cartographer
[0.718s] -- The C compiler identification is GNU 11.4.0
[1.453s] -- The CXX compiler identification is GNU 11.4.0
[1.545s] -- Detecting C compiler ABI info
[2.348s] -- Detecting C compiler ABI info - done
[2.403s] -- Check for working C compiler: /usr/bin/cc - skipped
[2.405s] -- Detecting C compile features
[2.411s] -- Detecting C compile features - done
[2.431s] -- Detecting CXX compiler ABI info
[3.213s] -- Detecting CXX compiler ABI info - done
[3.275s] -- Check for working CXX compiler: /usr/bin/c++ - skipped
[3.279s] -- Detecting CXX compile features
[3.280s] -- Detecting CXX compile features - done
[3.314s] -- Found ament_cmake: 1.3.11 (/opt/ros/humble/share/ament_cmake/cmake)
[4.216s] -- Found Python3: /usr/bin/python3 (found version "3.10.12") found components: Interpreter 
[5.166s] -- Configuring done
[5.199s] -- Generating done
[5.207s] -- Build files have been written to: /home/duttaishan01/robotics_course/enae450/turtlebot3_ws/build/turtlebot3_cartographer
[5.237s] Invoked command in '/home/duttaishan01/robotics_course/enae450/turtlebot3_ws/build/turtlebot3_cartographer' returned '0': CMAKE_PREFIX_PATH=${CMAKE_PREFIX_PATH}:/home/duttaishan01/turtlebot3_ws/install/turtlebot3_teleop:/home/duttaishan01/turtlebot3_ws/install/turtlebot3_example:/home/duttaishan01/turtlebot3_ws/install/lab2:/opt/ros/humble /usr/bin/cmake /home/duttaishan01/robotics_course/enae450/turtlebot3_ws/src/turtlebot3/turtlebot3_cartographer -DCMAKE_INSTALL_PREFIX=/home/duttaishan01/robotics_course/enae450/turtlebot3_ws/install/turtlebot3_cartographer
[5.238s] Invoking command in '/home/duttaishan01/robotics_course/enae450/turtlebot3_ws/build/turtlebot3_cartographer': CMAKE_PREFIX_PATH=${CMAKE_PREFIX_PATH}:/home/duttaishan01/turtlebot3_ws/install/turtlebot3_teleop:/home/duttaishan01/turtlebot3_ws/install/turtlebot3_example:/home/duttaishan01/turtlebot3_ws/install/lab2:/opt/ros/humble /usr/bin/cmake --build /home/duttaishan01/robotics_course/enae450/turtlebot3_ws/build/turtlebot3_cartographer -- -j4 -l4
[5.430s] Invoked command in '/home/duttaishan01/robotics_course/enae450/turtlebot3_ws/build/turtlebot3_cartographer' returned '0': CMAKE_PREFIX_PATH=${CMAKE_PREFIX_PATH}:/home/duttaishan01/turtlebot3_ws/install/turtlebot3_teleop:/home/duttaishan01/turtlebot3_ws/install/turtlebot3_example:/home/duttaishan01/turtlebot3_ws/install/lab2:/opt/ros/humble /usr/bin/cmake --build /home/duttaishan01/robotics_course/enae450/turtlebot3_ws/build/turtlebot3_cartographer -- -j4 -l4
[5.436s] Invoking command in '/home/duttaishan01/robotics_course/enae450/turtlebot3_ws/build/turtlebot3_cartographer': CMAKE_PREFIX_PATH=${CMAKE_PREFIX_PATH}:/home/duttaishan01/turtlebot3_ws/install/turtlebot3_teleop:/home/duttaishan01/turtlebot3_ws/install/turtlebot3_example:/home/duttaishan01/turtlebot3_ws/install/lab2:/opt/ros/humble /usr/bin/cmake --install /home/duttaishan01/robotics_course/enae450/turtlebot3_ws/build/turtlebot3_cartographer
[5.480s] -- Install configuration: ""
[5.481s] -- Installing: /home/duttaishan01/robotics_course/enae450/turtlebot3_ws/install/turtlebot3_cartographer/share/turtlebot3_cartographer/config
[5.483s] -- Installing: /home/duttaishan01/robotics_course/enae450/turtlebot3_ws/install/turtlebot3_cartographer/share/turtlebot3_cartographer/config/turtlebot3_lds_2d.lua
[5.489s] -- Installing: /home/duttaishan01/robotics_course/enae450/turtlebot3_ws/install/turtlebot3_cartographer/share/turtlebot3_cartographer/launch
[5.490s] -- Installing: /home/duttaishan01/robotics_course/enae450/turtlebot3_ws/install/turtlebot3_cartographer/share/turtlebot3_cartographer/launch/cartographer.launch.py
[5.492s] -- Installing: /home/duttaishan01/robotics_course/enae450/turtlebot3_ws/install/turtlebot3_cartographer/share/turtlebot3_cartographer/launch/occupancy_grid.launch.py
[5.499s] -- Installing: /home/duttaishan01/robotics_course/enae450/turtlebot3_ws/install/turtlebot3_cartographer/share/turtlebot3_cartographer/rviz
[5.503s] -- Installing: /home/duttaishan01/robotics_course/enae450/turtlebot3_ws/install/turtlebot3_cartographer/share/turtlebot3_cartographer/rviz/tb3_cartographer.rviz
[5.509s] -- Installing: /home/duttaishan01/robotics_course/enae450/turtlebot3_ws/install/turtlebot3_cartographer/share/ament_index/resource_index/package_run_dependencies/turtlebot3_cartographer
[5.510s] -- Installing: /home/duttaishan01/robotics_course/enae450/turtlebot3_ws/install/turtlebot3_cartographer/share/ament_index/resource_index/parent_prefix_path/turtlebot3_cartographer
[5.516s] -- Installing: /home/duttaishan01/robotics_course/enae450/turtlebot3_ws/install/turtlebot3_cartographer/share/turtlebot3_cartographer/environment/ament_prefix_path.sh
[5.516s] -- Installing: /home/duttaishan01/robotics_course/enae450/turtlebot3_ws/install/turtlebot3_cartographer/share/turtlebot3_cartographer/environment/ament_prefix_path.dsv
[5.519s] -- Installing: /home/duttaishan01/robotics_course/enae450/turtlebot3_ws/install/turtlebot3_cartographer/share/turtlebot3_cartographer/environment/path.sh
[5.522s] -- Installing: /home/duttaishan01/robotics_course/enae450/turtlebot3_ws/install/turtlebot3_cartographer/share/turtlebot3_cartographer/environment/path.dsv
[5.525s] -- Installing: /home/duttaishan01/robotics_course/enae450/turtlebot3_ws/install/turtlebot3_cartographer/share/turtlebot3_cartographer/local_setup.bash
[5.526s] -- Installing: /home/duttaishan01/robotics_course/enae450/turtlebot3_ws/install/turtlebot3_cartographer/share/turtlebot3_cartographer/local_setup.sh
[5.526s] -- Installing: /home/duttaishan01/robotics_course/enae450/turtlebot3_ws/install/turtlebot3_cartographer/share/turtlebot3_cartographer/local_setup.zsh
[5.528s] -- Installing: /home/duttaishan01/robotics_course/enae450/turtlebot3_ws/install/turtlebot3_cartographer/share/turtlebot3_cartographer/local_setup.dsv
[5.528s] -- Installing: /home/duttaishan01/robotics_course/enae450/turtlebot3_ws/install/turtlebot3_cartographer/share/turtlebot3_cartographer/package.dsv
[5.530s] -- Installing: /home/duttaishan01/robotics_course/enae450/turtlebot3_ws/install/turtlebot3_cartographer/share/ament_index/resource_index/packages/turtlebot3_cartographer
[5.531s] -- Installing: /home/duttaishan01/robotics_course/enae450/turtlebot3_ws/install/turtlebot3_cartographer/share/turtlebot3_cartographer/cmake/turtlebot3_cartographerConfig.cmake
[5.536s] -- Installing: /home/duttaishan01/robotics_course/enae450/turtlebot3_ws/install/turtlebot3_cartographer/share/turtlebot3_cartographer/cmake/turtlebot3_cartographerConfig-version.cmake
[5.537s] -- Installing: /home/duttaishan01/robotics_course/enae450/turtlebot3_ws/install/turtlebot3_cartographer/share/turtlebot3_cartographer/package.xml
[5.558s] Invoked command in '/home/duttaishan01/robotics_course/enae450/turtlebot3_ws/build/turtlebot3_cartographer' returned '0': CMAKE_PREFIX_PATH=${CMAKE_PREFIX_PATH}:/home/duttaishan01/turtlebot3_ws/install/turtlebot3_teleop:/home/duttaishan01/turtlebot3_ws/install/turtlebot3_example:/home/duttaishan01/turtlebot3_ws/install/lab2:/opt/ros/humble /usr/bin/cmake --install /home/duttaishan01/robotics_course/enae450/turtlebot3_ws/build/turtlebot3_cartographer
