[0.871s] Invoking command in '/home/duttaishan01/turtlebot3_ws/src/lab2': PYTHONPATH=/home/duttaishan01/turtlebot3_ws/build/lab2/prefix_override:/usr/lib/python3/dist-packages/colcon_core/task/python/colcon_distutils_commands:/home/duttaishan01/turtlebot3_ws/install/lab2/lib/python3.10/site-packages:${PYTHONPATH} /usr/bin/python3 -W ignore:setup.py install is deprecated -W ignore:easy_install command is deprecated setup.py egg_info --egg-base ../../build/lab2 build --build-base /home/duttaishan01/turtlebot3_ws/build/lab2/build install --record /home/duttaishan01/turtlebot3_ws/build/lab2/install.log --single-version-externally-managed install_data
[1.197s] running egg_info
[1.198s] writing ../../build/lab2/lab2.egg-info/PKG-INFO
[1.199s] writing dependency_links to ../../build/lab2/lab2.egg-info/dependency_links.txt
[1.200s] writing entry points to ../../build/lab2/lab2.egg-info/entry_points.txt
[1.201s] writing requirements to ../../build/lab2/lab2.egg-info/requires.txt
[1.201s] writing top-level names to ../../build/lab2/lab2.egg-info/top_level.txt
[1.204s] reading manifest file '../../build/lab2/lab2.egg-info/SOURCES.txt'
[1.205s] writing manifest file '../../build/lab2/lab2.egg-info/SOURCES.txt'
[1.205s] running build
[1.206s] running build_py
[1.206s] copying lab2/move_node.py -> /home/duttaishan01/turtlebot3_ws/build/lab2/build/lib/lab2
[1.206s] running install
[1.206s] running install_lib
[1.207s] copying /home/duttaishan01/turtlebot3_ws/build/lab2/build/lib/lab2/move_node.py -> /home/duttaishan01/turtlebot3_ws/install/lab2/lib/python3.10/site-packages/lab2
[1.208s] byte-compiling /home/duttaishan01/turtlebot3_ws/install/lab2/lib/python3.10/site-packages/lab2/move_node.py to move_node.cpython-310.pyc
[1.209s] running install_data
[1.210s] running install_egg_info
[1.212s] removing '/home/duttaishan01/turtlebot3_ws/install/lab2/lib/python3.10/site-packages/lab2-0.0.0-py3.10.egg-info' (and everything under it)
[1.212s] Copying ../../build/lab2/lab2.egg-info to /home/duttaishan01/turtlebot3_ws/install/lab2/lib/python3.10/site-packages/lab2-0.0.0-py3.10.egg-info
[1.214s] running install_scripts
[1.244s] Installing lab2_node script to /home/duttaishan01/turtlebot3_ws/install/lab2/lib/lab2
[1.244s] writing list of installed files to '/home/duttaishan01/turtlebot3_ws/build/lab2/install.log'
[1.287s] Invoked command in '/home/duttaishan01/turtlebot3_ws/src/lab2' returned '0': PYTHONPATH=/home/duttaishan01/turtlebot3_ws/build/lab2/prefix_override:/usr/lib/python3/dist-packages/colcon_core/task/python/colcon_distutils_commands:/home/duttaishan01/turtlebot3_ws/install/lab2/lib/python3.10/site-packages:${PYTHONPATH} /usr/bin/python3 -W ignore:setup.py install is deprecated -W ignore:easy_install command is deprecated setup.py egg_info --egg-base ../../build/lab2 build --build-base /home/duttaishan01/turtlebot3_ws/build/lab2/build install --record /home/duttaishan01/turtlebot3_ws/build/lab2/install.log --single-version-externally-managed install_data
