[0.551s] DEBUG:colcon:Command line arguments: ['/usr/bin/colcon', 'build']
[0.552s] DEBUG:colcon:Parsed command line arguments: Namespace(log_base=None, log_level=None, verb_name='build', build_base='build', install_base='install', merge_install=False, symlink_install=False, test_result_base=None, continue_on_error=False, executor='parallel', parallel_workers=4, event_handlers=None, ignore_user_meta=False, metas=['./colcon.meta'], base_paths=['.'], packages_ignore=None, packages_ignore_regex=None, paths=None, packages_up_to=None, packages_up_to_regex=None, packages_above=None, packages_above_and_dependencies=None, packages_above_depth=None, packages_select_by_dep=None, packages_skip_by_dep=None, packages_skip_up_to=None, packages_select_build_failed=False, packages_skip_build_finished=False, packages_select_test_failures=False, packages_skip_test_passed=False, packages_select=None, packages_skip=None, packages_select_regex=None, packages_skip_regex=None, packages_start=None, packages_end=None, allow_overriding=[], cmake_args=None, cmake_target=None, cmake_target_skip_unavailable=False, cmake_clean_cache=False, cmake_clean_first=False, cmake_force_configure=False, ament_cmake_args=None, catkin_cmake_args=None, catkin_skip_building_tests=False, mixin_files=None, mixin=None, verb_parser=<colcon_mixin.mixin.mixin_argument.MixinArgumentDecorator object at 0x790d92b77250>, verb_extension=<colcon_core.verb.build.BuildVerb object at 0x790d92b76ad0>, main=<bound method BuildVerb.main of <colcon_core.verb.build.BuildVerb object at 0x790d92b76ad0>>, mixin_verb=('build',))
[1.144s] Level 1:colcon.colcon_core.package_discovery:discover_packages(colcon_meta) check parameters
[1.153s] Level 1:colcon.colcon_core.package_discovery:discover_packages(recursive) check parameters
[1.153s] Level 1:colcon.colcon_core.package_discovery:discover_packages(ignore) check parameters
[1.153s] Level 1:colcon.colcon_core.package_discovery:discover_packages(path) check parameters
[1.154s] Level 1:colcon.colcon_core.package_discovery:discover_packages(colcon_meta) discover
[1.154s] Level 1:colcon.colcon_core.package_discovery:discover_packages(recursive) discover
[1.154s] INFO:colcon.colcon_core.package_discovery:Crawling recursively for packages in '/home/duttaishan01/robotics_course/ENAE450_lab/turtlebot3_ws'
[1.155s] Level 1:colcon.colcon_core.package_identification:_identify(.) by extensions ['ignore', 'ignore_ament_install']
[1.155s] Level 1:colcon.colcon_core.package_identification:_identify(.) by extension 'ignore'
[1.155s] Level 1:colcon.colcon_core.package_identification:_identify(.) by extension 'ignore_ament_install'
[1.156s] Level 1:colcon.colcon_core.package_identification:_identify(.) by extensions ['colcon_pkg']
[1.156s] Level 1:colcon.colcon_core.package_identification:_identify(.) by extension 'colcon_pkg'
[1.156s] Level 1:colcon.colcon_core.package_identification:_identify(.) by extensions ['colcon_meta']
[1.162s] Level 1:colcon.colcon_core.package_identification:_identify(.) by extension 'colcon_meta'
[1.168s] Level 1:colcon.colcon_core.package_identification:_identify(.) by extensions ['ros']
[1.174s] Level 1:colcon.colcon_core.package_identification:_identify(.) by extension 'ros'
[1.358s] Level 1:colcon.colcon_core.package_identification:_identify(.) by extensions ['cmake', 'python']
[1.359s] Level 1:colcon.colcon_core.package_identification:_identify(.) by extension 'cmake'
[1.360s] Level 1:colcon.colcon_core.package_identification:_identify(.) by extension 'python'
[1.360s] Level 1:colcon.colcon_core.package_identification:_identify(.) by extensions ['python_setup_py']
[1.361s] Level 1:colcon.colcon_core.package_identification:_identify(.) by extension 'python_setup_py'
[1.361s] Level 1:colcon.colcon_core.package_identification:_identify(build) by extensions ['ignore', 'ignore_ament_install']
[1.362s] Level 1:colcon.colcon_core.package_identification:_identify(build) by extension 'ignore'
[1.364s] Level 1:colcon.colcon_core.package_identification:_identify(build) ignored
[1.365s] Level 1:colcon.colcon_core.package_identification:_identify(install) by extensions ['ignore', 'ignore_ament_install']
[1.366s] Level 1:colcon.colcon_core.package_identification:_identify(install) by extension 'ignore'
[1.366s] Level 1:colcon.colcon_core.package_identification:_identify(install) ignored
[1.366s] Level 1:colcon.colcon_core.package_identification:_identify(log) by extensions ['ignore', 'ignore_ament_install']
[1.368s] Level 1:colcon.colcon_core.package_identification:_identify(log) by extension 'ignore'
[1.368s] Level 1:colcon.colcon_core.package_identification:_identify(log) ignored
[1.369s] Level 1:colcon.colcon_core.package_identification:_identify(src) by extensions ['ignore', 'ignore_ament_install']
[1.369s] Level 1:colcon.colcon_core.package_identification:_identify(src) by extension 'ignore'
[1.369s] Level 1:colcon.colcon_core.package_identification:_identify(src) by extension 'ignore_ament_install'
[1.369s] Level 1:colcon.colcon_core.package_identification:_identify(src) by extensions ['colcon_pkg']
[1.369s] Level 1:colcon.colcon_core.package_identification:_identify(src) by extension 'colcon_pkg'
[1.369s] Level 1:colcon.colcon_core.package_identification:_identify(src) by extensions ['colcon_meta']
[1.369s] Level 1:colcon.colcon_core.package_identification:_identify(src) by extension 'colcon_meta'
[1.370s] Level 1:colcon.colcon_core.package_identification:_identify(src) by extensions ['ros']
[1.370s] Level 1:colcon.colcon_core.package_identification:_identify(src) by extension 'ros'
[1.370s] Level 1:colcon.colcon_core.package_identification:_identify(src) by extensions ['cmake', 'python']
[1.371s] Level 1:colcon.colcon_core.package_identification:_identify(src) by extension 'cmake'
[1.371s] Level 1:colcon.colcon_core.package_identification:_identify(src) by extension 'python'
[1.372s] Level 1:colcon.colcon_core.package_identification:_identify(src) by extensions ['python_setup_py']
[1.372s] Level 1:colcon.colcon_core.package_identification:_identify(src) by extension 'python_setup_py'
[1.372s] Level 1:colcon.colcon_core.package_identification:_identify(src/DynamixelSDK) by extensions ['ignore', 'ignore_ament_install']
[1.373s] Level 1:colcon.colcon_core.package_identification:_identify(src/DynamixelSDK) by extension 'ignore'
[1.373s] Level 1:colcon.colcon_core.package_identification:_identify(src/DynamixelSDK) by extension 'ignore_ament_install'
[1.374s] Level 1:colcon.colcon_core.package_identification:_identify(src/DynamixelSDK) by extensions ['colcon_pkg']
[1.374s] Level 1:colcon.colcon_core.package_identification:_identify(src/DynamixelSDK) by extension 'colcon_pkg'
[1.374s] Level 1:colcon.colcon_core.package_identification:_identify(src/DynamixelSDK) by extensions ['colcon_meta']
[1.374s] Level 1:colcon.colcon_core.package_identification:_identify(src/DynamixelSDK) by extension 'colcon_meta'
[1.375s] Level 1:colcon.colcon_core.package_identification:_identify(src/DynamixelSDK) by extensions ['ros']
[1.375s] Level 1:colcon.colcon_core.package_identification:_identify(src/DynamixelSDK) by extension 'ros'
[1.375s] Level 1:colcon.colcon_core.package_identification:_identify(src/DynamixelSDK) by extensions ['cmake', 'python']
[1.375s] Level 1:colcon.colcon_core.package_identification:_identify(src/DynamixelSDK) by extension 'cmake'
[1.375s] Level 1:colcon.colcon_core.package_identification:_identify(src/DynamixelSDK) by extension 'python'
[1.375s] Level 1:colcon.colcon_core.package_identification:_identify(src/DynamixelSDK) by extensions ['python_setup_py']
[1.375s] Level 1:colcon.colcon_core.package_identification:_identify(src/DynamixelSDK) by extension 'python_setup_py'
[1.376s] Level 1:colcon.colcon_core.package_identification:_identify(src/lab2) by extensions ['ignore', 'ignore_ament_install']
[1.376s] Level 1:colcon.colcon_core.package_identification:_identify(src/lab2) by extension 'ignore'
[1.377s] Level 1:colcon.colcon_core.package_identification:_identify(src/lab2) by extension 'ignore_ament_install'
[1.378s] Level 1:colcon.colcon_core.package_identification:_identify(src/lab2) by extensions ['colcon_pkg']
[1.379s] Level 1:colcon.colcon_core.package_identification:_identify(src/lab2) by extension 'colcon_pkg'
[1.379s] Level 1:colcon.colcon_core.package_identification:_identify(src/lab2) by extensions ['colcon_meta']
[1.379s] Level 1:colcon.colcon_core.package_identification:_identify(src/lab2) by extension 'colcon_meta'
[1.379s] Level 1:colcon.colcon_core.package_identification:_identify(src/lab2) by extensions ['ros']
[1.380s] Level 1:colcon.colcon_core.package_identification:_identify(src/lab2) by extension 'ros'
[1.390s] DEBUG:colcon.colcon_core.package_identification:Package 'src/lab2' with type 'ros.ament_python' and name 'lab2'
[1.392s] Level 1:colcon.colcon_core.package_identification:_identify(src/lab3) by extensions ['ignore', 'ignore_ament_install']
[1.394s] Level 1:colcon.colcon_core.package_identification:_identify(src/lab3) by extension 'ignore'
[1.394s] Level 1:colcon.colcon_core.package_identification:_identify(src/lab3) by extension 'ignore_ament_install'
[1.394s] Level 1:colcon.colcon_core.package_identification:_identify(src/lab3) by extensions ['colcon_pkg']
[1.395s] Level 1:colcon.colcon_core.package_identification:_identify(src/lab3) by extension 'colcon_pkg'
[1.395s] Level 1:colcon.colcon_core.package_identification:_identify(src/lab3) by extensions ['colcon_meta']
[1.395s] Level 1:colcon.colcon_core.package_identification:_identify(src/lab3) by extension 'colcon_meta'
[1.395s] Level 1:colcon.colcon_core.package_identification:_identify(src/lab3) by extensions ['ros']
[1.395s] Level 1:colcon.colcon_core.package_identification:_identify(src/lab3) by extension 'ros'
[1.398s] DEBUG:colcon.colcon_core.package_identification:Package 'src/lab3' with type 'ros.ament_python' and name 'lab3'
[1.400s] Level 1:colcon.colcon_core.package_identification:_identify(src/turtlebot3) by extensions ['ignore', 'ignore_ament_install']
[1.400s] Level 1:colcon.colcon_core.package_identification:_identify(src/turtlebot3) by extension 'ignore'
[1.401s] Level 1:colcon.colcon_core.package_identification:_identify(src/turtlebot3) by extension 'ignore_ament_install'
[1.401s] Level 1:colcon.colcon_core.package_identification:_identify(src/turtlebot3) by extensions ['colcon_pkg']
[1.402s] Level 1:colcon.colcon_core.package_identification:_identify(src/turtlebot3) by extension 'colcon_pkg'
[1.402s] Level 1:colcon.colcon_core.package_identification:_identify(src/turtlebot3) by extensions ['colcon_meta']
[1.402s] Level 1:colcon.colcon_core.package_identification:_identify(src/turtlebot3) by extension 'colcon_meta'
[1.403s] Level 1:colcon.colcon_core.package_identification:_identify(src/turtlebot3) by extensions ['ros']
[1.403s] Level 1:colcon.colcon_core.package_identification:_identify(src/turtlebot3) by extension 'ros'
[1.403s] Level 1:colcon.colcon_core.package_identification:_identify(src/turtlebot3) by extensions ['cmake', 'python']
[1.403s] Level 1:colcon.colcon_core.package_identification:_identify(src/turtlebot3) by extension 'cmake'
[1.403s] Level 1:colcon.colcon_core.package_identification:_identify(src/turtlebot3) by extension 'python'
[1.403s] Level 1:colcon.colcon_core.package_identification:_identify(src/turtlebot3) by extensions ['python_setup_py']
[1.403s] Level 1:colcon.colcon_core.package_identification:_identify(src/turtlebot3) by extension 'python_setup_py'
[1.403s] Level 1:colcon.colcon_core.package_identification:_identify(src/turtlebot3_msgs) by extensions ['ignore', 'ignore_ament_install']
[1.404s] Level 1:colcon.colcon_core.package_identification:_identify(src/turtlebot3_msgs) by extension 'ignore'
[1.404s] Level 1:colcon.colcon_core.package_identification:_identify(src/turtlebot3_msgs) by extension 'ignore_ament_install'
[1.405s] Level 1:colcon.colcon_core.package_identification:_identify(src/turtlebot3_msgs) by extensions ['colcon_pkg']
[1.405s] Level 1:colcon.colcon_core.package_identification:_identify(src/turtlebot3_msgs) by extension 'colcon_pkg'
[1.406s] Level 1:colcon.colcon_core.package_identification:_identify(src/turtlebot3_msgs) by extensions ['colcon_meta']
[1.406s] Level 1:colcon.colcon_core.package_identification:_identify(src/turtlebot3_msgs) by extension 'colcon_meta'
[1.406s] Level 1:colcon.colcon_core.package_identification:_identify(src/turtlebot3_msgs) by extensions ['ros']
[1.406s] Level 1:colcon.colcon_core.package_identification:_identify(src/turtlebot3_msgs) by extension 'ros'
[1.407s] Level 1:colcon.colcon_core.package_identification:_identify(src/turtlebot3_msgs) by extensions ['cmake', 'python']
[1.407s] Level 1:colcon.colcon_core.package_identification:_identify(src/turtlebot3_msgs) by extension 'cmake'
[1.408s] Level 1:colcon.colcon_core.package_identification:_identify(src/turtlebot3_msgs) by extension 'python'
[1.409s] Level 1:colcon.colcon_core.package_identification:_identify(src/turtlebot3_msgs) by extensions ['python_setup_py']
[1.409s] Level 1:colcon.colcon_core.package_identification:_identify(src/turtlebot3_msgs) by extension 'python_setup_py'
[1.409s] Level 1:colcon.colcon_core.package_discovery:discover_packages(recursive) using defaults
[1.409s] Level 1:colcon.colcon_core.package_discovery:discover_packages(ignore) discover
[1.409s] Level 1:colcon.colcon_core.package_discovery:discover_packages(ignore) using defaults
[1.409s] Level 1:colcon.colcon_core.package_discovery:discover_packages(path) discover
[1.409s] Level 1:colcon.colcon_core.package_discovery:discover_packages(path) using defaults
[1.488s] Level 1:colcon.colcon_core.package_discovery:discover_packages(prefix_path) check parameters
[1.494s] Level 1:colcon.colcon_core.package_discovery:discover_packages(prefix_path) discover
[1.519s] DEBUG:colcon.colcon_installed_package_information.package_discovery:Found 463 installed packages in /opt/ros/humble
[1.533s] Level 1:colcon.colcon_core.package_discovery:discover_packages(prefix_path) using defaults
[1.962s] Level 5:colcon.colcon_core.verb:set package 'lab2' build argument 'cmake_args' from command line to 'None'
[1.963s] Level 5:colcon.colcon_core.verb:set package 'lab2' build argument 'cmake_target' from command line to 'None'
[1.963s] Level 5:colcon.colcon_core.verb:set package 'lab2' build argument 'cmake_target_skip_unavailable' from command line to 'False'
[1.964s] Level 5:colcon.colcon_core.verb:set package 'lab2' build argument 'cmake_clean_cache' from command line to 'False'
[1.964s] Level 5:colcon.colcon_core.verb:set package 'lab2' build argument 'cmake_clean_first' from command line to 'False'
[1.964s] Level 5:colcon.colcon_core.verb:set package 'lab2' build argument 'cmake_force_configure' from command line to 'False'
[1.964s] Level 5:colcon.colcon_core.verb:set package 'lab2' build argument 'ament_cmake_args' from command line to 'None'
[1.964s] Level 5:colcon.colcon_core.verb:set package 'lab2' build argument 'catkin_cmake_args' from command line to 'None'
[1.964s] Level 5:colcon.colcon_core.verb:set package 'lab2' build argument 'catkin_skip_building_tests' from command line to 'False'
[1.964s] DEBUG:colcon.colcon_core.verb:Building package 'lab2' with the following arguments: {'ament_cmake_args': None, 'build_base': '/home/duttaishan01/robotics_course/ENAE450_lab/turtlebot3_ws/build/lab2', 'catkin_cmake_args': None, 'catkin_skip_building_tests': False, 'cmake_args': None, 'cmake_clean_cache': False, 'cmake_clean_first': False, 'cmake_force_configure': False, 'cmake_target': None, 'cmake_target_skip_unavailable': False, 'install_base': '/home/duttaishan01/robotics_course/ENAE450_lab/turtlebot3_ws/install/lab2', 'merge_install': False, 'path': '/home/duttaishan01/robotics_course/ENAE450_lab/turtlebot3_ws/src/lab2', 'symlink_install': False, 'test_result_base': None}
[1.967s] Level 5:colcon.colcon_core.verb:set package 'lab3' build argument 'cmake_args' from command line to 'None'
[1.967s] Level 5:colcon.colcon_core.verb:set package 'lab3' build argument 'cmake_target' from command line to 'None'
[1.968s] Level 5:colcon.colcon_core.verb:set package 'lab3' build argument 'cmake_target_skip_unavailable' from command line to 'False'
[1.968s] Level 5:colcon.colcon_core.verb:set package 'lab3' build argument 'cmake_clean_cache' from command line to 'False'
[1.968s] Level 5:colcon.colcon_core.verb:set package 'lab3' build argument 'cmake_clean_first' from command line to 'False'
[1.968s] Level 5:colcon.colcon_core.verb:set package 'lab3' build argument 'cmake_force_configure' from command line to 'False'
[1.968s] Level 5:colcon.colcon_core.verb:set package 'lab3' build argument 'ament_cmake_args' from command line to 'None'
[1.969s] Level 5:colcon.colcon_core.verb:set package 'lab3' build argument 'catkin_cmake_args' from command line to 'None'
[1.969s] Level 5:colcon.colcon_core.verb:set package 'lab3' build argument 'catkin_skip_building_tests' from command line to 'False'
[1.969s] DEBUG:colcon.colcon_core.verb:Building package 'lab3' with the following arguments: {'ament_cmake_args': None, 'build_base': '/home/duttaishan01/robotics_course/ENAE450_lab/turtlebot3_ws/build/lab3', 'catkin_cmake_args': None, 'catkin_skip_building_tests': False, 'cmake_args': None, 'cmake_clean_cache': False, 'cmake_clean_first': False, 'cmake_force_configure': False, 'cmake_target': None, 'cmake_target_skip_unavailable': False, 'install_base': '/home/duttaishan01/robotics_course/ENAE450_lab/turtlebot3_ws/install/lab3', 'merge_install': False, 'path': '/home/duttaishan01/robotics_course/ENAE450_lab/turtlebot3_ws/src/lab3', 'symlink_install': False, 'test_result_base': None}
[1.969s] INFO:colcon.colcon_core.executor:Executing jobs using 'parallel' executor
[1.977s] DEBUG:colcon.colcon_parallel_executor.executor.parallel:run_until_complete
[1.978s] INFO:colcon.colcon_ros.task.ament_python.build:Building ROS package in '/home/duttaishan01/robotics_course/ENAE450_lab/turtlebot3_ws/src/lab2' with build type 'ament_python'
[1.979s] Level 1:colcon.colcon_core.shell:create_environment_hook('lab2', 'ament_prefix_path')
[1.999s] INFO:colcon.colcon_core.plugin_system:Skipping extension 'colcon_core.shell.bat': Not used on non-Windows systems
[2.000s] INFO:colcon.colcon_core.shell:Creating environment hook '/home/duttaishan01/robotics_course/ENAE450_lab/turtlebot3_ws/install/lab2/share/lab2/hook/ament_prefix_path.ps1'
[2.013s] INFO:colcon.colcon_core.shell:Creating environment descriptor '/home/duttaishan01/robotics_course/ENAE450_lab/turtlebot3_ws/install/lab2/share/lab2/hook/ament_prefix_path.dsv'
[2.017s] INFO:colcon.colcon_core.shell:Creating environment hook '/home/duttaishan01/robotics_course/ENAE450_lab/turtlebot3_ws/install/lab2/share/lab2/hook/ament_prefix_path.sh'
[2.027s] INFO:colcon.colcon_core.shell:Skip shell extension 'powershell' for command environment: Not usable outside of PowerShell
[2.028s] DEBUG:colcon.colcon_core.shell:Skip shell extension 'dsv' for command environment
[2.134s] INFO:colcon.colcon_ros.task.ament_python.build:Building ROS package in '/home/duttaishan01/robotics_course/ENAE450_lab/turtlebot3_ws/src/lab3' with build type 'ament_python'
[2.140s] Level 1:colcon.colcon_core.shell:create_environment_hook('lab3', 'ament_prefix_path')
[2.143s] INFO:colcon.colcon_core.shell:Creating environment hook '/home/duttaishan01/robotics_course/ENAE450_lab/turtlebot3_ws/install/lab3/share/lab3/hook/ament_prefix_path.ps1'
[2.168s] INFO:colcon.colcon_core.shell:Creating environment descriptor '/home/duttaishan01/robotics_course/ENAE450_lab/turtlebot3_ws/install/lab3/share/lab3/hook/ament_prefix_path.dsv'
[2.170s] INFO:colcon.colcon_core.shell:Creating environment hook '/home/duttaishan01/robotics_course/ENAE450_lab/turtlebot3_ws/install/lab3/share/lab3/hook/ament_prefix_path.sh'
[2.179s] INFO:colcon.colcon_core.shell:Skip shell extension 'powershell' for command environment: Not usable outside of PowerShell
[2.181s] DEBUG:colcon.colcon_core.shell:Skip shell extension 'dsv' for command environment
[5.115s] INFO:colcon.colcon_core.task.python.build:Building Python package in '/home/duttaishan01/robotics_course/ENAE450_lab/turtlebot3_ws/src/lab2'
[5.118s] INFO:colcon.colcon_core.shell:Skip shell extension 'powershell' for command environment: Not usable outside of PowerShell
[5.119s] DEBUG:colcon.colcon_core.shell:Skip shell extension 'dsv' for command environment
[6.603s] INFO:colcon.colcon_core.task.python.build:Building Python package in '/home/duttaishan01/robotics_course/ENAE450_lab/turtlebot3_ws/src/lab3'
[6.609s] INFO:colcon.colcon_core.shell:Skip shell extension 'powershell' for command environment: Not usable outside of PowerShell
[6.609s] DEBUG:colcon.colcon_core.shell:Skip shell extension 'dsv' for command environment
[8.833s] DEBUG:colcon.colcon_core.event_handler.log_command:Invoking command in '/home/duttaishan01/robotics_course/ENAE450_lab/turtlebot3_ws/src/lab2': PYTHONPATH=/home/duttaishan01/robotics_course/ENAE450_lab/turtlebot3_ws/build/lab2/prefix_override:/usr/lib/python3/dist-packages/colcon_core/task/python/colcon_distutils_commands:/home/duttaishan01/robotics_course/ENAE450_lab/turtlebot3_ws/install/lab2/lib/python3.10/site-packages:${PYTHONPATH} /usr/bin/python3 -W ignore:setup.py install is deprecated -W ignore:easy_install command is deprecated setup.py egg_info --egg-base ../../build/lab2 build --build-base /home/duttaishan01/robotics_course/ENAE450_lab/turtlebot3_ws/build/lab2/build install --record /home/duttaishan01/robotics_course/ENAE450_lab/turtlebot3_ws/build/lab2/install.log --single-version-externally-managed install_data
[8.882s] DEBUG:colcon.colcon_core.event_handler.log_command:Invoking command in '/home/duttaishan01/robotics_course/ENAE450_lab/turtlebot3_ws/src/lab3': PYTHONPATH=/home/duttaishan01/robotics_course/ENAE450_lab/turtlebot3_ws/build/lab3/prefix_override:/usr/lib/python3/dist-packages/colcon_core/task/python/colcon_distutils_commands:/home/duttaishan01/robotics_course/ENAE450_lab/turtlebot3_ws/install/lab3/lib/python3.10/site-packages:${PYTHONPATH} /usr/bin/python3 -W ignore:setup.py install is deprecated -W ignore:easy_install command is deprecated setup.py egg_info --egg-base ../../build/lab3 build --build-base /home/duttaishan01/robotics_course/ENAE450_lab/turtlebot3_ws/build/lab3/build install --record /home/duttaishan01/robotics_course/ENAE450_lab/turtlebot3_ws/build/lab3/install.log --single-version-externally-managed install_data
[10.880s] DEBUG:colcon.colcon_core.event_handler.log_command:Invoked command in '/home/duttaishan01/robotics_course/ENAE450_lab/turtlebot3_ws/src/lab2' returned '0': PYTHONPATH=/home/duttaishan01/robotics_course/ENAE450_lab/turtlebot3_ws/build/lab2/prefix_override:/usr/lib/python3/dist-packages/colcon_core/task/python/colcon_distutils_commands:/home/duttaishan01/robotics_course/ENAE450_lab/turtlebot3_ws/install/lab2/lib/python3.10/site-packages:${PYTHONPATH} /usr/bin/python3 -W ignore:setup.py install is deprecated -W ignore:easy_install command is deprecated setup.py egg_info --egg-base ../../build/lab2 build --build-base /home/duttaishan01/robotics_course/ENAE450_lab/turtlebot3_ws/build/lab2/build install --record /home/duttaishan01/robotics_course/ENAE450_lab/turtlebot3_ws/build/lab2/install.log --single-version-externally-managed install_data
[10.885s] Level 1:colcon.colcon_core.environment:checking '/home/duttaishan01/robotics_course/ENAE450_lab/turtlebot3_ws/install/lab2' for CMake module files
[10.887s] Level 1:colcon.colcon_core.environment:checking '/home/duttaishan01/robotics_course/ENAE450_lab/turtlebot3_ws/install/lab2' for CMake config files
[10.889s] Level 1:colcon.colcon_core.environment:checking '/home/duttaishan01/robotics_course/ENAE450_lab/turtlebot3_ws/install/lab2/lib'
[10.889s] Level 1:colcon.colcon_core.environment:checking '/home/duttaishan01/robotics_course/ENAE450_lab/turtlebot3_ws/install/lab2/bin'
[10.890s] Level 1:colcon.colcon_core.environment:checking '/home/duttaishan01/robotics_course/ENAE450_lab/turtlebot3_ws/install/lab2/lib/pkgconfig/lab2.pc'
[10.891s] Level 1:colcon.colcon_core.environment:checking '/home/duttaishan01/robotics_course/ENAE450_lab/turtlebot3_ws/install/lab2/lib/python3.10/site-packages'
[10.891s] Level 1:colcon.colcon_core.shell:create_environment_hook('lab2', 'pythonpath')
[10.892s] INFO:colcon.colcon_core.shell:Creating environment hook '/home/duttaishan01/robotics_course/ENAE450_lab/turtlebot3_ws/install/lab2/share/lab2/hook/pythonpath.ps1'
[10.895s] INFO:colcon.colcon_core.shell:Creating environment descriptor '/home/duttaishan01/robotics_course/ENAE450_lab/turtlebot3_ws/install/lab2/share/lab2/hook/pythonpath.dsv'
[10.898s] INFO:colcon.colcon_core.shell:Creating environment hook '/home/duttaishan01/robotics_course/ENAE450_lab/turtlebot3_ws/install/lab2/share/lab2/hook/pythonpath.sh'
[10.903s] Level 1:colcon.colcon_core.environment:checking '/home/duttaishan01/robotics_course/ENAE450_lab/turtlebot3_ws/install/lab2/bin'
[10.908s] Level 1:colcon.colcon_core.environment:create_environment_scripts_only(lab2)
[10.924s] INFO:colcon.colcon_core.shell:Creating package script '/home/duttaishan01/robotics_course/ENAE450_lab/turtlebot3_ws/install/lab2/share/lab2/package.ps1'
[10.950s] INFO:colcon.colcon_core.shell:Creating package descriptor '/home/duttaishan01/robotics_course/ENAE450_lab/turtlebot3_ws/install/lab2/share/lab2/package.dsv'
[11.015s] INFO:colcon.colcon_core.shell:Creating package script '/home/duttaishan01/robotics_course/ENAE450_lab/turtlebot3_ws/install/lab2/share/lab2/package.sh'
[11.030s] INFO:colcon.colcon_core.shell:Creating package script '/home/duttaishan01/robotics_course/ENAE450_lab/turtlebot3_ws/install/lab2/share/lab2/package.bash'
[11.042s] INFO:colcon.colcon_core.shell:Creating package script '/home/duttaishan01/robotics_course/ENAE450_lab/turtlebot3_ws/install/lab2/share/lab2/package.zsh'
[11.051s] Level 1:colcon.colcon_core.environment:create_file_with_runtime_dependencies(/home/duttaishan01/robotics_course/ENAE450_lab/turtlebot3_ws/install/lab2/share/colcon-core/packages/lab2)
[11.092s] Level 1:colcon.colcon_core.environment:checking '/home/duttaishan01/robotics_course/ENAE450_lab/turtlebot3_ws/install/lab3' for CMake module files
[11.128s] DEBUG:colcon.colcon_core.event_handler.log_command:Invoked command in '/home/duttaishan01/robotics_course/ENAE450_lab/turtlebot3_ws/src/lab3' returned '0': PYTHONPATH=/home/duttaishan01/robotics_course/ENAE450_lab/turtlebot3_ws/build/lab3/prefix_override:/usr/lib/python3/dist-packages/colcon_core/task/python/colcon_distutils_commands:/home/duttaishan01/robotics_course/ENAE450_lab/turtlebot3_ws/install/lab3/lib/python3.10/site-packages:${PYTHONPATH} /usr/bin/python3 -W ignore:setup.py install is deprecated -W ignore:easy_install command is deprecated setup.py egg_info --egg-base ../../build/lab3 build --build-base /home/duttaishan01/robotics_course/ENAE450_lab/turtlebot3_ws/build/lab3/build install --record /home/duttaishan01/robotics_course/ENAE450_lab/turtlebot3_ws/build/lab3/install.log --single-version-externally-managed install_data
[11.094s] Level 1:colcon.colcon_core.environment:checking '/home/duttaishan01/robotics_course/ENAE450_lab/turtlebot3_ws/install/lab3' for CMake config files
[11.131s] Level 1:colcon.colcon_core.environment:checking '/home/duttaishan01/robotics_course/ENAE450_lab/turtlebot3_ws/install/lab3/lib'
[11.132s] Level 1:colcon.colcon_core.environment:checking '/home/duttaishan01/robotics_course/ENAE450_lab/turtlebot3_ws/install/lab3/bin'
[11.134s] Level 1:colcon.colcon_core.environment:checking '/home/duttaishan01/robotics_course/ENAE450_lab/turtlebot3_ws/install/lab3/lib/pkgconfig/lab3.pc'
[11.135s] Level 1:colcon.colcon_core.environment:checking '/home/duttaishan01/robotics_course/ENAE450_lab/turtlebot3_ws/install/lab3/lib/python3.10/site-packages'
[11.137s] Level 1:colcon.colcon_core.shell:create_environment_hook('lab3', 'pythonpath')
[11.139s] INFO:colcon.colcon_core.shell:Creating environment hook '/home/duttaishan01/robotics_course/ENAE450_lab/turtlebot3_ws/install/lab3/share/lab3/hook/pythonpath.ps1'
[11.149s] INFO:colcon.colcon_core.shell:Creating environment descriptor '/home/duttaishan01/robotics_course/ENAE450_lab/turtlebot3_ws/install/lab3/share/lab3/hook/pythonpath.dsv'
[11.155s] INFO:colcon.colcon_core.shell:Creating environment hook '/home/duttaishan01/robotics_course/ENAE450_lab/turtlebot3_ws/install/lab3/share/lab3/hook/pythonpath.sh'
[11.181s] Level 1:colcon.colcon_core.environment:checking '/home/duttaishan01/robotics_course/ENAE450_lab/turtlebot3_ws/install/lab3/bin'
[11.183s] Level 1:colcon.colcon_core.environment:create_environment_scripts_only(lab3)
[11.198s] INFO:colcon.colcon_core.shell:Creating package script '/home/duttaishan01/robotics_course/ENAE450_lab/turtlebot3_ws/install/lab3/share/lab3/package.ps1'
[11.203s] INFO:colcon.colcon_core.shell:Creating package descriptor '/home/duttaishan01/robotics_course/ENAE450_lab/turtlebot3_ws/install/lab3/share/lab3/package.dsv'
[11.209s] INFO:colcon.colcon_core.shell:Creating package script '/home/duttaishan01/robotics_course/ENAE450_lab/turtlebot3_ws/install/lab3/share/lab3/package.sh'
[11.215s] INFO:colcon.colcon_core.shell:Creating package script '/home/duttaishan01/robotics_course/ENAE450_lab/turtlebot3_ws/install/lab3/share/lab3/package.bash'
[11.220s] INFO:colcon.colcon_core.shell:Creating package script '/home/duttaishan01/robotics_course/ENAE450_lab/turtlebot3_ws/install/lab3/share/lab3/package.zsh'
[11.235s] Level 1:colcon.colcon_core.environment:create_file_with_runtime_dependencies(/home/duttaishan01/robotics_course/ENAE450_lab/turtlebot3_ws/install/lab3/share/colcon-core/packages/lab3)
[11.238s] DEBUG:colcon.colcon_parallel_executor.executor.parallel:closing loop
[11.271s] DEBUG:colcon.colcon_parallel_executor.executor.parallel:loop closed
[11.271s] DEBUG:colcon.colcon_parallel_executor.executor.parallel:run_until_complete finished with '0'
[11.282s] DEBUG:colcon.colcon_core.event_reactor:joining thread
[11.437s] INFO:colcon.colcon_core.plugin_system:Skipping extension 'colcon_notification.desktop_notification.terminal_notifier': Not used on non-Darwin systems
[11.438s] INFO:colcon.colcon_core.plugin_system:Skipping extension 'colcon_notification.desktop_notification.win32': Not used on non-Windows systems
[11.439s] INFO:colcon.colcon_notification.desktop_notification:Sending desktop notification using 'notify2'
[11.737s] DEBUG:colcon.colcon_core.event_reactor:joined thread
[11.742s] INFO:colcon.colcon_core.shell:Creating prefix script '/home/duttaishan01/robotics_course/ENAE450_lab/turtlebot3_ws/install/local_setup.ps1'
[11.761s] INFO:colcon.colcon_core.shell:Creating prefix util module '/home/duttaishan01/robotics_course/ENAE450_lab/turtlebot3_ws/install/_local_setup_util_ps1.py'
[11.774s] INFO:colcon.colcon_core.shell:Creating prefix chain script '/home/duttaishan01/robotics_course/ENAE450_lab/turtlebot3_ws/install/setup.ps1'
[11.801s] INFO:colcon.colcon_core.shell:Creating prefix script '/home/duttaishan01/robotics_course/ENAE450_lab/turtlebot3_ws/install/local_setup.sh'
[11.809s] INFO:colcon.colcon_core.shell:Creating prefix util module '/home/duttaishan01/robotics_course/ENAE450_lab/turtlebot3_ws/install/_local_setup_util_sh.py'
[11.835s] INFO:colcon.colcon_core.shell:Creating prefix chain script '/home/duttaishan01/robotics_course/ENAE450_lab/turtlebot3_ws/install/setup.sh'
[11.851s] INFO:colcon.colcon_core.shell:Creating prefix script '/home/duttaishan01/robotics_course/ENAE450_lab/turtlebot3_ws/install/local_setup.bash'
[11.861s] INFO:colcon.colcon_core.shell:Creating prefix chain script '/home/duttaishan01/robotics_course/ENAE450_lab/turtlebot3_ws/install/setup.bash'
[11.872s] INFO:colcon.colcon_core.shell:Creating prefix script '/home/duttaishan01/robotics_course/ENAE450_lab/turtlebot3_ws/install/local_setup.zsh'
[11.883s] INFO:colcon.colcon_core.shell:Creating prefix chain script '/home/duttaishan01/robotics_course/ENAE450_lab/turtlebot3_ws/install/setup.zsh'
