[0.069s] Invoking command in '/home/duttaishan01/robotics_course/enae450/turtlebot3_ws/build/turtlebot3_node': AMENT_PREFIX_PATH=/home/duttaishan01/robotics_course/enae450/turtlebot3_ws/install/turtlebot3_msgs:/home/duttaishan01/robotics_course/enae450/turtlebot3_ws/install/dynamixel_sdk:${AMENT_PREFIX_PATH} CMAKE_PREFIX_PATH=/home/duttaishan01/robotics_course/enae450/turtlebot3_ws/install/turtlebot3_msgs:/home/duttaishan01/robotics_course/enae450/turtlebot3_ws/install/dynamixel_sdk:/home/duttaishan01/turtlebot3_ws/install/turtlebot3:/home/duttaishan01/turtlebot3_ws/install/turtlebot3_bringup:/home/duttaishan01/turtlebot3_ws/install/turtlebot3_node:/home/duttaishan01/turtlebot3_ws/install/turtlebot3_navigation2:/home/duttaishan01/turtlebot3_ws/install/turtlebot3_msgs:/home/duttaishan01/turtlebot3_ws/install/turtlebot3_description:/home/duttaishan01/turtlebot3_ws/install/turtlebot3_cartographer:/home/duttaishan01/turtlebot3_ws/install/dynamixel_sdk_examples:/home/duttaishan01/turtlebot3_ws/install/dynamixel_sdk_custom_interfaces:/home/duttaishan01/turtlebot3_ws/install/dynamixel_sdk:/home/duttaishan01/turtlebot3_ws/install/turtlebot3_teleop:/home/duttaishan01/turtlebot3_ws/install/turtlebot3_example:/home/duttaishan01/turtlebot3_ws/install/lab2:/opt/ros/humble LD_LIBRARY_PATH=/home/duttaishan01/robotics_course/enae450/turtlebot3_ws/install/turtlebot3_msgs/lib:/home/duttaishan01/robotics_course/enae450/turtlebot3_ws/install/dynamixel_sdk/lib:${LD_LIBRARY_PATH} PYTHONPATH=/home/duttaishan01/robotics_course/enae450/turtlebot3_ws/install/turtlebot3_msgs/local/lib/python3.10/dist-packages:/home/duttaishan01/robotics_course/enae450/turtlebot3_ws/install/dynamixel_sdk/local/lib/python3.10/dist-packages:${PYTHONPATH} /usr/bin/cmake /home/duttaishan01/robotics_course/enae450/turtlebot3_ws/src/turtlebot3/turtlebot3_node -DCMAKE_INSTALL_PREFIX=/home/duttaishan01/robotics_course/enae450/turtlebot3_ws/install/turtlebot3_node
[0.292s] -- The C compiler identification is GNU 11.4.0
[0.508s] -- The CXX compiler identification is GNU 11.4.0
[0.537s] -- Detecting C compiler ABI info
[0.858s] -- Detecting C compiler ABI info - done
[0.882s] -- Check for working C compiler: /usr/bin/cc - skipped
[0.883s] -- Detecting C compile features
[0.884s] -- Detecting C compile features - done
[0.895s] -- Detecting CXX compiler ABI info
[1.335s] -- Detecting CXX compiler ABI info - done
[1.354s] -- Check for working CXX compiler: /usr/bin/c++ - skipped
[1.356s] -- Detecting CXX compile features
[1.357s] -- Detecting CXX compile features - done
[1.373s] -- Found ament_cmake: 1.3.11 (/opt/ros/humble/share/ament_cmake/cmake)
[2.019s] -- Found Python3: /usr/bin/python3 (found version "3.10.12") found components: Interpreter 
[2.471s] -- Found dynamixel_sdk: 3.8.3 (/home/duttaishan01/robotics_course/enae450/turtlebot3_ws/install/dynamixel_sdk/share/dynamixel_sdk/cmake)
[2.489s] -- Found geometry_msgs: 4.2.4 (/opt/ros/humble/share/geometry_msgs/cmake)
[2.711s] -- Found rosidl_generator_c: 3.1.6 (/opt/ros/humble/share/rosidl_generator_c/cmake)
[2.748s] -- Found rosidl_adapter: 3.1.6 (/opt/ros/humble/share/rosidl_adapter/cmake)
[2.794s] -- Found rosidl_generator_cpp: 3.1.6 (/opt/ros/humble/share/rosidl_generator_cpp/cmake)
[2.857s] -- Using all available rosidl_typesupport_c: rosidl_typesupport_fastrtps_c;rosidl_typesupport_introspection_c
[2.938s] -- Using all available rosidl_typesupport_cpp: rosidl_typesupport_fastrtps_cpp;rosidl_typesupport_introspection_cpp
[3.097s] -- Found message_filters: 4.3.5 (/opt/ros/humble/share/message_filters/cmake)
[3.362s] -- Found rmw_implementation_cmake: 6.1.2 (/opt/ros/humble/share/rmw_implementation_cmake/cmake)
[3.375s] -- Found rmw_fastrtps_cpp: 6.2.7 (/opt/ros/humble/share/rmw_fastrtps_cpp/cmake)
[3.830s] -- Found OpenSSL: /usr/lib/x86_64-linux-gnu/libcrypto.so (found version "3.0.2")  
[3.956s] -- Found FastRTPS: /opt/ros/humble/include  
[4.131s] -- Using RMW implementation 'rmw_fastrtps_cpp' as default
[4.190s] -- Looking for pthread.h
[4.626s] -- Looking for pthread.h - found
[4.628s] -- Performing Test CMAKE_HAVE_LIBC_PTHREAD
[4.931s] -- Performing Test CMAKE_HAVE_LIBC_PTHREAD - Success
[4.933s] -- Found Threads: TRUE  
[5.104s] -- Found nav_msgs: 4.2.4 (/opt/ros/humble/share/nav_msgs/cmake)
[5.225s] -- Found sensor_msgs: 4.2.4 (/opt/ros/humble/share/sensor_msgs/cmake)
[5.345s] -- Found std_srvs: 4.2.4 (/opt/ros/humble/share/std_srvs/cmake)
[5.471s] -- Found tf2: 0.25.11 (/opt/ros/humble/share/tf2/cmake)
[5.536s] -- Found tf2_ros: 0.25.11 (/opt/ros/humble/share/tf2_ros/cmake)
[6.043s] -- Found turtlebot3_msgs: 2.3.0 (/home/duttaishan01/robotics_course/enae450/turtlebot3_ws/install/turtlebot3_msgs/share/turtlebot3_msgs/cmake)
[6.381s] -- Configuring done
[6.456s] -- Generating done
[6.478s] -- Build files have been written to: /home/duttaishan01/robotics_course/enae450/turtlebot3_ws/build/turtlebot3_node
[6.510s] Invoked command in '/home/duttaishan01/robotics_course/enae450/turtlebot3_ws/build/turtlebot3_node' returned '0': AMENT_PREFIX_PATH=/home/duttaishan01/robotics_course/enae450/turtlebot3_ws/install/turtlebot3_msgs:/home/duttaishan01/robotics_course/enae450/turtlebot3_ws/install/dynamixel_sdk:${AMENT_PREFIX_PATH} CMAKE_PREFIX_PATH=/home/duttaishan01/robotics_course/enae450/turtlebot3_ws/install/turtlebot3_msgs:/home/duttaishan01/robotics_course/enae450/turtlebot3_ws/install/dynamixel_sdk:/home/duttaishan01/turtlebot3_ws/install/turtlebot3:/home/duttaishan01/turtlebot3_ws/install/turtlebot3_bringup:/home/duttaishan01/turtlebot3_ws/install/turtlebot3_node:/home/duttaishan01/turtlebot3_ws/install/turtlebot3_navigation2:/home/duttaishan01/turtlebot3_ws/install/turtlebot3_msgs:/home/duttaishan01/turtlebot3_ws/install/turtlebot3_description:/home/duttaishan01/turtlebot3_ws/install/turtlebot3_cartographer:/home/duttaishan01/turtlebot3_ws/install/dynamixel_sdk_examples:/home/duttaishan01/turtlebot3_ws/install/dynamixel_sdk_custom_interfaces:/home/duttaishan01/turtlebot3_ws/install/dynamixel_sdk:/home/duttaishan01/turtlebot3_ws/install/turtlebot3_teleop:/home/duttaishan01/turtlebot3_ws/install/turtlebot3_example:/home/duttaishan01/turtlebot3_ws/install/lab2:/opt/ros/humble LD_LIBRARY_PATH=/home/duttaishan01/robotics_course/enae450/turtlebot3_ws/install/turtlebot3_msgs/lib:/home/duttaishan01/robotics_course/enae450/turtlebot3_ws/install/dynamixel_sdk/lib:${LD_LIBRARY_PATH} PYTHONPATH=/home/duttaishan01/robotics_course/enae450/turtlebot3_ws/install/turtlebot3_msgs/local/lib/python3.10/dist-packages:/home/duttaishan01/robotics_course/enae450/turtlebot3_ws/install/dynamixel_sdk/local/lib/python3.10/dist-packages:${PYTHONPATH} /usr/bin/cmake /home/duttaishan01/robotics_course/enae450/turtlebot3_ws/src/turtlebot3/turtlebot3_node -DCMAKE_INSTALL_PREFIX=/home/duttaishan01/robotics_course/enae450/turtlebot3_ws/install/turtlebot3_node
[6.516s] Invoking command in '/home/duttaishan01/robotics_course/enae450/turtlebot3_ws/build/turtlebot3_node': AMENT_PREFIX_PATH=/home/duttaishan01/robotics_course/enae450/turtlebot3_ws/install/turtlebot3_msgs:/home/duttaishan01/robotics_course/enae450/turtlebot3_ws/install/dynamixel_sdk:${AMENT_PREFIX_PATH} CMAKE_PREFIX_PATH=/home/duttaishan01/robotics_course/enae450/turtlebot3_ws/install/turtlebot3_msgs:/home/duttaishan01/robotics_course/enae450/turtlebot3_ws/install/dynamixel_sdk:/home/duttaishan01/turtlebot3_ws/install/turtlebot3:/home/duttaishan01/turtlebot3_ws/install/turtlebot3_bringup:/home/duttaishan01/turtlebot3_ws/install/turtlebot3_node:/home/duttaishan01/turtlebot3_ws/install/turtlebot3_navigation2:/home/duttaishan01/turtlebot3_ws/install/turtlebot3_msgs:/home/duttaishan01/turtlebot3_ws/install/turtlebot3_description:/home/duttaishan01/turtlebot3_ws/install/turtlebot3_cartographer:/home/duttaishan01/turtlebot3_ws/install/dynamixel_sdk_examples:/home/duttaishan01/turtlebot3_ws/install/dynamixel_sdk_custom_interfaces:/home/duttaishan01/turtlebot3_ws/install/dynamixel_sdk:/home/duttaishan01/turtlebot3_ws/install/turtlebot3_teleop:/home/duttaishan01/turtlebot3_ws/install/turtlebot3_example:/home/duttaishan01/turtlebot3_ws/install/lab2:/opt/ros/humble LD_LIBRARY_PATH=/home/duttaishan01/robotics_course/enae450/turtlebot3_ws/install/turtlebot3_msgs/lib:/home/duttaishan01/robotics_course/enae450/turtlebot3_ws/install/dynamixel_sdk/lib:${LD_LIBRARY_PATH} PYTHONPATH=/home/duttaishan01/robotics_course/enae450/turtlebot3_ws/install/turtlebot3_msgs/local/lib/python3.10/dist-packages:/home/duttaishan01/robotics_course/enae450/turtlebot3_ws/install/dynamixel_sdk/local/lib/python3.10/dist-packages:${PYTHONPATH} /usr/bin/cmake --build /home/duttaishan01/robotics_course/enae450/turtlebot3_ws/build/turtlebot3_node -- -j4 -l4
[6.736s] [  7%] [32mBuilding CXX object CMakeFiles/turtlebot3_node_lib.dir/src/devices/sound.cpp.o[0m
[6.739s] [ 14%] [32mBuilding CXX object CMakeFiles/turtlebot3_node_lib.dir/src/devices/motor_power.cpp.o[0m
[7.840s] [ 21%] [32mBuilding CXX object CMakeFiles/turtlebot3_node_lib.dir/src/diff_drive_controller.cpp.o[0m
[9.003s] [ 28%] [32mBuilding CXX object CMakeFiles/turtlebot3_node_lib.dir/src/devices/reset.cpp.o[0m
[37.077s] [ 35%] [32mBuilding CXX object CMakeFiles/turtlebot3_node_lib.dir/src/turtlebot3.cpp.o[0m
[46.140s] [ 42%] [32mBuilding CXX object CMakeFiles/turtlebot3_node_lib.dir/src/sensors/battery_state.cpp.o[0m
[47.180s] [ 50%] [32mBuilding CXX object CMakeFiles/turtlebot3_node_lib.dir/src/odometry.cpp.o[0m
[48.232s] [ 57%] [32mBuilding CXX object CMakeFiles/turtlebot3_node_lib.dir/src/dynamixel_sdk_wrapper.cpp.o[0m
[50.659s] [ 64%] [32mBuilding CXX object CMakeFiles/turtlebot3_node_lib.dir/src/sensors/imu.cpp.o[0m
[62.445s] [ 71%] [32mBuilding CXX object CMakeFiles/turtlebot3_node_lib.dir/src/sensors/joint_state.cpp.o[0m
[68.627s] [ 78%] [32mBuilding CXX object CMakeFiles/turtlebot3_node_lib.dir/src/sensors/sensor_state.cpp.o[0m
[100.009s] [ 85%] [32m[1mLinking CXX static library libturtlebot3_node_lib.a[0m
[101.949s] [ 85%] Built target turtlebot3_node_lib
[102.035s] [ 92%] [32mBuilding CXX object CMakeFiles/turtlebot3_ros.dir/src/node_main.cpp.o[0m
[112.396s] [100%] [32m[1mLinking CXX executable turtlebot3_ros[0m
[117.859s] [100%] Built target turtlebot3_ros
[117.906s] Invoked command in '/home/duttaishan01/robotics_course/enae450/turtlebot3_ws/build/turtlebot3_node' returned '0': AMENT_PREFIX_PATH=/home/duttaishan01/robotics_course/enae450/turtlebot3_ws/install/turtlebot3_msgs:/home/duttaishan01/robotics_course/enae450/turtlebot3_ws/install/dynamixel_sdk:${AMENT_PREFIX_PATH} CMAKE_PREFIX_PATH=/home/duttaishan01/robotics_course/enae450/turtlebot3_ws/install/turtlebot3_msgs:/home/duttaishan01/robotics_course/enae450/turtlebot3_ws/install/dynamixel_sdk:/home/duttaishan01/turtlebot3_ws/install/turtlebot3:/home/duttaishan01/turtlebot3_ws/install/turtlebot3_bringup:/home/duttaishan01/turtlebot3_ws/install/turtlebot3_node:/home/duttaishan01/turtlebot3_ws/install/turtlebot3_navigation2:/home/duttaishan01/turtlebot3_ws/install/turtlebot3_msgs:/home/duttaishan01/turtlebot3_ws/install/turtlebot3_description:/home/duttaishan01/turtlebot3_ws/install/turtlebot3_cartographer:/home/duttaishan01/turtlebot3_ws/install/dynamixel_sdk_examples:/home/duttaishan01/turtlebot3_ws/install/dynamixel_sdk_custom_interfaces:/home/duttaishan01/turtlebot3_ws/install/dynamixel_sdk:/home/duttaishan01/turtlebot3_ws/install/turtlebot3_teleop:/home/duttaishan01/turtlebot3_ws/install/turtlebot3_example:/home/duttaishan01/turtlebot3_ws/install/lab2:/opt/ros/humble LD_LIBRARY_PATH=/home/duttaishan01/robotics_course/enae450/turtlebot3_ws/install/turtlebot3_msgs/lib:/home/duttaishan01/robotics_course/enae450/turtlebot3_ws/install/dynamixel_sdk/lib:${LD_LIBRARY_PATH} PYTHONPATH=/home/duttaishan01/robotics_course/enae450/turtlebot3_ws/install/turtlebot3_msgs/local/lib/python3.10/dist-packages:/home/duttaishan01/robotics_course/enae450/turtlebot3_ws/install/dynamixel_sdk/local/lib/python3.10/dist-packages:${PYTHONPATH} /usr/bin/cmake --build /home/duttaishan01/robotics_course/enae450/turtlebot3_ws/build/turtlebot3_node -- -j4 -l4
[117.908s] Invoking command in '/home/duttaishan01/robotics_course/enae450/turtlebot3_ws/build/turtlebot3_node': AMENT_PREFIX_PATH=/home/duttaishan01/robotics_course/enae450/turtlebot3_ws/install/turtlebot3_msgs:/home/duttaishan01/robotics_course/enae450/turtlebot3_ws/install/dynamixel_sdk:${AMENT_PREFIX_PATH} CMAKE_PREFIX_PATH=/home/duttaishan01/robotics_course/enae450/turtlebot3_ws/install/turtlebot3_msgs:/home/duttaishan01/robotics_course/enae450/turtlebot3_ws/install/dynamixel_sdk:/home/duttaishan01/turtlebot3_ws/install/turtlebot3:/home/duttaishan01/turtlebot3_ws/install/turtlebot3_bringup:/home/duttaishan01/turtlebot3_ws/install/turtlebot3_node:/home/duttaishan01/turtlebot3_ws/install/turtlebot3_navigation2:/home/duttaishan01/turtlebot3_ws/install/turtlebot3_msgs:/home/duttaishan01/turtlebot3_ws/install/turtlebot3_description:/home/duttaishan01/turtlebot3_ws/install/turtlebot3_cartographer:/home/duttaishan01/turtlebot3_ws/install/dynamixel_sdk_examples:/home/duttaishan01/turtlebot3_ws/install/dynamixel_sdk_custom_interfaces:/home/duttaishan01/turtlebot3_ws/install/dynamixel_sdk:/home/duttaishan01/turtlebot3_ws/install/turtlebot3_teleop:/home/duttaishan01/turtlebot3_ws/install/turtlebot3_example:/home/duttaishan01/turtlebot3_ws/install/lab2:/opt/ros/humble LD_LIBRARY_PATH=/home/duttaishan01/robotics_course/enae450/turtlebot3_ws/install/turtlebot3_msgs/lib:/home/duttaishan01/robotics_course/enae450/turtlebot3_ws/install/dynamixel_sdk/lib:${LD_LIBRARY_PATH} PYTHONPATH=/home/duttaishan01/robotics_course/enae450/turtlebot3_ws/install/turtlebot3_msgs/local/lib/python3.10/dist-packages:/home/duttaishan01/robotics_course/enae450/turtlebot3_ws/install/dynamixel_sdk/local/lib/python3.10/dist-packages:${PYTHONPATH} /usr/bin/cmake --install /home/duttaishan01/robotics_course/enae450/turtlebot3_ws/build/turtlebot3_node
[117.931s] -- Install configuration: ""
[117.932s] -- Installing: /home/duttaishan01/robotics_course/enae450/turtlebot3_ws/install/turtlebot3_node/share/turtlebot3_node/param
[117.935s] -- Installing: /home/duttaishan01/robotics_course/enae450/turtlebot3_ws/install/turtlebot3_node/share/turtlebot3_node/param/waffle_pi.yaml
[117.938s] -- Installing: /home/duttaishan01/robotics_course/enae450/turtlebot3_ws/install/turtlebot3_node/share/turtlebot3_node/param/burger.yaml
[117.941s] -- Installing: /home/duttaishan01/robotics_course/enae450/turtlebot3_ws/install/turtlebot3_node/share/turtlebot3_node/param/waffle.yaml
[117.943s] -- Installing: /home/duttaishan01/robotics_course/enae450/turtlebot3_ws/install/turtlebot3_node/lib/turtlebot3_node/turtlebot3_ros
[117.994s] -- Set runtime path of "/home/duttaishan01/robotics_course/enae450/turtlebot3_ws/install/turtlebot3_node/lib/turtlebot3_node/turtlebot3_ros" to ""
[117.995s] -- Installing: /home/duttaishan01/robotics_course/enae450/turtlebot3_ws/install/turtlebot3_node/share/ament_index/resource_index/package_run_dependencies/turtlebot3_node
[117.995s] -- Installing: /home/duttaishan01/robotics_course/enae450/turtlebot3_ws/install/turtlebot3_node/share/ament_index/resource_index/parent_prefix_path/turtlebot3_node
[117.996s] -- Installing: /home/duttaishan01/robotics_course/enae450/turtlebot3_ws/install/turtlebot3_node/share/turtlebot3_node/environment/ament_prefix_path.sh
[117.998s] -- Installing: /home/duttaishan01/robotics_course/enae450/turtlebot3_ws/install/turtlebot3_node/share/turtlebot3_node/environment/ament_prefix_path.dsv
[117.999s] -- Installing: /home/duttaishan01/robotics_course/enae450/turtlebot3_ws/install/turtlebot3_node/share/turtlebot3_node/environment/path.sh
[118.000s] -- Installing: /home/duttaishan01/robotics_course/enae450/turtlebot3_ws/install/turtlebot3_node/share/turtlebot3_node/environment/path.dsv
[118.001s] -- Installing: /home/duttaishan01/robotics_course/enae450/turtlebot3_ws/install/turtlebot3_node/share/turtlebot3_node/local_setup.bash
[118.002s] -- Installing: /home/duttaishan01/robotics_course/enae450/turtlebot3_ws/install/turtlebot3_node/share/turtlebot3_node/local_setup.sh
[118.003s] -- Installing: /home/duttaishan01/robotics_course/enae450/turtlebot3_ws/install/turtlebot3_node/share/turtlebot3_node/local_setup.zsh
[118.004s] -- Installing: /home/duttaishan01/robotics_course/enae450/turtlebot3_ws/install/turtlebot3_node/share/turtlebot3_node/local_setup.dsv
[118.004s] -- Installing: /home/duttaishan01/robotics_course/enae450/turtlebot3_ws/install/turtlebot3_node/share/turtlebot3_node/package.dsv
[118.006s] -- Installing: /home/duttaishan01/robotics_course/enae450/turtlebot3_ws/install/turtlebot3_node/share/ament_index/resource_index/packages/turtlebot3_node
[118.006s] -- Installing: /home/duttaishan01/robotics_course/enae450/turtlebot3_ws/install/turtlebot3_node/share/turtlebot3_node/cmake/ament_cmake_export_include_directories-extras.cmake
[118.007s] -- Installing: /home/duttaishan01/robotics_course/enae450/turtlebot3_ws/install/turtlebot3_node/share/turtlebot3_node/cmake/turtlebot3_nodeConfig.cmake
[118.008s] -- Installing: /home/duttaishan01/robotics_course/enae450/turtlebot3_ws/install/turtlebot3_node/share/turtlebot3_node/cmake/turtlebot3_nodeConfig-version.cmake
[118.009s] -- Installing: /home/duttaishan01/robotics_course/enae450/turtlebot3_ws/install/turtlebot3_node/share/turtlebot3_node/package.xml
[118.017s] Invoked command in '/home/duttaishan01/robotics_course/enae450/turtlebot3_ws/build/turtlebot3_node' returned '0': AMENT_PREFIX_PATH=/home/duttaishan01/robotics_course/enae450/turtlebot3_ws/install/turtlebot3_msgs:/home/duttaishan01/robotics_course/enae450/turtlebot3_ws/install/dynamixel_sdk:${AMENT_PREFIX_PATH} CMAKE_PREFIX_PATH=/home/duttaishan01/robotics_course/enae450/turtlebot3_ws/install/turtlebot3_msgs:/home/duttaishan01/robotics_course/enae450/turtlebot3_ws/install/dynamixel_sdk:/home/duttaishan01/turtlebot3_ws/install/turtlebot3:/home/duttaishan01/turtlebot3_ws/install/turtlebot3_bringup:/home/duttaishan01/turtlebot3_ws/install/turtlebot3_node:/home/duttaishan01/turtlebot3_ws/install/turtlebot3_navigation2:/home/duttaishan01/turtlebot3_ws/install/turtlebot3_msgs:/home/duttaishan01/turtlebot3_ws/install/turtlebot3_description:/home/duttaishan01/turtlebot3_ws/install/turtlebot3_cartographer:/home/duttaishan01/turtlebot3_ws/install/dynamixel_sdk_examples:/home/duttaishan01/turtlebot3_ws/install/dynamixel_sdk_custom_interfaces:/home/duttaishan01/turtlebot3_ws/install/dynamixel_sdk:/home/duttaishan01/turtlebot3_ws/install/turtlebot3_teleop:/home/duttaishan01/turtlebot3_ws/install/turtlebot3_example:/home/duttaishan01/turtlebot3_ws/install/lab2:/opt/ros/humble LD_LIBRARY_PATH=/home/duttaishan01/robotics_course/enae450/turtlebot3_ws/install/turtlebot3_msgs/lib:/home/duttaishan01/robotics_course/enae450/turtlebot3_ws/install/dynamixel_sdk/lib:${LD_LIBRARY_PATH} PYTHONPATH=/home/duttaishan01/robotics_course/enae450/turtlebot3_ws/install/turtlebot3_msgs/local/lib/python3.10/dist-packages:/home/duttaishan01/robotics_course/enae450/turtlebot3_ws/install/dynamixel_sdk/local/lib/python3.10/dist-packages:${PYTHONPATH} /usr/bin/cmake --install /home/duttaishan01/robotics_course/enae450/turtlebot3_ws/build/turtlebot3_node
