[1.437s] Invoking command in '/home/duttaishan01/robotics_course/ENAE450_lab/turtlebot3_ws/src/lab3': PYTHONPATH=/home/duttaishan01/robotics_course/ENAE450_lab/turtlebot3_ws/build/lab3/prefix_override:/usr/lib/python3/dist-packages/colcon_core/task/python/colcon_distutils_commands:/home/duttaishan01/robotics_course/ENAE450_lab/turtlebot3_ws/install/lab3/lib/python3.10/site-packages:${PYTHONPATH} /usr/bin/python3 -W ignore:setup.py install is deprecated -W ignore:easy_install command is deprecated setup.py egg_info --egg-base ../../build/lab3 build --build-base /home/duttaishan01/robotics_course/ENAE450_lab/turtlebot3_ws/build/lab3/build install --record /home/duttaishan01/robotics_course/ENAE450_lab/turtlebot3_ws/build/lab3/install.log --single-version-externally-managed install_data
[1.976s] running egg_info
[1.979s] writing ../../build/lab3/lab3.egg-info/PKG-INFO
[1.979s] writing dependency_links to ../../build/lab3/lab3.egg-info/dependency_links.txt
[1.981s] writing entry points to ../../build/lab3/lab3.egg-info/entry_points.txt
[1.981s] writing requirements to ../../build/lab3/lab3.egg-info/requires.txt
[1.982s] writing top-level names to ../../build/lab3/lab3.egg-info/top_level.txt
[1.987s] reading manifest file '../../build/lab3/lab3.egg-info/SOURCES.txt'
[1.992s] writing manifest file '../../build/lab3/lab3.egg-info/SOURCES.txt'
[1.993s] running build
[1.993s] running build_py
[1.993s] copying lab3/navigate_maze.py -> /home/duttaishan01/robotics_course/ENAE450_lab/turtlebot3_ws/build/lab3/build/lib/lab3
[1.993s] running install
[1.993s] running install_lib
[1.998s] copying /home/duttaishan01/robotics_course/ENAE450_lab/turtlebot3_ws/build/lab3/build/lib/lab3/navigate_maze.py -> /home/duttaishan01/robotics_course/ENAE450_lab/turtlebot3_ws/install/lab3/lib/python3.10/site-packages/lab3
[2.002s] byte-compiling /home/duttaishan01/robotics_course/ENAE450_lab/turtlebot3_ws/install/lab3/lib/python3.10/site-packages/lab3/navigate_maze.py to navigate_maze.cpython-310.pyc
[2.003s] running install_data
[2.003s] running install_egg_info
[2.015s] removing '/home/duttaishan01/robotics_course/ENAE450_lab/turtlebot3_ws/install/lab3/lib/python3.10/site-packages/lab3-0.0.0-py3.10.egg-info' (and everything under it)
[2.015s] Copying ../../build/lab3/lab3.egg-info to /home/duttaishan01/robotics_course/ENAE450_lab/turtlebot3_ws/install/lab3/lib/python3.10/site-packages/lab3-0.0.0-py3.10.egg-info
[2.016s] running install_scripts
[2.075s] Installing navigate_maze script to /home/duttaishan01/robotics_course/ENAE450_lab/turtlebot3_ws/install/lab3/lib/lab3
[2.076s] writing list of installed files to '/home/duttaishan01/robotics_course/ENAE450_lab/turtlebot3_ws/build/lab3/install.log'
[2.163s] Invoked command in '/home/duttaishan01/robotics_course/ENAE450_lab/turtlebot3_ws/src/lab3' returned '0': PYTHONPATH=/home/duttaishan01/robotics_course/ENAE450_lab/turtlebot3_ws/build/lab3/prefix_override:/usr/lib/python3/dist-packages/colcon_core/task/python/colcon_distutils_commands:/home/duttaishan01/robotics_course/ENAE450_lab/turtlebot3_ws/install/lab3/lib/python3.10/site-packages:${PYTHONPATH} /usr/bin/python3 -W ignore:setup.py install is deprecated -W ignore:easy_install command is deprecated setup.py egg_info --egg-base ../../build/lab3 build --build-base /home/duttaishan01/robotics_course/ENAE450_lab/turtlebot3_ws/build/lab3/build install --record /home/duttaishan01/robotics_course/ENAE450_lab/turtlebot3_ws/build/lab3/install.log --single-version-externally-managed install_data
