[0.043s] Invoking command in '/home/duttaishan01/turtlebot3_ws/build/dynamixel_sdk_examples': AMENT_PREFIX_PATH=/home/duttaishan01/turtlebot3_ws/install/dynamixel_sdk_custom_interfaces:/home/duttaishan01/turtlebot3_ws/install/dynamixel_sdk:${AMENT_PREFIX_PATH} CMAKE_PREFIX_PATH=/home/duttaishan01/turtlebot3_ws/install/dynamixel_sdk_custom_interfaces:/home/duttaishan01/turtlebot3_ws/install/dynamixel_sdk:/opt/ros/humble LD_LIBRARY_PATH=/home/duttaishan01/turtlebot3_ws/install/dynamixel_sdk_custom_interfaces/lib:/home/duttaishan01/turtlebot3_ws/install/dynamixel_sdk/lib:${LD_LIBRARY_PATH} PYTHONPATH=/home/duttaishan01/turtlebot3_ws/install/dynamixel_sdk_custom_interfaces/local/lib/python3.10/dist-packages:/home/duttaishan01/turtlebot3_ws/install/dynamixel_sdk/local/lib/python3.10/dist-packages:${PYTHONPATH} /usr/bin/cmake /home/duttaishan01/turtlebot3_ws/src/DynamixelSDK/ros/dynamixel_sdk_examples -DAMENT_CMAKE_SYMLINK_INSTALL=1 -DCMAKE_INSTALL_PREFIX=/home/duttaishan01/turtlebot3_ws/install/dynamixel_sdk_examples
[0.194s] -- The C compiler identification is GNU 11.4.0
[0.433s] -- The CXX compiler identification is GNU 11.4.0
[0.453s] -- Detecting C compiler ABI info
[0.601s] -- Detecting C compiler ABI info - done
[0.616s] -- Check for working C compiler: /usr/bin/cc - skipped
[0.616s] -- Detecting C compile features
[0.616s] -- Detecting C compile features - done
[0.628s] -- Detecting CXX compiler ABI info
[0.862s] -- Detecting CXX compiler ABI info - done
[0.871s] -- Check for working CXX compiler: /usr/bin/c++ - skipped
[0.871s] -- Detecting CXX compile features
[0.875s] -- Detecting CXX compile features - done
[0.880s] -- Found ament_cmake: 1.3.11 (/opt/ros/humble/share/ament_cmake/cmake)
[1.221s] -- Found Python3: /usr/bin/python3 (found version "3.10.12") found components: Interpreter 
[1.380s] -- Override CMake install command with custom implementation using symlinks instead of copying resources
[1.464s] -- Found dynamixel_sdk: 3.8.3 (/home/duttaishan01/turtlebot3_ws/install/dynamixel_sdk/share/dynamixel_sdk/cmake)
[1.466s] -- Found dynamixel_sdk_custom_interfaces: 3.8.3 (/home/duttaishan01/turtlebot3_ws/install/dynamixel_sdk_custom_interfaces/share/dynamixel_sdk_custom_interfaces/cmake)
[1.557s] -- Found rosidl_generator_c: 3.1.6 (/opt/ros/humble/share/rosidl_generator_c/cmake)
[1.564s] -- Found rosidl_adapter: 3.1.6 (/opt/ros/humble/share/rosidl_adapter/cmake)
[1.579s] -- Found rosidl_generator_cpp: 3.1.6 (/opt/ros/humble/share/rosidl_generator_cpp/cmake)
[1.596s] -- Using all available rosidl_typesupport_c: rosidl_typesupport_fastrtps_c;rosidl_typesupport_introspection_c
[1.620s] -- Using all available rosidl_typesupport_cpp: rosidl_typesupport_fastrtps_cpp;rosidl_typesupport_introspection_cpp
[1.671s] -- Found rclcpp: 16.0.11 (/opt/ros/humble/share/rclcpp/cmake)
[1.902s] -- Found rmw_implementation_cmake: 6.1.2 (/opt/ros/humble/share/rmw_implementation_cmake/cmake)
[1.920s] -- Found rmw_fastrtps_cpp: 6.2.7 (/opt/ros/humble/share/rmw_fastrtps_cpp/cmake)
[2.305s] -- Found OpenSSL: /usr/lib/x86_64-linux-gnu/libcrypto.so (found version "3.0.2")  
[2.394s] -- Found FastRTPS: /opt/ros/humble/include  
[2.482s] -- Using RMW implementation 'rmw_fastrtps_cpp' as default
[2.528s] -- Looking for pthread.h
[2.750s] -- Looking for pthread.h - found
[2.750s] -- Performing Test CMAKE_HAVE_LIBC_PTHREAD
[2.970s] -- Performing Test CMAKE_HAVE_LIBC_PTHREAD - Success
[2.971s] -- Found Threads: TRUE  
[3.160s] -- Found rclpy: 3.3.15 (/opt/ros/humble/share/rclpy/cmake)
[3.167s] -- Found ament_lint_auto: 0.12.11 (/opt/ros/humble/share/ament_lint_auto/cmake)
[3.407s] -- Added test 'copyright' to check source files copyright and LICENSE
[3.410s] -- Added test 'cppcheck' to perform static code analysis on C / C++ code
[3.410s] -- Configured cppcheck include dirs: /home/duttaishan01/turtlebot3_ws/src/DynamixelSDK/ros/dynamixel_sdk_examples/include
[3.410s] -- Configured cppcheck exclude dirs and/or files: 
[3.417s] -- Added test 'cpplint' to check C / C++ code against the Google style
[3.417s] -- Configured cpplint exclude dirs and/or files: 
[3.418s] -- Added test 'flake8' to check Python code syntax and style conventions
[3.420s] -- Added test 'lint_cmake' to check CMake code style
[3.422s] -- Added test 'pep257' to check Python code against some of the docstring style conventions in PEP 257
[3.424s] -- Added test 'uncrustify' to check C / C++ code style
[3.424s] -- Configured uncrustify additional arguments: 
[3.426s] -- Added test 'xmllint' to check XML markup files
[3.429s] -- Configuring done
[3.446s] -- Generating done
[3.455s] -- Build files have been written to: /home/duttaishan01/turtlebot3_ws/build/dynamixel_sdk_examples
[3.477s] Invoked command in '/home/duttaishan01/turtlebot3_ws/build/dynamixel_sdk_examples' returned '0': AMENT_PREFIX_PATH=/home/duttaishan01/turtlebot3_ws/install/dynamixel_sdk_custom_interfaces:/home/duttaishan01/turtlebot3_ws/install/dynamixel_sdk:${AMENT_PREFIX_PATH} CMAKE_PREFIX_PATH=/home/duttaishan01/turtlebot3_ws/install/dynamixel_sdk_custom_interfaces:/home/duttaishan01/turtlebot3_ws/install/dynamixel_sdk:/opt/ros/humble LD_LIBRARY_PATH=/home/duttaishan01/turtlebot3_ws/install/dynamixel_sdk_custom_interfaces/lib:/home/duttaishan01/turtlebot3_ws/install/dynamixel_sdk/lib:${LD_LIBRARY_PATH} PYTHONPATH=/home/duttaishan01/turtlebot3_ws/install/dynamixel_sdk_custom_interfaces/local/lib/python3.10/dist-packages:/home/duttaishan01/turtlebot3_ws/install/dynamixel_sdk/local/lib/python3.10/dist-packages:${PYTHONPATH} /usr/bin/cmake /home/duttaishan01/turtlebot3_ws/src/DynamixelSDK/ros/dynamixel_sdk_examples -DAMENT_CMAKE_SYMLINK_INSTALL=1 -DCMAKE_INSTALL_PREFIX=/home/duttaishan01/turtlebot3_ws/install/dynamixel_sdk_examples
[3.478s] Invoking command in '/home/duttaishan01/turtlebot3_ws/build/dynamixel_sdk_examples': AMENT_PREFIX_PATH=/home/duttaishan01/turtlebot3_ws/install/dynamixel_sdk_custom_interfaces:/home/duttaishan01/turtlebot3_ws/install/dynamixel_sdk:${AMENT_PREFIX_PATH} CMAKE_PREFIX_PATH=/home/duttaishan01/turtlebot3_ws/install/dynamixel_sdk_custom_interfaces:/home/duttaishan01/turtlebot3_ws/install/dynamixel_sdk:/opt/ros/humble LD_LIBRARY_PATH=/home/duttaishan01/turtlebot3_ws/install/dynamixel_sdk_custom_interfaces/lib:/home/duttaishan01/turtlebot3_ws/install/dynamixel_sdk/lib:${LD_LIBRARY_PATH} PYTHONPATH=/home/duttaishan01/turtlebot3_ws/install/dynamixel_sdk_custom_interfaces/local/lib/python3.10/dist-packages:/home/duttaishan01/turtlebot3_ws/install/dynamixel_sdk/local/lib/python3.10/dist-packages:${PYTHONPATH} /usr/bin/cmake --build /home/duttaishan01/turtlebot3_ws/build/dynamixel_sdk_examples -- -j4 -l4
[3.639s] [ 50%] [32mBuilding CXX object CMakeFiles/read_write_node.dir/src/read_write_node.cpp.o[0m
[23.094s] [100%] [32m[1mLinking CXX executable read_write_node[0m
[24.066s] [100%] Built target read_write_node
[24.085s] Invoked command in '/home/duttaishan01/turtlebot3_ws/build/dynamixel_sdk_examples' returned '0': AMENT_PREFIX_PATH=/home/duttaishan01/turtlebot3_ws/install/dynamixel_sdk_custom_interfaces:/home/duttaishan01/turtlebot3_ws/install/dynamixel_sdk:${AMENT_PREFIX_PATH} CMAKE_PREFIX_PATH=/home/duttaishan01/turtlebot3_ws/install/dynamixel_sdk_custom_interfaces:/home/duttaishan01/turtlebot3_ws/install/dynamixel_sdk:/opt/ros/humble LD_LIBRARY_PATH=/home/duttaishan01/turtlebot3_ws/install/dynamixel_sdk_custom_interfaces/lib:/home/duttaishan01/turtlebot3_ws/install/dynamixel_sdk/lib:${LD_LIBRARY_PATH} PYTHONPATH=/home/duttaishan01/turtlebot3_ws/install/dynamixel_sdk_custom_interfaces/local/lib/python3.10/dist-packages:/home/duttaishan01/turtlebot3_ws/install/dynamixel_sdk/local/lib/python3.10/dist-packages:${PYTHONPATH} /usr/bin/cmake --build /home/duttaishan01/turtlebot3_ws/build/dynamixel_sdk_examples -- -j4 -l4
[24.088s] Invoking command in '/home/duttaishan01/turtlebot3_ws/build/dynamixel_sdk_examples': AMENT_PREFIX_PATH=/home/duttaishan01/turtlebot3_ws/install/dynamixel_sdk_custom_interfaces:/home/duttaishan01/turtlebot3_ws/install/dynamixel_sdk:${AMENT_PREFIX_PATH} CMAKE_PREFIX_PATH=/home/duttaishan01/turtlebot3_ws/install/dynamixel_sdk_custom_interfaces:/home/duttaishan01/turtlebot3_ws/install/dynamixel_sdk:/opt/ros/humble LD_LIBRARY_PATH=/home/duttaishan01/turtlebot3_ws/install/dynamixel_sdk_custom_interfaces/lib:/home/duttaishan01/turtlebot3_ws/install/dynamixel_sdk/lib:${LD_LIBRARY_PATH} PYTHONPATH=/home/duttaishan01/turtlebot3_ws/install/dynamixel_sdk_custom_interfaces/local/lib/python3.10/dist-packages:/home/duttaishan01/turtlebot3_ws/install/dynamixel_sdk/local/lib/python3.10/dist-packages:${PYTHONPATH} /usr/bin/cmake --install /home/duttaishan01/turtlebot3_ws/build/dynamixel_sdk_examples
[24.108s] -- Install configuration: ""
[24.110s] -- Execute custom install script
[24.110s] -- Symlinking: /home/duttaishan01/turtlebot3_ws/install/dynamixel_sdk_examples/lib/dynamixel_sdk_examples/read_write_node
[24.140s] -- Symlinking: /home/duttaishan01/turtlebot3_ws/install/dynamixel_sdk_examples/lib/dynamixel_sdk_examples/read_write_node.py
[24.161s] -- Symlinking: /home/duttaishan01/turtlebot3_ws/install/dynamixel_sdk_examples/share/ament_index/resource_index/package_run_dependencies/dynamixel_sdk_examples
[24.181s] -- Symlinking: /home/duttaishan01/turtlebot3_ws/install/dynamixel_sdk_examples/share/ament_index/resource_index/parent_prefix_path/dynamixel_sdk_examples
[24.209s] -- Symlinking: /home/duttaishan01/turtlebot3_ws/install/dynamixel_sdk_examples/share/dynamixel_sdk_examples/environment/ament_prefix_path.sh
[24.239s] -- Symlinking: /home/duttaishan01/turtlebot3_ws/install/dynamixel_sdk_examples/share/dynamixel_sdk_examples/environment/ament_prefix_path.dsv
[24.261s] -- Symlinking: /home/duttaishan01/turtlebot3_ws/install/dynamixel_sdk_examples/share/dynamixel_sdk_examples/environment/path.sh
[24.277s] -- Symlinking: /home/duttaishan01/turtlebot3_ws/install/dynamixel_sdk_examples/share/dynamixel_sdk_examples/environment/path.dsv
[24.293s] -- Symlinking: /home/duttaishan01/turtlebot3_ws/install/dynamixel_sdk_examples/share/dynamixel_sdk_examples/local_setup.bash
[24.309s] -- Symlinking: /home/duttaishan01/turtlebot3_ws/install/dynamixel_sdk_examples/share/dynamixel_sdk_examples/local_setup.sh
[24.332s] -- Symlinking: /home/duttaishan01/turtlebot3_ws/install/dynamixel_sdk_examples/share/dynamixel_sdk_examples/local_setup.zsh
[24.355s] -- Symlinking: /home/duttaishan01/turtlebot3_ws/install/dynamixel_sdk_examples/share/dynamixel_sdk_examples/local_setup.dsv
[24.374s] -- Symlinking: /home/duttaishan01/turtlebot3_ws/install/dynamixel_sdk_examples/share/dynamixel_sdk_examples/package.dsv
[24.399s] -- Symlinking: /home/duttaishan01/turtlebot3_ws/install/dynamixel_sdk_examples/share/ament_index/resource_index/packages/dynamixel_sdk_examples
[24.420s] -- Symlinking: /home/duttaishan01/turtlebot3_ws/install/dynamixel_sdk_examples/share/dynamixel_sdk_examples/cmake/dynamixel_sdk_examplesConfig.cmake
[24.449s] -- Symlinking: /home/duttaishan01/turtlebot3_ws/install/dynamixel_sdk_examples/share/dynamixel_sdk_examples/cmake/dynamixel_sdk_examplesConfig-version.cmake
[24.471s] -- Symlinking: /home/duttaishan01/turtlebot3_ws/install/dynamixel_sdk_examples/share/dynamixel_sdk_examples/package.xml
[24.496s] Invoked command in '/home/duttaishan01/turtlebot3_ws/build/dynamixel_sdk_examples' returned '0': AMENT_PREFIX_PATH=/home/duttaishan01/turtlebot3_ws/install/dynamixel_sdk_custom_interfaces:/home/duttaishan01/turtlebot3_ws/install/dynamixel_sdk:${AMENT_PREFIX_PATH} CMAKE_PREFIX_PATH=/home/duttaishan01/turtlebot3_ws/install/dynamixel_sdk_custom_interfaces:/home/duttaishan01/turtlebot3_ws/install/dynamixel_sdk:/opt/ros/humble LD_LIBRARY_PATH=/home/duttaishan01/turtlebot3_ws/install/dynamixel_sdk_custom_interfaces/lib:/home/duttaishan01/turtlebot3_ws/install/dynamixel_sdk/lib:${LD_LIBRARY_PATH} PYTHONPATH=/home/duttaishan01/turtlebot3_ws/install/dynamixel_sdk_custom_interfaces/local/lib/python3.10/dist-packages:/home/duttaishan01/turtlebot3_ws/install/dynamixel_sdk/local/lib/python3.10/dist-packages:${PYTHONPATH} /usr/bin/cmake --install /home/duttaishan01/turtlebot3_ws/build/dynamixel_sdk_examples
