[1.826s] DEBUG:colcon:Command line arguments: ['/usr/bin/colcon', 'build']
[1.828s] DEBUG:colcon:Parsed command line arguments: Namespace(log_base=None, log_level=None, verb_name='build', build_base='build', install_base='install', merge_install=False, symlink_install=False, test_result_base=None, continue_on_error=False, executor='parallel', parallel_workers=4, event_handlers=None, ignore_user_meta=False, metas=['./colcon.meta'], base_paths=['.'], packages_ignore=None, packages_ignore_regex=None, paths=None, packages_up_to=None, packages_up_to_regex=None, packages_above=None, packages_above_and_dependencies=None, packages_above_depth=None, packages_select_by_dep=None, packages_skip_by_dep=None, packages_skip_up_to=None, packages_select_build_failed=False, packages_skip_build_finished=False, packages_select_test_failures=False, packages_skip_test_passed=False, packages_select=None, packages_skip=None, packages_select_regex=None, packages_skip_regex=None, packages_start=None, packages_end=None, allow_overriding=[], cmake_args=None, cmake_target=None, cmake_target_skip_unavailable=False, cmake_clean_cache=False, cmake_clean_first=False, cmake_force_configure=False, ament_cmake_args=None, catkin_cmake_args=None, catkin_skip_building_tests=False, mixin_files=None, mixin=None, verb_parser=<colcon_mixin.mixin.mixin_argument.MixinArgumentDecorator object at 0x744c6dba4640>, verb_extension=<colcon_core.verb.build.BuildVerb object at 0x744c6db6ff70>, main=<bound method BuildVerb.main of <colcon_core.verb.build.BuildVerb object at 0x744c6db6ff70>>, mixin_verb=('build',))
[5.297s] Level 1:colcon.colcon_core.package_discovery:discover_packages(colcon_meta) check parameters
[5.298s] Level 1:colcon.colcon_core.package_discovery:discover_packages(recursive) check parameters
[5.299s] Level 1:colcon.colcon_core.package_discovery:discover_packages(ignore) check parameters
[5.299s] Level 1:colcon.colcon_core.package_discovery:discover_packages(path) check parameters
[5.302s] Level 1:colcon.colcon_core.package_discovery:discover_packages(colcon_meta) discover
[5.303s] Level 1:colcon.colcon_core.package_discovery:discover_packages(recursive) discover
[5.306s] INFO:colcon.colcon_core.package_discovery:Crawling recursively for packages in '/home/duttaishan01/robotics_course/ENAE450_lab/turtlebot3_ws'
[5.306s] Level 1:colcon.colcon_core.package_identification:_identify(.) by extensions ['ignore', 'ignore_ament_install']
[5.307s] Level 1:colcon.colcon_core.package_identification:_identify(.) by extension 'ignore'
[5.307s] Level 1:colcon.colcon_core.package_identification:_identify(.) by extension 'ignore_ament_install'
[5.308s] Level 1:colcon.colcon_core.package_identification:_identify(.) by extensions ['colcon_pkg']
[5.309s] Level 1:colcon.colcon_core.package_identification:_identify(.) by extension 'colcon_pkg'
[5.309s] Level 1:colcon.colcon_core.package_identification:_identify(.) by extensions ['colcon_meta']
[5.316s] Level 1:colcon.colcon_core.package_identification:_identify(.) by extension 'colcon_meta'
[5.316s] Level 1:colcon.colcon_core.package_identification:_identify(.) by extensions ['ros']
[5.317s] Level 1:colcon.colcon_core.package_identification:_identify(.) by extension 'ros'
[5.382s] Level 1:colcon.colcon_core.package_identification:_identify(.) by extensions ['cmake', 'python']
[5.383s] Level 1:colcon.colcon_core.package_identification:_identify(.) by extension 'cmake'
[5.384s] Level 1:colcon.colcon_core.package_identification:_identify(.) by extension 'python'
[5.384s] Level 1:colcon.colcon_core.package_identification:_identify(.) by extensions ['python_setup_py']
[5.385s] Level 1:colcon.colcon_core.package_identification:_identify(.) by extension 'python_setup_py'
[5.399s] Level 1:colcon.colcon_core.package_identification:_identify(build) by extensions ['ignore', 'ignore_ament_install']
[5.402s] Level 1:colcon.colcon_core.package_identification:_identify(build) by extension 'ignore'
[5.403s] Level 1:colcon.colcon_core.package_identification:_identify(build) ignored
[5.404s] Level 1:colcon.colcon_core.package_identification:_identify(install) by extensions ['ignore', 'ignore_ament_install']
[5.405s] Level 1:colcon.colcon_core.package_identification:_identify(install) by extension 'ignore'
[5.406s] Level 1:colcon.colcon_core.package_identification:_identify(install) ignored
[5.407s] Level 1:colcon.colcon_core.package_identification:_identify(log) by extensions ['ignore', 'ignore_ament_install']
[5.408s] Level 1:colcon.colcon_core.package_identification:_identify(log) by extension 'ignore'
[5.409s] Level 1:colcon.colcon_core.package_identification:_identify(log) ignored
[5.411s] Level 1:colcon.colcon_core.package_identification:_identify(src) by extensions ['ignore', 'ignore_ament_install']
[5.412s] Level 1:colcon.colcon_core.package_identification:_identify(src) by extension 'ignore'
[5.412s] Level 1:colcon.colcon_core.package_identification:_identify(src) by extension 'ignore_ament_install'
[5.413s] Level 1:colcon.colcon_core.package_identification:_identify(src) by extensions ['colcon_pkg']
[5.413s] Level 1:colcon.colcon_core.package_identification:_identify(src) by extension 'colcon_pkg'
[5.414s] Level 1:colcon.colcon_core.package_identification:_identify(src) by extensions ['colcon_meta']
[5.415s] Level 1:colcon.colcon_core.package_identification:_identify(src) by extension 'colcon_meta'
[5.416s] Level 1:colcon.colcon_core.package_identification:_identify(src) by extensions ['ros']
[5.416s] Level 1:colcon.colcon_core.package_identification:_identify(src) by extension 'ros'
[5.418s] Level 1:colcon.colcon_core.package_identification:_identify(src) by extensions ['cmake', 'python']
[5.419s] Level 1:colcon.colcon_core.package_identification:_identify(src) by extension 'cmake'
[5.419s] Level 1:colcon.colcon_core.package_identification:_identify(src) by extension 'python'
[5.421s] Level 1:colcon.colcon_core.package_identification:_identify(src) by extensions ['python_setup_py']
[5.421s] Level 1:colcon.colcon_core.package_identification:_identify(src) by extension 'python_setup_py'
[5.422s] Level 1:colcon.colcon_core.package_identification:_identify(src/DynamixelSDK) by extensions ['ignore', 'ignore_ament_install']
[5.423s] Level 1:colcon.colcon_core.package_identification:_identify(src/DynamixelSDK) by extension 'ignore'
[5.424s] Level 1:colcon.colcon_core.package_identification:_identify(src/DynamixelSDK) by extension 'ignore_ament_install'
[5.424s] Level 1:colcon.colcon_core.package_identification:_identify(src/DynamixelSDK) by extensions ['colcon_pkg']
[5.424s] Level 1:colcon.colcon_core.package_identification:_identify(src/DynamixelSDK) by extension 'colcon_pkg'
[5.425s] Level 1:colcon.colcon_core.package_identification:_identify(src/DynamixelSDK) by extensions ['colcon_meta']
[5.425s] Level 1:colcon.colcon_core.package_identification:_identify(src/DynamixelSDK) by extension 'colcon_meta'
[5.425s] Level 1:colcon.colcon_core.package_identification:_identify(src/DynamixelSDK) by extensions ['ros']
[5.425s] Level 1:colcon.colcon_core.package_identification:_identify(src/DynamixelSDK) by extension 'ros'
[5.426s] Level 1:colcon.colcon_core.package_identification:_identify(src/DynamixelSDK) by extensions ['cmake', 'python']
[5.426s] Level 1:colcon.colcon_core.package_identification:_identify(src/DynamixelSDK) by extension 'cmake'
[5.427s] Level 1:colcon.colcon_core.package_identification:_identify(src/DynamixelSDK) by extension 'python'
[5.427s] Level 1:colcon.colcon_core.package_identification:_identify(src/DynamixelSDK) by extensions ['python_setup_py']
[5.428s] Level 1:colcon.colcon_core.package_identification:_identify(src/DynamixelSDK) by extension 'python_setup_py'
[5.428s] Level 1:colcon.colcon_core.package_identification:_identify(src/lab2) by extensions ['ignore', 'ignore_ament_install']
[5.429s] Level 1:colcon.colcon_core.package_identification:_identify(src/lab2) by extension 'ignore'
[5.430s] Level 1:colcon.colcon_core.package_identification:_identify(src/lab2) by extension 'ignore_ament_install'
[5.432s] Level 1:colcon.colcon_core.package_identification:_identify(src/lab2) by extensions ['colcon_pkg']
[5.433s] Level 1:colcon.colcon_core.package_identification:_identify(src/lab2) by extension 'colcon_pkg'
[5.435s] Level 1:colcon.colcon_core.package_identification:_identify(src/lab2) by extensions ['colcon_meta']
[5.436s] Level 1:colcon.colcon_core.package_identification:_identify(src/lab2) by extension 'colcon_meta'
[5.437s] Level 1:colcon.colcon_core.package_identification:_identify(src/lab2) by extensions ['ros']
[5.437s] Level 1:colcon.colcon_core.package_identification:_identify(src/lab2) by extension 'ros'
[5.448s] DEBUG:colcon.colcon_core.package_identification:Package 'src/lab2' with type 'ros.ament_python' and name 'lab2'
[5.449s] Level 1:colcon.colcon_core.package_identification:_identify(src/lab3) by extensions ['ignore', 'ignore_ament_install']
[5.449s] Level 1:colcon.colcon_core.package_identification:_identify(src/lab3) by extension 'ignore'
[5.454s] Level 1:colcon.colcon_core.package_identification:_identify(src/lab3) by extension 'ignore_ament_install'
[5.455s] Level 1:colcon.colcon_core.package_identification:_identify(src/lab3) by extensions ['colcon_pkg']
[5.456s] Level 1:colcon.colcon_core.package_identification:_identify(src/lab3) by extension 'colcon_pkg'
[5.459s] Level 1:colcon.colcon_core.package_identification:_identify(src/lab3) by extensions ['colcon_meta']
[5.460s] Level 1:colcon.colcon_core.package_identification:_identify(src/lab3) by extension 'colcon_meta'
[5.461s] Level 1:colcon.colcon_core.package_identification:_identify(src/lab3) by extensions ['ros']
[5.461s] Level 1:colcon.colcon_core.package_identification:_identify(src/lab3) by extension 'ros'
[5.464s] DEBUG:colcon.colcon_core.package_identification:Package 'src/lab3' with type 'ros.ament_python' and name 'lab3'
[5.467s] Level 1:colcon.colcon_core.package_identification:_identify(src/turtlebot3) by extensions ['ignore', 'ignore_ament_install']
[5.468s] Level 1:colcon.colcon_core.package_identification:_identify(src/turtlebot3) by extension 'ignore'
[5.471s] Level 1:colcon.colcon_core.package_identification:_identify(src/turtlebot3) by extension 'ignore_ament_install'
[5.471s] Level 1:colcon.colcon_core.package_identification:_identify(src/turtlebot3) by extensions ['colcon_pkg']
[5.472s] Level 1:colcon.colcon_core.package_identification:_identify(src/turtlebot3) by extension 'colcon_pkg'
[5.472s] Level 1:colcon.colcon_core.package_identification:_identify(src/turtlebot3) by extensions ['colcon_meta']
[5.472s] Level 1:colcon.colcon_core.package_identification:_identify(src/turtlebot3) by extension 'colcon_meta'
[5.472s] Level 1:colcon.colcon_core.package_identification:_identify(src/turtlebot3) by extensions ['ros']
[5.474s] Level 1:colcon.colcon_core.package_identification:_identify(src/turtlebot3) by extension 'ros'
[5.476s] Level 1:colcon.colcon_core.package_identification:_identify(src/turtlebot3) by extensions ['cmake', 'python']
[5.477s] Level 1:colcon.colcon_core.package_identification:_identify(src/turtlebot3) by extension 'cmake'
[5.477s] Level 1:colcon.colcon_core.package_identification:_identify(src/turtlebot3) by extension 'python'
[5.478s] Level 1:colcon.colcon_core.package_identification:_identify(src/turtlebot3) by extensions ['python_setup_py']
[5.478s] Level 1:colcon.colcon_core.package_identification:_identify(src/turtlebot3) by extension 'python_setup_py'
[5.478s] Level 1:colcon.colcon_core.package_identification:_identify(src/turtlebot3_msgs) by extensions ['ignore', 'ignore_ament_install']
[5.478s] Level 1:colcon.colcon_core.package_identification:_identify(src/turtlebot3_msgs) by extension 'ignore'
[5.478s] Level 1:colcon.colcon_core.package_identification:_identify(src/turtlebot3_msgs) by extension 'ignore_ament_install'
[5.480s] Level 1:colcon.colcon_core.package_identification:_identify(src/turtlebot3_msgs) by extensions ['colcon_pkg']
[5.480s] Level 1:colcon.colcon_core.package_identification:_identify(src/turtlebot3_msgs) by extension 'colcon_pkg'
[5.480s] Level 1:colcon.colcon_core.package_identification:_identify(src/turtlebot3_msgs) by extensions ['colcon_meta']
[5.480s] Level 1:colcon.colcon_core.package_identification:_identify(src/turtlebot3_msgs) by extension 'colcon_meta'
[5.481s] Level 1:colcon.colcon_core.package_identification:_identify(src/turtlebot3_msgs) by extensions ['ros']
[5.481s] Level 1:colcon.colcon_core.package_identification:_identify(src/turtlebot3_msgs) by extension 'ros'
[5.481s] Level 1:colcon.colcon_core.package_identification:_identify(src/turtlebot3_msgs) by extensions ['cmake', 'python']
[5.482s] Level 1:colcon.colcon_core.package_identification:_identify(src/turtlebot3_msgs) by extension 'cmake'
[5.483s] Level 1:colcon.colcon_core.package_identification:_identify(src/turtlebot3_msgs) by extension 'python'
[5.483s] Level 1:colcon.colcon_core.package_identification:_identify(src/turtlebot3_msgs) by extensions ['python_setup_py']
[5.483s] Level 1:colcon.colcon_core.package_identification:_identify(src/turtlebot3_msgs) by extension 'python_setup_py'
[5.484s] Level 1:colcon.colcon_core.package_discovery:discover_packages(recursive) using defaults
[5.485s] Level 1:colcon.colcon_core.package_discovery:discover_packages(ignore) discover
[5.485s] Level 1:colcon.colcon_core.package_discovery:discover_packages(ignore) using defaults
[5.486s] Level 1:colcon.colcon_core.package_discovery:discover_packages(path) discover
[5.486s] Level 1:colcon.colcon_core.package_discovery:discover_packages(path) using defaults
[5.625s] Level 1:colcon.colcon_core.package_discovery:discover_packages(prefix_path) check parameters
[5.625s] Level 1:colcon.colcon_core.package_discovery:discover_packages(prefix_path) discover
[5.654s] DEBUG:colcon.colcon_installed_package_information.package_discovery:Found 13 installed packages in /home/duttaishan01/robotics_course/ENAE450_lab/turtlebot3_ws/install
[5.662s] DEBUG:colcon.colcon_installed_package_information.package_discovery:Found 463 installed packages in /opt/ros/humble
[5.672s] Level 1:colcon.colcon_core.package_discovery:discover_packages(prefix_path) using defaults
[5.991s] Level 5:colcon.colcon_core.verb:set package 'lab2' build argument 'cmake_args' from command line to 'None'
[5.992s] Level 5:colcon.colcon_core.verb:set package 'lab2' build argument 'cmake_target' from command line to 'None'
[5.992s] Level 5:colcon.colcon_core.verb:set package 'lab2' build argument 'cmake_target_skip_unavailable' from command line to 'False'
[5.993s] Level 5:colcon.colcon_core.verb:set package 'lab2' build argument 'cmake_clean_cache' from command line to 'False'
[5.993s] Level 5:colcon.colcon_core.verb:set package 'lab2' build argument 'cmake_clean_first' from command line to 'False'
[5.993s] Level 5:colcon.colcon_core.verb:set package 'lab2' build argument 'cmake_force_configure' from command line to 'False'
[5.994s] Level 5:colcon.colcon_core.verb:set package 'lab2' build argument 'ament_cmake_args' from command line to 'None'
[5.995s] Level 5:colcon.colcon_core.verb:set package 'lab2' build argument 'catkin_cmake_args' from command line to 'None'
[5.996s] Level 5:colcon.colcon_core.verb:set package 'lab2' build argument 'catkin_skip_building_tests' from command line to 'False'
[5.997s] DEBUG:colcon.colcon_core.verb:Building package 'lab2' with the following arguments: {'ament_cmake_args': None, 'build_base': '/home/duttaishan01/robotics_course/ENAE450_lab/turtlebot3_ws/build/lab2', 'catkin_cmake_args': None, 'catkin_skip_building_tests': False, 'cmake_args': None, 'cmake_clean_cache': False, 'cmake_clean_first': False, 'cmake_force_configure': False, 'cmake_target': None, 'cmake_target_skip_unavailable': False, 'install_base': '/home/duttaishan01/robotics_course/ENAE450_lab/turtlebot3_ws/install/lab2', 'merge_install': False, 'path': '/home/duttaishan01/robotics_course/ENAE450_lab/turtlebot3_ws/src/lab2', 'symlink_install': False, 'test_result_base': None}
[6.001s] Level 5:colcon.colcon_core.verb:set package 'lab3' build argument 'cmake_args' from command line to 'None'
[6.002s] Level 5:colcon.colcon_core.verb:set package 'lab3' build argument 'cmake_target' from command line to 'None'
[6.002s] Level 5:colcon.colcon_core.verb:set package 'lab3' build argument 'cmake_target_skip_unavailable' from command line to 'False'
[6.003s] Level 5:colcon.colcon_core.verb:set package 'lab3' build argument 'cmake_clean_cache' from command line to 'False'
[6.003s] Level 5:colcon.colcon_core.verb:set package 'lab3' build argument 'cmake_clean_first' from command line to 'False'
[6.003s] Level 5:colcon.colcon_core.verb:set package 'lab3' build argument 'cmake_force_configure' from command line to 'False'
[6.003s] Level 5:colcon.colcon_core.verb:set package 'lab3' build argument 'ament_cmake_args' from command line to 'None'
[6.003s] Level 5:colcon.colcon_core.verb:set package 'lab3' build argument 'catkin_cmake_args' from command line to 'None'
[6.003s] Level 5:colcon.colcon_core.verb:set package 'lab3' build argument 'catkin_skip_building_tests' from command line to 'False'
[6.003s] DEBUG:colcon.colcon_core.verb:Building package 'lab3' with the following arguments: {'ament_cmake_args': None, 'build_base': '/home/duttaishan01/robotics_course/ENAE450_lab/turtlebot3_ws/build/lab3', 'catkin_cmake_args': None, 'catkin_skip_building_tests': False, 'cmake_args': None, 'cmake_clean_cache': False, 'cmake_clean_first': False, 'cmake_force_configure': False, 'cmake_target': None, 'cmake_target_skip_unavailable': False, 'install_base': '/home/duttaishan01/robotics_course/ENAE450_lab/turtlebot3_ws/install/lab3', 'merge_install': False, 'path': '/home/duttaishan01/robotics_course/ENAE450_lab/turtlebot3_ws/src/lab3', 'symlink_install': False, 'test_result_base': None}
[6.004s] INFO:colcon.colcon_core.executor:Executing jobs using 'parallel' executor
[6.014s] DEBUG:colcon.colcon_parallel_executor.executor.parallel:run_until_complete
[6.017s] INFO:colcon.colcon_ros.task.ament_python.build:Building ROS package in '/home/duttaishan01/robotics_course/ENAE450_lab/turtlebot3_ws/src/lab2' with build type 'ament_python'
[6.018s] Level 1:colcon.colcon_core.shell:create_environment_hook('lab2', 'ament_prefix_path')
[6.117s] INFO:colcon.colcon_core.plugin_system:Skipping extension 'colcon_core.shell.bat': Not used on non-Windows systems
[6.136s] INFO:colcon.colcon_core.shell:Creating environment hook '/home/duttaishan01/robotics_course/ENAE450_lab/turtlebot3_ws/install/lab2/share/lab2/hook/ament_prefix_path.ps1'
[6.159s] INFO:colcon.colcon_core.shell:Creating environment descriptor '/home/duttaishan01/robotics_course/ENAE450_lab/turtlebot3_ws/install/lab2/share/lab2/hook/ament_prefix_path.dsv'
[6.169s] INFO:colcon.colcon_core.shell:Creating environment hook '/home/duttaishan01/robotics_course/ENAE450_lab/turtlebot3_ws/install/lab2/share/lab2/hook/ament_prefix_path.sh'
[6.182s] INFO:colcon.colcon_core.shell:Skip shell extension 'powershell' for command environment: Not usable outside of PowerShell
[6.183s] DEBUG:colcon.colcon_core.shell:Skip shell extension 'dsv' for command environment
[6.240s] INFO:colcon.colcon_ros.task.ament_python.build:Building ROS package in '/home/duttaishan01/robotics_course/ENAE450_lab/turtlebot3_ws/src/lab3' with build type 'ament_python'
[6.242s] Level 1:colcon.colcon_core.shell:create_environment_hook('lab3', 'ament_prefix_path')
[6.243s] INFO:colcon.colcon_core.shell:Creating environment hook '/home/duttaishan01/robotics_course/ENAE450_lab/turtlebot3_ws/install/lab3/share/lab3/hook/ament_prefix_path.ps1'
[6.246s] INFO:colcon.colcon_core.shell:Creating environment descriptor '/home/duttaishan01/robotics_course/ENAE450_lab/turtlebot3_ws/install/lab3/share/lab3/hook/ament_prefix_path.dsv'
[6.252s] INFO:colcon.colcon_core.shell:Creating environment hook '/home/duttaishan01/robotics_course/ENAE450_lab/turtlebot3_ws/install/lab3/share/lab3/hook/ament_prefix_path.sh'
[6.255s] INFO:colcon.colcon_core.shell:Skip shell extension 'powershell' for command environment: Not usable outside of PowerShell
[6.256s] DEBUG:colcon.colcon_core.shell:Skip shell extension 'dsv' for command environment
[8.673s] INFO:colcon.colcon_core.task.python.build:Building Python package in '/home/duttaishan01/robotics_course/ENAE450_lab/turtlebot3_ws/src/lab2'
[8.678s] INFO:colcon.colcon_core.shell:Skip shell extension 'powershell' for command environment: Not usable outside of PowerShell
[8.680s] DEBUG:colcon.colcon_core.shell:Skip shell extension 'dsv' for command environment
[12.022s] INFO:colcon.colcon_core.task.python.build:Building Python package in '/home/duttaishan01/robotics_course/ENAE450_lab/turtlebot3_ws/src/lab3'
[12.026s] INFO:colcon.colcon_core.shell:Skip shell extension 'powershell' for command environment: Not usable outside of PowerShell
[12.027s] DEBUG:colcon.colcon_core.shell:Skip shell extension 'dsv' for command environment
[19.842s] DEBUG:colcon.colcon_core.event_handler.log_command:Invoking command in '/home/duttaishan01/robotics_course/ENAE450_lab/turtlebot3_ws/src/lab2': PYTHONPATH=/home/duttaishan01/robotics_course/ENAE450_lab/turtlebot3_ws/build/lab2/prefix_override:/usr/lib/python3/dist-packages/colcon_core/task/python/colcon_distutils_commands:/home/duttaishan01/robotics_course/ENAE450_lab/turtlebot3_ws/install/lab2/lib/python3.10/site-packages:${PYTHONPATH} /usr/bin/python3 -W ignore:setup.py install is deprecated -W ignore:easy_install command is deprecated setup.py egg_info --egg-base ../../build/lab2 build --build-base /home/duttaishan01/robotics_course/ENAE450_lab/turtlebot3_ws/build/lab2/build install --record /home/duttaishan01/robotics_course/ENAE450_lab/turtlebot3_ws/build/lab2/install.log --single-version-externally-managed install_data
[19.977s] DEBUG:colcon.colcon_core.event_handler.log_command:Invoking command in '/home/duttaishan01/robotics_course/ENAE450_lab/turtlebot3_ws/src/lab3': PYTHONPATH=/home/duttaishan01/robotics_course/ENAE450_lab/turtlebot3_ws/build/lab3/prefix_override:/usr/lib/python3/dist-packages/colcon_core/task/python/colcon_distutils_commands:/home/duttaishan01/robotics_course/ENAE450_lab/turtlebot3_ws/install/lab3/lib/python3.10/site-packages:${PYTHONPATH} /usr/bin/python3 -W ignore:setup.py install is deprecated -W ignore:easy_install command is deprecated setup.py egg_info --egg-base ../../build/lab3 build --build-base /home/duttaishan01/robotics_course/ENAE450_lab/turtlebot3_ws/build/lab3/build install --record /home/duttaishan01/robotics_course/ENAE450_lab/turtlebot3_ws/build/lab3/install.log --single-version-externally-managed install_data
[22.007s] DEBUG:colcon.colcon_core.event_handler.log_command:Invoked command in '/home/duttaishan01/robotics_course/ENAE450_lab/turtlebot3_ws/src/lab2' returned '0': PYTHONPATH=/home/duttaishan01/robotics_course/ENAE450_lab/turtlebot3_ws/build/lab2/prefix_override:/usr/lib/python3/dist-packages/colcon_core/task/python/colcon_distutils_commands:/home/duttaishan01/robotics_course/ENAE450_lab/turtlebot3_ws/install/lab2/lib/python3.10/site-packages:${PYTHONPATH} /usr/bin/python3 -W ignore:setup.py install is deprecated -W ignore:easy_install command is deprecated setup.py egg_info --egg-base ../../build/lab2 build --build-base /home/duttaishan01/robotics_course/ENAE450_lab/turtlebot3_ws/build/lab2/build install --record /home/duttaishan01/robotics_course/ENAE450_lab/turtlebot3_ws/build/lab2/install.log --single-version-externally-managed install_data
[22.136s] Level 1:colcon.colcon_core.environment:checking '/home/duttaishan01/robotics_course/ENAE450_lab/turtlebot3_ws/install/lab2' for CMake module files
[22.137s] Level 1:colcon.colcon_core.environment:checking '/home/duttaishan01/robotics_course/ENAE450_lab/turtlebot3_ws/install/lab2' for CMake config files
[22.144s] Level 1:colcon.colcon_core.environment:checking '/home/duttaishan01/robotics_course/ENAE450_lab/turtlebot3_ws/install/lab2/lib'
[22.160s] Level 1:colcon.colcon_core.environment:checking '/home/duttaishan01/robotics_course/ENAE450_lab/turtlebot3_ws/install/lab2/bin'
[22.164s] Level 1:colcon.colcon_core.environment:checking '/home/duttaishan01/robotics_course/ENAE450_lab/turtlebot3_ws/install/lab2/lib/pkgconfig/lab2.pc'
[22.183s] Level 1:colcon.colcon_core.environment:checking '/home/duttaishan01/robotics_course/ENAE450_lab/turtlebot3_ws/install/lab2/lib/python3.10/site-packages'
[22.189s] Level 1:colcon.colcon_core.shell:create_environment_hook('lab2', 'pythonpath')
[22.192s] INFO:colcon.colcon_core.shell:Creating environment hook '/home/duttaishan01/robotics_course/ENAE450_lab/turtlebot3_ws/install/lab2/share/lab2/hook/pythonpath.ps1'
[22.200s] INFO:colcon.colcon_core.shell:Creating environment descriptor '/home/duttaishan01/robotics_course/ENAE450_lab/turtlebot3_ws/install/lab2/share/lab2/hook/pythonpath.dsv'
[22.213s] INFO:colcon.colcon_core.shell:Creating environment hook '/home/duttaishan01/robotics_course/ENAE450_lab/turtlebot3_ws/install/lab2/share/lab2/hook/pythonpath.sh'
[22.225s] Level 1:colcon.colcon_core.environment:checking '/home/duttaishan01/robotics_course/ENAE450_lab/turtlebot3_ws/install/lab2/bin'
[22.226s] Level 1:colcon.colcon_core.environment:create_environment_scripts_only(lab2)
[22.229s] INFO:colcon.colcon_core.shell:Creating package script '/home/duttaishan01/robotics_course/ENAE450_lab/turtlebot3_ws/install/lab2/share/lab2/package.ps1'
[22.250s] INFO:colcon.colcon_core.shell:Creating package descriptor '/home/duttaishan01/robotics_course/ENAE450_lab/turtlebot3_ws/install/lab2/share/lab2/package.dsv'
[22.318s] INFO:colcon.colcon_core.shell:Creating package script '/home/duttaishan01/robotics_course/ENAE450_lab/turtlebot3_ws/install/lab2/share/lab2/package.sh'
[22.339s] INFO:colcon.colcon_core.shell:Creating package script '/home/duttaishan01/robotics_course/ENAE450_lab/turtlebot3_ws/install/lab2/share/lab2/package.bash'
[22.359s] INFO:colcon.colcon_core.shell:Creating package script '/home/duttaishan01/robotics_course/ENAE450_lab/turtlebot3_ws/install/lab2/share/lab2/package.zsh'
[22.403s] Level 1:colcon.colcon_core.environment:create_file_with_runtime_dependencies(/home/duttaishan01/robotics_course/ENAE450_lab/turtlebot3_ws/install/lab2/share/colcon-core/packages/lab2)
[22.440s] Level 1:colcon.colcon_core.environment:checking '/home/duttaishan01/robotics_course/ENAE450_lab/turtlebot3_ws/install/lab3' for CMake module files
[22.446s] Level 1:colcon.colcon_core.environment:checking '/home/duttaishan01/robotics_course/ENAE450_lab/turtlebot3_ws/install/lab3' for CMake config files
[22.464s] DEBUG:colcon.colcon_core.event_handler.log_command:Invoked command in '/home/duttaishan01/robotics_course/ENAE450_lab/turtlebot3_ws/src/lab3' returned '0': PYTHONPATH=/home/duttaishan01/robotics_course/ENAE450_lab/turtlebot3_ws/build/lab3/prefix_override:/usr/lib/python3/dist-packages/colcon_core/task/python/colcon_distutils_commands:/home/duttaishan01/robotics_course/ENAE450_lab/turtlebot3_ws/install/lab3/lib/python3.10/site-packages:${PYTHONPATH} /usr/bin/python3 -W ignore:setup.py install is deprecated -W ignore:easy_install command is deprecated setup.py egg_info --egg-base ../../build/lab3 build --build-base /home/duttaishan01/robotics_course/ENAE450_lab/turtlebot3_ws/build/lab3/build install --record /home/duttaishan01/robotics_course/ENAE450_lab/turtlebot3_ws/build/lab3/install.log --single-version-externally-managed install_data
[22.465s] Level 1:colcon.colcon_core.environment:checking '/home/duttaishan01/robotics_course/ENAE450_lab/turtlebot3_ws/install/lab3/lib'
[22.466s] Level 1:colcon.colcon_core.environment:checking '/home/duttaishan01/robotics_course/ENAE450_lab/turtlebot3_ws/install/lab3/bin'
[22.466s] Level 1:colcon.colcon_core.environment:checking '/home/duttaishan01/robotics_course/ENAE450_lab/turtlebot3_ws/install/lab3/lib/pkgconfig/lab3.pc'
[22.467s] Level 1:colcon.colcon_core.environment:checking '/home/duttaishan01/robotics_course/ENAE450_lab/turtlebot3_ws/install/lab3/lib/python3.10/site-packages'
[22.473s] Level 1:colcon.colcon_core.shell:create_environment_hook('lab3', 'pythonpath')
[22.479s] INFO:colcon.colcon_core.shell:Creating environment hook '/home/duttaishan01/robotics_course/ENAE450_lab/turtlebot3_ws/install/lab3/share/lab3/hook/pythonpath.ps1'
[22.482s] INFO:colcon.colcon_core.shell:Creating environment descriptor '/home/duttaishan01/robotics_course/ENAE450_lab/turtlebot3_ws/install/lab3/share/lab3/hook/pythonpath.dsv'
[22.491s] INFO:colcon.colcon_core.shell:Creating environment hook '/home/duttaishan01/robotics_course/ENAE450_lab/turtlebot3_ws/install/lab3/share/lab3/hook/pythonpath.sh'
[22.519s] Level 1:colcon.colcon_core.environment:checking '/home/duttaishan01/robotics_course/ENAE450_lab/turtlebot3_ws/install/lab3/bin'
[22.588s] Level 1:colcon.colcon_core.environment:create_environment_scripts_only(lab3)
[22.592s] INFO:colcon.colcon_core.shell:Creating package script '/home/duttaishan01/robotics_course/ENAE450_lab/turtlebot3_ws/install/lab3/share/lab3/package.ps1'
[22.597s] INFO:colcon.colcon_core.shell:Creating package descriptor '/home/duttaishan01/robotics_course/ENAE450_lab/turtlebot3_ws/install/lab3/share/lab3/package.dsv'
[22.599s] INFO:colcon.colcon_core.shell:Creating package script '/home/duttaishan01/robotics_course/ENAE450_lab/turtlebot3_ws/install/lab3/share/lab3/package.sh'
[22.607s] INFO:colcon.colcon_core.shell:Creating package script '/home/duttaishan01/robotics_course/ENAE450_lab/turtlebot3_ws/install/lab3/share/lab3/package.bash'
[22.611s] INFO:colcon.colcon_core.shell:Creating package script '/home/duttaishan01/robotics_course/ENAE450_lab/turtlebot3_ws/install/lab3/share/lab3/package.zsh'
[22.616s] Level 1:colcon.colcon_core.environment:create_file_with_runtime_dependencies(/home/duttaishan01/robotics_course/ENAE450_lab/turtlebot3_ws/install/lab3/share/colcon-core/packages/lab3)
[22.622s] DEBUG:colcon.colcon_parallel_executor.executor.parallel:closing loop
[22.625s] DEBUG:colcon.colcon_parallel_executor.executor.parallel:loop closed
[22.625s] DEBUG:colcon.colcon_parallel_executor.executor.parallel:run_until_complete finished with '0'
[22.625s] DEBUG:colcon.colcon_core.event_reactor:joining thread
[22.805s] INFO:colcon.colcon_core.plugin_system:Skipping extension 'colcon_notification.desktop_notification.terminal_notifier': Not used on non-Darwin systems
[22.807s] INFO:colcon.colcon_core.plugin_system:Skipping extension 'colcon_notification.desktop_notification.win32': Not used on non-Windows systems
[22.810s] INFO:colcon.colcon_notification.desktop_notification:Sending desktop notification using 'notify2'
[22.972s] DEBUG:colcon.colcon_core.event_reactor:joined thread
[22.976s] INFO:colcon.colcon_core.shell:Creating prefix script '/home/duttaishan01/robotics_course/ENAE450_lab/turtlebot3_ws/install/local_setup.ps1'
[22.988s] INFO:colcon.colcon_core.shell:Creating prefix util module '/home/duttaishan01/robotics_course/ENAE450_lab/turtlebot3_ws/install/_local_setup_util_ps1.py'
[23.005s] INFO:colcon.colcon_core.shell:Creating prefix chain script '/home/duttaishan01/robotics_course/ENAE450_lab/turtlebot3_ws/install/setup.ps1'
[23.017s] INFO:colcon.colcon_core.shell:Creating prefix script '/home/duttaishan01/robotics_course/ENAE450_lab/turtlebot3_ws/install/local_setup.sh'
[23.027s] INFO:colcon.colcon_core.shell:Creating prefix util module '/home/duttaishan01/robotics_course/ENAE450_lab/turtlebot3_ws/install/_local_setup_util_sh.py'
[23.033s] INFO:colcon.colcon_core.shell:Creating prefix chain script '/home/duttaishan01/robotics_course/ENAE450_lab/turtlebot3_ws/install/setup.sh'
[23.049s] INFO:colcon.colcon_core.shell:Creating prefix script '/home/duttaishan01/robotics_course/ENAE450_lab/turtlebot3_ws/install/local_setup.bash'
[23.061s] INFO:colcon.colcon_core.shell:Creating prefix chain script '/home/duttaishan01/robotics_course/ENAE450_lab/turtlebot3_ws/install/setup.bash'
[23.074s] INFO:colcon.colcon_core.shell:Creating prefix script '/home/duttaishan01/robotics_course/ENAE450_lab/turtlebot3_ws/install/local_setup.zsh'
[23.085s] INFO:colcon.colcon_core.shell:Creating prefix chain script '/home/duttaishan01/robotics_course/ENAE450_lab/turtlebot3_ws/install/setup.zsh'
