[0.040s] Invoking command in '/home/duttaishan01/turtlebot3_ws/build/turtlebot3_node': AMENT_PREFIX_PATH=/home/duttaishan01/turtlebot3_ws/install/turtlebot3_msgs:/home/duttaishan01/turtlebot3_ws/install/dynamixel_sdk:${AMENT_PREFIX_PATH} CMAKE_PREFIX_PATH=/home/duttaishan01/turtlebot3_ws/install/turtlebot3_msgs:/home/duttaishan01/turtlebot3_ws/install/dynamixel_sdk:/opt/ros/humble LD_LIBRARY_PATH=/home/duttaishan01/turtlebot3_ws/install/turtlebot3_msgs/lib:/home/duttaishan01/turtlebot3_ws/install/dynamixel_sdk/lib:${LD_LIBRARY_PATH} PYTHONPATH=/home/duttaishan01/turtlebot3_ws/install/turtlebot3_msgs/local/lib/python3.10/dist-packages:/home/duttaishan01/turtlebot3_ws/install/dynamixel_sdk/local/lib/python3.10/dist-packages:${PYTHONPATH} /usr/bin/cmake /home/duttaishan01/turtlebot3_ws/src/turtlebot3/turtlebot3_node -DAMENT_CMAKE_SYMLINK_INSTALL=1 -DCMAKE_INSTALL_PREFIX=/home/duttaishan01/turtlebot3_ws/install/turtlebot3_node
[0.211s] -- The C compiler identification is GNU 11.4.0
[0.386s] -- The CXX compiler identification is GNU 11.4.0
[0.411s] -- Detecting C compiler ABI info
[0.770s] -- Detecting C compiler ABI info - done
[0.782s] -- Check for working C compiler: /usr/bin/cc - skipped
[0.789s] -- Detecting C compile features
[0.789s] -- Detecting C compile features - done
[0.789s] -- Detecting CXX compiler ABI info
[1.068s] -- Detecting CXX compiler ABI info - done
[1.089s] -- Check for working CXX compiler: /usr/bin/c++ - skipped
[1.089s] -- Detecting CXX compile features
[1.089s] -- Detecting CXX compile features - done
[1.092s] -- Found ament_cmake: 1.3.11 (/opt/ros/humble/share/ament_cmake/cmake)
[1.543s] -- Found Python3: /usr/bin/python3 (found version "3.10.12") found components: Interpreter 
[1.682s] -- Override CMake install command with custom implementation using symlinks instead of copying resources
[1.784s] -- Found dynamixel_sdk: 3.8.3 (/home/duttaishan01/turtlebot3_ws/install/dynamixel_sdk/share/dynamixel_sdk/cmake)
[1.796s] -- Found geometry_msgs: 4.2.4 (/opt/ros/humble/share/geometry_msgs/cmake)
[1.903s] -- Found rosidl_generator_c: 3.1.6 (/opt/ros/humble/share/rosidl_generator_c/cmake)
[1.912s] -- Found rosidl_adapter: 3.1.6 (/opt/ros/humble/share/rosidl_adapter/cmake)
[1.929s] -- Found rosidl_generator_cpp: 3.1.6 (/opt/ros/humble/share/rosidl_generator_cpp/cmake)
[1.952s] -- Using all available rosidl_typesupport_c: rosidl_typesupport_fastrtps_c;rosidl_typesupport_introspection_c
[1.982s] -- Using all available rosidl_typesupport_cpp: rosidl_typesupport_fastrtps_cpp;rosidl_typesupport_introspection_cpp
[2.056s] -- Found message_filters: 4.3.5 (/opt/ros/humble/share/message_filters/cmake)
[2.154s] -- Found rmw_implementation_cmake: 6.1.2 (/opt/ros/humble/share/rmw_implementation_cmake/cmake)
[2.164s] -- Found rmw_fastrtps_cpp: 6.2.7 (/opt/ros/humble/share/rmw_fastrtps_cpp/cmake)
[2.479s] -- Found OpenSSL: /usr/lib/x86_64-linux-gnu/libcrypto.so (found version "3.0.2")  
[2.565s] -- Found FastRTPS: /opt/ros/humble/include  
[2.685s] -- Using RMW implementation 'rmw_fastrtps_cpp' as default
[2.711s] -- Looking for pthread.h
[2.906s] -- Looking for pthread.h - found
[2.907s] -- Performing Test CMAKE_HAVE_LIBC_PTHREAD
[3.128s] -- Performing Test CMAKE_HAVE_LIBC_PTHREAD - Success
[3.129s] -- Found Threads: TRUE  
[3.215s] -- Found nav_msgs: 4.2.4 (/opt/ros/humble/share/nav_msgs/cmake)
[3.316s] -- Found sensor_msgs: 4.2.4 (/opt/ros/humble/share/sensor_msgs/cmake)
[3.419s] -- Found std_srvs: 4.2.4 (/opt/ros/humble/share/std_srvs/cmake)
[3.510s] -- Found tf2: 0.25.11 (/opt/ros/humble/share/tf2/cmake)
[3.548s] -- Found tf2_ros: 0.25.11 (/opt/ros/humble/share/tf2_ros/cmake)
[3.919s] -- Found turtlebot3_msgs: 2.3.0 (/home/duttaishan01/turtlebot3_ws/install/turtlebot3_msgs/share/turtlebot3_msgs/cmake)
[4.042s] -- Configuring done
[4.081s] -- Generating done
[4.093s] -- Build files have been written to: /home/duttaishan01/turtlebot3_ws/build/turtlebot3_node
[4.111s] Invoked command in '/home/duttaishan01/turtlebot3_ws/build/turtlebot3_node' returned '0': AMENT_PREFIX_PATH=/home/duttaishan01/turtlebot3_ws/install/turtlebot3_msgs:/home/duttaishan01/turtlebot3_ws/install/dynamixel_sdk:${AMENT_PREFIX_PATH} CMAKE_PREFIX_PATH=/home/duttaishan01/turtlebot3_ws/install/turtlebot3_msgs:/home/duttaishan01/turtlebot3_ws/install/dynamixel_sdk:/opt/ros/humble LD_LIBRARY_PATH=/home/duttaishan01/turtlebot3_ws/install/turtlebot3_msgs/lib:/home/duttaishan01/turtlebot3_ws/install/dynamixel_sdk/lib:${LD_LIBRARY_PATH} PYTHONPATH=/home/duttaishan01/turtlebot3_ws/install/turtlebot3_msgs/local/lib/python3.10/dist-packages:/home/duttaishan01/turtlebot3_ws/install/dynamixel_sdk/local/lib/python3.10/dist-packages:${PYTHONPATH} /usr/bin/cmake /home/duttaishan01/turtlebot3_ws/src/turtlebot3/turtlebot3_node -DAMENT_CMAKE_SYMLINK_INSTALL=1 -DCMAKE_INSTALL_PREFIX=/home/duttaishan01/turtlebot3_ws/install/turtlebot3_node
[4.115s] Invoking command in '/home/duttaishan01/turtlebot3_ws/build/turtlebot3_node': AMENT_PREFIX_PATH=/home/duttaishan01/turtlebot3_ws/install/turtlebot3_msgs:/home/duttaishan01/turtlebot3_ws/install/dynamixel_sdk:${AMENT_PREFIX_PATH} CMAKE_PREFIX_PATH=/home/duttaishan01/turtlebot3_ws/install/turtlebot3_msgs:/home/duttaishan01/turtlebot3_ws/install/dynamixel_sdk:/opt/ros/humble LD_LIBRARY_PATH=/home/duttaishan01/turtlebot3_ws/install/turtlebot3_msgs/lib:/home/duttaishan01/turtlebot3_ws/install/dynamixel_sdk/lib:${LD_LIBRARY_PATH} PYTHONPATH=/home/duttaishan01/turtlebot3_ws/install/turtlebot3_msgs/local/lib/python3.10/dist-packages:/home/duttaishan01/turtlebot3_ws/install/dynamixel_sdk/local/lib/python3.10/dist-packages:${PYTHONPATH} /usr/bin/cmake --build /home/duttaishan01/turtlebot3_ws/build/turtlebot3_node -- -j4 -l4
[4.209s] [  7%] [32mBuilding CXX object CMakeFiles/turtlebot3_node_lib.dir/src/devices/motor_power.cpp.o[0m
[10.199s] [ 14%] [32mBuilding CXX object CMakeFiles/turtlebot3_node_lib.dir/src/diff_drive_controller.cpp.o[0m
[14.851s] [ 21%] [32mBuilding CXX object CMakeFiles/turtlebot3_node_lib.dir/src/dynamixel_sdk_wrapper.cpp.o[0m
[15.590s] [ 28%] [32mBuilding CXX object CMakeFiles/turtlebot3_node_lib.dir/src/odometry.cpp.o[0m
[36.767s] [ 35%] [32mBuilding CXX object CMakeFiles/turtlebot3_node_lib.dir/src/turtlebot3.cpp.o[0m
[58.674s] [ 42%] [32mBuilding CXX object CMakeFiles/turtlebot3_node_lib.dir/src/sensors/battery_state.cpp.o[0m
[65.044s] [ 50%] [32mBuilding CXX object CMakeFiles/turtlebot3_node_lib.dir/src/sensors/imu.cpp.o[0m
[71.872s] [ 57%] [32mBuilding CXX object CMakeFiles/turtlebot3_node_lib.dir/src/sensors/joint_state.cpp.o[0m
[78.448s] [ 64%] [32mBuilding CXX object CMakeFiles/turtlebot3_node_lib.dir/src/sensors/sensor_state.cpp.o[0m
[84.595s] [ 71%] [32mBuilding CXX object CMakeFiles/turtlebot3_node_lib.dir/src/devices/reset.cpp.o[0m
[90.751s] [ 78%] [32mBuilding CXX object CMakeFiles/turtlebot3_node_lib.dir/src/devices/sound.cpp.o[0m
[96.375s] [ 85%] [32m[1mLinking CXX static library libturtlebot3_node_lib.a[0m
[97.242s] [ 85%] Built target turtlebot3_node_lib
[97.277s] [ 92%] [32mBuilding CXX object CMakeFiles/turtlebot3_ros.dir/src/node_main.cpp.o[0m
[102.748s] [100%] [32m[1mLinking CXX executable turtlebot3_ros[0m
[106.070s] [100%] Built target turtlebot3_ros
[106.091s] Invoked command in '/home/duttaishan01/turtlebot3_ws/build/turtlebot3_node' returned '0': AMENT_PREFIX_PATH=/home/duttaishan01/turtlebot3_ws/install/turtlebot3_msgs:/home/duttaishan01/turtlebot3_ws/install/dynamixel_sdk:${AMENT_PREFIX_PATH} CMAKE_PREFIX_PATH=/home/duttaishan01/turtlebot3_ws/install/turtlebot3_msgs:/home/duttaishan01/turtlebot3_ws/install/dynamixel_sdk:/opt/ros/humble LD_LIBRARY_PATH=/home/duttaishan01/turtlebot3_ws/install/turtlebot3_msgs/lib:/home/duttaishan01/turtlebot3_ws/install/dynamixel_sdk/lib:${LD_LIBRARY_PATH} PYTHONPATH=/home/duttaishan01/turtlebot3_ws/install/turtlebot3_msgs/local/lib/python3.10/dist-packages:/home/duttaishan01/turtlebot3_ws/install/dynamixel_sdk/local/lib/python3.10/dist-packages:${PYTHONPATH} /usr/bin/cmake --build /home/duttaishan01/turtlebot3_ws/build/turtlebot3_node -- -j4 -l4
[106.095s] Invoking command in '/home/duttaishan01/turtlebot3_ws/build/turtlebot3_node': AMENT_PREFIX_PATH=/home/duttaishan01/turtlebot3_ws/install/turtlebot3_msgs:/home/duttaishan01/turtlebot3_ws/install/dynamixel_sdk:${AMENT_PREFIX_PATH} CMAKE_PREFIX_PATH=/home/duttaishan01/turtlebot3_ws/install/turtlebot3_msgs:/home/duttaishan01/turtlebot3_ws/install/dynamixel_sdk:/opt/ros/humble LD_LIBRARY_PATH=/home/duttaishan01/turtlebot3_ws/install/turtlebot3_msgs/lib:/home/duttaishan01/turtlebot3_ws/install/dynamixel_sdk/lib:${LD_LIBRARY_PATH} PYTHONPATH=/home/duttaishan01/turtlebot3_ws/install/turtlebot3_msgs/local/lib/python3.10/dist-packages:/home/duttaishan01/turtlebot3_ws/install/dynamixel_sdk/local/lib/python3.10/dist-packages:${PYTHONPATH} /usr/bin/cmake --install /home/duttaishan01/turtlebot3_ws/build/turtlebot3_node
[106.107s] -- Install configuration: ""
[106.107s] -- Execute custom install script
[106.108s] -- Symlinking: /home/duttaishan01/turtlebot3_ws/install/turtlebot3_node/share/turtlebot3_node/param/burger.yaml
[106.122s] -- Symlinking: /home/duttaishan01/turtlebot3_ws/install/turtlebot3_node/share/turtlebot3_node/param/waffle.yaml
[106.136s] -- Symlinking: /home/duttaishan01/turtlebot3_ws/install/turtlebot3_node/share/turtlebot3_node/param/waffle_pi.yaml
[106.151s] -- Symlinking: /home/duttaishan01/turtlebot3_ws/install/turtlebot3_node/lib/turtlebot3_node/turtlebot3_ros
[106.165s] -- Symlinking: /home/duttaishan01/turtlebot3_ws/install/turtlebot3_node/share/ament_index/resource_index/package_run_dependencies/turtlebot3_node
[106.180s] -- Symlinking: /home/duttaishan01/turtlebot3_ws/install/turtlebot3_node/share/ament_index/resource_index/parent_prefix_path/turtlebot3_node
[106.193s] -- Symlinking: /home/duttaishan01/turtlebot3_ws/install/turtlebot3_node/share/turtlebot3_node/environment/ament_prefix_path.sh
[106.207s] -- Symlinking: /home/duttaishan01/turtlebot3_ws/install/turtlebot3_node/share/turtlebot3_node/environment/ament_prefix_path.dsv
[106.222s] -- Symlinking: /home/duttaishan01/turtlebot3_ws/install/turtlebot3_node/share/turtlebot3_node/environment/path.sh
[106.236s] -- Symlinking: /home/duttaishan01/turtlebot3_ws/install/turtlebot3_node/share/turtlebot3_node/environment/path.dsv
[106.251s] -- Symlinking: /home/duttaishan01/turtlebot3_ws/install/turtlebot3_node/share/turtlebot3_node/local_setup.bash
[106.265s] -- Symlinking: /home/duttaishan01/turtlebot3_ws/install/turtlebot3_node/share/turtlebot3_node/local_setup.sh
[106.279s] -- Symlinking: /home/duttaishan01/turtlebot3_ws/install/turtlebot3_node/share/turtlebot3_node/local_setup.zsh
[106.295s] -- Symlinking: /home/duttaishan01/turtlebot3_ws/install/turtlebot3_node/share/turtlebot3_node/local_setup.dsv
[106.309s] -- Symlinking: /home/duttaishan01/turtlebot3_ws/install/turtlebot3_node/share/turtlebot3_node/package.dsv
[106.324s] -- Symlinking: /home/duttaishan01/turtlebot3_ws/install/turtlebot3_node/share/ament_index/resource_index/packages/turtlebot3_node
[106.338s] -- Symlinking: /home/duttaishan01/turtlebot3_ws/install/turtlebot3_node/share/turtlebot3_node/cmake/ament_cmake_export_include_directories-extras.cmake
[106.354s] -- Symlinking: /home/duttaishan01/turtlebot3_ws/install/turtlebot3_node/share/turtlebot3_node/cmake/turtlebot3_nodeConfig.cmake
[106.371s] -- Symlinking: /home/duttaishan01/turtlebot3_ws/install/turtlebot3_node/share/turtlebot3_node/cmake/turtlebot3_nodeConfig-version.cmake
[106.387s] -- Symlinking: /home/duttaishan01/turtlebot3_ws/install/turtlebot3_node/share/turtlebot3_node/package.xml
[106.406s] Invoked command in '/home/duttaishan01/turtlebot3_ws/build/turtlebot3_node' returned '0': AMENT_PREFIX_PATH=/home/duttaishan01/turtlebot3_ws/install/turtlebot3_msgs:/home/duttaishan01/turtlebot3_ws/install/dynamixel_sdk:${AMENT_PREFIX_PATH} CMAKE_PREFIX_PATH=/home/duttaishan01/turtlebot3_ws/install/turtlebot3_msgs:/home/duttaishan01/turtlebot3_ws/install/dynamixel_sdk:/opt/ros/humble LD_LIBRARY_PATH=/home/duttaishan01/turtlebot3_ws/install/turtlebot3_msgs/lib:/home/duttaishan01/turtlebot3_ws/install/dynamixel_sdk/lib:${LD_LIBRARY_PATH} PYTHONPATH=/home/duttaishan01/turtlebot3_ws/install/turtlebot3_msgs/local/lib/python3.10/dist-packages:/home/duttaishan01/turtlebot3_ws/install/dynamixel_sdk/local/lib/python3.10/dist-packages:${PYTHONPATH} /usr/bin/cmake --install /home/duttaishan01/turtlebot3_ws/build/turtlebot3_node
