[0.613s] Invoking command in '/home/saijay/enae450/FinalProject/ENAE450_lab/turtlebot3_ws/src/lab2': PYTHONPATH=/home/saijay/enae450/FinalProject/ENAE450_lab/turtlebot3_ws/build/lab2/prefix_override:/usr/lib/python3/dist-packages/colcon_core/task/python/colcon_distutils_commands:/home/saijay/enae450/FinalProject/ENAE450_lab/turtlebot3_ws/install/lab2/lib/python3.10/site-packages:${PYTHONPATH} /usr/bin/python3 -W ignore:setup.py install is deprecated -W ignore:easy_install command is deprecated setup.py egg_info --egg-base ../../build/lab2 build --build-base /home/saijay/enae450/FinalProject/ENAE450_lab/turtlebot3_ws/build/lab2/build install --record /home/saijay/enae450/FinalProject/ENAE450_lab/turtlebot3_ws/build/lab2/install.log --single-version-externally-managed install_data
[0.764s] running egg_info
[0.765s] creating ../../build/lab2/lab2.egg-info
[0.765s] writing ../../build/lab2/lab2.egg-info/PKG-INFO
[0.765s] writing dependency_links to ../../build/lab2/lab2.egg-info/dependency_links.txt
[0.765s] writing entry points to ../../build/lab2/lab2.egg-info/entry_points.txt
[0.765s] writing requirements to ../../build/lab2/lab2.egg-info/requires.txt
[0.765s] writing top-level names to ../../build/lab2/lab2.egg-info/top_level.txt
[0.765s] writing manifest file '../../build/lab2/lab2.egg-info/SOURCES.txt'
[0.766s] reading manifest file '../../build/lab2/lab2.egg-info/SOURCES.txt'
[0.766s] writing manifest file '../../build/lab2/lab2.egg-info/SOURCES.txt'
[0.767s] running build
[0.767s] running build_py
[0.767s] creating /home/saijay/enae450/FinalProject/ENAE450_lab/turtlebot3_ws/build/lab2/build
[0.767s] creating /home/saijay/enae450/FinalProject/ENAE450_lab/turtlebot3_ws/build/lab2/build/lib
[0.767s] creating /home/saijay/enae450/FinalProject/ENAE450_lab/turtlebot3_ws/build/lab2/build/lib/lab2
[0.767s] copying lab2/__init__.py -> /home/saijay/enae450/FinalProject/ENAE450_lab/turtlebot3_ws/build/lab2/build/lib/lab2
[0.767s] copying lab2/move_node.py -> /home/saijay/enae450/FinalProject/ENAE450_lab/turtlebot3_ws/build/lab2/build/lib/lab2
[0.767s] running install
[0.767s] running install_lib
[0.767s] creating /home/saijay/enae450/FinalProject/ENAE450_lab/turtlebot3_ws/install/lab2/lib/python3.10/site-packages/lab2
[0.767s] copying /home/saijay/enae450/FinalProject/ENAE450_lab/turtlebot3_ws/build/lab2/build/lib/lab2/__init__.py -> /home/saijay/enae450/FinalProject/ENAE450_lab/turtlebot3_ws/install/lab2/lib/python3.10/site-packages/lab2
[0.768s] copying /home/saijay/enae450/FinalProject/ENAE450_lab/turtlebot3_ws/build/lab2/build/lib/lab2/move_node.py -> /home/saijay/enae450/FinalProject/ENAE450_lab/turtlebot3_ws/install/lab2/lib/python3.10/site-packages/lab2
[0.768s] byte-compiling /home/saijay/enae450/FinalProject/ENAE450_lab/turtlebot3_ws/install/lab2/lib/python3.10/site-packages/lab2/__init__.py to __init__.cpython-310.pyc
[0.769s] byte-compiling /home/saijay/enae450/FinalProject/ENAE450_lab/turtlebot3_ws/install/lab2/lib/python3.10/site-packages/lab2/move_node.py to move_node.cpython-310.pyc
[0.769s] running install_data
[0.769s] creating /home/saijay/enae450/FinalProject/ENAE450_lab/turtlebot3_ws/install/lab2/share/ament_index
[0.769s] creating /home/saijay/enae450/FinalProject/ENAE450_lab/turtlebot3_ws/install/lab2/share/ament_index/resource_index
[0.769s] creating /home/saijay/enae450/FinalProject/ENAE450_lab/turtlebot3_ws/install/lab2/share/ament_index/resource_index/packages
[0.769s] copying resource/lab2 -> /home/saijay/enae450/FinalProject/ENAE450_lab/turtlebot3_ws/install/lab2/share/ament_index/resource_index/packages
[0.769s] copying package.xml -> /home/saijay/enae450/FinalProject/ENAE450_lab/turtlebot3_ws/install/lab2/share/lab2
[0.769s] running install_egg_info
[0.769s] Copying ../../build/lab2/lab2.egg-info to /home/saijay/enae450/FinalProject/ENAE450_lab/turtlebot3_ws/install/lab2/lib/python3.10/site-packages/lab2-0.0.0-py3.10.egg-info
[0.770s] running install_scripts
[0.783s] Installing move_node script to /home/saijay/enae450/FinalProject/ENAE450_lab/turtlebot3_ws/install/lab2/lib/lab2
[0.783s] writing list of installed files to '/home/saijay/enae450/FinalProject/ENAE450_lab/turtlebot3_ws/build/lab2/install.log'
[0.803s] Invoked command in '/home/saijay/enae450/FinalProject/ENAE450_lab/turtlebot3_ws/src/lab2' returned '0': PYTHONPATH=/home/saijay/enae450/FinalProject/ENAE450_lab/turtlebot3_ws/build/lab2/prefix_override:/usr/lib/python3/dist-packages/colcon_core/task/python/colcon_distutils_commands:/home/saijay/enae450/FinalProject/ENAE450_lab/turtlebot3_ws/install/lab2/lib/python3.10/site-packages:${PYTHONPATH} /usr/bin/python3 -W ignore:setup.py install is deprecated -W ignore:easy_install command is deprecated setup.py egg_info --egg-base ../../build/lab2 build --build-base /home/saijay/enae450/FinalProject/ENAE450_lab/turtlebot3_ws/build/lab2/build install --record /home/saijay/enae450/FinalProject/ENAE450_lab/turtlebot3_ws/build/lab2/install.log --single-version-externally-managed install_data
