[0.607s] Invoking command in '/home/saijay/enae450/FinalProject/ENAE450_lab/turtlebot3_ws/src/lab3': PYTHONPATH=/home/saijay/enae450/FinalProject/ENAE450_lab/turtlebot3_ws/build/lab3/prefix_override:/usr/lib/python3/dist-packages/colcon_core/task/python/colcon_distutils_commands:/home/saijay/enae450/FinalProject/ENAE450_lab/turtlebot3_ws/install/lab3/lib/python3.10/site-packages:${PYTHONPATH} /usr/bin/python3 -W ignore:setup.py install is deprecated -W ignore:easy_install command is deprecated setup.py egg_info --egg-base ../../build/lab3 build --build-base /home/saijay/enae450/FinalProject/ENAE450_lab/turtlebot3_ws/build/lab3/build install --record /home/saijay/enae450/FinalProject/ENAE450_lab/turtlebot3_ws/build/lab3/install.log --single-version-externally-managed install_data
[0.759s] running egg_info
[0.759s] creating ../../build/lab3/lab3.egg-info
[0.759s] writing ../../build/lab3/lab3.egg-info/PKG-INFO
[0.759s] writing dependency_links to ../../build/lab3/lab3.egg-info/dependency_links.txt
[0.759s] writing entry points to ../../build/lab3/lab3.egg-info/entry_points.txt
[0.759s] writing requirements to ../../build/lab3/lab3.egg-info/requires.txt
[0.759s] writing top-level names to ../../build/lab3/lab3.egg-info/top_level.txt
[0.759s] writing manifest file '../../build/lab3/lab3.egg-info/SOURCES.txt'
[0.760s] reading manifest file '../../build/lab3/lab3.egg-info/SOURCES.txt'
[0.761s] writing manifest file '../../build/lab3/lab3.egg-info/SOURCES.txt'
[0.761s] running build
[0.761s] running build_py
[0.761s] creating /home/saijay/enae450/FinalProject/ENAE450_lab/turtlebot3_ws/build/lab3/build
[0.761s] creating /home/saijay/enae450/FinalProject/ENAE450_lab/turtlebot3_ws/build/lab3/build/lib
[0.761s] creating /home/saijay/enae450/FinalProject/ENAE450_lab/turtlebot3_ws/build/lab3/build/lib/lab3
[0.761s] copying lab3/navigate_maze.py -> /home/saijay/enae450/FinalProject/ENAE450_lab/turtlebot3_ws/build/lab3/build/lib/lab3
[0.761s] copying lab3/__init__.py -> /home/saijay/enae450/FinalProject/ENAE450_lab/turtlebot3_ws/build/lab3/build/lib/lab3
[0.762s] running install
[0.762s] running install_lib
[0.762s] creating /home/saijay/enae450/FinalProject/ENAE450_lab/turtlebot3_ws/install/lab3/lib/python3.10/site-packages/lab3
[0.762s] copying /home/saijay/enae450/FinalProject/ENAE450_lab/turtlebot3_ws/build/lab3/build/lib/lab3/navigate_maze.py -> /home/saijay/enae450/FinalProject/ENAE450_lab/turtlebot3_ws/install/lab3/lib/python3.10/site-packages/lab3
[0.762s] copying /home/saijay/enae450/FinalProject/ENAE450_lab/turtlebot3_ws/build/lab3/build/lib/lab3/__init__.py -> /home/saijay/enae450/FinalProject/ENAE450_lab/turtlebot3_ws/install/lab3/lib/python3.10/site-packages/lab3
[0.763s] byte-compiling /home/saijay/enae450/FinalProject/ENAE450_lab/turtlebot3_ws/install/lab3/lib/python3.10/site-packages/lab3/navigate_maze.py to navigate_maze.cpython-310.pyc
[0.763s] byte-compiling /home/saijay/enae450/FinalProject/ENAE450_lab/turtlebot3_ws/install/lab3/lib/python3.10/site-packages/lab3/__init__.py to __init__.cpython-310.pyc
[0.763s] running install_data
[0.764s] creating /home/saijay/enae450/FinalProject/ENAE450_lab/turtlebot3_ws/install/lab3/share/ament_index
[0.764s] creating /home/saijay/enae450/FinalProject/ENAE450_lab/turtlebot3_ws/install/lab3/share/ament_index/resource_index
[0.764s] creating /home/saijay/enae450/FinalProject/ENAE450_lab/turtlebot3_ws/install/lab3/share/ament_index/resource_index/packages
[0.764s] copying resource/lab3 -> /home/saijay/enae450/FinalProject/ENAE450_lab/turtlebot3_ws/install/lab3/share/ament_index/resource_index/packages
[0.764s] copying package.xml -> /home/saijay/enae450/FinalProject/ENAE450_lab/turtlebot3_ws/install/lab3/share/lab3
[0.764s] running install_egg_info
[0.764s] Copying ../../build/lab3/lab3.egg-info to /home/saijay/enae450/FinalProject/ENAE450_lab/turtlebot3_ws/install/lab3/lib/python3.10/site-packages/lab3-0.0.0-py3.10.egg-info
[0.765s] running install_scripts
[0.777s] Installing navigate_maze script to /home/saijay/enae450/FinalProject/ENAE450_lab/turtlebot3_ws/install/lab3/lib/lab3
[0.777s] writing list of installed files to '/home/saijay/enae450/FinalProject/ENAE450_lab/turtlebot3_ws/build/lab3/install.log'
[0.792s] Invoked command in '/home/saijay/enae450/FinalProject/ENAE450_lab/turtlebot3_ws/src/lab3' returned '0': PYTHONPATH=/home/saijay/enae450/FinalProject/ENAE450_lab/turtlebot3_ws/build/lab3/prefix_override:/usr/lib/python3/dist-packages/colcon_core/task/python/colcon_distutils_commands:/home/saijay/enae450/FinalProject/ENAE450_lab/turtlebot3_ws/install/lab3/lib/python3.10/site-packages:${PYTHONPATH} /usr/bin/python3 -W ignore:setup.py install is deprecated -W ignore:easy_install command is deprecated setup.py egg_info --egg-base ../../build/lab3 build --build-base /home/saijay/enae450/FinalProject/ENAE450_lab/turtlebot3_ws/build/lab3/build install --record /home/saijay/enae450/FinalProject/ENAE450_lab/turtlebot3_ws/build/lab3/install.log --single-version-externally-managed install_data
