[0.027s] Invoking command in '/home/duttaishan01/turtlebot3_ws/build/turtlebot3_navigation2': CMAKE_PREFIX_PATH=/opt/ros/humble /usr/bin/cmake /home/duttaishan01/turtlebot3_ws/src/turtlebot3/turtlebot3_navigation2 -DAMENT_CMAKE_SYMLINK_INSTALL=1 -DCMAKE_INSTALL_PREFIX=/home/duttaishan01/turtlebot3_ws/install/turtlebot3_navigation2
[0.181s] -- The C compiler identification is GNU 11.4.0
[0.311s] -- The CXX compiler identification is GNU 11.4.0
[0.337s] -- Detecting C compiler ABI info
[0.596s] -- Detecting C compiler ABI info - done
[0.618s] -- Check for working C compiler: /usr/bin/cc - skipped
[0.618s] -- Detecting C compile features
[0.618s] -- Detecting C compile features - done
[0.618s] -- Detecting CXX compiler ABI info
[1.007s] -- Detecting CXX compiler ABI info - done
[1.048s] -- Check for working CXX compiler: /usr/bin/c++ - skipped
[1.051s] -- Detecting CXX compile features
[1.055s] -- Detecting CXX compile features - done
[1.061s] -- Found ament_cmake: 1.3.11 (/opt/ros/humble/share/ament_cmake/cmake)
[1.682s] -- Found Python3: /usr/bin/python3 (found version "3.10.12") found components: Interpreter 
[2.028s] -- Override CMake install command with custom implementation using symlinks instead of copying resources
[2.422s] -- Configuring done
[2.444s] -- Generating done
[2.453s] -- Build files have been written to: /home/duttaishan01/turtlebot3_ws/build/turtlebot3_navigation2
[2.487s] Invoked command in '/home/duttaishan01/turtlebot3_ws/build/turtlebot3_navigation2' returned '0': CMAKE_PREFIX_PATH=/opt/ros/humble /usr/bin/cmake /home/duttaishan01/turtlebot3_ws/src/turtlebot3/turtlebot3_navigation2 -DAMENT_CMAKE_SYMLINK_INSTALL=1 -DCMAKE_INSTALL_PREFIX=/home/duttaishan01/turtlebot3_ws/install/turtlebot3_navigation2
[2.487s] Invoking command in '/home/duttaishan01/turtlebot3_ws/build/turtlebot3_navigation2': CMAKE_PREFIX_PATH=/opt/ros/humble /usr/bin/cmake --build /home/duttaishan01/turtlebot3_ws/build/turtlebot3_navigation2 -- -j4 -l4
[2.698s] Invoked command in '/home/duttaishan01/turtlebot3_ws/build/turtlebot3_navigation2' returned '0': CMAKE_PREFIX_PATH=/opt/ros/humble /usr/bin/cmake --build /home/duttaishan01/turtlebot3_ws/build/turtlebot3_navigation2 -- -j4 -l4
[2.699s] Invoking command in '/home/duttaishan01/turtlebot3_ws/build/turtlebot3_navigation2': CMAKE_PREFIX_PATH=/opt/ros/humble /usr/bin/cmake --install /home/duttaishan01/turtlebot3_ws/build/turtlebot3_navigation2
[2.735s] -- Install configuration: ""
[2.735s] -- Execute custom install script
[2.736s] -- Symlinking: /home/duttaishan01/turtlebot3_ws/install/turtlebot3_navigation2/share/turtlebot3_navigation2/launch/navigation2.launch.py
[2.783s] -- Symlinking: /home/duttaishan01/turtlebot3_ws/install/turtlebot3_navigation2/share/turtlebot3_navigation2/map/map.pgm
[2.896s] -- Symlinking: /home/duttaishan01/turtlebot3_ws/install/turtlebot3_navigation2/share/turtlebot3_navigation2/map/map.yaml
[2.941s] -- Symlinking: /home/duttaishan01/turtlebot3_ws/install/turtlebot3_navigation2/share/turtlebot3_navigation2/param/burger.yaml
[2.969s] -- Symlinking: /home/duttaishan01/turtlebot3_ws/install/turtlebot3_navigation2/share/turtlebot3_navigation2/param/burger_cam.yaml
[3.003s] -- Symlinking: /home/duttaishan01/turtlebot3_ws/install/turtlebot3_navigation2/share/turtlebot3_navigation2/param/humble/burger.yaml
[3.045s] -- Symlinking: /home/duttaishan01/turtlebot3_ws/install/turtlebot3_navigation2/share/turtlebot3_navigation2/param/humble/burger_cam.yaml
[3.091s] -- Symlinking: /home/duttaishan01/turtlebot3_ws/install/turtlebot3_navigation2/share/turtlebot3_navigation2/param/humble/waffle.yaml
[3.143s] -- Symlinking: /home/duttaishan01/turtlebot3_ws/install/turtlebot3_navigation2/share/turtlebot3_navigation2/param/humble/waffle_pi.yaml
[3.192s] -- Symlinking: /home/duttaishan01/turtlebot3_ws/install/turtlebot3_navigation2/share/turtlebot3_navigation2/param/waffle.yaml
[3.248s] -- Symlinking: /home/duttaishan01/turtlebot3_ws/install/turtlebot3_navigation2/share/turtlebot3_navigation2/param/waffle_pi.yaml
[3.308s] -- Symlinking: /home/duttaishan01/turtlebot3_ws/install/turtlebot3_navigation2/share/turtlebot3_navigation2/rviz/tb3_navigation2.rviz
[3.364s] -- Symlinking: /home/duttaishan01/turtlebot3_ws/install/turtlebot3_navigation2/share/ament_index/resource_index/package_run_dependencies/turtlebot3_navigation2
[3.415s] -- Symlinking: /home/duttaishan01/turtlebot3_ws/install/turtlebot3_navigation2/share/ament_index/resource_index/parent_prefix_path/turtlebot3_navigation2
[3.443s] -- Symlinking: /home/duttaishan01/turtlebot3_ws/install/turtlebot3_navigation2/share/turtlebot3_navigation2/environment/ament_prefix_path.sh
[3.473s] -- Symlinking: /home/duttaishan01/turtlebot3_ws/install/turtlebot3_navigation2/share/turtlebot3_navigation2/environment/ament_prefix_path.dsv
[3.507s] -- Symlinking: /home/duttaishan01/turtlebot3_ws/install/turtlebot3_navigation2/share/turtlebot3_navigation2/environment/path.sh
[3.546s] -- Symlinking: /home/duttaishan01/turtlebot3_ws/install/turtlebot3_navigation2/share/turtlebot3_navigation2/environment/path.dsv
[3.631s] -- Symlinking: /home/duttaishan01/turtlebot3_ws/install/turtlebot3_navigation2/share/turtlebot3_navigation2/local_setup.bash
[3.674s] -- Symlinking: /home/duttaishan01/turtlebot3_ws/install/turtlebot3_navigation2/share/turtlebot3_navigation2/local_setup.sh
[3.760s] -- Symlinking: /home/duttaishan01/turtlebot3_ws/install/turtlebot3_navigation2/share/turtlebot3_navigation2/local_setup.zsh
[3.803s] -- Symlinking: /home/duttaishan01/turtlebot3_ws/install/turtlebot3_navigation2/share/turtlebot3_navigation2/local_setup.dsv
[3.835s] -- Symlinking: /home/duttaishan01/turtlebot3_ws/install/turtlebot3_navigation2/share/turtlebot3_navigation2/package.dsv
[3.873s] -- Symlinking: /home/duttaishan01/turtlebot3_ws/install/turtlebot3_navigation2/share/ament_index/resource_index/packages/turtlebot3_navigation2
[3.911s] -- Symlinking: /home/duttaishan01/turtlebot3_ws/install/turtlebot3_navigation2/share/turtlebot3_navigation2/cmake/turtlebot3_navigation2Config.cmake
[3.964s] -- Symlinking: /home/duttaishan01/turtlebot3_ws/install/turtlebot3_navigation2/share/turtlebot3_navigation2/cmake/turtlebot3_navigation2Config-version.cmake
[4.031s] -- Symlinking: /home/duttaishan01/turtlebot3_ws/install/turtlebot3_navigation2/share/turtlebot3_navigation2/package.xml
[4.882s] Invoked command in '/home/duttaishan01/turtlebot3_ws/build/turtlebot3_navigation2' returned '0': CMAKE_PREFIX_PATH=/opt/ros/humble /usr/bin/cmake --install /home/duttaishan01/turtlebot3_ws/build/turtlebot3_navigation2
