running egg_info
creating ../../build/lab2/lab2.egg-info
writing ../../build/lab2/lab2.egg-info/PKG-INFO
writing dependency_links to ../../build/lab2/lab2.egg-info/dependency_links.txt
writing entry points to ../../build/lab2/lab2.egg-info/entry_points.txt
writing requirements to ../../build/lab2/lab2.egg-info/requires.txt
writing top-level names to ../../build/lab2/lab2.egg-info/top_level.txt
writing manifest file '../../build/lab2/lab2.egg-info/SOURCES.txt'
reading manifest file '../../build/lab2/lab2.egg-info/SOURCES.txt'
writing manifest file '../../build/lab2/lab2.egg-info/SOURCES.txt'
running build
running build_py
creating /home/duttaishan01/turtlebot3_ws/build/lab2/build
creating /home/duttaishan01/turtlebot3_ws/build/lab2/build/lib
creating /home/duttaishan01/turtlebot3_ws/build/lab2/build/lib/lab2
copying lab2/move_node.py -> /home/duttaishan01/turtlebot3_ws/build/lab2/build/lib/lab2
copying lab2/__init__.py -> /home/duttaishan01/turtlebot3_ws/build/lab2/build/lib/lab2
running install
running install_lib
creating /home/duttaishan01/turtlebot3_ws/install/lab2/lib/python3.10/site-packages/lab2
copying /home/duttaishan01/turtlebot3_ws/build/lab2/build/lib/lab2/move_node.py -> /home/duttaishan01/turtlebot3_ws/install/lab2/lib/python3.10/site-packages/lab2
copying /home/duttaishan01/turtlebot3_ws/build/lab2/build/lib/lab2/__init__.py -> /home/duttaishan01/turtlebot3_ws/install/lab2/lib/python3.10/site-packages/lab2
byte-compiling /home/duttaishan01/turtlebot3_ws/install/lab2/lib/python3.10/site-packages/lab2/move_node.py to move_node.cpython-310.pyc
byte-compiling /home/duttaishan01/turtlebot3_ws/install/lab2/lib/python3.10/site-packages/lab2/__init__.py to __init__.cpython-310.pyc
running install_data
creating /home/duttaishan01/turtlebot3_ws/install/lab2/share/ament_index
creating /home/duttaishan01/turtlebot3_ws/install/lab2/share/ament_index/resource_index
creating /home/duttaishan01/turtlebot3_ws/install/lab2/share/ament_index/resource_index/packages
copying resource/lab2 -> /home/duttaishan01/turtlebot3_ws/install/lab2/share/ament_index/resource_index/packages
copying package.xml -> /home/duttaishan01/turtlebot3_ws/install/lab2/share/lab2
running install_egg_info
Copying ../../build/lab2/lab2.egg-info to /home/duttaishan01/turtlebot3_ws/install/lab2/lib/python3.10/site-packages/lab2-0.0.0-py3.10.egg-info
running install_scripts
writing list of installed files to '/home/duttaishan01/turtlebot3_ws/build/lab2/install.log'
