[0.911s] Invoking command in '/home/duttaishan01/turtlebot3_ws/src/lab2': PYTHONPATH=/home/duttaishan01/turtlebot3_ws/build/lab2/prefix_override:/usr/lib/python3/dist-packages/colcon_core/task/python/colcon_distutils_commands:/home/duttaishan01/turtlebot3_ws/install/lab2/lib/python3.10/site-packages:${PYTHONPATH} /usr/bin/python3 -W ignore:setup.py install is deprecated -W ignore:easy_install command is deprecated setup.py egg_info --egg-base ../../build/lab2 build --build-base /home/duttaishan01/turtlebot3_ws/build/lab2/build install --record /home/duttaishan01/turtlebot3_ws/build/lab2/install.log --single-version-externally-managed install_data
[1.227s] running egg_info
[1.229s] creating ../../build/lab2/lab2.egg-info
[1.229s] writing ../../build/lab2/lab2.egg-info/PKG-INFO
[1.229s] writing dependency_links to ../../build/lab2/lab2.egg-info/dependency_links.txt
[1.229s] writing entry points to ../../build/lab2/lab2.egg-info/entry_points.txt
[1.229s] writing requirements to ../../build/lab2/lab2.egg-info/requires.txt
[1.229s] writing top-level names to ../../build/lab2/lab2.egg-info/top_level.txt
[1.229s] writing manifest file '../../build/lab2/lab2.egg-info/SOURCES.txt'
[1.232s] reading manifest file '../../build/lab2/lab2.egg-info/SOURCES.txt'
[1.233s] writing manifest file '../../build/lab2/lab2.egg-info/SOURCES.txt'
[1.234s] running build
[1.234s] running build_py
[1.234s] creating /home/duttaishan01/turtlebot3_ws/build/lab2/build
[1.234s] creating /home/duttaishan01/turtlebot3_ws/build/lab2/build/lib
[1.234s] creating /home/duttaishan01/turtlebot3_ws/build/lab2/build/lib/lab2
[1.235s] copying lab2/move_node.py -> /home/duttaishan01/turtlebot3_ws/build/lab2/build/lib/lab2
[1.235s] copying lab2/__init__.py -> /home/duttaishan01/turtlebot3_ws/build/lab2/build/lib/lab2
[1.235s] running install
[1.235s] running install_lib
[1.236s] creating /home/duttaishan01/turtlebot3_ws/install/lab2/lib/python3.10/site-packages/lab2
[1.238s] copying /home/duttaishan01/turtlebot3_ws/build/lab2/build/lib/lab2/move_node.py -> /home/duttaishan01/turtlebot3_ws/install/lab2/lib/python3.10/site-packages/lab2
[1.238s] copying /home/duttaishan01/turtlebot3_ws/build/lab2/build/lib/lab2/__init__.py -> /home/duttaishan01/turtlebot3_ws/install/lab2/lib/python3.10/site-packages/lab2
[1.239s] byte-compiling /home/duttaishan01/turtlebot3_ws/install/lab2/lib/python3.10/site-packages/lab2/move_node.py to move_node.cpython-310.pyc
[1.241s] byte-compiling /home/duttaishan01/turtlebot3_ws/install/lab2/lib/python3.10/site-packages/lab2/__init__.py to __init__.cpython-310.pyc
[1.242s] running install_data
[1.242s] creating /home/duttaishan01/turtlebot3_ws/install/lab2/share/ament_index
[1.242s] creating /home/duttaishan01/turtlebot3_ws/install/lab2/share/ament_index/resource_index
[1.242s] creating /home/duttaishan01/turtlebot3_ws/install/lab2/share/ament_index/resource_index/packages
[1.242s] copying resource/lab2 -> /home/duttaishan01/turtlebot3_ws/install/lab2/share/ament_index/resource_index/packages
[1.243s] copying package.xml -> /home/duttaishan01/turtlebot3_ws/install/lab2/share/lab2
[1.245s] running install_egg_info
[1.246s] Copying ../../build/lab2/lab2.egg-info to /home/duttaishan01/turtlebot3_ws/install/lab2/lib/python3.10/site-packages/lab2-0.0.0-py3.10.egg-info
[1.247s] running install_scripts
[1.270s] writing list of installed files to '/home/duttaishan01/turtlebot3_ws/build/lab2/install.log'
[1.312s] Invoked command in '/home/duttaishan01/turtlebot3_ws/src/lab2' returned '0': PYTHONPATH=/home/duttaishan01/turtlebot3_ws/build/lab2/prefix_override:/usr/lib/python3/dist-packages/colcon_core/task/python/colcon_distutils_commands:/home/duttaishan01/turtlebot3_ws/install/lab2/lib/python3.10/site-packages:${PYTHONPATH} /usr/bin/python3 -W ignore:setup.py install is deprecated -W ignore:easy_install command is deprecated setup.py egg_info --egg-base ../../build/lab2 build --build-base /home/duttaishan01/turtlebot3_ws/build/lab2/build install --record /home/duttaishan01/turtlebot3_ws/build/lab2/install.log --single-version-externally-managed install_data
