[0.055s] Invoking command in '/home/duttaishan01/robotics_course/enae450/turtlebot3_ws/build/dynamixel_sdk_examples': AMENT_PREFIX_PATH=/home/duttaishan01/robotics_course/enae450/turtlebot3_ws/install/dynamixel_sdk_custom_interfaces:/home/duttaishan01/robotics_course/enae450/turtlebot3_ws/install/dynamixel_sdk:${AMENT_PREFIX_PATH} CMAKE_PREFIX_PATH=/home/duttaishan01/robotics_course/enae450/turtlebot3_ws/install/dynamixel_sdk_custom_interfaces:/home/duttaishan01/robotics_course/enae450/turtlebot3_ws/install/dynamixel_sdk:/home/duttaishan01/turtlebot3_ws/install/turtlebot3:/home/duttaishan01/turtlebot3_ws/install/turtlebot3_bringup:/home/duttaishan01/turtlebot3_ws/install/turtlebot3_node:/home/duttaishan01/turtlebot3_ws/install/turtlebot3_navigation2:/home/duttaishan01/turtlebot3_ws/install/turtlebot3_msgs:/home/duttaishan01/turtlebot3_ws/install/turtlebot3_description:/home/duttaishan01/turtlebot3_ws/install/turtlebot3_cartographer:/home/duttaishan01/turtlebot3_ws/install/dynamixel_sdk_examples:/home/duttaishan01/turtlebot3_ws/install/dynamixel_sdk_custom_interfaces:/home/duttaishan01/turtlebot3_ws/install/dynamixel_sdk:/home/duttaishan01/turtlebot3_ws/install/turtlebot3_teleop:/home/duttaishan01/turtlebot3_ws/install/turtlebot3_example:/home/duttaishan01/turtlebot3_ws/install/lab2:/opt/ros/humble LD_LIBRARY_PATH=/home/duttaishan01/robotics_course/enae450/turtlebot3_ws/install/dynamixel_sdk_custom_interfaces/lib:/home/duttaishan01/robotics_course/enae450/turtlebot3_ws/install/dynamixel_sdk/lib:${LD_LIBRARY_PATH} PYTHONPATH=/home/duttaishan01/robotics_course/enae450/turtlebot3_ws/install/dynamixel_sdk_custom_interfaces/local/lib/python3.10/dist-packages:/home/duttaishan01/robotics_course/enae450/turtlebot3_ws/install/dynamixel_sdk/local/lib/python3.10/dist-packages:${PYTHONPATH} /usr/bin/cmake /home/duttaishan01/robotics_course/enae450/turtlebot3_ws/src/DynamixelSDK/ros/dynamixel_sdk_examples -DCMAKE_INSTALL_PREFIX=/home/duttaishan01/robotics_course/enae450/turtlebot3_ws/install/dynamixel_sdk_examples
[0.483s] -- The C compiler identification is GNU 11.4.0
[0.760s] -- The CXX compiler identification is GNU 11.4.0
[0.795s] -- Detecting C compiler ABI info
[1.170s] -- Detecting C compiler ABI info - done
[1.198s] -- Check for working C compiler: /usr/bin/cc - skipped
[1.198s] -- Detecting C compile features
[1.198s] -- Detecting C compile features - done
[1.208s] -- Detecting CXX compiler ABI info
[1.580s] -- Detecting CXX compiler ABI info - done
[1.610s] -- Check for working CXX compiler: /usr/bin/c++ - skipped
[1.612s] -- Detecting CXX compile features
[1.614s] -- Detecting CXX compile features - done
[1.637s] -- Found ament_cmake: 1.3.11 (/opt/ros/humble/share/ament_cmake/cmake)
[2.369s] -- Found Python3: /usr/bin/python3 (found version "3.10.12") found components: Interpreter 
[2.858s] -- Found dynamixel_sdk: 3.8.3 (/home/duttaishan01/robotics_course/enae450/turtlebot3_ws/install/dynamixel_sdk/share/dynamixel_sdk/cmake)
[2.868s] -- Found dynamixel_sdk_custom_interfaces: 3.8.3 (/home/duttaishan01/robotics_course/enae450/turtlebot3_ws/install/dynamixel_sdk_custom_interfaces/share/dynamixel_sdk_custom_interfaces/cmake)
[3.083s] -- Found rosidl_generator_c: 3.1.6 (/opt/ros/humble/share/rosidl_generator_c/cmake)
[3.128s] -- Found rosidl_adapter: 3.1.6 (/opt/ros/humble/share/rosidl_adapter/cmake)
[3.181s] -- Found rosidl_generator_cpp: 3.1.6 (/opt/ros/humble/share/rosidl_generator_cpp/cmake)
[3.260s] -- Using all available rosidl_typesupport_c: rosidl_typesupport_fastrtps_c;rosidl_typesupport_introspection_c
[3.375s] -- Using all available rosidl_typesupport_cpp: rosidl_typesupport_fastrtps_cpp;rosidl_typesupport_introspection_cpp
[3.534s] -- Found rclcpp: 16.0.11 (/opt/ros/humble/share/rclcpp/cmake)
[4.071s] -- Found rmw_implementation_cmake: 6.1.2 (/opt/ros/humble/share/rmw_implementation_cmake/cmake)
[4.111s] -- Found rmw_fastrtps_cpp: 6.2.7 (/opt/ros/humble/share/rmw_fastrtps_cpp/cmake)
[4.745s] -- Found OpenSSL: /usr/lib/x86_64-linux-gnu/libcrypto.so (found version "3.0.2")  
[4.868s] -- Found FastRTPS: /opt/ros/humble/include  
[5.038s] -- Using RMW implementation 'rmw_fastrtps_cpp' as default
[5.135s] -- Looking for pthread.h
[5.397s] -- Looking for pthread.h - found
[5.398s] -- Performing Test CMAKE_HAVE_LIBC_PTHREAD
[5.679s] -- Performing Test CMAKE_HAVE_LIBC_PTHREAD - Success
[5.683s] -- Found Threads: TRUE  
[6.036s] -- Found rclpy: 3.3.15 (/opt/ros/humble/share/rclpy/cmake)
[6.066s] -- Found ament_lint_auto: 0.12.11 (/opt/ros/humble/share/ament_lint_auto/cmake)
[6.475s] -- Added test 'copyright' to check source files copyright and LICENSE
[6.486s] -- Added test 'cppcheck' to perform static code analysis on C / C++ code
[6.486s] -- Configured cppcheck include dirs: /home/duttaishan01/robotics_course/enae450/turtlebot3_ws/src/DynamixelSDK/ros/dynamixel_sdk_examples/include
[6.486s] -- Configured cppcheck exclude dirs and/or files: 
[6.493s] -- Added test 'cpplint' to check C / C++ code against the Google style
[6.493s] -- Configured cpplint exclude dirs and/or files: 
[6.498s] -- Added test 'flake8' to check Python code syntax and style conventions
[6.502s] -- Added test 'lint_cmake' to check CMake code style
[6.507s] -- Added test 'pep257' to check Python code against some of the docstring style conventions in PEP 257
[6.513s] -- Added test 'uncrustify' to check C / C++ code style
[6.514s] -- Configured uncrustify additional arguments: 
[6.518s] -- Added test 'xmllint' to check XML markup files
[6.524s] -- Configuring done
[6.558s] -- Generating done
[6.571s] -- Build files have been written to: /home/duttaishan01/robotics_course/enae450/turtlebot3_ws/build/dynamixel_sdk_examples
[6.603s] Invoked command in '/home/duttaishan01/robotics_course/enae450/turtlebot3_ws/build/dynamixel_sdk_examples' returned '0': AMENT_PREFIX_PATH=/home/duttaishan01/robotics_course/enae450/turtlebot3_ws/install/dynamixel_sdk_custom_interfaces:/home/duttaishan01/robotics_course/enae450/turtlebot3_ws/install/dynamixel_sdk:${AMENT_PREFIX_PATH} CMAKE_PREFIX_PATH=/home/duttaishan01/robotics_course/enae450/turtlebot3_ws/install/dynamixel_sdk_custom_interfaces:/home/duttaishan01/robotics_course/enae450/turtlebot3_ws/install/dynamixel_sdk:/home/duttaishan01/turtlebot3_ws/install/turtlebot3:/home/duttaishan01/turtlebot3_ws/install/turtlebot3_bringup:/home/duttaishan01/turtlebot3_ws/install/turtlebot3_node:/home/duttaishan01/turtlebot3_ws/install/turtlebot3_navigation2:/home/duttaishan01/turtlebot3_ws/install/turtlebot3_msgs:/home/duttaishan01/turtlebot3_ws/install/turtlebot3_description:/home/duttaishan01/turtlebot3_ws/install/turtlebot3_cartographer:/home/duttaishan01/turtlebot3_ws/install/dynamixel_sdk_examples:/home/duttaishan01/turtlebot3_ws/install/dynamixel_sdk_custom_interfaces:/home/duttaishan01/turtlebot3_ws/install/dynamixel_sdk:/home/duttaishan01/turtlebot3_ws/install/turtlebot3_teleop:/home/duttaishan01/turtlebot3_ws/install/turtlebot3_example:/home/duttaishan01/turtlebot3_ws/install/lab2:/opt/ros/humble LD_LIBRARY_PATH=/home/duttaishan01/robotics_course/enae450/turtlebot3_ws/install/dynamixel_sdk_custom_interfaces/lib:/home/duttaishan01/robotics_course/enae450/turtlebot3_ws/install/dynamixel_sdk/lib:${LD_LIBRARY_PATH} PYTHONPATH=/home/duttaishan01/robotics_course/enae450/turtlebot3_ws/install/dynamixel_sdk_custom_interfaces/local/lib/python3.10/dist-packages:/home/duttaishan01/robotics_course/enae450/turtlebot3_ws/install/dynamixel_sdk/local/lib/python3.10/dist-packages:${PYTHONPATH} /usr/bin/cmake /home/duttaishan01/robotics_course/enae450/turtlebot3_ws/src/DynamixelSDK/ros/dynamixel_sdk_examples -DCMAKE_INSTALL_PREFIX=/home/duttaishan01/robotics_course/enae450/turtlebot3_ws/install/dynamixel_sdk_examples
[6.605s] Invoking command in '/home/duttaishan01/robotics_course/enae450/turtlebot3_ws/build/dynamixel_sdk_examples': AMENT_PREFIX_PATH=/home/duttaishan01/robotics_course/enae450/turtlebot3_ws/install/dynamixel_sdk_custom_interfaces:/home/duttaishan01/robotics_course/enae450/turtlebot3_ws/install/dynamixel_sdk:${AMENT_PREFIX_PATH} CMAKE_PREFIX_PATH=/home/duttaishan01/robotics_course/enae450/turtlebot3_ws/install/dynamixel_sdk_custom_interfaces:/home/duttaishan01/robotics_course/enae450/turtlebot3_ws/install/dynamixel_sdk:/home/duttaishan01/turtlebot3_ws/install/turtlebot3:/home/duttaishan01/turtlebot3_ws/install/turtlebot3_bringup:/home/duttaishan01/turtlebot3_ws/install/turtlebot3_node:/home/duttaishan01/turtlebot3_ws/install/turtlebot3_navigation2:/home/duttaishan01/turtlebot3_ws/install/turtlebot3_msgs:/home/duttaishan01/turtlebot3_ws/install/turtlebot3_description:/home/duttaishan01/turtlebot3_ws/install/turtlebot3_cartographer:/home/duttaishan01/turtlebot3_ws/install/dynamixel_sdk_examples:/home/duttaishan01/turtlebot3_ws/install/dynamixel_sdk_custom_interfaces:/home/duttaishan01/turtlebot3_ws/install/dynamixel_sdk:/home/duttaishan01/turtlebot3_ws/install/turtlebot3_teleop:/home/duttaishan01/turtlebot3_ws/install/turtlebot3_example:/home/duttaishan01/turtlebot3_ws/install/lab2:/opt/ros/humble LD_LIBRARY_PATH=/home/duttaishan01/robotics_course/enae450/turtlebot3_ws/install/dynamixel_sdk_custom_interfaces/lib:/home/duttaishan01/robotics_course/enae450/turtlebot3_ws/install/dynamixel_sdk/lib:${LD_LIBRARY_PATH} PYTHONPATH=/home/duttaishan01/robotics_course/enae450/turtlebot3_ws/install/dynamixel_sdk_custom_interfaces/local/lib/python3.10/dist-packages:/home/duttaishan01/robotics_course/enae450/turtlebot3_ws/install/dynamixel_sdk/local/lib/python3.10/dist-packages:${PYTHONPATH} /usr/bin/cmake --build /home/duttaishan01/robotics_course/enae450/turtlebot3_ws/build/dynamixel_sdk_examples -- -j4 -l4
[6.817s] [ 50%] [32mBuilding CXX object CMakeFiles/read_write_node.dir/src/read_write_node.cpp.o[0m
[51.449s] [100%] [32m[1mLinking CXX executable read_write_node[0m
[54.012s] [100%] Built target read_write_node
[54.062s] Invoked command in '/home/duttaishan01/robotics_course/enae450/turtlebot3_ws/build/dynamixel_sdk_examples' returned '0': AMENT_PREFIX_PATH=/home/duttaishan01/robotics_course/enae450/turtlebot3_ws/install/dynamixel_sdk_custom_interfaces:/home/duttaishan01/robotics_course/enae450/turtlebot3_ws/install/dynamixel_sdk:${AMENT_PREFIX_PATH} CMAKE_PREFIX_PATH=/home/duttaishan01/robotics_course/enae450/turtlebot3_ws/install/dynamixel_sdk_custom_interfaces:/home/duttaishan01/robotics_course/enae450/turtlebot3_ws/install/dynamixel_sdk:/home/duttaishan01/turtlebot3_ws/install/turtlebot3:/home/duttaishan01/turtlebot3_ws/install/turtlebot3_bringup:/home/duttaishan01/turtlebot3_ws/install/turtlebot3_node:/home/duttaishan01/turtlebot3_ws/install/turtlebot3_navigation2:/home/duttaishan01/turtlebot3_ws/install/turtlebot3_msgs:/home/duttaishan01/turtlebot3_ws/install/turtlebot3_description:/home/duttaishan01/turtlebot3_ws/install/turtlebot3_cartographer:/home/duttaishan01/turtlebot3_ws/install/dynamixel_sdk_examples:/home/duttaishan01/turtlebot3_ws/install/dynamixel_sdk_custom_interfaces:/home/duttaishan01/turtlebot3_ws/install/dynamixel_sdk:/home/duttaishan01/turtlebot3_ws/install/turtlebot3_teleop:/home/duttaishan01/turtlebot3_ws/install/turtlebot3_example:/home/duttaishan01/turtlebot3_ws/install/lab2:/opt/ros/humble LD_LIBRARY_PATH=/home/duttaishan01/robotics_course/enae450/turtlebot3_ws/install/dynamixel_sdk_custom_interfaces/lib:/home/duttaishan01/robotics_course/enae450/turtlebot3_ws/install/dynamixel_sdk/lib:${LD_LIBRARY_PATH} PYTHONPATH=/home/duttaishan01/robotics_course/enae450/turtlebot3_ws/install/dynamixel_sdk_custom_interfaces/local/lib/python3.10/dist-packages:/home/duttaishan01/robotics_course/enae450/turtlebot3_ws/install/dynamixel_sdk/local/lib/python3.10/dist-packages:${PYTHONPATH} /usr/bin/cmake --build /home/duttaishan01/robotics_course/enae450/turtlebot3_ws/build/dynamixel_sdk_examples -- -j4 -l4
[54.069s] Invoking command in '/home/duttaishan01/robotics_course/enae450/turtlebot3_ws/build/dynamixel_sdk_examples': AMENT_PREFIX_PATH=/home/duttaishan01/robotics_course/enae450/turtlebot3_ws/install/dynamixel_sdk_custom_interfaces:/home/duttaishan01/robotics_course/enae450/turtlebot3_ws/install/dynamixel_sdk:${AMENT_PREFIX_PATH} CMAKE_PREFIX_PATH=/home/duttaishan01/robotics_course/enae450/turtlebot3_ws/install/dynamixel_sdk_custom_interfaces:/home/duttaishan01/robotics_course/enae450/turtlebot3_ws/install/dynamixel_sdk:/home/duttaishan01/turtlebot3_ws/install/turtlebot3:/home/duttaishan01/turtlebot3_ws/install/turtlebot3_bringup:/home/duttaishan01/turtlebot3_ws/install/turtlebot3_node:/home/duttaishan01/turtlebot3_ws/install/turtlebot3_navigation2:/home/duttaishan01/turtlebot3_ws/install/turtlebot3_msgs:/home/duttaishan01/turtlebot3_ws/install/turtlebot3_description:/home/duttaishan01/turtlebot3_ws/install/turtlebot3_cartographer:/home/duttaishan01/turtlebot3_ws/install/dynamixel_sdk_examples:/home/duttaishan01/turtlebot3_ws/install/dynamixel_sdk_custom_interfaces:/home/duttaishan01/turtlebot3_ws/install/dynamixel_sdk:/home/duttaishan01/turtlebot3_ws/install/turtlebot3_teleop:/home/duttaishan01/turtlebot3_ws/install/turtlebot3_example:/home/duttaishan01/turtlebot3_ws/install/lab2:/opt/ros/humble LD_LIBRARY_PATH=/home/duttaishan01/robotics_course/enae450/turtlebot3_ws/install/dynamixel_sdk_custom_interfaces/lib:/home/duttaishan01/robotics_course/enae450/turtlebot3_ws/install/dynamixel_sdk/lib:${LD_LIBRARY_PATH} PYTHONPATH=/home/duttaishan01/robotics_course/enae450/turtlebot3_ws/install/dynamixel_sdk_custom_interfaces/local/lib/python3.10/dist-packages:/home/duttaishan01/robotics_course/enae450/turtlebot3_ws/install/dynamixel_sdk/local/lib/python3.10/dist-packages:${PYTHONPATH} /usr/bin/cmake --install /home/duttaishan01/robotics_course/enae450/turtlebot3_ws/build/dynamixel_sdk_examples
[54.099s] -- Install configuration: ""
[54.101s] -- Installing: /home/duttaishan01/robotics_course/enae450/turtlebot3_ws/install/dynamixel_sdk_examples/lib/dynamixel_sdk_examples/read_write_node
[54.113s] -- Set runtime path of "/home/duttaishan01/robotics_course/enae450/turtlebot3_ws/install/dynamixel_sdk_examples/lib/dynamixel_sdk_examples/read_write_node" to ""
[54.113s] -- Installing: /home/duttaishan01/robotics_course/enae450/turtlebot3_ws/install/dynamixel_sdk_examples/lib/dynamixel_sdk_examples/read_write_node.py
[54.119s] -- Installing: /home/duttaishan01/robotics_course/enae450/turtlebot3_ws/install/dynamixel_sdk_examples/share/ament_index/resource_index/package_run_dependencies/dynamixel_sdk_examples
[54.120s] -- Installing: /home/duttaishan01/robotics_course/enae450/turtlebot3_ws/install/dynamixel_sdk_examples/share/ament_index/resource_index/parent_prefix_path/dynamixel_sdk_examples
[54.120s] -- Installing: /home/duttaishan01/robotics_course/enae450/turtlebot3_ws/install/dynamixel_sdk_examples/share/dynamixel_sdk_examples/environment/ament_prefix_path.sh
[54.123s] -- Installing: /home/duttaishan01/robotics_course/enae450/turtlebot3_ws/install/dynamixel_sdk_examples/share/dynamixel_sdk_examples/environment/ament_prefix_path.dsv
[54.123s] -- Installing: /home/duttaishan01/robotics_course/enae450/turtlebot3_ws/install/dynamixel_sdk_examples/share/dynamixel_sdk_examples/environment/path.sh
[54.126s] -- Installing: /home/duttaishan01/robotics_course/enae450/turtlebot3_ws/install/dynamixel_sdk_examples/share/dynamixel_sdk_examples/environment/path.dsv
[54.128s] -- Installing: /home/duttaishan01/robotics_course/enae450/turtlebot3_ws/install/dynamixel_sdk_examples/share/dynamixel_sdk_examples/local_setup.bash
[54.131s] -- Installing: /home/duttaishan01/robotics_course/enae450/turtlebot3_ws/install/dynamixel_sdk_examples/share/dynamixel_sdk_examples/local_setup.sh
[54.132s] -- Installing: /home/duttaishan01/robotics_course/enae450/turtlebot3_ws/install/dynamixel_sdk_examples/share/dynamixel_sdk_examples/local_setup.zsh
[54.132s] -- Installing: /home/duttaishan01/robotics_course/enae450/turtlebot3_ws/install/dynamixel_sdk_examples/share/dynamixel_sdk_examples/local_setup.dsv
[54.132s] -- Installing: /home/duttaishan01/robotics_course/enae450/turtlebot3_ws/install/dynamixel_sdk_examples/share/dynamixel_sdk_examples/package.dsv
[54.132s] -- Installing: /home/duttaishan01/robotics_course/enae450/turtlebot3_ws/install/dynamixel_sdk_examples/share/ament_index/resource_index/packages/dynamixel_sdk_examples
[54.133s] -- Installing: /home/duttaishan01/robotics_course/enae450/turtlebot3_ws/install/dynamixel_sdk_examples/share/dynamixel_sdk_examples/cmake/dynamixel_sdk_examplesConfig.cmake
[54.137s] -- Installing: /home/duttaishan01/robotics_course/enae450/turtlebot3_ws/install/dynamixel_sdk_examples/share/dynamixel_sdk_examples/cmake/dynamixel_sdk_examplesConfig-version.cmake
[54.137s] -- Installing: /home/duttaishan01/robotics_course/enae450/turtlebot3_ws/install/dynamixel_sdk_examples/share/dynamixel_sdk_examples/package.xml
[54.141s] Invoked command in '/home/duttaishan01/robotics_course/enae450/turtlebot3_ws/build/dynamixel_sdk_examples' returned '0': AMENT_PREFIX_PATH=/home/duttaishan01/robotics_course/enae450/turtlebot3_ws/install/dynamixel_sdk_custom_interfaces:/home/duttaishan01/robotics_course/enae450/turtlebot3_ws/install/dynamixel_sdk:${AMENT_PREFIX_PATH} CMAKE_PREFIX_PATH=/home/duttaishan01/robotics_course/enae450/turtlebot3_ws/install/dynamixel_sdk_custom_interfaces:/home/duttaishan01/robotics_course/enae450/turtlebot3_ws/install/dynamixel_sdk:/home/duttaishan01/turtlebot3_ws/install/turtlebot3:/home/duttaishan01/turtlebot3_ws/install/turtlebot3_bringup:/home/duttaishan01/turtlebot3_ws/install/turtlebot3_node:/home/duttaishan01/turtlebot3_ws/install/turtlebot3_navigation2:/home/duttaishan01/turtlebot3_ws/install/turtlebot3_msgs:/home/duttaishan01/turtlebot3_ws/install/turtlebot3_description:/home/duttaishan01/turtlebot3_ws/install/turtlebot3_cartographer:/home/duttaishan01/turtlebot3_ws/install/dynamixel_sdk_examples:/home/duttaishan01/turtlebot3_ws/install/dynamixel_sdk_custom_interfaces:/home/duttaishan01/turtlebot3_ws/install/dynamixel_sdk:/home/duttaishan01/turtlebot3_ws/install/turtlebot3_teleop:/home/duttaishan01/turtlebot3_ws/install/turtlebot3_example:/home/duttaishan01/turtlebot3_ws/install/lab2:/opt/ros/humble LD_LIBRARY_PATH=/home/duttaishan01/robotics_course/enae450/turtlebot3_ws/install/dynamixel_sdk_custom_interfaces/lib:/home/duttaishan01/robotics_course/enae450/turtlebot3_ws/install/dynamixel_sdk/lib:${LD_LIBRARY_PATH} PYTHONPATH=/home/duttaishan01/robotics_course/enae450/turtlebot3_ws/install/dynamixel_sdk_custom_interfaces/local/lib/python3.10/dist-packages:/home/duttaishan01/robotics_course/enae450/turtlebot3_ws/install/dynamixel_sdk/local/lib/python3.10/dist-packages:${PYTHONPATH} /usr/bin/cmake --install /home/duttaishan01/robotics_course/enae450/turtlebot3_ws/build/dynamixel_sdk_examples
