[0.070s] Invoking command in '/home/duttaishan01/robotics_course/enae450/turtlebot3_ws/build/turtlebot3_description': CMAKE_PREFIX_PATH=${CMAKE_PREFIX_PATH}:/home/duttaishan01/turtlebot3_ws/install/turtlebot3_teleop:/home/duttaishan01/turtlebot3_ws/install/turtlebot3_example:/home/duttaishan01/turtlebot3_ws/install/lab2:/opt/ros/humble /usr/bin/cmake /home/duttaishan01/robotics_course/enae450/turtlebot3_ws/src/turtlebot3/turtlebot3_description -DCMAKE_INSTALL_PREFIX=/home/duttaishan01/robotics_course/enae450/turtlebot3_ws/install/turtlebot3_description
[0.709s] -- The C compiler identification is GNU 11.4.0
[1.310s] -- The CXX compiler identification is GNU 11.4.0
[1.395s] -- Detecting C compiler ABI info
[1.733s] -- Detecting C compiler ABI info - done
[1.767s] -- Check for working C compiler: /usr/bin/cc - skipped
[1.769s] -- Detecting C compile features
[1.773s] -- Detecting C compile features - done
[1.783s] -- Detecting CXX compiler ABI info
[2.128s] -- Detecting CXX compiler ABI info - done
[2.159s] -- Check for working CXX compiler: /usr/bin/c++ - skipped
[2.166s] -- Detecting CXX compile features
[2.167s] -- Detecting CXX compile features - done
[2.212s] -- Found ament_cmake: 1.3.11 (/opt/ros/humble/share/ament_cmake/cmake)
[2.982s] -- Found Python3: /usr/bin/python3 (found version "3.10.12") found components: Interpreter 
[3.633s] -- Found urdf: 2.6.1 (/opt/ros/humble/share/urdf/cmake)
[4.366s] -- Configuring done
[4.382s] -- Generating done
[4.403s] -- Build files have been written to: /home/duttaishan01/robotics_course/enae450/turtlebot3_ws/build/turtlebot3_description
[4.447s] Invoked command in '/home/duttaishan01/robotics_course/enae450/turtlebot3_ws/build/turtlebot3_description' returned '0': CMAKE_PREFIX_PATH=${CMAKE_PREFIX_PATH}:/home/duttaishan01/turtlebot3_ws/install/turtlebot3_teleop:/home/duttaishan01/turtlebot3_ws/install/turtlebot3_example:/home/duttaishan01/turtlebot3_ws/install/lab2:/opt/ros/humble /usr/bin/cmake /home/duttaishan01/robotics_course/enae450/turtlebot3_ws/src/turtlebot3/turtlebot3_description -DCMAKE_INSTALL_PREFIX=/home/duttaishan01/robotics_course/enae450/turtlebot3_ws/install/turtlebot3_description
[4.476s] Invoking command in '/home/duttaishan01/robotics_course/enae450/turtlebot3_ws/build/turtlebot3_description': CMAKE_PREFIX_PATH=${CMAKE_PREFIX_PATH}:/home/duttaishan01/turtlebot3_ws/install/turtlebot3_teleop:/home/duttaishan01/turtlebot3_ws/install/turtlebot3_example:/home/duttaishan01/turtlebot3_ws/install/lab2:/opt/ros/humble /usr/bin/cmake --build /home/duttaishan01/robotics_course/enae450/turtlebot3_ws/build/turtlebot3_description -- -j4 -l4
[4.685s] Invoked command in '/home/duttaishan01/robotics_course/enae450/turtlebot3_ws/build/turtlebot3_description' returned '0': CMAKE_PREFIX_PATH=${CMAKE_PREFIX_PATH}:/home/duttaishan01/turtlebot3_ws/install/turtlebot3_teleop:/home/duttaishan01/turtlebot3_ws/install/turtlebot3_example:/home/duttaishan01/turtlebot3_ws/install/lab2:/opt/ros/humble /usr/bin/cmake --build /home/duttaishan01/robotics_course/enae450/turtlebot3_ws/build/turtlebot3_description -- -j4 -l4
[4.737s] Invoking command in '/home/duttaishan01/robotics_course/enae450/turtlebot3_ws/build/turtlebot3_description': CMAKE_PREFIX_PATH=${CMAKE_PREFIX_PATH}:/home/duttaishan01/turtlebot3_ws/install/turtlebot3_teleop:/home/duttaishan01/turtlebot3_ws/install/turtlebot3_example:/home/duttaishan01/turtlebot3_ws/install/lab2:/opt/ros/humble /usr/bin/cmake --install /home/duttaishan01/robotics_course/enae450/turtlebot3_ws/build/turtlebot3_description
[4.775s] -- Install configuration: ""
[4.776s] -- Installing: /home/duttaishan01/robotics_course/enae450/turtlebot3_ws/install/turtlebot3_description/share/turtlebot3_description/meshes
[4.777s] -- Installing: /home/duttaishan01/robotics_course/enae450/turtlebot3_ws/install/turtlebot3_description/share/turtlebot3_description/meshes/bases
[4.782s] -- Installing: /home/duttaishan01/robotics_course/enae450/turtlebot3_ws/install/turtlebot3_description/share/turtlebot3_description/meshes/bases/burger_base.stl
[4.984s] -- Installing: /home/duttaishan01/robotics_course/enae450/turtlebot3_ws/install/turtlebot3_description/share/turtlebot3_description/meshes/bases/waffle_base.stl
[6.214s] -- Installing: /home/duttaishan01/robotics_course/enae450/turtlebot3_ws/install/turtlebot3_description/share/turtlebot3_description/meshes/bases/waffle_pi_base.stl
[6.724s] -- Installing: /home/duttaishan01/robotics_course/enae450/turtlebot3_ws/install/turtlebot3_description/share/turtlebot3_description/meshes/wheels
[6.729s] -- Installing: /home/duttaishan01/robotics_course/enae450/turtlebot3_ws/install/turtlebot3_description/share/turtlebot3_description/meshes/wheels/right_tire.stl
[6.784s] -- Installing: /home/duttaishan01/robotics_course/enae450/turtlebot3_ws/install/turtlebot3_description/share/turtlebot3_description/meshes/wheels/left_tire.stl
[6.823s] -- Installing: /home/duttaishan01/robotics_course/enae450/turtlebot3_ws/install/turtlebot3_description/share/turtlebot3_description/meshes/sensors
[6.824s] -- Installing: /home/duttaishan01/robotics_course/enae450/turtlebot3_ws/install/turtlebot3_description/share/turtlebot3_description/meshes/sensors/astra.jpg
[6.836s] -- Installing: /home/duttaishan01/robotics_course/enae450/turtlebot3_ws/install/turtlebot3_description/share/turtlebot3_description/meshes/sensors/astra.dae
[7.204s] -- Installing: /home/duttaishan01/robotics_course/enae450/turtlebot3_ws/install/turtlebot3_description/share/turtlebot3_description/meshes/sensors/r200.dae
[7.228s] -- Installing: /home/duttaishan01/robotics_course/enae450/turtlebot3_ws/install/turtlebot3_description/share/turtlebot3_description/meshes/sensors/lds.stl
[7.293s] -- Installing: /home/duttaishan01/robotics_course/enae450/turtlebot3_ws/install/turtlebot3_description/share/turtlebot3_description/meshes/sensors/r200.jpg
[7.294s] -- Installing: /home/duttaishan01/robotics_course/enae450/turtlebot3_ws/install/turtlebot3_description/share/turtlebot3_description/rviz
[7.301s] -- Installing: /home/duttaishan01/robotics_course/enae450/turtlebot3_ws/install/turtlebot3_description/share/turtlebot3_description/rviz/model.rviz
[7.306s] -- Installing: /home/duttaishan01/robotics_course/enae450/turtlebot3_ws/install/turtlebot3_description/share/turtlebot3_description/urdf
[7.306s] -- Installing: /home/duttaishan01/robotics_course/enae450/turtlebot3_ws/install/turtlebot3_description/share/turtlebot3_description/urdf/turtlebot3_waffle_pi.urdf
[7.310s] -- Installing: /home/duttaishan01/robotics_course/enae450/turtlebot3_ws/install/turtlebot3_description/share/turtlebot3_description/urdf/turtlebot3_waffle.urdf
[7.311s] -- Installing: /home/duttaishan01/robotics_course/enae450/turtlebot3_ws/install/turtlebot3_description/share/turtlebot3_description/urdf/common_properties.urdf
[7.323s] -- Installing: /home/duttaishan01/robotics_course/enae450/turtlebot3_ws/install/turtlebot3_description/share/turtlebot3_description/urdf/turtlebot3_burger.urdf
[7.324s] -- Installing: /home/duttaishan01/robotics_course/enae450/turtlebot3_ws/install/turtlebot3_description/share/ament_index/resource_index/package_run_dependencies/turtlebot3_description
[7.327s] -- Installing: /home/duttaishan01/robotics_course/enae450/turtlebot3_ws/install/turtlebot3_description/share/ament_index/resource_index/parent_prefix_path/turtlebot3_description
[7.329s] -- Installing: /home/duttaishan01/robotics_course/enae450/turtlebot3_ws/install/turtlebot3_description/share/turtlebot3_description/environment/ament_prefix_path.sh
[7.332s] -- Installing: /home/duttaishan01/robotics_course/enae450/turtlebot3_ws/install/turtlebot3_description/share/turtlebot3_description/environment/ament_prefix_path.dsv
[7.332s] -- Installing: /home/duttaishan01/robotics_course/enae450/turtlebot3_ws/install/turtlebot3_description/share/turtlebot3_description/environment/path.sh
[7.342s] -- Installing: /home/duttaishan01/robotics_course/enae450/turtlebot3_ws/install/turtlebot3_description/share/turtlebot3_description/environment/path.dsv
[7.344s] -- Installing: /home/duttaishan01/robotics_course/enae450/turtlebot3_ws/install/turtlebot3_description/share/turtlebot3_description/local_setup.bash
[7.344s] -- Installing: /home/duttaishan01/robotics_course/enae450/turtlebot3_ws/install/turtlebot3_description/share/turtlebot3_description/local_setup.sh
[7.351s] -- Installing: /home/duttaishan01/robotics_course/enae450/turtlebot3_ws/install/turtlebot3_description/share/turtlebot3_description/local_setup.zsh
[7.351s] -- Installing: /home/duttaishan01/robotics_course/enae450/turtlebot3_ws/install/turtlebot3_description/share/turtlebot3_description/local_setup.dsv
[7.356s] -- Installing: /home/duttaishan01/robotics_course/enae450/turtlebot3_ws/install/turtlebot3_description/share/turtlebot3_description/package.dsv
[7.357s] -- Installing: /home/duttaishan01/robotics_course/enae450/turtlebot3_ws/install/turtlebot3_description/share/ament_index/resource_index/packages/turtlebot3_description
[7.358s] -- Installing: /home/duttaishan01/robotics_course/enae450/turtlebot3_ws/install/turtlebot3_description/share/turtlebot3_description/cmake/turtlebot3_descriptionConfig.cmake
[7.373s] -- Installing: /home/duttaishan01/robotics_course/enae450/turtlebot3_ws/install/turtlebot3_description/share/turtlebot3_description/cmake/turtlebot3_descriptionConfig-version.cmake
[7.373s] -- Installing: /home/duttaishan01/robotics_course/enae450/turtlebot3_ws/install/turtlebot3_description/share/turtlebot3_description/package.xml
[7.394s] Invoked command in '/home/duttaishan01/robotics_course/enae450/turtlebot3_ws/build/turtlebot3_description' returned '0': CMAKE_PREFIX_PATH=${CMAKE_PREFIX_PATH}:/home/duttaishan01/turtlebot3_ws/install/turtlebot3_teleop:/home/duttaishan01/turtlebot3_ws/install/turtlebot3_example:/home/duttaishan01/turtlebot3_ws/install/lab2:/opt/ros/humble /usr/bin/cmake --install /home/duttaishan01/robotics_course/enae450/turtlebot3_ws/build/turtlebot3_description
