[0.028s] Invoking command in '/home/duttaishan01/turtlebot3_ws/build/turtlebot3_bringup': AMENT_PREFIX_PATH=/home/duttaishan01/turtlebot3_ws/install/turtlebot3_node:/home/duttaishan01/turtlebot3_ws/install/turtlebot3_msgs:/home/duttaishan01/turtlebot3_ws/install/turtlebot3_description:/home/duttaishan01/turtlebot3_ws/install/dynamixel_sdk:${AMENT_PREFIX_PATH} CMAKE_PREFIX_PATH=/home/duttaishan01/turtlebot3_ws/install/turtlebot3_node:/home/duttaishan01/turtlebot3_ws/install/turtlebot3_msgs:/home/duttaishan01/turtlebot3_ws/install/turtlebot3_description:/home/duttaishan01/turtlebot3_ws/install/dynamixel_sdk:/opt/ros/humble LD_LIBRARY_PATH=/home/duttaishan01/turtlebot3_ws/install/turtlebot3_msgs/lib:/home/duttaishan01/turtlebot3_ws/install/dynamixel_sdk/lib:${LD_LIBRARY_PATH} PYTHONPATH=/home/duttaishan01/turtlebot3_ws/install/turtlebot3_msgs/local/lib/python3.10/dist-packages:/home/duttaishan01/turtlebot3_ws/install/dynamixel_sdk/local/lib/python3.10/dist-packages:${PYTHONPATH} /usr/bin/cmake /home/duttaishan01/turtlebot3_ws/src/turtlebot3/turtlebot3_bringup -DAMENT_CMAKE_SYMLINK_INSTALL=1 -DCMAKE_INSTALL_PREFIX=/home/duttaishan01/turtlebot3_ws/install/turtlebot3_bringup
[0.113s] -- The C compiler identification is GNU 11.4.0
[0.198s] -- The CXX compiler identification is GNU 11.4.0
[0.209s] -- Detecting C compiler ABI info
[0.325s] -- Detecting C compiler ABI info - done
[0.334s] -- Check for working C compiler: /usr/bin/cc - skipped
[0.334s] -- Detecting C compile features
[0.334s] -- Detecting C compile features - done
[0.337s] -- Detecting CXX compiler ABI info
[0.465s] -- Detecting CXX compiler ABI info - done
[0.473s] -- Check for working CXX compiler: /usr/bin/c++ - skipped
[0.473s] -- Detecting CXX compile features
[0.475s] -- Detecting CXX compile features - done
[0.478s] -- Found ament_cmake: 1.3.11 (/opt/ros/humble/share/ament_cmake/cmake)
[0.701s] -- Found Python3: /usr/bin/python3 (found version "3.10.12") found components: Interpreter 
[0.791s] -- Override CMake install command with custom implementation using symlinks instead of copying resources
[0.933s] -- Configuring done
[0.937s] -- Generating done
[0.940s] -- Build files have been written to: /home/duttaishan01/turtlebot3_ws/build/turtlebot3_bringup
[0.946s] Invoked command in '/home/duttaishan01/turtlebot3_ws/build/turtlebot3_bringup' returned '0': AMENT_PREFIX_PATH=/home/duttaishan01/turtlebot3_ws/install/turtlebot3_node:/home/duttaishan01/turtlebot3_ws/install/turtlebot3_msgs:/home/duttaishan01/turtlebot3_ws/install/turtlebot3_description:/home/duttaishan01/turtlebot3_ws/install/dynamixel_sdk:${AMENT_PREFIX_PATH} CMAKE_PREFIX_PATH=/home/duttaishan01/turtlebot3_ws/install/turtlebot3_node:/home/duttaishan01/turtlebot3_ws/install/turtlebot3_msgs:/home/duttaishan01/turtlebot3_ws/install/turtlebot3_description:/home/duttaishan01/turtlebot3_ws/install/dynamixel_sdk:/opt/ros/humble LD_LIBRARY_PATH=/home/duttaishan01/turtlebot3_ws/install/turtlebot3_msgs/lib:/home/duttaishan01/turtlebot3_ws/install/dynamixel_sdk/lib:${LD_LIBRARY_PATH} PYTHONPATH=/home/duttaishan01/turtlebot3_ws/install/turtlebot3_msgs/local/lib/python3.10/dist-packages:/home/duttaishan01/turtlebot3_ws/install/dynamixel_sdk/local/lib/python3.10/dist-packages:${PYTHONPATH} /usr/bin/cmake /home/duttaishan01/turtlebot3_ws/src/turtlebot3/turtlebot3_bringup -DAMENT_CMAKE_SYMLINK_INSTALL=1 -DCMAKE_INSTALL_PREFIX=/home/duttaishan01/turtlebot3_ws/install/turtlebot3_bringup
[0.948s] Invoking command in '/home/duttaishan01/turtlebot3_ws/build/turtlebot3_bringup': AMENT_PREFIX_PATH=/home/duttaishan01/turtlebot3_ws/install/turtlebot3_node:/home/duttaishan01/turtlebot3_ws/install/turtlebot3_msgs:/home/duttaishan01/turtlebot3_ws/install/turtlebot3_description:/home/duttaishan01/turtlebot3_ws/install/dynamixel_sdk:${AMENT_PREFIX_PATH} CMAKE_PREFIX_PATH=/home/duttaishan01/turtlebot3_ws/install/turtlebot3_node:/home/duttaishan01/turtlebot3_ws/install/turtlebot3_msgs:/home/duttaishan01/turtlebot3_ws/install/turtlebot3_description:/home/duttaishan01/turtlebot3_ws/install/dynamixel_sdk:/opt/ros/humble LD_LIBRARY_PATH=/home/duttaishan01/turtlebot3_ws/install/turtlebot3_msgs/lib:/home/duttaishan01/turtlebot3_ws/install/dynamixel_sdk/lib:${LD_LIBRARY_PATH} PYTHONPATH=/home/duttaishan01/turtlebot3_ws/install/turtlebot3_msgs/local/lib/python3.10/dist-packages:/home/duttaishan01/turtlebot3_ws/install/dynamixel_sdk/local/lib/python3.10/dist-packages:${PYTHONPATH} /usr/bin/cmake --build /home/duttaishan01/turtlebot3_ws/build/turtlebot3_bringup -- -j4 -l4
[1.017s] Invoked command in '/home/duttaishan01/turtlebot3_ws/build/turtlebot3_bringup' returned '0': AMENT_PREFIX_PATH=/home/duttaishan01/turtlebot3_ws/install/turtlebot3_node:/home/duttaishan01/turtlebot3_ws/install/turtlebot3_msgs:/home/duttaishan01/turtlebot3_ws/install/turtlebot3_description:/home/duttaishan01/turtlebot3_ws/install/dynamixel_sdk:${AMENT_PREFIX_PATH} CMAKE_PREFIX_PATH=/home/duttaishan01/turtlebot3_ws/install/turtlebot3_node:/home/duttaishan01/turtlebot3_ws/install/turtlebot3_msgs:/home/duttaishan01/turtlebot3_ws/install/turtlebot3_description:/home/duttaishan01/turtlebot3_ws/install/dynamixel_sdk:/opt/ros/humble LD_LIBRARY_PATH=/home/duttaishan01/turtlebot3_ws/install/turtlebot3_msgs/lib:/home/duttaishan01/turtlebot3_ws/install/dynamixel_sdk/lib:${LD_LIBRARY_PATH} PYTHONPATH=/home/duttaishan01/turtlebot3_ws/install/turtlebot3_msgs/local/lib/python3.10/dist-packages:/home/duttaishan01/turtlebot3_ws/install/dynamixel_sdk/local/lib/python3.10/dist-packages:${PYTHONPATH} /usr/bin/cmake --build /home/duttaishan01/turtlebot3_ws/build/turtlebot3_bringup -- -j4 -l4
[1.019s] Invoking command in '/home/duttaishan01/turtlebot3_ws/build/turtlebot3_bringup': AMENT_PREFIX_PATH=/home/duttaishan01/turtlebot3_ws/install/turtlebot3_node:/home/duttaishan01/turtlebot3_ws/install/turtlebot3_msgs:/home/duttaishan01/turtlebot3_ws/install/turtlebot3_description:/home/duttaishan01/turtlebot3_ws/install/dynamixel_sdk:${AMENT_PREFIX_PATH} CMAKE_PREFIX_PATH=/home/duttaishan01/turtlebot3_ws/install/turtlebot3_node:/home/duttaishan01/turtlebot3_ws/install/turtlebot3_msgs:/home/duttaishan01/turtlebot3_ws/install/turtlebot3_description:/home/duttaishan01/turtlebot3_ws/install/dynamixel_sdk:/opt/ros/humble LD_LIBRARY_PATH=/home/duttaishan01/turtlebot3_ws/install/turtlebot3_msgs/lib:/home/duttaishan01/turtlebot3_ws/install/dynamixel_sdk/lib:${LD_LIBRARY_PATH} PYTHONPATH=/home/duttaishan01/turtlebot3_ws/install/turtlebot3_msgs/local/lib/python3.10/dist-packages:/home/duttaishan01/turtlebot3_ws/install/dynamixel_sdk/local/lib/python3.10/dist-packages:${PYTHONPATH} /usr/bin/cmake --install /home/duttaishan01/turtlebot3_ws/build/turtlebot3_bringup
[1.030s] -- Install configuration: ""
[1.030s] -- Execute custom install script
[1.031s] -- Symlinking: /home/duttaishan01/turtlebot3_ws/install/turtlebot3_bringup/share/turtlebot3_bringup/launch/robot.launch.py
[1.046s] -- Symlinking: /home/duttaishan01/turtlebot3_ws/install/turtlebot3_bringup/share/turtlebot3_bringup/launch/rviz2.launch.py
[1.060s] -- Symlinking: /home/duttaishan01/turtlebot3_ws/install/turtlebot3_bringup/share/turtlebot3_bringup/launch/turtlebot3_state_publisher.launch.py
[1.075s] -- Symlinking: /home/duttaishan01/turtlebot3_ws/install/turtlebot3_bringup/share/turtlebot3_bringup/param/burger.yaml
[1.091s] -- Symlinking: /home/duttaishan01/turtlebot3_ws/install/turtlebot3_bringup/share/turtlebot3_bringup/param/humble/burger.yaml
[1.105s] -- Symlinking: /home/duttaishan01/turtlebot3_ws/install/turtlebot3_bringup/share/turtlebot3_bringup/param/humble/waffle.yaml
[1.119s] -- Symlinking: /home/duttaishan01/turtlebot3_ws/install/turtlebot3_bringup/share/turtlebot3_bringup/param/humble/waffle_pi.yaml
[1.135s] -- Symlinking: /home/duttaishan01/turtlebot3_ws/install/turtlebot3_bringup/share/turtlebot3_bringup/param/waffle.yaml
[1.151s] -- Symlinking: /home/duttaishan01/turtlebot3_ws/install/turtlebot3_bringup/share/turtlebot3_bringup/param/waffle_pi.yaml
[1.168s] -- Symlinking: /home/duttaishan01/turtlebot3_ws/install/turtlebot3_bringup/share/turtlebot3_bringup/script/99-turtlebot3-cdc.rules
[1.183s] -- Symlinking: /home/duttaishan01/turtlebot3_ws/install/turtlebot3_bringup/share/turtlebot3_bringup/script/create_udev_rules
[1.198s] -- Symlinking: /home/duttaishan01/turtlebot3_ws/install/turtlebot3_bringup/share/ament_index/resource_index/package_run_dependencies/turtlebot3_bringup
[1.214s] -- Symlinking: /home/duttaishan01/turtlebot3_ws/install/turtlebot3_bringup/share/ament_index/resource_index/parent_prefix_path/turtlebot3_bringup
[1.230s] -- Symlinking: /home/duttaishan01/turtlebot3_ws/install/turtlebot3_bringup/share/turtlebot3_bringup/environment/ament_prefix_path.sh
[1.245s] -- Symlinking: /home/duttaishan01/turtlebot3_ws/install/turtlebot3_bringup/share/turtlebot3_bringup/environment/ament_prefix_path.dsv
[1.268s] -- Symlinking: /home/duttaishan01/turtlebot3_ws/install/turtlebot3_bringup/share/turtlebot3_bringup/environment/path.sh
[1.288s] -- Symlinking: /home/duttaishan01/turtlebot3_ws/install/turtlebot3_bringup/share/turtlebot3_bringup/environment/path.dsv
[1.304s] -- Symlinking: /home/duttaishan01/turtlebot3_ws/install/turtlebot3_bringup/share/turtlebot3_bringup/local_setup.bash
[1.320s] -- Symlinking: /home/duttaishan01/turtlebot3_ws/install/turtlebot3_bringup/share/turtlebot3_bringup/local_setup.sh
[1.337s] -- Symlinking: /home/duttaishan01/turtlebot3_ws/install/turtlebot3_bringup/share/turtlebot3_bringup/local_setup.zsh
[1.353s] -- Symlinking: /home/duttaishan01/turtlebot3_ws/install/turtlebot3_bringup/share/turtlebot3_bringup/local_setup.dsv
[1.371s] -- Symlinking: /home/duttaishan01/turtlebot3_ws/install/turtlebot3_bringup/share/turtlebot3_bringup/package.dsv
[1.386s] -- Symlinking: /home/duttaishan01/turtlebot3_ws/install/turtlebot3_bringup/share/ament_index/resource_index/packages/turtlebot3_bringup
[1.402s] -- Symlinking: /home/duttaishan01/turtlebot3_ws/install/turtlebot3_bringup/share/turtlebot3_bringup/cmake/turtlebot3_bringupConfig.cmake
[1.420s] -- Symlinking: /home/duttaishan01/turtlebot3_ws/install/turtlebot3_bringup/share/turtlebot3_bringup/cmake/turtlebot3_bringupConfig-version.cmake
[1.437s] -- Symlinking: /home/duttaishan01/turtlebot3_ws/install/turtlebot3_bringup/share/turtlebot3_bringup/package.xml
[1.458s] Invoked command in '/home/duttaishan01/turtlebot3_ws/build/turtlebot3_bringup' returned '0': AMENT_PREFIX_PATH=/home/duttaishan01/turtlebot3_ws/install/turtlebot3_node:/home/duttaishan01/turtlebot3_ws/install/turtlebot3_msgs:/home/duttaishan01/turtlebot3_ws/install/turtlebot3_description:/home/duttaishan01/turtlebot3_ws/install/dynamixel_sdk:${AMENT_PREFIX_PATH} CMAKE_PREFIX_PATH=/home/duttaishan01/turtlebot3_ws/install/turtlebot3_node:/home/duttaishan01/turtlebot3_ws/install/turtlebot3_msgs:/home/duttaishan01/turtlebot3_ws/install/turtlebot3_description:/home/duttaishan01/turtlebot3_ws/install/dynamixel_sdk:/opt/ros/humble LD_LIBRARY_PATH=/home/duttaishan01/turtlebot3_ws/install/turtlebot3_msgs/lib:/home/duttaishan01/turtlebot3_ws/install/dynamixel_sdk/lib:${LD_LIBRARY_PATH} PYTHONPATH=/home/duttaishan01/turtlebot3_ws/install/turtlebot3_msgs/local/lib/python3.10/dist-packages:/home/duttaishan01/turtlebot3_ws/install/dynamixel_sdk/local/lib/python3.10/dist-packages:${PYTHONPATH} /usr/bin/cmake --install /home/duttaishan01/turtlebot3_ws/build/turtlebot3_bringup
